ARM GAS  C:\Users\DEVELO~1\AppData\Local\Temp\ccxdWPv2.s 			page 1


   1              		.cpu cortex-m7
   2              		.arch armv7e-m
   3              		.fpu fpv5-d16
   4              		.eabi_attribute 28, 1
   5              		.eabi_attribute 20, 1
   6              		.eabi_attribute 21, 1
   7              		.eabi_attribute 23, 3
   8              		.eabi_attribute 24, 1
   9              		.eabi_attribute 25, 1
  10              		.eabi_attribute 26, 1
  11              		.eabi_attribute 30, 2
  12              		.eabi_attribute 34, 1
  13              		.eabi_attribute 18, 4
  14              		.file	"brick_asc.c"
  15              		.text
  16              	.Ltext0:
  17              		.cfi_sections	.debug_frame
  18              		.section	.text.brick_asc_array_set_factors,"ax",%progbits
  19              		.align	1
  20              		.p2align 2,,3
  21              		.global	brick_asc_array_set_factors
  22              		.syntax unified
  23              		.thumb
  24              		.thumb_func
  25              		.type	brick_asc_array_set_factors, %function
  26              	brick_asc_array_set_factors:
  27              	.LVL0:
  28              	.LFB0:
  29              		.file 1 "drivers/HallEffect/brick_asc.c"
  30              		.loc 1 3 121 view -0
  31              		.cfi_startproc
  32              		@ args = 4, pretend = 0, frame = 0
  33              		@ frame_needed = 0, uses_anonymous_args = 0
  34              		.loc 1 4 3 view .LVU1
  35              		.loc 1 3 121 is_stmt 0 view .LVU2
  36 0000 2DE9F041 		push	{r4, r5, r6, r7, r8, lr}
  37              		.cfi_def_cfa_offset 24
  38              		.cfi_offset 4, -24
  39              		.cfi_offset 5, -20
  40              		.cfi_offset 6, -16
  41              		.cfi_offset 7, -12
  42              		.cfi_offset 8, -8
  43              		.cfi_offset 14, -4
  44              		.loc 1 3 121 view .LVU3
  45 0004 9DF81880 		ldrb	r8, [sp, #24]	@ zero_extendqisi2
  46              		.loc 1 4 6 view .LVU4
  47 0008 40B3     		cbz	r0, .L1
  48 000a B1FA81F6 		clz	r6, r1
  49 000e 7609     		lsrs	r6, r6, #5
  50 0010 21B3     		cbz	r1, .L1
  51              		.loc 1 4 37 discriminator 1 view .LVU5
  52 0012 8A42     		cmp	r2, r1
  53 0014 1446     		mov	r4, r2
  54 0016 21D2     		bcs	.L1
  55              		.loc 1 4 67 discriminator 2 view .LVU6
  56 0018 9F18     		adds	r7, r3, r2
  57              		.loc 1 4 58 discriminator 2 view .LVU7
ARM GAS  C:\Users\DEVELO~1\AppData\Local\Temp\ccxdWPv2.s 			page 2


  58 001a 8F42     		cmp	r7, r1
  59 001c 1ED8     		bhi	.L1
  60              		.loc 1 15 3 is_stmt 1 view .LVU8
  61 001e B8F1100F 		cmp	r8, #16
  62 0022 0546     		mov	r5, r0
  63 0024 28BF     		it	cs
  64 0026 4FF01008 		movcs	r8, #16
  65 002a B8F1010F 		cmp	r8, #1
  66 002e 38BF     		it	cc
  67 0030 4FF00108 		movcc	r8, #1
  68              	.LVL1:
  69              		.loc 1 22 3 view .LVU9
  70              	.LBB2:
  71              		.loc 1 22 8 view .LVU10
  72              		.loc 1 22 29 view .LVU11
  73 0034 BA42     		cmp	r2, r7
  74 0036 11DA     		bge	.L1
  75              	.LVL2:
  76              	.L3:
  77              		.loc 1 23 5 view .LVU12
  78              		.loc 1 23 8 is_stmt 0 view .LVU13
  79 0038 04EB840C 		add	ip, r4, r4, lsl #2
  80              		.loc 1 22 47 view .LVU14
  81 003c 0134     		adds	r4, r4, #1
  82              	.LVL3:
  83              	.LBB3:
  84              		.loc 1 28 24 view .LVU15
  85 003e 2022     		movs	r2, #32
  86 0040 0021     		movs	r1, #0
  87              	.LBE3:
  88              		.loc 1 23 8 view .LVU16
  89 0042 05EBCC03 		add	r3, r5, ip, lsl #3
  90              		.loc 1 23 16 view .LVU17
  91 0046 45F83C60 		str	r6, [r5, ip, lsl #3]
  92              		.loc 1 24 5 is_stmt 1 view .LVU18
  93              		.loc 1 25 5 view .LVU19
  94              		.loc 1 22 47 is_stmt 0 view .LVU20
  95 004a E4B2     		uxtb	r4, r4
  96              	.LBB4:
  97              		.loc 1 28 24 view .LVU21
  98 004c 181D     		adds	r0, r3, #4
  99              	.LBE4:
 100              		.loc 1 24 17 view .LVU22
 101 004e 9E84     		strh	r6, [r3, #36]	@ movhi
 102              		.loc 1 26 5 is_stmt 1 view .LVU23
 103              		.loc 1 26 19 is_stmt 0 view .LVU24
 104 0050 83F82680 		strb	r8, [r3, #38]
 105              		.loc 1 27 5 is_stmt 1 view .LVU25
 106              	.LBB5:
 107              		.loc 1 27 10 view .LVU26
 108              	.LVL4:
 109              		.loc 1 27 27 view .LVU27
 110              		.loc 1 28 24 is_stmt 0 view .LVU28
 111 0054 FFF7FEFF 		bl	memset
 112              	.LVL5:
 113              		.loc 1 28 24 view .LVU29
 114              	.LBE5:
ARM GAS  C:\Users\DEVELO~1\AppData\Local\Temp\ccxdWPv2.s 			page 3


 115              		.loc 1 22 47 is_stmt 1 view .LVU30
 116              		.loc 1 22 29 view .LVU31
 117 0058 A742     		cmp	r7, r4
 118 005a EDDC     		bgt	.L3
 119              	.LVL6:
 120              	.L1:
 121              		.loc 1 22 29 is_stmt 0 view .LVU32
 122              	.LBE2:
 123              		.loc 1 31 1 view .LVU33
 124 005c BDE8F081 		pop	{r4, r5, r6, r7, r8, pc}
 125              		.cfi_endproc
 126              	.LFE0:
 127              		.size	brick_asc_array_set_factors, .-brick_asc_array_set_factors
 128              		.section	.text.brick_asc_process,"ax",%progbits
 129              		.align	1
 130              		.p2align 2,,3
 131              		.global	brick_asc_process
 132              		.syntax unified
 133              		.thumb
 134              		.thumb_func
 135              		.type	brick_asc_process, %function
 136              	brick_asc_process:
 137              	.LVL7:
 138              	.LFB1:
 139              		.loc 1 33 74 is_stmt 1 view -0
 140              		.cfi_startproc
 141              		@ args = 0, pretend = 0, frame = 0
 142              		@ frame_needed = 0, uses_anonymous_args = 0
 143              		.loc 1 34 3 view .LVU35
 144              		.loc 1 34 6 is_stmt 0 view .LVU36
 145 0000 002A     		cmp	r2, #0
 146 0002 18BF     		it	ne
 147 0004 0028     		cmpne	r0, #0
 148              		.loc 1 34 11 view .LVU37
 149 0006 0346     		mov	r3, r0
 150              		.loc 1 34 6 view .LVU38
 151 0008 0CBF     		ite	eq
 152 000a 0120     		moveq	r0, #1
 153              	.LVL8:
 154              		.loc 1 34 6 view .LVU39
 155 000c 0020     		movne	r0, #0
 156 000e 38D0     		beq	.L12
 157              		.loc 1 38 3 is_stmt 1 view .LVU40
 158              		.loc 1 33 74 is_stmt 0 view .LVU41
 159 0010 30B5     		push	{r4, r5, lr}
 160              		.cfi_def_cfa_offset 12
 161              		.cfi_offset 4, -12
 162              		.cfi_offset 5, -8
 163              		.cfi_offset 14, -4
 164              		.loc 1 38 10 view .LVU42
 165 0012 93F82640 		ldrb	r4, [r3, #38]	@ zero_extendqisi2
 166              		.loc 1 38 6 view .LVU43
 167 0016 04F1FF3C 		add	ip, r4, #-1
 168 001a BCF10F0F 		cmp	ip, #15
 169 001e 23D8     		bhi	.L18
 170              		.loc 1 47 3 is_stmt 1 view .LVU44
 171              		.loc 1 47 30 is_stmt 0 view .LVU45
ARM GAS  C:\Users\DEVELO~1\AppData\Local\Temp\ccxdWPv2.s 			page 4


 172 0020 93F824C0 		ldrb	ip, [r3, #36]	@ zero_extendqisi2
 173              		.loc 1 47 12 view .LVU46
 174 0024 1868     		ldr	r0, [r3]
 175 0026 03EB4C0E 		add	lr, r3, ip, lsl #1
 176              		.loc 1 49 12 view .LVU47
 177 002a 0844     		add	r0, r0, r1
 178              		.loc 1 47 26 view .LVU48
 179 002c BEF80450 		ldrh	r5, [lr, #4]
 180              		.loc 1 48 3 is_stmt 1 view .LVU49
 181              		.loc 1 48 26 is_stmt 0 view .LVU50
 182 0030 AEF80410 		strh	r1, [lr, #4]	@ movhi
 183              		.loc 1 49 3 is_stmt 1 view .LVU51
 184              		.loc 1 49 12 is_stmt 0 view .LVU52
 185 0034 411B     		subs	r1, r0, r5
 186              	.LVL9:
 187              		.loc 1 51 10 view .LVU53
 188 0036 93F82500 		ldrb	r0, [r3, #37]	@ zero_extendqisi2
 189              		.loc 1 51 6 view .LVU54
 190 003a 8442     		cmp	r4, r0
 191              		.loc 1 49 12 view .LVU55
 192 003c 1960     		str	r1, [r3]
 193              	.LVL10:
 194              		.loc 1 51 3 is_stmt 1 view .LVU56
 195              		.loc 1 51 6 is_stmt 0 view .LVU57
 196 003e 03D9     		bls	.L11
 197              		.loc 1 52 5 is_stmt 1 view .LVU58
 198              		.loc 1 52 15 is_stmt 0 view .LVU59
 199 0040 0130     		adds	r0, r0, #1
 200 0042 C0B2     		uxtb	r0, r0
 201 0044 83F82500 		strb	r0, [r3, #37]
 202              	.L11:
 203              		.loc 1 55 3 is_stmt 1 view .LVU60
 204              		.loc 1 55 26 is_stmt 0 view .LVU61
 205 0048 0CF1010C 		add	ip, ip, #1
 206              		.loc 1 55 32 view .LVU62
 207 004c BCFBF4FE 		udiv	lr, ip, r4
 208              		.loc 1 56 29 view .LVU63
 209 0050 B1FBF0F1 		udiv	r1, r1, r0
 210              		.loc 1 58 21 view .LVU64
 211 0054 201A     		subs	r0, r4, r0
 212              		.loc 1 55 32 view .LVU65
 213 0056 04FB1ECC 		mls	ip, r4, lr, ip
 214              		.loc 1 58 21 view .LVU66
 215 005a B0FA80F0 		clz	r0, r0
 216              		.loc 1 55 13 view .LVU67
 217 005e 83F824C0 		strb	ip, [r3, #36]
 218              		.loc 1 56 3 is_stmt 1 view .LVU68
 219              		.loc 1 56 9 is_stmt 0 view .LVU69
 220 0062 1180     		strh	r1, [r2]	@ movhi
 221              		.loc 1 58 3 is_stmt 1 view .LVU70
 222              		.loc 1 58 21 is_stmt 0 view .LVU71
 223 0064 4009     		lsrs	r0, r0, #5
 224              		.loc 1 59 1 view .LVU72
 225 0066 30BD     		pop	{r4, r5, pc}
 226              	.LVL11:
 227              	.L18:
 228              		.loc 1 39 5 is_stmt 1 view .LVU73
ARM GAS  C:\Users\DEVELO~1\AppData\Local\Temp\ccxdWPv2.s 			page 5


 229              		.loc 1 39 9 is_stmt 0 view .LVU74
 230 0068 1180     		strh	r1, [r2]	@ movhi
 231              		.loc 1 40 5 is_stmt 1 view .LVU75
 232              		.loc 1 40 17 is_stmt 0 view .LVU76
 233 006a 64B1     		cbz	r4, .L13
 234              		.loc 1 40 17 view .LVU77
 235 006c 0124     		movs	r4, #1
 236 006e 1022     		movs	r2, #16
 237              	.LVL12:
 238              	.L10:
 239              		.loc 1 40 17 discriminator 4 view .LVU78
 240 0070 83F82620 		strb	r2, [r3, #38]
 241              		.loc 1 41 5 is_stmt 1 discriminator 4 view .LVU79
 242              		.loc 1 41 16 is_stmt 0 discriminator 4 view .LVU80
 243 0074 0122     		movs	r2, #1
 244              		.loc 1 42 15 discriminator 4 view .LVU81
 245 0076 83F82440 		strb	r4, [r3, #36]
 246              		.loc 1 43 14 discriminator 4 view .LVU82
 247 007a 1960     		str	r1, [r3]
 248              		.loc 1 41 16 discriminator 4 view .LVU83
 249 007c 83F82520 		strb	r2, [r3, #37]
 250              		.loc 1 42 5 is_stmt 1 discriminator 4 view .LVU84
 251              		.loc 1 43 5 discriminator 4 view .LVU85
 252              		.loc 1 44 5 discriminator 4 view .LVU86
 253              		.loc 1 59 1 is_stmt 0 discriminator 4 view .LVU87
 254 0080 30BD     		pop	{r4, r5, pc}
 255              	.LVL13:
 256              	.L12:
 257              		.cfi_def_cfa_offset 0
 258              		.cfi_restore 4
 259              		.cfi_restore 5
 260              		.cfi_restore 14
 261              		.loc 1 35 12 view .LVU88
 262 0082 0020     		movs	r0, #0
 263              		.loc 1 59 1 view .LVU89
 264 0084 7047     		bx	lr
 265              	.L13:
 266              		.cfi_def_cfa_offset 12
 267              		.cfi_offset 4, -12
 268              		.cfi_offset 5, -8
 269              		.cfi_offset 14, -4
 270              		.loc 1 59 1 view .LVU90
 271 0086 0120     		movs	r0, #1
 272              		.loc 1 40 17 view .LVU91
 273 0088 0246     		mov	r2, r0
 274              	.LVL14:
 275              		.loc 1 40 17 view .LVU92
 276 008a F1E7     		b	.L10
 277              		.cfi_endproc
 278              	.LFE1:
 279              		.size	brick_asc_process, .-brick_asc_process
 280              		.text
 281              	.Letext0:
 282              		.file 2 "c:\\chibistudio\\tools\\gnu tools arm embedded\\11.3 2022.08\\arm-none-eabi\\include\\mac
 283              		.file 3 "c:\\chibistudio\\tools\\gnu tools arm embedded\\11.3 2022.08\\arm-none-eabi\\include\\sys
 284              		.file 4 "c:\\chibistudio\\tools\\gnu tools arm embedded\\11.3 2022.08\\lib\\gcc\\arm-none-eabi\\11
 285              		.file 5 "drivers/HallEffect/brick_asc.h"
ARM GAS  C:\Users\DEVELO~1\AppData\Local\Temp\ccxdWPv2.s 			page 6


 286              		.file 6 "<built-in>"
 287              		.section	.debug_info,"",%progbits
 288              	.Ldebug_info0:
 289 0000 46020000 		.4byte	0x246
 290 0004 0500     		.2byte	0x5
 291 0006 01       		.byte	0x1
 292 0007 04       		.byte	0x4
 293 0008 00000000 		.4byte	.Ldebug_abbrev0
 294 000c 09       		.uleb128 0x9
 295 000d ED000000 		.4byte	.LASF25
 296 0011 1D       		.byte	0x1d
 297 0012 E3010000 		.4byte	.LASF26
 298 0016 AA000000 		.4byte	.LASF27
 299 001a 1B000000 		.4byte	.LLRL11
 300 001e 00000000 		.4byte	0
 301 0022 00000000 		.4byte	.Ldebug_line0
 302 0026 01       		.uleb128 0x1
 303 0027 01       		.byte	0x1
 304 0028 06       		.byte	0x6
 305 0029 3A020000 		.4byte	.LASF0
 306 002d 02       		.uleb128 0x2
 307 002e 12000000 		.4byte	.LASF3
 308 0032 02       		.byte	0x2
 309 0033 2B       		.byte	0x2b
 310 0034 18       		.byte	0x18
 311 0035 39000000 		.4byte	0x39
 312 0039 01       		.uleb128 0x1
 313 003a 01       		.byte	0x1
 314 003b 08       		.byte	0x8
 315 003c 49000000 		.4byte	.LASF1
 316 0040 01       		.uleb128 0x1
 317 0041 02       		.byte	0x2
 318 0042 05       		.byte	0x5
 319 0043 02020000 		.4byte	.LASF2
 320 0047 02       		.uleb128 0x2
 321 0048 94000000 		.4byte	.LASF4
 322 004c 02       		.byte	0x2
 323 004d 39       		.byte	0x39
 324 004e 19       		.byte	0x19
 325 004f 53000000 		.4byte	0x53
 326 0053 01       		.uleb128 0x1
 327 0054 02       		.byte	0x2
 328 0055 07       		.byte	0x7
 329 0056 7A000000 		.4byte	.LASF5
 330 005a 01       		.uleb128 0x1
 331 005b 04       		.byte	0x4
 332 005c 05       		.byte	0x5
 333 005d 25020000 		.4byte	.LASF6
 334 0061 02       		.uleb128 0x2
 335 0062 9F000000 		.4byte	.LASF7
 336 0066 02       		.byte	0x2
 337 0067 4F       		.byte	0x4f
 338 0068 19       		.byte	0x19
 339 0069 6D000000 		.4byte	0x6d
 340 006d 01       		.uleb128 0x1
 341 006e 04       		.byte	0x4
 342 006f 07       		.byte	0x7
ARM GAS  C:\Users\DEVELO~1\AppData\Local\Temp\ccxdWPv2.s 			page 7


 343 0070 68000000 		.4byte	.LASF8
 344 0074 01       		.uleb128 0x1
 345 0075 08       		.byte	0x8
 346 0076 05       		.byte	0x5
 347 0077 D5010000 		.4byte	.LASF9
 348 007b 01       		.uleb128 0x1
 349 007c 08       		.byte	0x8
 350 007d 07       		.byte	0x7
 351 007e 9A010000 		.4byte	.LASF10
 352 0082 0A       		.uleb128 0xa
 353 0083 04       		.byte	0x4
 354 0084 05       		.byte	0x5
 355 0085 696E7400 		.ascii	"int\000"
 356 0089 01       		.uleb128 0x1
 357 008a 04       		.byte	0x4
 358 008b 07       		.byte	0x7
 359 008c 8D010000 		.4byte	.LASF11
 360 0090 02       		.uleb128 0x2
 361 0091 B1010000 		.4byte	.LASF12
 362 0095 03       		.byte	0x3
 363 0096 18       		.byte	0x18
 364 0097 13       		.byte	0x13
 365 0098 2D000000 		.4byte	0x2d
 366 009c 02       		.uleb128 0x2
 367 009d 13020000 		.4byte	.LASF13
 368 00a1 03       		.byte	0x3
 369 00a2 24       		.byte	0x24
 370 00a3 14       		.byte	0x14
 371 00a4 47000000 		.4byte	0x47
 372 00a8 02       		.uleb128 0x2
 373 00a9 1C020000 		.4byte	.LASF14
 374 00ad 03       		.byte	0x3
 375 00ae 30       		.byte	0x30
 376 00af 14       		.byte	0x14
 377 00b0 61000000 		.4byte	0x61
 378 00b4 02       		.uleb128 0x2
 379 00b5 1C000000 		.4byte	.LASF15
 380 00b9 04       		.byte	0x4
 381 00ba D1       		.byte	0xd1
 382 00bb 17       		.byte	0x17
 383 00bc 89000000 		.4byte	0x89
 384 00c0 01       		.uleb128 0x1
 385 00c1 08       		.byte	0x8
 386 00c2 04       		.byte	0x4
 387 00c3 2E020000 		.4byte	.LASF16
 388 00c7 0B       		.uleb128 0xb
 389 00c8 2C000000 		.4byte	.LASF28
 390 00cc 28       		.byte	0x28
 391 00cd 05       		.byte	0x5
 392 00ce 0A       		.byte	0xa
 393 00cf 08       		.byte	0x8
 394 00d0 12010000 		.4byte	0x112
 395 00d4 0C       		.uleb128 0xc
 396 00d5 73756D00 		.ascii	"sum\000"
 397 00d9 05       		.byte	0x5
 398 00da 0B       		.byte	0xb
 399 00db 0C       		.byte	0xc
ARM GAS  C:\Users\DEVELO~1\AppData\Local\Temp\ccxdWPv2.s 			page 8


 400 00dc A8000000 		.4byte	0xa8
 401 00e0 00       		.byte	0
 402 00e1 03       		.uleb128 0x3
 403 00e2 0C020000 		.4byte	.LASF17
 404 00e6 0C       		.byte	0xc
 405 00e7 0C       		.byte	0xc
 406 00e8 12010000 		.4byte	0x112
 407 00ec 04       		.byte	0x4
 408 00ed 03       		.uleb128 0x3
 409 00ee E8000000 		.4byte	.LASF18
 410 00f2 0D       		.byte	0xd
 411 00f3 0B       		.byte	0xb
 412 00f4 90000000 		.4byte	0x90
 413 00f8 24       		.byte	0x24
 414 00f9 03       		.uleb128 0x3
 415 00fa 36000000 		.4byte	.LASF19
 416 00fe 0E       		.byte	0xe
 417 00ff 0B       		.byte	0xb
 418 0100 90000000 		.4byte	0x90
 419 0104 25       		.byte	0x25
 420 0105 03       		.uleb128 0x3
 421 0106 42000000 		.4byte	.LASF20
 422 010a 0F       		.byte	0xf
 423 010b 0B       		.byte	0xb
 424 010c 90000000 		.4byte	0x90
 425 0110 26       		.byte	0x26
 426 0111 00       		.byte	0
 427 0112 0D       		.uleb128 0xd
 428 0113 9C000000 		.4byte	0x9c
 429 0117 22010000 		.4byte	0x122
 430 011b 0E       		.uleb128 0xe
 431 011c 89000000 		.4byte	0x89
 432 0120 0F       		.byte	0xf
 433 0121 00       		.byte	0
 434 0122 0F       		.uleb128 0xf
 435 0123 00000000 		.4byte	.LASF29
 436 0127 01       		.byte	0x1
 437 0128 21       		.byte	0x21
 438 0129 06       		.byte	0x6
 439 012a 74010000 		.4byte	0x174
 440 012e 00000000 		.4byte	.LFB1
 441 0132 8C000000 		.4byte	.LFE1-.LFB1
 442 0136 01       		.uleb128 0x1
 443 0137 9C       		.byte	0x9c
 444 0138 74010000 		.4byte	0x174
 445 013c 04       		.uleb128 0x4
 446 013d 61736300 		.ascii	"asc\000"
 447 0141 21       		.byte	0x21
 448 0142 2A       		.byte	0x2a
 449 0143 7B010000 		.4byte	0x17b
 450 0147 10000000 		.4byte	.LLST8
 451 014b 0C000000 		.4byte	.LVUS8
 452 014f 04       		.uleb128 0x4
 453 0150 727800   		.ascii	"rx\000"
 454 0153 21       		.byte	0x21
 455 0154 38       		.byte	0x38
 456 0155 9C000000 		.4byte	0x9c
ARM GAS  C:\Users\DEVELO~1\AppData\Local\Temp\ccxdWPv2.s 			page 9


 457 0159 29000000 		.4byte	.LLST9
 458 015d 21000000 		.4byte	.LVUS9
 459 0161 04       		.uleb128 0x4
 460 0162 747800   		.ascii	"tx\000"
 461 0165 21       		.byte	0x21
 462 0166 46       		.byte	0x46
 463 0167 80010000 		.4byte	0x180
 464 016b 50000000 		.4byte	.LLST10
 465 016f 48000000 		.4byte	.LVUS10
 466 0173 00       		.byte	0
 467 0174 01       		.uleb128 0x1
 468 0175 01       		.byte	0x1
 469 0176 02       		.byte	0x2
 470 0177 46020000 		.4byte	.LASF21
 471 017b 06       		.uleb128 0x6
 472 017c C7000000 		.4byte	0xc7
 473 0180 06       		.uleb128 0x6
 474 0181 9C000000 		.4byte	0x9c
 475 0185 10       		.uleb128 0x10
 476 0186 B9010000 		.4byte	.LASF30
 477 018a 01       		.byte	0x1
 478 018b 03       		.byte	0x3
 479 018c 06       		.byte	0x6
 480 018d 00000000 		.4byte	.LFB0
 481 0191 60000000 		.4byte	.LFE0-.LFB0
 482 0195 01       		.uleb128 0x1
 483 0196 9C       		.byte	0x9c
 484 0197 3E020000 		.4byte	0x23e
 485 019b 04       		.uleb128 0x4
 486 019c 61736300 		.ascii	"asc\000"
 487 01a0 03       		.byte	0x3
 488 01a1 34       		.byte	0x34
 489 01a2 7B010000 		.4byte	0x17b
 490 01a6 7B000000 		.4byte	.LLST0
 491 01aa 75000000 		.4byte	.LVUS0
 492 01ae 05       		.uleb128 0x5
 493 01af 23000000 		.4byte	.LASF22
 494 01b3 40       		.byte	0x40
 495 01b4 B4000000 		.4byte	0xb4
 496 01b8 97000000 		.4byte	.LLST1
 497 01bc 93000000 		.4byte	.LVUS1
 498 01c0 05       		.uleb128 0x5
 499 01c1 3C000000 		.4byte	.LASF23
 500 01c5 52       		.byte	0x52
 501 01c6 90000000 		.4byte	0x90
 502 01ca AE000000 		.4byte	.LLST2
 503 01ce AA000000 		.4byte	.LVUS2
 504 01d2 05       		.uleb128 0x5
 505 01d3 4C020000 		.4byte	.LASF24
 506 01d7 61       		.byte	0x61
 507 01d8 90000000 		.4byte	0x90
 508 01dc C5000000 		.4byte	.LLST3
 509 01e0 C1000000 		.4byte	.LVUS3
 510 01e4 05       		.uleb128 0x5
 511 01e5 42000000 		.4byte	.LASF20
 512 01e9 71       		.byte	0x71
 513 01ea 90000000 		.4byte	0x90
ARM GAS  C:\Users\DEVELO~1\AppData\Local\Temp\ccxdWPv2.s 			page 10


 514 01ee DC000000 		.4byte	.LLST4
 515 01f2 D8000000 		.4byte	.LVUS4
 516 01f6 11       		.uleb128 0x11
 517 01f7 34000000 		.4byte	.LBB2
 518 01fb 28000000 		.4byte	.LBE2-.LBB2
 519 01ff 07       		.uleb128 0x7
 520 0200 6900     		.ascii	"i\000"
 521 0202 16       		.byte	0x16
 522 0203 10       		.byte	0x10
 523 0204 90000000 		.4byte	0x90
 524 0208 F3000000 		.4byte	.LLST5
 525 020c ED000000 		.4byte	.LVUS5
 526 0210 12       		.uleb128 0x12
 527 0211 0C000000 		.4byte	.LLRL6
 528 0215 07       		.uleb128 0x7
 529 0216 6A00     		.ascii	"j\000"
 530 0218 1B       		.byte	0x1b
 531 0219 12       		.byte	0x12
 532 021a 90000000 		.4byte	0x90
 533 021e 0A010000 		.4byte	.LLST7
 534 0222 08010000 		.4byte	.LVUS7
 535 0226 13       		.uleb128 0x13
 536 0227 58000000 		.4byte	.LVL5
 537 022b 3E020000 		.4byte	0x23e
 538 022f 08       		.uleb128 0x8
 539 0230 01       		.uleb128 0x1
 540 0231 51       		.byte	0x51
 541 0232 01       		.uleb128 0x1
 542 0233 30       		.byte	0x30
 543 0234 08       		.uleb128 0x8
 544 0235 01       		.uleb128 0x1
 545 0236 52       		.byte	0x52
 546 0237 02       		.uleb128 0x2
 547 0238 08       		.byte	0x8
 548 0239 20       		.byte	0x20
 549 023a 00       		.byte	0
 550 023b 00       		.byte	0
 551 023c 00       		.byte	0
 552 023d 00       		.byte	0
 553 023e 14       		.uleb128 0x14
 554 023f 8D000000 		.4byte	.LASF31
 555 0243 57000000 		.4byte	.LASF32
 556 0247 06       		.byte	0x6
 557 0248 00       		.byte	0
 558 0249 00       		.byte	0
 559              		.section	.debug_abbrev,"",%progbits
 560              	.Ldebug_abbrev0:
 561 0000 01       		.uleb128 0x1
 562 0001 24       		.uleb128 0x24
 563 0002 00       		.byte	0
 564 0003 0B       		.uleb128 0xb
 565 0004 0B       		.uleb128 0xb
 566 0005 3E       		.uleb128 0x3e
 567 0006 0B       		.uleb128 0xb
 568 0007 03       		.uleb128 0x3
 569 0008 0E       		.uleb128 0xe
 570 0009 00       		.byte	0
ARM GAS  C:\Users\DEVELO~1\AppData\Local\Temp\ccxdWPv2.s 			page 11


 571 000a 00       		.byte	0
 572 000b 02       		.uleb128 0x2
 573 000c 16       		.uleb128 0x16
 574 000d 00       		.byte	0
 575 000e 03       		.uleb128 0x3
 576 000f 0E       		.uleb128 0xe
 577 0010 3A       		.uleb128 0x3a
 578 0011 0B       		.uleb128 0xb
 579 0012 3B       		.uleb128 0x3b
 580 0013 0B       		.uleb128 0xb
 581 0014 39       		.uleb128 0x39
 582 0015 0B       		.uleb128 0xb
 583 0016 49       		.uleb128 0x49
 584 0017 13       		.uleb128 0x13
 585 0018 00       		.byte	0
 586 0019 00       		.byte	0
 587 001a 03       		.uleb128 0x3
 588 001b 0D       		.uleb128 0xd
 589 001c 00       		.byte	0
 590 001d 03       		.uleb128 0x3
 591 001e 0E       		.uleb128 0xe
 592 001f 3A       		.uleb128 0x3a
 593 0020 21       		.uleb128 0x21
 594 0021 05       		.sleb128 5
 595 0022 3B       		.uleb128 0x3b
 596 0023 0B       		.uleb128 0xb
 597 0024 39       		.uleb128 0x39
 598 0025 0B       		.uleb128 0xb
 599 0026 49       		.uleb128 0x49
 600 0027 13       		.uleb128 0x13
 601 0028 38       		.uleb128 0x38
 602 0029 0B       		.uleb128 0xb
 603 002a 00       		.byte	0
 604 002b 00       		.byte	0
 605 002c 04       		.uleb128 0x4
 606 002d 05       		.uleb128 0x5
 607 002e 00       		.byte	0
 608 002f 03       		.uleb128 0x3
 609 0030 08       		.uleb128 0x8
 610 0031 3A       		.uleb128 0x3a
 611 0032 21       		.uleb128 0x21
 612 0033 01       		.sleb128 1
 613 0034 3B       		.uleb128 0x3b
 614 0035 0B       		.uleb128 0xb
 615 0036 39       		.uleb128 0x39
 616 0037 0B       		.uleb128 0xb
 617 0038 49       		.uleb128 0x49
 618 0039 13       		.uleb128 0x13
 619 003a 02       		.uleb128 0x2
 620 003b 17       		.uleb128 0x17
 621 003c B742     		.uleb128 0x2137
 622 003e 17       		.uleb128 0x17
 623 003f 00       		.byte	0
 624 0040 00       		.byte	0
 625 0041 05       		.uleb128 0x5
 626 0042 05       		.uleb128 0x5
 627 0043 00       		.byte	0
ARM GAS  C:\Users\DEVELO~1\AppData\Local\Temp\ccxdWPv2.s 			page 12


 628 0044 03       		.uleb128 0x3
 629 0045 0E       		.uleb128 0xe
 630 0046 3A       		.uleb128 0x3a
 631 0047 21       		.uleb128 0x21
 632 0048 01       		.sleb128 1
 633 0049 3B       		.uleb128 0x3b
 634 004a 21       		.uleb128 0x21
 635 004b 03       		.sleb128 3
 636 004c 39       		.uleb128 0x39
 637 004d 0B       		.uleb128 0xb
 638 004e 49       		.uleb128 0x49
 639 004f 13       		.uleb128 0x13
 640 0050 02       		.uleb128 0x2
 641 0051 17       		.uleb128 0x17
 642 0052 B742     		.uleb128 0x2137
 643 0054 17       		.uleb128 0x17
 644 0055 00       		.byte	0
 645 0056 00       		.byte	0
 646 0057 06       		.uleb128 0x6
 647 0058 0F       		.uleb128 0xf
 648 0059 00       		.byte	0
 649 005a 0B       		.uleb128 0xb
 650 005b 21       		.uleb128 0x21
 651 005c 04       		.sleb128 4
 652 005d 49       		.uleb128 0x49
 653 005e 13       		.uleb128 0x13
 654 005f 00       		.byte	0
 655 0060 00       		.byte	0
 656 0061 07       		.uleb128 0x7
 657 0062 34       		.uleb128 0x34
 658 0063 00       		.byte	0
 659 0064 03       		.uleb128 0x3
 660 0065 08       		.uleb128 0x8
 661 0066 3A       		.uleb128 0x3a
 662 0067 21       		.uleb128 0x21
 663 0068 01       		.sleb128 1
 664 0069 3B       		.uleb128 0x3b
 665 006a 0B       		.uleb128 0xb
 666 006b 39       		.uleb128 0x39
 667 006c 0B       		.uleb128 0xb
 668 006d 49       		.uleb128 0x49
 669 006e 13       		.uleb128 0x13
 670 006f 02       		.uleb128 0x2
 671 0070 17       		.uleb128 0x17
 672 0071 B742     		.uleb128 0x2137
 673 0073 17       		.uleb128 0x17
 674 0074 00       		.byte	0
 675 0075 00       		.byte	0
 676 0076 08       		.uleb128 0x8
 677 0077 49       		.uleb128 0x49
 678 0078 00       		.byte	0
 679 0079 02       		.uleb128 0x2
 680 007a 18       		.uleb128 0x18
 681 007b 7E       		.uleb128 0x7e
 682 007c 18       		.uleb128 0x18
 683 007d 00       		.byte	0
 684 007e 00       		.byte	0
ARM GAS  C:\Users\DEVELO~1\AppData\Local\Temp\ccxdWPv2.s 			page 13


 685 007f 09       		.uleb128 0x9
 686 0080 11       		.uleb128 0x11
 687 0081 01       		.byte	0x1
 688 0082 25       		.uleb128 0x25
 689 0083 0E       		.uleb128 0xe
 690 0084 13       		.uleb128 0x13
 691 0085 0B       		.uleb128 0xb
 692 0086 03       		.uleb128 0x3
 693 0087 0E       		.uleb128 0xe
 694 0088 1B       		.uleb128 0x1b
 695 0089 0E       		.uleb128 0xe
 696 008a 55       		.uleb128 0x55
 697 008b 17       		.uleb128 0x17
 698 008c 11       		.uleb128 0x11
 699 008d 01       		.uleb128 0x1
 700 008e 10       		.uleb128 0x10
 701 008f 17       		.uleb128 0x17
 702 0090 00       		.byte	0
 703 0091 00       		.byte	0
 704 0092 0A       		.uleb128 0xa
 705 0093 24       		.uleb128 0x24
 706 0094 00       		.byte	0
 707 0095 0B       		.uleb128 0xb
 708 0096 0B       		.uleb128 0xb
 709 0097 3E       		.uleb128 0x3e
 710 0098 0B       		.uleb128 0xb
 711 0099 03       		.uleb128 0x3
 712 009a 08       		.uleb128 0x8
 713 009b 00       		.byte	0
 714 009c 00       		.byte	0
 715 009d 0B       		.uleb128 0xb
 716 009e 13       		.uleb128 0x13
 717 009f 01       		.byte	0x1
 718 00a0 03       		.uleb128 0x3
 719 00a1 0E       		.uleb128 0xe
 720 00a2 0B       		.uleb128 0xb
 721 00a3 0B       		.uleb128 0xb
 722 00a4 3A       		.uleb128 0x3a
 723 00a5 0B       		.uleb128 0xb
 724 00a6 3B       		.uleb128 0x3b
 725 00a7 0B       		.uleb128 0xb
 726 00a8 39       		.uleb128 0x39
 727 00a9 0B       		.uleb128 0xb
 728 00aa 01       		.uleb128 0x1
 729 00ab 13       		.uleb128 0x13
 730 00ac 00       		.byte	0
 731 00ad 00       		.byte	0
 732 00ae 0C       		.uleb128 0xc
 733 00af 0D       		.uleb128 0xd
 734 00b0 00       		.byte	0
 735 00b1 03       		.uleb128 0x3
 736 00b2 08       		.uleb128 0x8
 737 00b3 3A       		.uleb128 0x3a
 738 00b4 0B       		.uleb128 0xb
 739 00b5 3B       		.uleb128 0x3b
 740 00b6 0B       		.uleb128 0xb
 741 00b7 39       		.uleb128 0x39
ARM GAS  C:\Users\DEVELO~1\AppData\Local\Temp\ccxdWPv2.s 			page 14


 742 00b8 0B       		.uleb128 0xb
 743 00b9 49       		.uleb128 0x49
 744 00ba 13       		.uleb128 0x13
 745 00bb 38       		.uleb128 0x38
 746 00bc 0B       		.uleb128 0xb
 747 00bd 00       		.byte	0
 748 00be 00       		.byte	0
 749 00bf 0D       		.uleb128 0xd
 750 00c0 01       		.uleb128 0x1
 751 00c1 01       		.byte	0x1
 752 00c2 49       		.uleb128 0x49
 753 00c3 13       		.uleb128 0x13
 754 00c4 01       		.uleb128 0x1
 755 00c5 13       		.uleb128 0x13
 756 00c6 00       		.byte	0
 757 00c7 00       		.byte	0
 758 00c8 0E       		.uleb128 0xe
 759 00c9 21       		.uleb128 0x21
 760 00ca 00       		.byte	0
 761 00cb 49       		.uleb128 0x49
 762 00cc 13       		.uleb128 0x13
 763 00cd 2F       		.uleb128 0x2f
 764 00ce 0B       		.uleb128 0xb
 765 00cf 00       		.byte	0
 766 00d0 00       		.byte	0
 767 00d1 0F       		.uleb128 0xf
 768 00d2 2E       		.uleb128 0x2e
 769 00d3 01       		.byte	0x1
 770 00d4 3F       		.uleb128 0x3f
 771 00d5 19       		.uleb128 0x19
 772 00d6 03       		.uleb128 0x3
 773 00d7 0E       		.uleb128 0xe
 774 00d8 3A       		.uleb128 0x3a
 775 00d9 0B       		.uleb128 0xb
 776 00da 3B       		.uleb128 0x3b
 777 00db 0B       		.uleb128 0xb
 778 00dc 39       		.uleb128 0x39
 779 00dd 0B       		.uleb128 0xb
 780 00de 27       		.uleb128 0x27
 781 00df 19       		.uleb128 0x19
 782 00e0 49       		.uleb128 0x49
 783 00e1 13       		.uleb128 0x13
 784 00e2 11       		.uleb128 0x11
 785 00e3 01       		.uleb128 0x1
 786 00e4 12       		.uleb128 0x12
 787 00e5 06       		.uleb128 0x6
 788 00e6 40       		.uleb128 0x40
 789 00e7 18       		.uleb128 0x18
 790 00e8 7A       		.uleb128 0x7a
 791 00e9 19       		.uleb128 0x19
 792 00ea 01       		.uleb128 0x1
 793 00eb 13       		.uleb128 0x13
 794 00ec 00       		.byte	0
 795 00ed 00       		.byte	0
 796 00ee 10       		.uleb128 0x10
 797 00ef 2E       		.uleb128 0x2e
 798 00f0 01       		.byte	0x1
ARM GAS  C:\Users\DEVELO~1\AppData\Local\Temp\ccxdWPv2.s 			page 15


 799 00f1 3F       		.uleb128 0x3f
 800 00f2 19       		.uleb128 0x19
 801 00f3 03       		.uleb128 0x3
 802 00f4 0E       		.uleb128 0xe
 803 00f5 3A       		.uleb128 0x3a
 804 00f6 0B       		.uleb128 0xb
 805 00f7 3B       		.uleb128 0x3b
 806 00f8 0B       		.uleb128 0xb
 807 00f9 39       		.uleb128 0x39
 808 00fa 0B       		.uleb128 0xb
 809 00fb 27       		.uleb128 0x27
 810 00fc 19       		.uleb128 0x19
 811 00fd 11       		.uleb128 0x11
 812 00fe 01       		.uleb128 0x1
 813 00ff 12       		.uleb128 0x12
 814 0100 06       		.uleb128 0x6
 815 0101 40       		.uleb128 0x40
 816 0102 18       		.uleb128 0x18
 817 0103 7A       		.uleb128 0x7a
 818 0104 19       		.uleb128 0x19
 819 0105 01       		.uleb128 0x1
 820 0106 13       		.uleb128 0x13
 821 0107 00       		.byte	0
 822 0108 00       		.byte	0
 823 0109 11       		.uleb128 0x11
 824 010a 0B       		.uleb128 0xb
 825 010b 01       		.byte	0x1
 826 010c 11       		.uleb128 0x11
 827 010d 01       		.uleb128 0x1
 828 010e 12       		.uleb128 0x12
 829 010f 06       		.uleb128 0x6
 830 0110 00       		.byte	0
 831 0111 00       		.byte	0
 832 0112 12       		.uleb128 0x12
 833 0113 0B       		.uleb128 0xb
 834 0114 01       		.byte	0x1
 835 0115 55       		.uleb128 0x55
 836 0116 17       		.uleb128 0x17
 837 0117 00       		.byte	0
 838 0118 00       		.byte	0
 839 0119 13       		.uleb128 0x13
 840 011a 48       		.uleb128 0x48
 841 011b 01       		.byte	0x1
 842 011c 7D       		.uleb128 0x7d
 843 011d 01       		.uleb128 0x1
 844 011e 7F       		.uleb128 0x7f
 845 011f 13       		.uleb128 0x13
 846 0120 00       		.byte	0
 847 0121 00       		.byte	0
 848 0122 14       		.uleb128 0x14
 849 0123 2E       		.uleb128 0x2e
 850 0124 00       		.byte	0
 851 0125 3F       		.uleb128 0x3f
 852 0126 19       		.uleb128 0x19
 853 0127 3C       		.uleb128 0x3c
 854 0128 19       		.uleb128 0x19
 855 0129 6E       		.uleb128 0x6e
ARM GAS  C:\Users\DEVELO~1\AppData\Local\Temp\ccxdWPv2.s 			page 16


 856 012a 0E       		.uleb128 0xe
 857 012b 03       		.uleb128 0x3
 858 012c 0E       		.uleb128 0xe
 859 012d 3A       		.uleb128 0x3a
 860 012e 0B       		.uleb128 0xb
 861 012f 3B       		.uleb128 0x3b
 862 0130 0B       		.uleb128 0xb
 863 0131 00       		.byte	0
 864 0132 00       		.byte	0
 865 0133 00       		.byte	0
 866              		.section	.debug_loclists,"",%progbits
 867 0000 10010000 		.4byte	.Ldebug_loc3-.Ldebug_loc2
 868              	.Ldebug_loc2:
 869 0004 0500     		.2byte	0x5
 870 0006 04       		.byte	0x4
 871 0007 00       		.byte	0
 872 0008 00000000 		.4byte	0
 873              	.Ldebug_loc0:
 874              	.LVUS8:
 875 000c 00       		.uleb128 0
 876 000d 00       		.uleb128 .LVU39
 877 000e 00       		.uleb128 .LVU39
 878 000f 00       		.uleb128 0
 879              	.LLST8:
 880 0010 06       		.byte	0x6
 881 0011 00000000 		.4byte	.LVL7
 882 0015 04       		.byte	0x4
 883 0016 00       		.uleb128 .LVL7-.LVL7
 884 0017 0C       		.uleb128 .LVL8-.LVL7
 885 0018 01       		.uleb128 0x1
 886 0019 50       		.byte	0x50
 887 001a 04       		.byte	0x4
 888 001b 0C       		.uleb128 .LVL8-.LVL7
 889 001c 8C01     		.uleb128 .LFE1-.LVL7
 890 001e 01       		.uleb128 0x1
 891 001f 53       		.byte	0x53
 892 0020 00       		.byte	0
 893              	.LVUS9:
 894 0021 00       		.uleb128 0
 895 0022 00       		.uleb128 .LVU53
 896 0023 00       		.uleb128 .LVU53
 897 0024 00       		.uleb128 .LVU56
 898 0025 00       		.uleb128 .LVU56
 899 0026 00       		.uleb128 .LVU73
 900 0027 00       		.uleb128 .LVU73
 901 0028 00       		.uleb128 0
 902              	.LLST9:
 903 0029 06       		.byte	0x6
 904 002a 00000000 		.4byte	.LVL7
 905 002e 04       		.byte	0x4
 906 002f 00       		.uleb128 .LVL7-.LVL7
 907 0030 36       		.uleb128 .LVL9-.LVL7
 908 0031 01       		.uleb128 0x1
 909 0032 51       		.byte	0x51
 910 0033 04       		.byte	0x4
 911 0034 36       		.uleb128 .LVL9-.LVL7
 912 0035 3E       		.uleb128 .LVL10-.LVL7
ARM GAS  C:\Users\DEVELO~1\AppData\Local\Temp\ccxdWPv2.s 			page 17


 913 0036 02       		.uleb128 0x2
 914 0037 7E       		.byte	0x7e
 915 0038 04       		.sleb128 4
 916 0039 04       		.byte	0x4
 917 003a 3E       		.uleb128 .LVL10-.LVL7
 918 003b 68       		.uleb128 .LVL11-.LVL7
 919 003c 04       		.uleb128 0x4
 920 003d A3       		.byte	0xa3
 921 003e 01       		.uleb128 0x1
 922 003f 51       		.byte	0x51
 923 0040 9F       		.byte	0x9f
 924 0041 04       		.byte	0x4
 925 0042 68       		.uleb128 .LVL11-.LVL7
 926 0043 8C01     		.uleb128 .LFE1-.LVL7
 927 0045 01       		.uleb128 0x1
 928 0046 51       		.byte	0x51
 929 0047 00       		.byte	0
 930              	.LVUS10:
 931 0048 00       		.uleb128 0
 932 0049 00       		.uleb128 .LVU78
 933 004a 00       		.uleb128 .LVU78
 934 004b 00       		.uleb128 .LVU88
 935 004c 00       		.uleb128 .LVU88
 936 004d 00       		.uleb128 .LVU92
 937 004e 00       		.uleb128 .LVU92
 938 004f 00       		.uleb128 0
 939              	.LLST10:
 940 0050 06       		.byte	0x6
 941 0051 00000000 		.4byte	.LVL7
 942 0055 04       		.byte	0x4
 943 0056 00       		.uleb128 .LVL7-.LVL7
 944 0057 70       		.uleb128 .LVL12-.LVL7
 945 0058 01       		.uleb128 0x1
 946 0059 52       		.byte	0x52
 947 005a 04       		.byte	0x4
 948 005b 70       		.uleb128 .LVL12-.LVL7
 949 005c 8201     		.uleb128 .LVL13-.LVL7
 950 005e 04       		.uleb128 0x4
 951 005f A3       		.byte	0xa3
 952 0060 01       		.uleb128 0x1
 953 0061 52       		.byte	0x52
 954 0062 9F       		.byte	0x9f
 955 0063 04       		.byte	0x4
 956 0064 8201     		.uleb128 .LVL13-.LVL7
 957 0066 8A01     		.uleb128 .LVL14-.LVL7
 958 0068 01       		.uleb128 0x1
 959 0069 52       		.byte	0x52
 960 006a 04       		.byte	0x4
 961 006b 8A01     		.uleb128 .LVL14-.LVL7
 962 006d 8C01     		.uleb128 .LFE1-.LVL7
 963 006f 04       		.uleb128 0x4
 964 0070 A3       		.byte	0xa3
 965 0071 01       		.uleb128 0x1
 966 0072 52       		.byte	0x52
 967 0073 9F       		.byte	0x9f
 968 0074 00       		.byte	0
 969              	.LVUS0:
ARM GAS  C:\Users\DEVELO~1\AppData\Local\Temp\ccxdWPv2.s 			page 18


 970 0075 00       		.uleb128 0
 971 0076 00       		.uleb128 .LVU12
 972 0077 00       		.uleb128 .LVU12
 973 0078 00       		.uleb128 .LVU32
 974 0079 00       		.uleb128 .LVU32
 975 007a 00       		.uleb128 0
 976              	.LLST0:
 977 007b 06       		.byte	0x6
 978 007c 00000000 		.4byte	.LVL0
 979 0080 04       		.byte	0x4
 980 0081 00       		.uleb128 .LVL0-.LVL0
 981 0082 38       		.uleb128 .LVL2-.LVL0
 982 0083 01       		.uleb128 0x1
 983 0084 50       		.byte	0x50
 984 0085 04       		.byte	0x4
 985 0086 38       		.uleb128 .LVL2-.LVL0
 986 0087 5C       		.uleb128 .LVL6-.LVL0
 987 0088 01       		.uleb128 0x1
 988 0089 55       		.byte	0x55
 989 008a 04       		.byte	0x4
 990 008b 5C       		.uleb128 .LVL6-.LVL0
 991 008c 60       		.uleb128 .LFE0-.LVL0
 992 008d 04       		.uleb128 0x4
 993 008e A3       		.byte	0xa3
 994 008f 01       		.uleb128 0x1
 995 0090 50       		.byte	0x50
 996 0091 9F       		.byte	0x9f
 997 0092 00       		.byte	0
 998              	.LVUS1:
 999 0093 00       		.uleb128 0
 1000 0094 00       		.uleb128 .LVU12
 1001 0095 00       		.uleb128 .LVU12
 1002 0096 00       		.uleb128 0
 1003              	.LLST1:
 1004 0097 06       		.byte	0x6
 1005 0098 00000000 		.4byte	.LVL0
 1006 009c 04       		.byte	0x4
 1007 009d 00       		.uleb128 .LVL0-.LVL0
 1008 009e 38       		.uleb128 .LVL2-.LVL0
 1009 009f 01       		.uleb128 0x1
 1010 00a0 51       		.byte	0x51
 1011 00a1 04       		.byte	0x4
 1012 00a2 38       		.uleb128 .LVL2-.LVL0
 1013 00a3 60       		.uleb128 .LFE0-.LVL0
 1014 00a4 04       		.uleb128 0x4
 1015 00a5 A3       		.byte	0xa3
 1016 00a6 01       		.uleb128 0x1
 1017 00a7 51       		.byte	0x51
 1018 00a8 9F       		.byte	0x9f
 1019 00a9 00       		.byte	0
 1020              	.LVUS2:
 1021 00aa 00       		.uleb128 0
 1022 00ab 00       		.uleb128 .LVU12
 1023 00ac 00       		.uleb128 .LVU12
 1024 00ad 00       		.uleb128 0
 1025              	.LLST2:
 1026 00ae 06       		.byte	0x6
ARM GAS  C:\Users\DEVELO~1\AppData\Local\Temp\ccxdWPv2.s 			page 19


 1027 00af 00000000 		.4byte	.LVL0
 1028 00b3 04       		.byte	0x4
 1029 00b4 00       		.uleb128 .LVL0-.LVL0
 1030 00b5 38       		.uleb128 .LVL2-.LVL0
 1031 00b6 01       		.uleb128 0x1
 1032 00b7 52       		.byte	0x52
 1033 00b8 04       		.byte	0x4
 1034 00b9 38       		.uleb128 .LVL2-.LVL0
 1035 00ba 60       		.uleb128 .LFE0-.LVL0
 1036 00bb 04       		.uleb128 0x4
 1037 00bc A3       		.byte	0xa3
 1038 00bd 01       		.uleb128 0x1
 1039 00be 52       		.byte	0x52
 1040 00bf 9F       		.byte	0x9f
 1041 00c0 00       		.byte	0
 1042              	.LVUS3:
 1043 00c1 00       		.uleb128 0
 1044 00c2 00       		.uleb128 .LVU12
 1045 00c3 00       		.uleb128 .LVU12
 1046 00c4 00       		.uleb128 0
 1047              	.LLST3:
 1048 00c5 06       		.byte	0x6
 1049 00c6 00000000 		.4byte	.LVL0
 1050 00ca 04       		.byte	0x4
 1051 00cb 00       		.uleb128 .LVL0-.LVL0
 1052 00cc 38       		.uleb128 .LVL2-.LVL0
 1053 00cd 01       		.uleb128 0x1
 1054 00ce 53       		.byte	0x53
 1055 00cf 04       		.byte	0x4
 1056 00d0 38       		.uleb128 .LVL2-.LVL0
 1057 00d1 60       		.uleb128 .LFE0-.LVL0
 1058 00d2 04       		.uleb128 0x4
 1059 00d3 A3       		.byte	0xa3
 1060 00d4 01       		.uleb128 0x1
 1061 00d5 53       		.byte	0x53
 1062 00d6 9F       		.byte	0x9f
 1063 00d7 00       		.byte	0
 1064              	.LVUS4:
 1065 00d8 00       		.uleb128 0
 1066 00d9 00       		.uleb128 .LVU9
 1067 00da 00       		.uleb128 .LVU9
 1068 00db 00       		.uleb128 .LVU32
 1069              	.LLST4:
 1070 00dc 06       		.byte	0x6
 1071 00dd 00000000 		.4byte	.LVL0
 1072 00e1 04       		.byte	0x4
 1073 00e2 00       		.uleb128 .LVL0-.LVL0
 1074 00e3 34       		.uleb128 .LVL1-.LVL0
 1075 00e4 02       		.uleb128 0x2
 1076 00e5 91       		.byte	0x91
 1077 00e6 00       		.sleb128 0
 1078 00e7 04       		.byte	0x4
 1079 00e8 34       		.uleb128 .LVL1-.LVL0
 1080 00e9 5C       		.uleb128 .LVL6-.LVL0
 1081 00ea 01       		.uleb128 0x1
 1082 00eb 58       		.byte	0x58
 1083 00ec 00       		.byte	0
ARM GAS  C:\Users\DEVELO~1\AppData\Local\Temp\ccxdWPv2.s 			page 20


 1084              	.LVUS5:
 1085 00ed 02       		.uleb128 .LVU11
 1086 00ee 00       		.uleb128 .LVU12
 1087 00ef 00       		.uleb128 .LVU12
 1088 00f0 00       		.uleb128 .LVU15
 1089 00f1 02       		.uleb128 .LVU31
 1090 00f2 00       		.uleb128 .LVU32
 1091              	.LLST5:
 1092 00f3 06       		.byte	0x6
 1093 00f4 34000000 		.4byte	.LVL1
 1094 00f8 04       		.byte	0x4
 1095 00f9 00       		.uleb128 .LVL1-.LVL1
 1096 00fa 04       		.uleb128 .LVL2-.LVL1
 1097 00fb 01       		.uleb128 0x1
 1098 00fc 52       		.byte	0x52
 1099 00fd 04       		.byte	0x4
 1100 00fe 04       		.uleb128 .LVL2-.LVL1
 1101 00ff 0A       		.uleb128 .LVL3-.LVL1
 1102 0100 01       		.uleb128 0x1
 1103 0101 54       		.byte	0x54
 1104 0102 04       		.byte	0x4
 1105 0103 24       		.uleb128 .LVL5-.LVL1
 1106 0104 28       		.uleb128 .LVL6-.LVL1
 1107 0105 01       		.uleb128 0x1
 1108 0106 54       		.byte	0x54
 1109 0107 00       		.byte	0
 1110              	.LVUS7:
 1111 0108 02       		.uleb128 .LVU27
 1112 0109 00       		.uleb128 .LVU29
 1113              	.LLST7:
 1114 010a 08       		.byte	0x8
 1115 010b 54000000 		.4byte	.LVL4
 1116 010f 04       		.uleb128 .LVL5-.LVL4
 1117 0110 02       		.uleb128 0x2
 1118 0111 30       		.byte	0x30
 1119 0112 9F       		.byte	0x9f
 1120 0113 00       		.byte	0
 1121              	.Ldebug_loc3:
 1122              		.section	.debug_aranges,"",%progbits
 1123 0000 24000000 		.4byte	0x24
 1124 0004 0200     		.2byte	0x2
 1125 0006 00000000 		.4byte	.Ldebug_info0
 1126 000a 04       		.byte	0x4
 1127 000b 00       		.byte	0
 1128 000c 0000     		.2byte	0
 1129 000e 0000     		.2byte	0
 1130 0010 00000000 		.4byte	.LFB0
 1131 0014 60000000 		.4byte	.LFE0-.LFB0
 1132 0018 00000000 		.4byte	.LFB1
 1133 001c 8C000000 		.4byte	.LFE1-.LFB1
 1134 0020 00000000 		.4byte	0
 1135 0024 00000000 		.4byte	0
 1136              		.section	.debug_rnglists,"",%progbits
 1137              	.Ldebug_ranges0:
 1138 0000 25000000 		.4byte	.Ldebug_ranges3-.Ldebug_ranges2
 1139              	.Ldebug_ranges2:
 1140 0004 0500     		.2byte	0x5
ARM GAS  C:\Users\DEVELO~1\AppData\Local\Temp\ccxdWPv2.s 			page 21


 1141 0006 04       		.byte	0x4
 1142 0007 00       		.byte	0
 1143 0008 00000000 		.4byte	0
 1144              	.LLRL6:
 1145 000c 05       		.byte	0x5
 1146 000d 3E000000 		.4byte	.LBB3
 1147 0011 04       		.byte	0x4
 1148 0012 00       		.uleb128 .LBB3-.LBB3
 1149 0013 04       		.uleb128 .LBE3-.LBB3
 1150 0014 04       		.byte	0x4
 1151 0015 0E       		.uleb128 .LBB4-.LBB3
 1152 0016 10       		.uleb128 .LBE4-.LBB3
 1153 0017 04       		.byte	0x4
 1154 0018 16       		.uleb128 .LBB5-.LBB3
 1155 0019 1A       		.uleb128 .LBE5-.LBB3
 1156 001a 00       		.byte	0
 1157              	.LLRL11:
 1158 001b 07       		.byte	0x7
 1159 001c 00000000 		.4byte	.LFB0
 1160 0020 60       		.uleb128 .LFE0-.LFB0
 1161 0021 07       		.byte	0x7
 1162 0022 00000000 		.4byte	.LFB1
 1163 0026 8C01     		.uleb128 .LFE1-.LFB1
 1164 0028 00       		.byte	0
 1165              	.Ldebug_ranges3:
 1166              		.section	.debug_line,"",%progbits
 1167              	.Ldebug_line0:
 1168 0000 10030000 		.section	.debug_str,"MS",%progbits,1
 1168      03008701 
 1168      00000201 
 1168      FB0E0D00 
 1168      01010101 
 1169              	.LASF29:
 1170 0000 62726963 		.ascii	"brick_asc_process\000"
 1170      6B5F6173 
 1170      635F7072 
 1170      6F636573 
 1170      7300
 1171              	.LASF3:
 1172 0012 5F5F7569 		.ascii	"__uint8_t\000"
 1172      6E74385F 
 1172      7400
 1173              	.LASF15:
 1174 001c 73697A65 		.ascii	"size_t\000"
 1174      5F7400
 1175              	.LASF22:
 1176 0023 63617061 		.ascii	"capacity\000"
 1176      63697479 
 1176      00
 1177              	.LASF28:
 1178 002c 62726963 		.ascii	"brick_asc\000"
 1178      6B5F6173 
 1178      6300
 1179              	.LASF19:
 1180 0036 636F756E 		.ascii	"count\000"
 1180      7400
 1181              	.LASF23:
ARM GAS  C:\Users\DEVELO~1\AppData\Local\Temp\ccxdWPv2.s 			page 22


 1182 003c 73746172 		.ascii	"start\000"
 1182      7400
 1183              	.LASF20:
 1184 0042 66616374 		.ascii	"factor\000"
 1184      6F7200
 1185              	.LASF1:
 1186 0049 756E7369 		.ascii	"unsigned char\000"
 1186      676E6564 
 1186      20636861 
 1186      7200
 1187              	.LASF32:
 1188 0057 5F5F6275 		.ascii	"__builtin_memset\000"
 1188      696C7469 
 1188      6E5F6D65 
 1188      6D736574 
 1188      00
 1189              	.LASF8:
 1190 0068 6C6F6E67 		.ascii	"long unsigned int\000"
 1190      20756E73 
 1190      69676E65 
 1190      6420696E 
 1190      7400
 1191              	.LASF5:
 1192 007a 73686F72 		.ascii	"short unsigned int\000"
 1192      7420756E 
 1192      7369676E 
 1192      65642069 
 1192      6E7400
 1193              	.LASF31:
 1194 008d 6D656D73 		.ascii	"memset\000"
 1194      657400
 1195              	.LASF4:
 1196 0094 5F5F7569 		.ascii	"__uint16_t\000"
 1196      6E743136 
 1196      5F7400
 1197              	.LASF7:
 1198 009f 5F5F7569 		.ascii	"__uint32_t\000"
 1198      6E743332 
 1198      5F7400
 1199              	.LASF27:
 1200 00aa 433A5C43 		.ascii	"C:\\ChibiStudio\\ChibiOS-master\\demos\\STM32\\CUST"
 1200      68696269 
 1200      53747564 
 1200      696F5C43 
 1200      68696269 
 1201 00d8 4F4D5F48 		.ascii	"OM_H743IIT6_maj\000"
 1201      37343349 
 1201      4954365F 
 1201      6D616A00 
 1202              	.LASF18:
 1203 00e8 68656164 		.ascii	"head\000"
 1203      00
 1204              	.LASF25:
 1205 00ed 474E5520 		.ascii	"GNU C17 11.3.1 20220712 -mcpu=cortex-m7 -mthumb -mf"
 1205      43313720 
 1205      31312E33 
 1205      2E312032 
ARM GAS  C:\Users\DEVELO~1\AppData\Local\Temp\ccxdWPv2.s 			page 23


 1205      30323230 
 1206 0120 6C6F6174 		.ascii	"loat-abi=hard -mfpu=fpv5-d16 -march=armv7e-m+fp.dp "
 1206      2D616269 
 1206      3D686172 
 1206      64202D6D 
 1206      6670753D 
 1207 0153 2D676764 		.ascii	"-ggdb -O2 -ffunction-sections -fdata-sections -fno-"
 1207      62202D4F 
 1207      32202D66 
 1207      66756E63 
 1207      74696F6E 
 1208 0186 636F6D6D 		.ascii	"common\000"
 1208      6F6E00
 1209              	.LASF11:
 1210 018d 756E7369 		.ascii	"unsigned int\000"
 1210      676E6564 
 1210      20696E74 
 1210      00
 1211              	.LASF10:
 1212 019a 6C6F6E67 		.ascii	"long long unsigned int\000"
 1212      206C6F6E 
 1212      6720756E 
 1212      7369676E 
 1212      65642069 
 1213              	.LASF12:
 1214 01b1 75696E74 		.ascii	"uint8_t\000"
 1214      385F7400 
 1215              	.LASF30:
 1216 01b9 62726963 		.ascii	"brick_asc_array_set_factors\000"
 1216      6B5F6173 
 1216      635F6172 
 1216      7261795F 
 1216      7365745F 
 1217              	.LASF9:
 1218 01d5 6C6F6E67 		.ascii	"long long int\000"
 1218      206C6F6E 
 1218      6720696E 
 1218      7400
 1219              	.LASF26:
 1220 01e3 64726976 		.ascii	"drivers/HallEffect/brick_asc.c\000"
 1220      6572732F 
 1220      48616C6C 
 1220      45666665 
 1220      63742F62 
 1221              	.LASF2:
 1222 0202 73686F72 		.ascii	"short int\000"
 1222      7420696E 
 1222      7400
 1223              	.LASF17:
 1224 020c 62756666 		.ascii	"buffer\000"
 1224      657200
 1225              	.LASF13:
 1226 0213 75696E74 		.ascii	"uint16_t\000"
 1226      31365F74 
 1226      00
 1227              	.LASF14:
 1228 021c 75696E74 		.ascii	"uint32_t\000"
ARM GAS  C:\Users\DEVELO~1\AppData\Local\Temp\ccxdWPv2.s 			page 24


 1228      33325F74 
 1228      00
 1229              	.LASF6:
 1230 0225 6C6F6E67 		.ascii	"long int\000"
 1230      20696E74 
 1230      00
 1231              	.LASF16:
 1232 022e 6C6F6E67 		.ascii	"long double\000"
 1232      20646F75 
 1232      626C6500 
 1233              	.LASF0:
 1234 023a 7369676E 		.ascii	"signed char\000"
 1234      65642063 
 1234      68617200 
 1235              	.LASF21:
 1236 0246 5F426F6F 		.ascii	"_Bool\000"
 1236      6C00
 1237              	.LASF24:
 1238 024c 6C656E67 		.ascii	"length\000"
 1238      746800
 1239              		.ident	"GCC: (Arm GNU Toolchain 11.3.Rel1) 11.3.1 20220712"
ARM GAS  C:\Users\DEVELO~1\AppData\Local\Temp\ccxdWPv2.s 			page 25


DEFINED SYMBOLS
                            *ABS*:00000000 brick_asc.c
C:\Users\DEVELO~1\AppData\Local\Temp\ccxdWPv2.s:19     .text.brick_asc_array_set_factors:00000000 $t
C:\Users\DEVELO~1\AppData\Local\Temp\ccxdWPv2.s:26     .text.brick_asc_array_set_factors:00000000 brick_asc_array_set_factors
C:\Users\DEVELO~1\AppData\Local\Temp\ccxdWPv2.s:129    .text.brick_asc_process:00000000 $t
C:\Users\DEVELO~1\AppData\Local\Temp\ccxdWPv2.s:136    .text.brick_asc_process:00000000 brick_asc_process

UNDEFINED SYMBOLS
memset
