ARM GAS  C:\Users\DEVELO~1\AppData\Local\Temp\ccDjgZWe.s 			page 1


   1              		.cpu cortex-m7
   2              		.arch armv7e-m
   3              		.fpu fpv5-d16
   4              		.eabi_attribute 28, 1
   5              		.eabi_attribute 20, 1
   6              		.eabi_attribute 21, 1
   7              		.eabi_attribute 23, 3
   8              		.eabi_attribute 24, 1
   9              		.eabi_attribute 25, 1
  10              		.eabi_attribute 26, 1
  11              		.eabi_attribute 30, 2
  12              		.eabi_attribute 34, 1
  13              		.eabi_attribute 18, 4
  14              		.file	"chdebug.c"
  15              		.text
  16              	.Ltext0:
  17              		.cfi_sections	.debug_frame
  18              	.Letext0:
  19              		.section	.debug_info,"",%progbits
  20              	.Ldebug_info0:
  21 0000 76000000 		.4byte	0x76
  22 0004 0500     		.2byte	0x5
  23 0006 01       		.byte	0x1
  24 0007 04       		.byte	0x4
  25 0008 00000000 		.4byte	.Ldebug_abbrev0
  26 000c 02       		.uleb128 0x2
  27 000d 7A000000 		.4byte	.LASF12
  28 0011 1D       		.byte	0x1d
  29 0012 1B000000 		.4byte	.LASF13
  30 0016 29010000 		.4byte	.LASF14
  31 001a 00000000 		.4byte	.Ldebug_line0
  32 001e 03       		.uleb128 0x3
  33 001f 04       		.byte	0x4
  34 0020 05       		.byte	0x5
  35 0021 696E7400 		.ascii	"int\000"
  36 0025 01       		.uleb128 0x1
  37 0026 04       		.byte	0x4
  38 0027 07       		.byte	0x7
  39 0028 0E000000 		.4byte	.LASF0
  40 002c 01       		.uleb128 0x1
  41 002d 08       		.byte	0x8
  42 002e 05       		.byte	0x5
  43 002f 00000000 		.4byte	.LASF1
  44 0033 01       		.uleb128 0x1
  45 0034 08       		.byte	0x8
  46 0035 04       		.byte	0x4
  47 0036 86010000 		.4byte	.LASF2
  48 003a 01       		.uleb128 0x1
  49 003b 01       		.byte	0x1
  50 003c 06       		.byte	0x6
  51 003d 7A010000 		.4byte	.LASF3
  52 0041 01       		.uleb128 0x1
  53 0042 01       		.byte	0x1
  54 0043 08       		.byte	0x8
  55 0044 67000000 		.4byte	.LASF4
  56 0048 01       		.uleb128 0x1
  57 0049 02       		.byte	0x2
ARM GAS  C:\Users\DEVELO~1\AppData\Local\Temp\ccDjgZWe.s 			page 2


  58 004a 05       		.byte	0x5
  59 004b 92010000 		.4byte	.LASF5
  60 004f 01       		.uleb128 0x1
  61 0050 02       		.byte	0x2
  62 0051 07       		.byte	0x7
  63 0052 67010000 		.4byte	.LASF6
  64 0056 01       		.uleb128 0x1
  65 0057 04       		.byte	0x4
  66 0058 05       		.byte	0x5
  67 0059 1A010000 		.4byte	.LASF7
  68 005d 01       		.uleb128 0x1
  69 005e 04       		.byte	0x4
  70 005f 07       		.byte	0x7
  71 0060 3E000000 		.4byte	.LASF8
  72 0064 01       		.uleb128 0x1
  73 0065 08       		.byte	0x8
  74 0066 07       		.byte	0x7
  75 0067 50000000 		.4byte	.LASF9
  76 006b 01       		.uleb128 0x1
  77 006c 01       		.byte	0x1
  78 006d 08       		.byte	0x8
  79 006e 75000000 		.4byte	.LASF10
  80 0072 01       		.uleb128 0x1
  81 0073 01       		.byte	0x1
  82 0074 02       		.byte	0x2
  83 0075 23010000 		.4byte	.LASF11
  84 0079 00       		.byte	0
  85              		.section	.debug_abbrev,"",%progbits
  86              	.Ldebug_abbrev0:
  87 0000 01       		.uleb128 0x1
  88 0001 24       		.uleb128 0x24
  89 0002 00       		.byte	0
  90 0003 0B       		.uleb128 0xb
  91 0004 0B       		.uleb128 0xb
  92 0005 3E       		.uleb128 0x3e
  93 0006 0B       		.uleb128 0xb
  94 0007 03       		.uleb128 0x3
  95 0008 0E       		.uleb128 0xe
  96 0009 00       		.byte	0
  97 000a 00       		.byte	0
  98 000b 02       		.uleb128 0x2
  99 000c 11       		.uleb128 0x11
 100 000d 01       		.byte	0x1
 101 000e 25       		.uleb128 0x25
 102 000f 0E       		.uleb128 0xe
 103 0010 13       		.uleb128 0x13
 104 0011 0B       		.uleb128 0xb
 105 0012 03       		.uleb128 0x3
 106 0013 0E       		.uleb128 0xe
 107 0014 1B       		.uleb128 0x1b
 108 0015 0E       		.uleb128 0xe
 109 0016 10       		.uleb128 0x10
 110 0017 17       		.uleb128 0x17
 111 0018 00       		.byte	0
 112 0019 00       		.byte	0
 113 001a 03       		.uleb128 0x3
 114 001b 24       		.uleb128 0x24
ARM GAS  C:\Users\DEVELO~1\AppData\Local\Temp\ccDjgZWe.s 			page 3


 115 001c 00       		.byte	0
 116 001d 0B       		.uleb128 0xb
 117 001e 0B       		.uleb128 0xb
 118 001f 3E       		.uleb128 0x3e
 119 0020 0B       		.uleb128 0xb
 120 0021 03       		.uleb128 0x3
 121 0022 08       		.uleb128 0x8
 122 0023 00       		.byte	0
 123 0024 00       		.byte	0
 124 0025 00       		.byte	0
 125              		.section	.debug_aranges,"",%progbits
 126 0000 14000000 		.4byte	0x14
 127 0004 0200     		.2byte	0x2
 128 0006 00000000 		.4byte	.Ldebug_info0
 129 000a 04       		.byte	0x4
 130 000b 00       		.byte	0
 131 000c 0000     		.2byte	0
 132 000e 0000     		.2byte	0
 133 0010 00000000 		.4byte	0
 134 0014 00000000 		.4byte	0
 135              		.section	.debug_line,"",%progbits
 136              	.Ldebug_line0:
 137 0000 19000000 		.section	.debug_str,"MS",%progbits,1
 137      03001300 
 137      00000201 
 137      FB0E0D00 
 137      01010101 
 138              	.LASF1:
 139 0000 6C6F6E67 		.ascii	"long long int\000"
 139      206C6F6E 
 139      6720696E 
 139      7400
 140              	.LASF0:
 141 000e 756E7369 		.ascii	"unsigned int\000"
 141      676E6564 
 141      20696E74 
 141      00
 142              	.LASF13:
 143 001b 2E2F646F 		.ascii	"./docs/ChibiOS/os/rt/src/chdebug.c\000"
 143      63732F43 
 143      68696269 
 143      4F532F6F 
 143      732F7274 
 144              	.LASF8:
 145 003e 6C6F6E67 		.ascii	"long unsigned int\000"
 145      20756E73 
 145      69676E65 
 145      6420696E 
 145      7400
 146              	.LASF9:
 147 0050 6C6F6E67 		.ascii	"long long unsigned int\000"
 147      206C6F6E 
 147      6720756E 
 147      7369676E 
 147      65642069 
 148              	.LASF4:
 149 0067 756E7369 		.ascii	"unsigned char\000"
ARM GAS  C:\Users\DEVELO~1\AppData\Local\Temp\ccDjgZWe.s 			page 4


 149      676E6564 
 149      20636861 
 149      7200
 150              	.LASF10:
 151 0075 63686172 		.ascii	"char\000"
 151      00
 152              	.LASF12:
 153 007a 474E5520 		.ascii	"GNU C17 11.3.1 20220712 -mcpu=cortex-m7 -mthumb -mf"
 153      43313720 
 153      31312E33 
 153      2E312032 
 153      30323230 
 154 00ad 6C6F6174 		.ascii	"loat-abi=hard -mfpu=fpv5-d16 -march=armv7e-m+fp.dp "
 154      2D616269 
 154      3D686172 
 154      64202D6D 
 154      6670753D 
 155 00e0 2D676764 		.ascii	"-ggdb -O2 -ffunction-sections -fdata-sections -fno-"
 155      62202D4F 
 155      32202D66 
 155      66756E63 
 155      74696F6E 
 156 0113 636F6D6D 		.ascii	"common\000"
 156      6F6E00
 157              	.LASF7:
 158 011a 6C6F6E67 		.ascii	"long int\000"
 158      20696E74 
 158      00
 159              	.LASF11:
 160 0123 5F426F6F 		.ascii	"_Bool\000"
 160      6C00
 161              	.LASF14:
 162 0129 433A5C43 		.ascii	"C:\\ChibiStudio\\ChibiOS-master\\demos\\STM32\\CUST"
 162      68696269 
 162      53747564 
 162      696F5C43 
 162      68696269 
 163 0157 4F4D5F48 		.ascii	"OM_H743IIT6_maj\000"
 163      37343349 
 163      4954365F 
 163      6D616A00 
 164              	.LASF6:
 165 0167 73686F72 		.ascii	"short unsigned int\000"
 165      7420756E 
 165      7369676E 
 165      65642069 
 165      6E7400
 166              	.LASF3:
 167 017a 7369676E 		.ascii	"signed char\000"
 167      65642063 
 167      68617200 
 168              	.LASF2:
 169 0186 6C6F6E67 		.ascii	"long double\000"
 169      20646F75 
 169      626C6500 
 170              	.LASF5:
 171 0192 73686F72 		.ascii	"short int\000"
ARM GAS  C:\Users\DEVELO~1\AppData\Local\Temp\ccDjgZWe.s 			page 5


 171      7420696E 
 171      7400
 172              		.ident	"GCC: (Arm GNU Toolchain 11.3.Rel1) 11.3.1 20220712"
ARM GAS  C:\Users\DEVELO~1\AppData\Local\Temp\ccDjgZWe.s 			page 6


DEFINED SYMBOLS
                            *ABS*:00000000 chdebug.c

NO UNDEFINED SYMBOLS
