ARM GAS  C:\Users\DEVELO~1\AppData\Local\Temp\cc8YIvpd.s 			page 1


   1              		.cpu cortex-m7
   2              		.arch armv7e-m
   3              		.fpu fpv5-d16
   4              		.eabi_attribute 28, 1
   5              		.eabi_attribute 20, 1
   6              		.eabi_attribute 21, 1
   7              		.eabi_attribute 23, 3
   8              		.eabi_attribute 24, 1
   9              		.eabi_attribute 25, 1
  10              		.eabi_attribute 26, 1
  11              		.eabi_attribute 30, 2
  12              		.eabi_attribute 34, 1
  13              		.eabi_attribute 18, 4
  14              		.file	"ffsystem.c"
  15              		.text
  16              	.Ltext0:
  17              		.cfi_sections	.debug_frame
  18              	.Letext0:
  19              		.section	.debug_info,"",%progbits
  20              	.Ldebug_info0:
  21 0000 68000000 		.4byte	0x68
  22 0004 0500     		.2byte	0x5
  23 0006 01       		.byte	0x1
  24 0007 04       		.byte	0x4
  25 0008 00000000 		.4byte	.Ldebug_abbrev0
  26 000c 02       		.uleb128 0x2
  27 000d D4000000 		.4byte	.LASF10
  28 0011 1D       		.byte	0x1d
  29 0012 B9000000 		.4byte	.LASF11
  30 0016 7B000000 		.4byte	.LASF12
  31 001a 00000000 		.4byte	.Ldebug_line0
  32 001e 01       		.uleb128 0x1
  33 001f 01       		.byte	0x1
  34 0020 06       		.byte	0x6
  35 0021 1F000000 		.4byte	.LASF0
  36 0025 01       		.uleb128 0x1
  37 0026 01       		.byte	0x1
  38 0027 08       		.byte	0x8
  39 0028 64000000 		.4byte	.LASF1
  40 002c 01       		.uleb128 0x1
  41 002d 02       		.byte	0x2
  42 002e 05       		.byte	0x5
  43 002f 3E000000 		.4byte	.LASF2
  44 0033 01       		.uleb128 0x1
  45 0034 02       		.byte	0x2
  46 0035 07       		.byte	0x7
  47 0036 2B000000 		.4byte	.LASF3
  48 003a 01       		.uleb128 0x1
  49 003b 04       		.byte	0x4
  50 003c 05       		.byte	0x5
  51 003d 72000000 		.4byte	.LASF4
  52 0041 01       		.uleb128 0x1
  53 0042 04       		.byte	0x4
  54 0043 07       		.byte	0x7
  55 0044 0D000000 		.4byte	.LASF5
  56 0048 01       		.uleb128 0x1
  57 0049 08       		.byte	0x8
ARM GAS  C:\Users\DEVELO~1\AppData\Local\Temp\cc8YIvpd.s 			page 2


  58 004a 05       		.byte	0x5
  59 004b 74010000 		.4byte	.LASF6
  60 004f 01       		.uleb128 0x1
  61 0050 08       		.byte	0x8
  62 0051 07       		.byte	0x7
  63 0052 4D000000 		.4byte	.LASF7
  64 0056 03       		.uleb128 0x3
  65 0057 04       		.byte	0x4
  66 0058 05       		.byte	0x5
  67 0059 696E7400 		.ascii	"int\000"
  68 005d 01       		.uleb128 0x1
  69 005e 04       		.byte	0x4
  70 005f 07       		.byte	0x7
  71 0060 00000000 		.4byte	.LASF8
  72 0064 01       		.uleb128 0x1
  73 0065 01       		.byte	0x1
  74 0066 08       		.byte	0x8
  75 0067 48000000 		.4byte	.LASF9
  76 006b 00       		.byte	0
  77              		.section	.debug_abbrev,"",%progbits
  78              	.Ldebug_abbrev0:
  79 0000 01       		.uleb128 0x1
  80 0001 24       		.uleb128 0x24
  81 0002 00       		.byte	0
  82 0003 0B       		.uleb128 0xb
  83 0004 0B       		.uleb128 0xb
  84 0005 3E       		.uleb128 0x3e
  85 0006 0B       		.uleb128 0xb
  86 0007 03       		.uleb128 0x3
  87 0008 0E       		.uleb128 0xe
  88 0009 00       		.byte	0
  89 000a 00       		.byte	0
  90 000b 02       		.uleb128 0x2
  91 000c 11       		.uleb128 0x11
  92 000d 01       		.byte	0x1
  93 000e 25       		.uleb128 0x25
  94 000f 0E       		.uleb128 0xe
  95 0010 13       		.uleb128 0x13
  96 0011 0B       		.uleb128 0xb
  97 0012 03       		.uleb128 0x3
  98 0013 0E       		.uleb128 0xe
  99 0014 1B       		.uleb128 0x1b
 100 0015 0E       		.uleb128 0xe
 101 0016 10       		.uleb128 0x10
 102 0017 17       		.uleb128 0x17
 103 0018 00       		.byte	0
 104 0019 00       		.byte	0
 105 001a 03       		.uleb128 0x3
 106 001b 24       		.uleb128 0x24
 107 001c 00       		.byte	0
 108 001d 0B       		.uleb128 0xb
 109 001e 0B       		.uleb128 0xb
 110 001f 3E       		.uleb128 0x3e
 111 0020 0B       		.uleb128 0xb
 112 0021 03       		.uleb128 0x3
 113 0022 08       		.uleb128 0x8
 114 0023 00       		.byte	0
ARM GAS  C:\Users\DEVELO~1\AppData\Local\Temp\cc8YIvpd.s 			page 3


 115 0024 00       		.byte	0
 116 0025 00       		.byte	0
 117              		.section	.debug_aranges,"",%progbits
 118 0000 14000000 		.4byte	0x14
 119 0004 0200     		.2byte	0x2
 120 0006 00000000 		.4byte	.Ldebug_info0
 121 000a 04       		.byte	0x4
 122 000b 00       		.byte	0
 123 000c 0000     		.2byte	0
 124 000e 0000     		.2byte	0
 125 0010 00000000 		.4byte	0
 126 0014 00000000 		.4byte	0
 127              		.section	.debug_line,"",%progbits
 128              	.Ldebug_line0:
 129 0000 19000000 		.section	.debug_str,"MS",%progbits,1
 129      03001300 
 129      00000201 
 129      FB0E0D00 
 129      01010101 
 130              	.LASF8:
 131 0000 756E7369 		.ascii	"unsigned int\000"
 131      676E6564 
 131      20696E74 
 131      00
 132              	.LASF5:
 133 000d 6C6F6E67 		.ascii	"long unsigned int\000"
 133      20756E73 
 133      69676E65 
 133      6420696E 
 133      7400
 134              	.LASF0:
 135 001f 7369676E 		.ascii	"signed char\000"
 135      65642063 
 135      68617200 
 136              	.LASF3:
 137 002b 73686F72 		.ascii	"short unsigned int\000"
 137      7420756E 
 137      7369676E 
 137      65642069 
 137      6E7400
 138              	.LASF2:
 139 003e 73686F72 		.ascii	"short int\000"
 139      7420696E 
 139      7400
 140              	.LASF9:
 141 0048 63686172 		.ascii	"char\000"
 141      00
 142              	.LASF7:
 143 004d 6C6F6E67 		.ascii	"long long unsigned int\000"
 143      206C6F6E 
 143      6720756E 
 143      7369676E 
 143      65642069 
 144              	.LASF1:
 145 0064 756E7369 		.ascii	"unsigned char\000"
 145      676E6564 
 145      20636861 
ARM GAS  C:\Users\DEVELO~1\AppData\Local\Temp\cc8YIvpd.s 			page 4


 145      7200
 146              	.LASF4:
 147 0072 6C6F6E67 		.ascii	"long int\000"
 147      20696E74 
 147      00
 148              	.LASF12:
 149 007b 433A5C43 		.ascii	"C:\\ChibiStudio\\ChibiOS-master\\demos\\STM32\\CUST"
 149      68696269 
 149      53747564 
 149      696F5C43 
 149      68696269 
 150 00a9 4F4D5F48 		.ascii	"OM_H743IIT6_maj\000"
 150      37343349 
 150      4954365F 
 150      6D616A00 
 151              	.LASF11:
 152 00b9 64726976 		.ascii	"drivers/sd/ff16/ffsystem.c\000"
 152      6572732F 
 152      73642F66 
 152      6631362F 
 152      66667379 
 153              	.LASF10:
 154 00d4 474E5520 		.ascii	"GNU C17 11.3.1 20220712 -mcpu=cortex-m7 -mthumb -mf"
 154      43313720 
 154      31312E33 
 154      2E312032 
 154      30323230 
 155 0107 6C6F6174 		.ascii	"loat-abi=hard -mfpu=fpv5-d16 -march=armv7e-m+fp.dp "
 155      2D616269 
 155      3D686172 
 155      64202D6D 
 155      6670753D 
 156 013a 2D676764 		.ascii	"-ggdb -O2 -ffunction-sections -fdata-sections -fno-"
 156      62202D4F 
 156      32202D66 
 156      66756E63 
 156      74696F6E 
 157 016d 636F6D6D 		.ascii	"common\000"
 157      6F6E00
 158              	.LASF6:
 159 0174 6C6F6E67 		.ascii	"long long int\000"
 159      206C6F6E 
 159      6720696E 
 159      7400
 160              		.ident	"GCC: (Arm GNU Toolchain 11.3.Rel1) 11.3.1 20220712"
ARM GAS  C:\Users\DEVELO~1\AppData\Local\Temp\cc8YIvpd.s 			page 5


DEFINED SYMBOLS
                            *ABS*:00000000 ffsystem.c

NO UNDEFINED SYMBOLS
