ARM GAS  C:\Users\DEVELO~1\AppData\Local\Temp\ccwonFef.s 			page 1


   1              		.cpu cortex-m7
   2              		.arch armv7e-m
   3              		.fpu fpv5-d16
   4              		.eabi_attribute 28, 1
   5              		.eabi_attribute 20, 1
   6              		.eabi_attribute 21, 1
   7              		.eabi_attribute 23, 3
   8              		.eabi_attribute 24, 1
   9              		.eabi_attribute 25, 1
  10              		.eabi_attribute 26, 1
  11              		.eabi_attribute 30, 2
  12              		.eabi_attribute 34, 1
  13              		.eabi_attribute 18, 4
  14              		.file	"font.c"
  15              		.text
  16              	.Ltext0:
  17              		.cfi_sections	.debug_frame
  18              		.section	.text.get_col_5x7,"ax",%progbits
  19              		.align	1
  20              		.p2align 2,,3
  21              		.syntax unified
  22              		.thumb
  23              		.thumb_func
  24              		.type	get_col_5x7, %function
  25              	get_col_5x7:
  26              	.LVL0:
  27              	.LFB0:
  28              		.file 1 "ui/font.c"
  29              		.loc 1 37 49 view -0
  30              		.cfi_startproc
  31              		@ args = 0, pretend = 0, frame = 0
  32              		@ frame_needed = 0, uses_anonymous_args = 0
  33              		@ link register save eliminated.
  34              		.loc 1 38 5 view .LVU1
  35              		.loc 1 39 5 view .LVU2
  36              		.loc 1 38 16 is_stmt 0 view .LVU3
  37 0000 2038     		subs	r0, r0, #32
  38              	.LVL1:
  39              		.loc 1 38 8 view .LVU4
  40 0002 C3B2     		uxtb	r3, r0
  41              		.loc 1 39 8 view .LVU5
  42 0004 5E2B     		cmp	r3, #94
  43 0006 07D8     		bhi	.L3
  44 0008 0429     		cmp	r1, #4
  45 000a 05D8     		bhi	.L3
  46              		.loc 1 40 5 is_stmt 1 view .LVU6
  47              		.loc 1 40 36 is_stmt 0 view .LVU7
  48 000c 00EB8000 		add	r0, r0, r0, lsl #2
  49 0010 024B     		ldr	r3, .L5
  50 0012 0344     		add	r3, r3, r0
  51 0014 585C     		ldrb	r0, [r3, r1]	@ zero_extendqisi2
  52 0016 7047     		bx	lr
  53              	.L3:
  54              		.loc 1 39 26 view .LVU8
  55 0018 0020     		movs	r0, #0
  56              		.loc 1 41 1 view .LVU9
  57 001a 7047     		bx	lr
ARM GAS  C:\Users\DEVELO~1\AppData\Local\Temp\ccwonFef.s 			page 2


  58              	.L6:
  59              		.align	2
  60              	.L5:
  61 001c 00000000 		.word	font5x7
  62              		.cfi_endproc
  63              	.LFE0:
  64              		.size	get_col_5x7, .-get_col_5x7
  65              		.section	.text.get_col_5x8_elektron,"ax",%progbits
  66              		.align	1
  67              		.p2align 2,,3
  68              		.syntax unified
  69              		.thumb
  70              		.thumb_func
  71              		.type	get_col_5x8_elektron, %function
  72              	get_col_5x8_elektron:
  73              	.LVL2:
  74              	.LFB1:
  75              		.loc 1 55 58 is_stmt 1 view -0
  76              		.cfi_startproc
  77              		@ args = 0, pretend = 0, frame = 0
  78              		@ frame_needed = 0, uses_anonymous_args = 0
  79              		@ link register save eliminated.
  80              		.loc 1 56 5 view .LVU11
  81              		.loc 1 57 5 view .LVU12
  82              		.loc 1 56 41 is_stmt 0 view .LVU13
  83 0000 2038     		subs	r0, r0, #32
  84              	.LVL3:
  85              		.loc 1 56 8 view .LVU14
  86 0002 C3B2     		uxtb	r3, r0
  87              		.loc 1 57 8 view .LVU15
  88 0004 5E2B     		cmp	r3, #94
  89 0006 08D8     		bhi	.L9
  90 0008 0429     		cmp	r1, #4
  91 000a 06D8     		bhi	.L9
  92              		.loc 1 58 5 is_stmt 1 view .LVU16
  93              		.loc 1 58 61 is_stmt 0 view .LVU17
  94 000c 00EB4000 		add	r0, r0, r0, lsl #1
  95 0010 034B     		ldr	r3, .L10
  96 0012 03EB4003 		add	r3, r3, r0, lsl #1
  97 0016 585C     		ldrb	r0, [r3, r1]	@ zero_extendqisi2
  98 0018 7047     		bx	lr
  99              	.L9:
 100              		.loc 1 57 26 view .LVU18
 101 001a 0020     		movs	r0, #0
 102              		.loc 1 59 1 view .LVU19
 103 001c 7047     		bx	lr
 104              	.L11:
 105 001e 00BF     		.align	2
 106              	.L10:
 107 0020 00000000 		.word	font5x8_elektron
 108              		.cfi_endproc
 109              	.LFE1:
 110              		.size	get_col_5x8_elektron, .-get_col_5x8_elektron
 111              		.section	.text.get_col_4x6,"ax",%progbits
 112              		.align	1
 113              		.p2align 2,,3
 114              		.syntax unified
ARM GAS  C:\Users\DEVELO~1\AppData\Local\Temp\ccwonFef.s 			page 3


 115              		.thumb
 116              		.thumb_func
 117              		.type	get_col_4x6, %function
 118              	get_col_4x6:
 119              	.LVL4:
 120              	.LFB3:
 121              		.loc 1 92 49 is_stmt 1 view -0
 122              		.cfi_startproc
 123              		@ args = 0, pretend = 0, frame = 0
 124              		@ frame_needed = 0, uses_anonymous_args = 0
 125              		.loc 1 93 5 view .LVU21
 126              		.loc 1 94 5 view .LVU22
 127              		.loc 1 92 49 is_stmt 0 view .LVU23
 128 0000 2DE9F04F 		push	{r4, r5, r6, r7, r8, r9, r10, fp, lr}
 129              		.cfi_def_cfa_offset 36
 130              		.cfi_offset 4, -36
 131              		.cfi_offset 5, -32
 132              		.cfi_offset 6, -28
 133              		.cfi_offset 7, -24
 134              		.cfi_offset 8, -20
 135              		.cfi_offset 9, -16
 136              		.cfi_offset 10, -12
 137              		.cfi_offset 11, -8
 138              		.cfi_offset 14, -4
 139              		.loc 1 93 16 view .LVU24
 140 0004 A0F12007 		sub	r7, r0, #32
 141              		.loc 1 93 8 view .LVU25
 142 0008 FBB2     		uxtb	r3, r7
 143              		.loc 1 94 8 view .LVU26
 144 000a 5E2B     		cmp	r3, #94
 145 000c 0FD8     		bhi	.L21
 146 000e 0329     		cmp	r1, #3
 147 0010 8846     		mov	r8, r1
 148 0012 0CD8     		bhi	.L21
 149              	.LVL5:
 150              	.LBB12:
 151              	.LBI12:
 152              		.loc 1 92 16 is_stmt 1 view .LVU27
 153              	.LBB13:
 154              		.loc 1 95 5 view .LVU28
 155              		.loc 1 95 9 is_stmt 0 view .LVU29
 156 0014 DFF888A0 		ldr	r10, .L31+4
 157 0018 DFF88890 		ldr	r9, .L31+8
 158              		.loc 1 95 8 view .LVU30
 159 001c 9AF80030 		ldrb	r3, [r10]	@ zero_extendqisi2
 160 0020 43B1     		cbz	r3, .L29
 161              	.LVL6:
 162              	.L14:
 163              		.loc 1 96 5 is_stmt 1 view .LVU31
 164              		.loc 1 96 45 is_stmt 0 view .LVU32
 165 0022 09EB8709 		add	r9, r9, r7, lsl #2
 166 0026 19F80800 		ldrb	r0, [r9, r8]	@ zero_extendqisi2
 167              	.LVL7:
 168              		.loc 1 96 45 view .LVU33
 169              	.LBE13:
 170              	.LBE12:
 171              		.loc 1 97 1 view .LVU34
ARM GAS  C:\Users\DEVELO~1\AppData\Local\Temp\ccwonFef.s 			page 4


 172 002a BDE8F08F 		pop	{r4, r5, r6, r7, r8, r9, r10, fp, pc}
 173              	.LVL8:
 174              	.L21:
 175              		.loc 1 94 26 view .LVU35
 176 002e 0020     		movs	r0, #0
 177              	.LVL9:
 178              		.loc 1 97 1 view .LVU36
 179 0030 BDE8F08F 		pop	{r4, r5, r6, r7, r8, r9, r10, fp, pc}
 180              	.LVL10:
 181              	.L29:
 182              		.loc 1 97 1 view .LVU37
 183 0034 4946     		mov	r1, r9
 184              	.LVL11:
 185              		.loc 1 97 1 view .LVU38
 186 0036 194C     		ldr	r4, .L31
 187 0038 09F5BE76 		add	r6, r9, #380
 188              	.LBB33:
 189              	.LBB32:
 190              	.LBB14:
 191              	.LBB15:
 192              	.LBB16:
 193              	.LBB17:
 194              	.LBB18:
 195              	.LBB19:
 196              	.LBB20:
 197              	.LBB21:
 198              		.loc 1 78 58 view .LVU39
 199 003c 0125     		movs	r5, #1
 200              	.LVL12:
 201              	.L20:
 202              		.loc 1 78 58 view .LVU40
 203              	.LBE21:
 204              	.LBE20:
 205              	.LBE19:
 206              	.LBE18:
 207              		.loc 1 68 9 is_stmt 1 view .LVU41
 208              		.loc 1 69 9 view .LVU42
 209              	.LBB30:
 210              		.loc 1 69 14 view .LVU43
 211              		.loc 1 69 35 view .LVU44
 212              	.LBE30:
 213              		.loc 1 68 24 is_stmt 0 view .LVU45
 214 003e 0023     		movs	r3, #0
 215              	.LVL13:
 216              	.L19:
 217              	.LBB31:
 218              	.LBB29:
 219              		.loc 1 70 13 is_stmt 1 view .LVU46
 220              		.loc 1 70 36 is_stmt 0 view .LVU47
 221 0040 C3F34602 		ubfx	r2, r3, #1, #7
 222              	.LBB26:
 223              	.LBB22:
 224              		.loc 1 76 39 view .LVU48
 225 0044 0846     		mov	r0, r1
 226 0046 4FF0000C 		mov	ip, #0
 227              	.LBE22:
 228              	.LBE26:
ARM GAS  C:\Users\DEVELO~1\AppData\Local\Temp\ccwonFef.s 			page 5


 229              		.loc 1 70 21 view .LVU49
 230 004a 14F802E0 		ldrb	lr, [r4, r2]	@ zero_extendqisi2
 231              	.LVL14:
 232              		.loc 1 71 13 is_stmt 1 view .LVU50
 233              		.loc 1 71 21 is_stmt 0 view .LVU51
 234 004e DA07     		lsls	r2, r3, #31
 235              	.LBB27:
 236              	.LBB23:
 237              		.loc 1 78 58 view .LVU52
 238 0050 05FA03F2 		lsl	r2, r5, r3
 239              	.LBE23:
 240              	.LBE27:
 241              		.loc 1 71 21 view .LVU53
 242 0054 4CBF     		ite	mi
 243 0056 0EF00F0E 		andmi	lr, lr, #15
 244              	.LVL15:
 245              		.loc 1 71 21 view .LVU54
 246 005a 4FEA1E1E 		lsrpl	lr, lr, #4
 247              	.LVL16:
 248              		.loc 1 75 13 is_stmt 1 view .LVU55
 249              	.LBB28:
 250              		.loc 1 75 18 view .LVU56
 251              		.loc 1 75 39 view .LVU57
 252              	.LBB24:
 253              		.loc 1 78 51 is_stmt 0 view .LVU58
 254 005e D2B2     		uxtb	r2, r2
 255              	.LVL17:
 256              	.L18:
 257              		.loc 1 76 17 is_stmt 1 view .LVU59
 258              		.loc 1 77 17 view .LVU60
 259              		.loc 1 78 21 view .LVU61
 260              	.LBE24:
 261              		.loc 1 75 47 view .LVU62
 262              		.loc 1 75 39 view .LVU63
 263              	.LBB25:
 264              		.loc 1 76 39 is_stmt 0 view .LVU64
 265 0060 4EFA0CFB 		asr	fp, lr, ip
 266              		.loc 1 77 20 view .LVU65
 267 0064 0CF1010C 		add	ip, ip, #1
 268              	.LVL18:
 269              		.loc 1 77 20 view .LVU66
 270 0068 1BF0010F 		tst	fp, #1
 271 006c 05D0     		beq	.L17
 272              		.loc 1 78 51 view .LVU67
 273 006e 90F800B0 		ldrb	fp, [r0]	@ zero_extendqisi2
 274 0072 42EA0B0B 		orr	fp, r2, fp
 275 0076 80F800B0 		strb	fp, [r0]
 276              	.L17:
 277              	.LBE25:
 278              		.loc 1 75 39 view .LVU68
 279 007a BCF1040F 		cmp	ip, #4
 280 007e 00F10100 		add	r0, r0, #1
 281 0082 EDD1     		bne	.L18
 282              	.LBE28:
 283              	.LBE29:
 284              		.loc 1 69 43 is_stmt 1 view .LVU69
 285              	.LVL19:
ARM GAS  C:\Users\DEVELO~1\AppData\Local\Temp\ccwonFef.s 			page 6


 286              		.loc 1 69 35 view .LVU70
 287 0084 0133     		adds	r3, r3, #1
 288              	.LVL20:
 289              		.loc 1 69 35 is_stmt 0 view .LVU71
 290 0086 062B     		cmp	r3, #6
 291 0088 DAD1     		bne	.L19
 292              	.LBE31:
 293              	.LBE17:
 294              		.loc 1 67 33 is_stmt 1 view .LVU72
 295              		.loc 1 67 24 view .LVU73
 296 008a 0431     		adds	r1, r1, #4
 297 008c 0334     		adds	r4, r4, #3
 298              	.LVL21:
 299              		.loc 1 67 24 is_stmt 0 view .LVU74
 300 008e B142     		cmp	r1, r6
 301 0090 D5D1     		bne	.L20
 302              	.LBE16:
 303              		.loc 1 82 5 is_stmt 1 view .LVU75
 304              		.loc 1 82 19 is_stmt 0 view .LVU76
 305 0092 0123     		movs	r3, #1
 306              	.LVL22:
 307              		.loc 1 82 19 view .LVU77
 308 0094 8AF80030 		strb	r3, [r10]
 309              		.loc 1 83 1 view .LVU78
 310 0098 C3E7     		b	.L14
 311              	.L32:
 312 009a 00BF     		.align	2
 313              	.L31:
 314 009c 60000000 		.word	font4x6+96
 315 00a0 00000000 		.word	.LANCHOR0
 316 00a4 00000000 		.word	.LANCHOR1
 317              	.LBE15:
 318              	.LBE14:
 319              	.LBE32:
 320              	.LBE33:
 321              		.cfi_endproc
 322              	.LFE3:
 323              		.size	get_col_4x6, .-get_col_4x6
 324              		.global	FONT_5X8_ELEKTRON
 325              		.section	.rodata.str1.4,"aMS",%progbits,1
 326              		.align	2
 327              	.LC0:
 328 0000 3578385F 		.ascii	"5x8_elektron\000"
 328      656C656B 
 328      74726F6E 
 328      00
 329              		.global	FONT_4X6
 330 000d 000000   		.align	2
 331              	.LC1:
 332 0010 34783600 		.ascii	"4x6\000"
 333              		.global	FONT_5X7
 334              		.align	2
 335              	.LC2:
 336 0014 35783700 		.ascii	"5x7\000"
 337              		.section	.bss.font4x6_expanded,"aw",%nobits
 338              		.align	2
 339              		.set	.LANCHOR1,. + 0
ARM GAS  C:\Users\DEVELO~1\AppData\Local\Temp\ccwonFef.s 			page 7


 340              		.type	font4x6_expanded, %object
 341              		.size	font4x6_expanded, 380
 342              	font4x6_expanded:
 343 0000 00000000 		.space	380
 343      00000000 
 343      00000000 
 343      00000000 
 343      00000000 
 344              		.section	.bss.font4x6_ready,"aw",%nobits
 345              		.set	.LANCHOR0,. + 0
 346              		.type	font4x6_ready, %object
 347              		.size	font4x6_ready, 1
 348              	font4x6_ready:
 349 0000 00       		.space	1
 350              		.section	.rodata.FONT_4X6,"a"
 351              		.align	2
 352              		.type	FONT_4X6, %object
 353              		.size	FONT_4X6, 16
 354              	FONT_4X6:
 355 0000 10000000 		.word	.LC1
 356 0004 04       		.byte	4
 357 0005 06       		.byte	6
 358 0006 20       		.byte	32
 359 0007 7E       		.byte	126
 360 0008 00       		.byte	0
 361 0009 000000   		.space	3
 362 000c 00000000 		.word	get_col_4x6
 363              		.section	.rodata.FONT_5X7,"a"
 364              		.align	2
 365              		.type	FONT_5X7, %object
 366              		.size	FONT_5X7, 16
 367              	FONT_5X7:
 368 0000 14000000 		.word	.LC2
 369 0004 05       		.byte	5
 370 0005 07       		.byte	7
 371 0006 20       		.byte	32
 372 0007 7E       		.byte	126
 373 0008 01       		.byte	1
 374 0009 000000   		.space	3
 375 000c 00000000 		.word	get_col_5x7
 376              		.section	.rodata.FONT_5X8_ELEKTRON,"a"
 377              		.align	2
 378              		.type	FONT_5X8_ELEKTRON, %object
 379              		.size	FONT_5X8_ELEKTRON, 16
 380              	FONT_5X8_ELEKTRON:
 381 0000 00000000 		.word	.LC0
 382 0004 05       		.byte	5
 383 0005 08       		.byte	8
 384 0006 20       		.byte	32
 385 0007 7F       		.byte	127
 386 0008 01       		.byte	1
 387 0009 000000   		.space	3
 388 000c 00000000 		.word	get_col_5x8_elektron
 389              		.text
 390              	.Letext0:
 391              		.file 2 "c:\\chibistudio\\tools\\gnu tools arm embedded\\11.3 2022.08\\arm-none-eabi\\include\\mac
 392              		.file 3 "c:\\chibistudio\\tools\\gnu tools arm embedded\\11.3 2022.08\\arm-none-eabi\\include\\sys
ARM GAS  C:\Users\DEVELO~1\AppData\Local\Temp\ccwonFef.s 			page 8


 393              		.file 4 "ui/font.h"
 394              		.file 5 "ui/font5x7.h"
 395              		.file 6 "ui/font4x6.h"
 396              		.file 7 "ui/font5x8_elektron.h"
 397              		.section	.debug_info,"",%progbits
 398              	.Ldebug_info0:
 399 0000 12040000 		.4byte	0x412
 400 0004 0500     		.2byte	0x5
 401 0006 01       		.byte	0x1
 402 0007 04       		.byte	0x4
 403 0008 00000000 		.4byte	.Ldebug_abbrev0
 404 000c 17       		.uleb128 0x17
 405 000d 01010000 		.4byte	.LASF33
 406 0011 1D       		.byte	0x1d
 407 0012 8D000000 		.4byte	.LASF34
 408 0016 A6000000 		.4byte	.LASF35
 409 001a 5B000000 		.4byte	.LLRL17
 410 001e 00000000 		.4byte	0
 411 0022 00000000 		.4byte	.Ldebug_line0
 412 0026 01       		.uleb128 0x1
 413 0027 01       		.byte	0x1
 414 0028 06       		.byte	0x6
 415 0029 4A020000 		.4byte	.LASF0
 416 002d 0C       		.uleb128 0xc
 417 002e 22000000 		.4byte	.LASF9
 418 0032 02       		.byte	0x2
 419 0033 2B       		.byte	0x2b
 420 0034 18       		.byte	0x18
 421 0035 39000000 		.4byte	0x39
 422 0039 01       		.uleb128 0x1
 423 003a 01       		.byte	0x1
 424 003b 08       		.byte	0x8
 425 003c 5A000000 		.4byte	.LASF1
 426 0040 01       		.uleb128 0x1
 427 0041 02       		.byte	0x2
 428 0042 05       		.byte	0x5
 429 0043 15020000 		.4byte	.LASF2
 430 0047 01       		.uleb128 0x1
 431 0048 02       		.byte	0x2
 432 0049 07       		.byte	0x7
 433 004a 7A000000 		.4byte	.LASF3
 434 004e 01       		.uleb128 0x1
 435 004f 04       		.byte	0x4
 436 0050 05       		.byte	0x5
 437 0051 27020000 		.4byte	.LASF4
 438 0055 01       		.uleb128 0x1
 439 0056 04       		.byte	0x4
 440 0057 07       		.byte	0x7
 441 0058 68000000 		.4byte	.LASF5
 442 005c 01       		.uleb128 0x1
 443 005d 08       		.byte	0x8
 444 005e 05       		.byte	0x5
 445 005f E7010000 		.4byte	.LASF6
 446 0063 01       		.uleb128 0x1
 447 0064 08       		.byte	0x8
 448 0065 07       		.byte	0x7
 449 0066 AE010000 		.4byte	.LASF7
ARM GAS  C:\Users\DEVELO~1\AppData\Local\Temp\ccwonFef.s 			page 9


 450 006a 18       		.uleb128 0x18
 451 006b 04       		.byte	0x4
 452 006c 05       		.byte	0x5
 453 006d 696E7400 		.ascii	"int\000"
 454 0071 01       		.uleb128 0x1
 455 0072 04       		.byte	0x4
 456 0073 07       		.byte	0x7
 457 0074 A1010000 		.4byte	.LASF8
 458 0078 0C       		.uleb128 0xc
 459 0079 C5010000 		.4byte	.LASF10
 460 007d 03       		.byte	0x3
 461 007e 18       		.byte	0x18
 462 007f 13       		.byte	0x13
 463 0080 2D000000 		.4byte	0x2d
 464 0084 04       		.uleb128 0x4
 465 0085 78000000 		.4byte	0x78
 466 0089 19       		.uleb128 0x19
 467 008a 2C000000 		.4byte	.LASF36
 468 008e 10       		.byte	0x10
 469 008f 04       		.byte	0x4
 470 0090 24       		.byte	0x24
 471 0091 10       		.byte	0x10
 472 0092 EB000000 		.4byte	0xeb
 473 0096 02       		.uleb128 0x2
 474 0097 F5010000 		.4byte	.LASF11
 475 009b 25       		.byte	0x25
 476 009c 11       		.byte	0x11
 477 009d EB000000 		.4byte	0xeb
 478 00a1 00       		.byte	0
 479 00a2 02       		.uleb128 0x2
 480 00a3 0F020000 		.4byte	.LASF12
 481 00a7 26       		.byte	0x26
 482 00a8 0D       		.byte	0xd
 483 00a9 78000000 		.4byte	0x78
 484 00ad 04       		.byte	0x4
 485 00ae 02       		.uleb128 0x2
 486 00af 9F000000 		.4byte	.LASF13
 487 00b3 27       		.byte	0x27
 488 00b4 0D       		.byte	0xd
 489 00b5 78000000 		.4byte	0x78
 490 00b9 05       		.byte	0x5
 491 00ba 02       		.uleb128 0x2
 492 00bb 4F000000 		.4byte	.LASF14
 493 00bf 28       		.byte	0x28
 494 00c0 0D       		.byte	0xd
 495 00c1 78000000 		.4byte	0x78
 496 00c5 06       		.byte	0x6
 497 00c6 02       		.uleb128 0x2
 498 00c7 56020000 		.4byte	.LASF15
 499 00cb 29       		.byte	0x29
 500 00cc 0D       		.byte	0xd
 501 00cd 78000000 		.4byte	0x78
 502 00d1 07       		.byte	0x7
 503 00d2 02       		.uleb128 0x2
 504 00d3 CD010000 		.4byte	.LASF16
 505 00d7 2A       		.byte	0x2a
 506 00d8 0D       		.byte	0xd
ARM GAS  C:\Users\DEVELO~1\AppData\Local\Temp\ccwonFef.s 			page 10


 507 00d9 78000000 		.4byte	0x78
 508 00dd 08       		.byte	0x8
 509 00de 02       		.uleb128 0x2
 510 00df 97000000 		.4byte	.LASF17
 511 00e3 31       		.byte	0x31
 512 00e4 0F       		.byte	0xf
 513 00e5 10010000 		.4byte	0x110
 514 00e9 0C       		.byte	0xc
 515 00ea 00       		.byte	0
 516 00eb 0D       		.uleb128 0xd
 517 00ec F7000000 		.4byte	0xf7
 518 00f0 01       		.uleb128 0x1
 519 00f1 01       		.byte	0x1
 520 00f2 08       		.byte	0x8
 521 00f3 30020000 		.4byte	.LASF18
 522 00f7 04       		.uleb128 0x4
 523 00f8 F0000000 		.4byte	0xf0
 524 00fc 1A       		.uleb128 0x1a
 525 00fd 78000000 		.4byte	0x78
 526 0101 10010000 		.4byte	0x110
 527 0105 0F       		.uleb128 0xf
 528 0106 F0000000 		.4byte	0xf0
 529 010a 0F       		.uleb128 0xf
 530 010b 78000000 		.4byte	0x78
 531 010f 00       		.byte	0
 532 0110 0D       		.uleb128 0xd
 533 0111 FC000000 		.4byte	0xfc
 534 0115 0C       		.uleb128 0xc
 535 0116 33000000 		.4byte	.LASF19
 536 011a 04       		.byte	0x4
 537 011b 32       		.byte	0x32
 538 011c 03       		.byte	0x3
 539 011d 89000000 		.4byte	0x89
 540 0121 04       		.uleb128 0x4
 541 0122 15010000 		.4byte	0x115
 542 0126 05       		.uleb128 0x5
 543 0127 35020000 		.4byte	.LASF20
 544 012b 04       		.byte	0x4
 545 012c 39       		.byte	0x39
 546 012d 15       		.byte	0x15
 547 012e 21010000 		.4byte	0x121
 548 0132 05       		.uleb128 0x5
 549 0133 F8000000 		.4byte	.LASF21
 550 0137 04       		.byte	0x4
 551 0138 40       		.byte	0x40
 552 0139 15       		.byte	0x15
 553 013a 21010000 		.4byte	0x121
 554 013e 05       		.uleb128 0x5
 555 013f D5010000 		.4byte	.LASF22
 556 0143 04       		.byte	0x4
 557 0144 41       		.byte	0x41
 558 0145 15       		.byte	0x15
 559 0146 21010000 		.4byte	0x121
 560 014a 09       		.uleb128 0x9
 561 014b 84000000 		.4byte	0x84
 562 014f 60010000 		.4byte	0x160
 563 0153 03       		.uleb128 0x3
ARM GAS  C:\Users\DEVELO~1\AppData\Local\Temp\ccwonFef.s 			page 11


 564 0154 71000000 		.4byte	0x71
 565 0158 5E       		.byte	0x5e
 566 0159 03       		.uleb128 0x3
 567 015a 71000000 		.4byte	0x71
 568 015e 04       		.byte	0x4
 569 015f 00       		.byte	0
 570 0160 04       		.uleb128 0x4
 571 0161 4A010000 		.4byte	0x14a
 572 0165 05       		.uleb128 0x5
 573 0166 1F020000 		.4byte	.LASF23
 574 016a 05       		.byte	0x5
 575 016b 24       		.byte	0x24
 576 016c 16       		.byte	0x16
 577 016d 60010000 		.4byte	0x160
 578 0171 09       		.uleb128 0x9
 579 0172 84000000 		.4byte	0x84
 580 0176 82010000 		.4byte	0x182
 581 017a 1B       		.uleb128 0x1b
 582 017b 03       		.uleb128 0x3
 583 017c 71000000 		.4byte	0x71
 584 0180 02       		.byte	0x2
 585 0181 00       		.byte	0
 586 0182 04       		.uleb128 0x4
 587 0183 71010000 		.4byte	0x171
 588 0187 05       		.uleb128 0x5
 589 0188 E4000000 		.4byte	.LASF24
 590 018c 06       		.byte	0x6
 591 018d 1D       		.byte	0x1d
 592 018e 16       		.byte	0x16
 593 018f 82010000 		.4byte	0x182
 594 0193 09       		.uleb128 0x9
 595 0194 84000000 		.4byte	0x84
 596 0198 A9010000 		.4byte	0x1a9
 597 019c 03       		.uleb128 0x3
 598 019d 71000000 		.4byte	0x71
 599 01a1 5F       		.byte	0x5f
 600 01a2 03       		.uleb128 0x3
 601 01a3 71000000 		.4byte	0x71
 602 01a7 05       		.byte	0x5
 603 01a8 00       		.byte	0
 604 01a9 04       		.uleb128 0x4
 605 01aa 93010000 		.4byte	0x193
 606 01ae 05       		.uleb128 0x5
 607 01af 00000000 		.4byte	.LASF25
 608 01b3 07       		.byte	0x7
 609 01b4 2F       		.byte	0x2f
 610 01b5 16       		.byte	0x16
 611 01b6 A9010000 		.4byte	0x1a9
 612 01ba 09       		.uleb128 0x9
 613 01bb 78000000 		.4byte	0x78
 614 01bf D0010000 		.4byte	0x1d0
 615 01c3 03       		.uleb128 0x3
 616 01c4 71000000 		.4byte	0x71
 617 01c8 5E       		.byte	0x5e
 618 01c9 03       		.uleb128 0x3
 619 01ca 71000000 		.4byte	0x71
 620 01ce 03       		.byte	0x3
ARM GAS  C:\Users\DEVELO~1\AppData\Local\Temp\ccwonFef.s 			page 12


 621 01cf 00       		.byte	0
 622 01d0 10       		.uleb128 0x10
 623 01d1 11000000 		.4byte	.LASF26
 624 01d5 34       		.byte	0x34
 625 01d6 10       		.byte	0x10
 626 01d7 BA010000 		.4byte	0x1ba
 627 01db 05       		.uleb128 0x5
 628 01dc 03       		.byte	0x3
 629 01dd 00000000 		.4byte	font4x6_expanded
 630 01e1 10       		.uleb128 0x10
 631 01e2 5B020000 		.4byte	.LASF27
 632 01e6 35       		.byte	0x35
 633 01e7 0D       		.byte	0xd
 634 01e8 F2010000 		.4byte	0x1f2
 635 01ec 05       		.uleb128 0x5
 636 01ed 03       		.byte	0x3
 637 01ee 00000000 		.4byte	font4x6_ready
 638 01f2 01       		.uleb128 0x1
 639 01f3 01       		.byte	0x1
 640 01f4 02       		.byte	0x2
 641 01f5 3A000000 		.4byte	.LASF28
 642 01f9 0E       		.uleb128 0xe
 643 01fa 26010000 		.4byte	0x126
 644 01fe 68       		.byte	0x68
 645 01ff 05       		.uleb128 0x5
 646 0200 03       		.byte	0x3
 647 0201 00000000 		.4byte	FONT_5X7
 648 0205 0E       		.uleb128 0xe
 649 0206 32010000 		.4byte	0x132
 650 020a 73       		.byte	0x73
 651 020b 05       		.uleb128 0x5
 652 020c 03       		.byte	0x3
 653 020d 00000000 		.4byte	FONT_4X6
 654 0211 0E       		.uleb128 0xe
 655 0212 3E010000 		.4byte	0x13e
 656 0216 7E       		.byte	0x7e
 657 0217 05       		.uleb128 0x5
 658 0218 03       		.byte	0x3
 659 0219 00000000 		.4byte	FONT_5X8_ELEKTRON
 660 021d 1C       		.uleb128 0x1c
 661 021e EC000000 		.4byte	.LASF37
 662 0222 01       		.byte	0x1
 663 0223 5C       		.byte	0x5c
 664 0224 10       		.byte	0x10
 665 0225 78000000 		.4byte	0x78
 666 0229 01       		.byte	0x1
 667 022a 43020000 		.4byte	0x243
 668 022e 11       		.uleb128 0x11
 669 022f 6300     		.ascii	"c\000"
 670 0231 5C       		.byte	0x5c
 671 0232 21       		.byte	0x21
 672 0233 F0000000 		.4byte	0xf0
 673 0237 11       		.uleb128 0x11
 674 0238 636F6C00 		.ascii	"col\000"
 675 023c 5C       		.byte	0x5c
 676 023d 2C       		.byte	0x2c
 677 023e 78000000 		.4byte	0x78
ARM GAS  C:\Users\DEVELO~1\AppData\Local\Temp\ccwonFef.s 			page 13


 678 0242 00       		.byte	0
 679 0243 1D       		.uleb128 0x1d
 680 0244 40000000 		.4byte	.LASF38
 681 0248 01       		.byte	0x1
 682 0249 42       		.byte	0x42
 683 024a 0D       		.byte	0xd
 684 024b 01       		.byte	0x1
 685 024c A4020000 		.4byte	0x2a4
 686 0250 06       		.uleb128 0x6
 687 0251 08       		.uleb128 0x8
 688 0252 6300     		.ascii	"c\000"
 689 0254 43       		.byte	0x43
 690 0255 0E       		.byte	0xe
 691 0256 6A000000 		.4byte	0x6a
 692 025a 06       		.uleb128 0x6
 693 025b 08       		.uleb128 0x8
 694 025c 6700     		.ascii	"g\000"
 695 025e 44       		.byte	0x44
 696 025f 18       		.byte	0x18
 697 0260 A4020000 		.4byte	0x2a4
 698 0264 06       		.uleb128 0x6
 699 0265 08       		.uleb128 0x8
 700 0266 726F7700 		.ascii	"row\000"
 701 026a 45       		.byte	0x45
 702 026b 16       		.byte	0x16
 703 026c 78000000 		.4byte	0x78
 704 0270 06       		.uleb128 0x6
 705 0271 12       		.uleb128 0x12
 706 0272 55000000 		.4byte	.LASF29
 707 0276 46       		.byte	0x46
 708 0277 78000000 		.4byte	0x78
 709 027b 12       		.uleb128 0x12
 710 027c 69020000 		.4byte	.LASF30
 711 0280 47       		.byte	0x47
 712 0281 78000000 		.4byte	0x78
 713 0285 06       		.uleb128 0x6
 714 0286 08       		.uleb128 0x8
 715 0287 636F6C00 		.ascii	"col\000"
 716 028b 4B       		.byte	0x4b
 717 028c 1A       		.byte	0x1a
 718 028d 78000000 		.4byte	0x78
 719 0291 06       		.uleb128 0x6
 720 0292 08       		.uleb128 0x8
 721 0293 62697400 		.ascii	"bit\000"
 722 0297 4C       		.byte	0x4c
 723 0298 19       		.byte	0x19
 724 0299 78000000 		.4byte	0x78
 725 029d 00       		.byte	0
 726 029e 00       		.byte	0
 727 029f 00       		.byte	0
 728 02a0 00       		.byte	0
 729 02a1 00       		.byte	0
 730 02a2 00       		.byte	0
 731 02a3 00       		.byte	0
 732 02a4 0D       		.uleb128 0xd
 733 02a5 84000000 		.4byte	0x84
 734 02a9 13       		.uleb128 0x13
ARM GAS  C:\Users\DEVELO~1\AppData\Local\Temp\ccwonFef.s 			page 14


 735 02aa FA010000 		.4byte	.LASF31
 736 02ae 37       		.byte	0x37
 737 02af 78000000 		.4byte	0x78
 738 02b3 00000000 		.4byte	.LFB1
 739 02b7 24000000 		.4byte	.LFE1-.LFB1
 740 02bb 01       		.uleb128 0x1
 741 02bc 9C       		.byte	0x9c
 742 02bd E0020000 		.4byte	0x2e0
 743 02c1 14       		.uleb128 0x14
 744 02c2 6300     		.ascii	"c\000"
 745 02c4 37       		.byte	0x37
 746 02c5 2A       		.byte	0x2a
 747 02c6 F0000000 		.4byte	0xf0
 748 02ca 10000000 		.4byte	.LLST1
 749 02ce 0C000000 		.4byte	.LVUS1
 750 02d2 15       		.uleb128 0x15
 751 02d3 636F6C00 		.ascii	"col\000"
 752 02d7 37       		.byte	0x37
 753 02d8 35       		.byte	0x35
 754 02d9 78000000 		.4byte	0x78
 755 02dd 01       		.uleb128 0x1
 756 02de 51       		.byte	0x51
 757 02df 00       		.byte	0
 758 02e0 13       		.uleb128 0x13
 759 02e1 3E020000 		.4byte	.LASF32
 760 02e5 25       		.byte	0x25
 761 02e6 78000000 		.4byte	0x78
 762 02ea 00000000 		.4byte	.LFB0
 763 02ee 20000000 		.4byte	.LFE0-.LFB0
 764 02f2 01       		.uleb128 0x1
 765 02f3 9C       		.byte	0x9c
 766 02f4 17030000 		.4byte	0x317
 767 02f8 14       		.uleb128 0x14
 768 02f9 6300     		.ascii	"c\000"
 769 02fb 25       		.byte	0x25
 770 02fc 21       		.byte	0x21
 771 02fd F0000000 		.4byte	0xf0
 772 0301 27000000 		.4byte	.LLST0
 773 0305 23000000 		.4byte	.LVUS0
 774 0309 15       		.uleb128 0x15
 775 030a 636F6C00 		.ascii	"col\000"
 776 030e 25       		.byte	0x25
 777 030f 2C       		.byte	0x2c
 778 0310 78000000 		.4byte	0x78
 779 0314 01       		.uleb128 0x1
 780 0315 51       		.byte	0x51
 781 0316 00       		.byte	0
 782 0317 1E       		.uleb128 0x1e
 783 0318 1D020000 		.4byte	0x21d
 784 031c 00000000 		.4byte	.LFB3
 785 0320 A8000000 		.4byte	.LFE3-.LFB3
 786 0324 01       		.uleb128 0x1
 787 0325 9C       		.byte	0x9c
 788 0326 0A       		.uleb128 0xa
 789 0327 2E020000 		.4byte	0x22e
 790 032b 46000000 		.4byte	.LLST2
 791 032f 3A000000 		.4byte	.LVUS2
ARM GAS  C:\Users\DEVELO~1\AppData\Local\Temp\ccwonFef.s 			page 15


 792 0333 0A       		.uleb128 0xa
 793 0334 37020000 		.4byte	0x237
 794 0338 7C000000 		.4byte	.LLST3
 795 033c 74000000 		.4byte	.LVUS3
 796 0340 1F       		.uleb128 0x1f
 797 0341 1D020000 		.4byte	0x21d
 798 0345 14000000 		.4byte	.LBI12
 799 0349 00       		.byte	.LVU27
 800 034a 0C000000 		.4byte	.LLRL4
 801 034e 01       		.byte	0x1
 802 034f 5C       		.byte	0x5c
 803 0350 10       		.byte	0x10
 804 0351 0A       		.uleb128 0xa
 805 0352 37020000 		.4byte	0x237
 806 0356 A1000000 		.4byte	.LLST5
 807 035a 9D000000 		.4byte	.LVUS5
 808 035e 0A       		.uleb128 0xa
 809 035f 2E020000 		.4byte	0x22e
 810 0363 BA000000 		.4byte	.LLST6
 811 0367 B2000000 		.4byte	.LVUS6
 812 036b 20       		.uleb128 0x20
 813 036c 43020000 		.4byte	0x243
 814 0370 3C000000 		.4byte	.LBB14
 815 0374 6C000000 		.4byte	.LBE14-.LBB14
 816 0378 01       		.byte	0x1
 817 0379 5F       		.byte	0x5f
 818 037a 19       		.byte	0x19
 819 037b 16       		.uleb128 0x16
 820 037c 50020000 		.4byte	0x250
 821 0380 3C000000 		.4byte	.LBB16
 822 0384 56000000 		.4byte	.LBE16-.LBB16
 823 0388 21       		.uleb128 0x21
 824 0389 51020000 		.4byte	0x251
 825 038d 16       		.uleb128 0x16
 826 038e 5A020000 		.4byte	0x25a
 827 0392 3C000000 		.4byte	.LBB17
 828 0396 4E000000 		.4byte	.LBE17-.LBB17
 829 039a 07       		.uleb128 0x7
 830 039b 5B020000 		.4byte	0x25b
 831 039f DD000000 		.4byte	.LLST7
 832 03a3 D9000000 		.4byte	.LVUS7
 833 03a7 0B       		.uleb128 0xb
 834 03a8 64020000 		.4byte	0x264
 835 03ac 19000000 		.4byte	.LLRL8
 836 03b0 07       		.uleb128 0x7
 837 03b1 65020000 		.4byte	0x265
 838 03b5 F5000000 		.4byte	.LLST9
 839 03b9 EF000000 		.4byte	.LVUS9
 840 03bd 0B       		.uleb128 0xb
 841 03be 70020000 		.4byte	0x270
 842 03c2 28000000 		.4byte	.LLRL10
 843 03c6 07       		.uleb128 0x7
 844 03c7 71020000 		.4byte	0x271
 845 03cb 15010000 		.4byte	.LLST11
 846 03cf 0D010000 		.4byte	.LVUS11
 847 03d3 07       		.uleb128 0x7
 848 03d4 7B020000 		.4byte	0x27b
ARM GAS  C:\Users\DEVELO~1\AppData\Local\Temp\ccwonFef.s 			page 16


 849 03d8 BC010000 		.4byte	.LLST12
 850 03dc BA010000 		.4byte	.LVUS12
 851 03e0 0B       		.uleb128 0xb
 852 03e1 85020000 		.4byte	0x285
 853 03e5 34000000 		.4byte	.LLRL13
 854 03e9 07       		.uleb128 0x7
 855 03ea 86020000 		.4byte	0x286
 856 03ee CB010000 		.4byte	.LLST14
 857 03f2 C5010000 		.4byte	.LVUS14
 858 03f6 0B       		.uleb128 0xb
 859 03f7 91020000 		.4byte	0x291
 860 03fb 46000000 		.4byte	.LLRL15
 861 03ff 07       		.uleb128 0x7
 862 0400 92020000 		.4byte	0x292
 863 0404 E7010000 		.4byte	.LLST16
 864 0408 E3010000 		.4byte	.LVUS16
 865 040c 00       		.byte	0
 866 040d 00       		.byte	0
 867 040e 00       		.byte	0
 868 040f 00       		.byte	0
 869 0410 00       		.byte	0
 870 0411 00       		.byte	0
 871 0412 00       		.byte	0
 872 0413 00       		.byte	0
 873 0414 00       		.byte	0
 874 0415 00       		.byte	0
 875              		.section	.debug_abbrev,"",%progbits
 876              	.Ldebug_abbrev0:
 877 0000 01       		.uleb128 0x1
 878 0001 24       		.uleb128 0x24
 879 0002 00       		.byte	0
 880 0003 0B       		.uleb128 0xb
 881 0004 0B       		.uleb128 0xb
 882 0005 3E       		.uleb128 0x3e
 883 0006 0B       		.uleb128 0xb
 884 0007 03       		.uleb128 0x3
 885 0008 0E       		.uleb128 0xe
 886 0009 00       		.byte	0
 887 000a 00       		.byte	0
 888 000b 02       		.uleb128 0x2
 889 000c 0D       		.uleb128 0xd
 890 000d 00       		.byte	0
 891 000e 03       		.uleb128 0x3
 892 000f 0E       		.uleb128 0xe
 893 0010 3A       		.uleb128 0x3a
 894 0011 21       		.uleb128 0x21
 895 0012 04       		.sleb128 4
 896 0013 3B       		.uleb128 0x3b
 897 0014 0B       		.uleb128 0xb
 898 0015 39       		.uleb128 0x39
 899 0016 0B       		.uleb128 0xb
 900 0017 49       		.uleb128 0x49
 901 0018 13       		.uleb128 0x13
 902 0019 38       		.uleb128 0x38
 903 001a 0B       		.uleb128 0xb
 904 001b 00       		.byte	0
 905 001c 00       		.byte	0
ARM GAS  C:\Users\DEVELO~1\AppData\Local\Temp\ccwonFef.s 			page 17


 906 001d 03       		.uleb128 0x3
 907 001e 21       		.uleb128 0x21
 908 001f 00       		.byte	0
 909 0020 49       		.uleb128 0x49
 910 0021 13       		.uleb128 0x13
 911 0022 2F       		.uleb128 0x2f
 912 0023 0B       		.uleb128 0xb
 913 0024 00       		.byte	0
 914 0025 00       		.byte	0
 915 0026 04       		.uleb128 0x4
 916 0027 26       		.uleb128 0x26
 917 0028 00       		.byte	0
 918 0029 49       		.uleb128 0x49
 919 002a 13       		.uleb128 0x13
 920 002b 00       		.byte	0
 921 002c 00       		.byte	0
 922 002d 05       		.uleb128 0x5
 923 002e 34       		.uleb128 0x34
 924 002f 00       		.byte	0
 925 0030 03       		.uleb128 0x3
 926 0031 0E       		.uleb128 0xe
 927 0032 3A       		.uleb128 0x3a
 928 0033 0B       		.uleb128 0xb
 929 0034 3B       		.uleb128 0x3b
 930 0035 0B       		.uleb128 0xb
 931 0036 39       		.uleb128 0x39
 932 0037 0B       		.uleb128 0xb
 933 0038 49       		.uleb128 0x49
 934 0039 13       		.uleb128 0x13
 935 003a 3F       		.uleb128 0x3f
 936 003b 19       		.uleb128 0x19
 937 003c 3C       		.uleb128 0x3c
 938 003d 19       		.uleb128 0x19
 939 003e 00       		.byte	0
 940 003f 00       		.byte	0
 941 0040 06       		.uleb128 0x6
 942 0041 0B       		.uleb128 0xb
 943 0042 01       		.byte	0x1
 944 0043 00       		.byte	0
 945 0044 00       		.byte	0
 946 0045 07       		.uleb128 0x7
 947 0046 34       		.uleb128 0x34
 948 0047 00       		.byte	0
 949 0048 31       		.uleb128 0x31
 950 0049 13       		.uleb128 0x13
 951 004a 02       		.uleb128 0x2
 952 004b 17       		.uleb128 0x17
 953 004c B742     		.uleb128 0x2137
 954 004e 17       		.uleb128 0x17
 955 004f 00       		.byte	0
 956 0050 00       		.byte	0
 957 0051 08       		.uleb128 0x8
 958 0052 34       		.uleb128 0x34
 959 0053 00       		.byte	0
 960 0054 03       		.uleb128 0x3
 961 0055 08       		.uleb128 0x8
 962 0056 3A       		.uleb128 0x3a
ARM GAS  C:\Users\DEVELO~1\AppData\Local\Temp\ccwonFef.s 			page 18


 963 0057 21       		.uleb128 0x21
 964 0058 01       		.sleb128 1
 965 0059 3B       		.uleb128 0x3b
 966 005a 0B       		.uleb128 0xb
 967 005b 39       		.uleb128 0x39
 968 005c 0B       		.uleb128 0xb
 969 005d 49       		.uleb128 0x49
 970 005e 13       		.uleb128 0x13
 971 005f 00       		.byte	0
 972 0060 00       		.byte	0
 973 0061 09       		.uleb128 0x9
 974 0062 01       		.uleb128 0x1
 975 0063 01       		.byte	0x1
 976 0064 49       		.uleb128 0x49
 977 0065 13       		.uleb128 0x13
 978 0066 01       		.uleb128 0x1
 979 0067 13       		.uleb128 0x13
 980 0068 00       		.byte	0
 981 0069 00       		.byte	0
 982 006a 0A       		.uleb128 0xa
 983 006b 05       		.uleb128 0x5
 984 006c 00       		.byte	0
 985 006d 31       		.uleb128 0x31
 986 006e 13       		.uleb128 0x13
 987 006f 02       		.uleb128 0x2
 988 0070 17       		.uleb128 0x17
 989 0071 B742     		.uleb128 0x2137
 990 0073 17       		.uleb128 0x17
 991 0074 00       		.byte	0
 992 0075 00       		.byte	0
 993 0076 0B       		.uleb128 0xb
 994 0077 0B       		.uleb128 0xb
 995 0078 01       		.byte	0x1
 996 0079 31       		.uleb128 0x31
 997 007a 13       		.uleb128 0x13
 998 007b 55       		.uleb128 0x55
 999 007c 17       		.uleb128 0x17
 1000 007d 00       		.byte	0
 1001 007e 00       		.byte	0
 1002 007f 0C       		.uleb128 0xc
 1003 0080 16       		.uleb128 0x16
 1004 0081 00       		.byte	0
 1005 0082 03       		.uleb128 0x3
 1006 0083 0E       		.uleb128 0xe
 1007 0084 3A       		.uleb128 0x3a
 1008 0085 0B       		.uleb128 0xb
 1009 0086 3B       		.uleb128 0x3b
 1010 0087 0B       		.uleb128 0xb
 1011 0088 39       		.uleb128 0x39
 1012 0089 0B       		.uleb128 0xb
 1013 008a 49       		.uleb128 0x49
 1014 008b 13       		.uleb128 0x13
 1015 008c 00       		.byte	0
 1016 008d 00       		.byte	0
 1017 008e 0D       		.uleb128 0xd
 1018 008f 0F       		.uleb128 0xf
 1019 0090 00       		.byte	0
ARM GAS  C:\Users\DEVELO~1\AppData\Local\Temp\ccwonFef.s 			page 19


 1020 0091 0B       		.uleb128 0xb
 1021 0092 21       		.uleb128 0x21
 1022 0093 04       		.sleb128 4
 1023 0094 49       		.uleb128 0x49
 1024 0095 13       		.uleb128 0x13
 1025 0096 00       		.byte	0
 1026 0097 00       		.byte	0
 1027 0098 0E       		.uleb128 0xe
 1028 0099 34       		.uleb128 0x34
 1029 009a 00       		.byte	0
 1030 009b 47       		.uleb128 0x47
 1031 009c 13       		.uleb128 0x13
 1032 009d 3A       		.uleb128 0x3a
 1033 009e 21       		.uleb128 0x21
 1034 009f 01       		.sleb128 1
 1035 00a0 3B       		.uleb128 0x3b
 1036 00a1 0B       		.uleb128 0xb
 1037 00a2 39       		.uleb128 0x39
 1038 00a3 21       		.uleb128 0x21
 1039 00a4 0E       		.sleb128 14
 1040 00a5 02       		.uleb128 0x2
 1041 00a6 18       		.uleb128 0x18
 1042 00a7 00       		.byte	0
 1043 00a8 00       		.byte	0
 1044 00a9 0F       		.uleb128 0xf
 1045 00aa 05       		.uleb128 0x5
 1046 00ab 00       		.byte	0
 1047 00ac 49       		.uleb128 0x49
 1048 00ad 13       		.uleb128 0x13
 1049 00ae 00       		.byte	0
 1050 00af 00       		.byte	0
 1051 00b0 10       		.uleb128 0x10
 1052 00b1 34       		.uleb128 0x34
 1053 00b2 00       		.byte	0
 1054 00b3 03       		.uleb128 0x3
 1055 00b4 0E       		.uleb128 0xe
 1056 00b5 3A       		.uleb128 0x3a
 1057 00b6 21       		.uleb128 0x21
 1058 00b7 01       		.sleb128 1
 1059 00b8 3B       		.uleb128 0x3b
 1060 00b9 0B       		.uleb128 0xb
 1061 00ba 39       		.uleb128 0x39
 1062 00bb 0B       		.uleb128 0xb
 1063 00bc 49       		.uleb128 0x49
 1064 00bd 13       		.uleb128 0x13
 1065 00be 02       		.uleb128 0x2
 1066 00bf 18       		.uleb128 0x18
 1067 00c0 00       		.byte	0
 1068 00c1 00       		.byte	0
 1069 00c2 11       		.uleb128 0x11
 1070 00c3 05       		.uleb128 0x5
 1071 00c4 00       		.byte	0
 1072 00c5 03       		.uleb128 0x3
 1073 00c6 08       		.uleb128 0x8
 1074 00c7 3A       		.uleb128 0x3a
 1075 00c8 21       		.uleb128 0x21
 1076 00c9 01       		.sleb128 1
ARM GAS  C:\Users\DEVELO~1\AppData\Local\Temp\ccwonFef.s 			page 20


 1077 00ca 3B       		.uleb128 0x3b
 1078 00cb 0B       		.uleb128 0xb
 1079 00cc 39       		.uleb128 0x39
 1080 00cd 0B       		.uleb128 0xb
 1081 00ce 49       		.uleb128 0x49
 1082 00cf 13       		.uleb128 0x13
 1083 00d0 00       		.byte	0
 1084 00d1 00       		.byte	0
 1085 00d2 12       		.uleb128 0x12
 1086 00d3 34       		.uleb128 0x34
 1087 00d4 00       		.byte	0
 1088 00d5 03       		.uleb128 0x3
 1089 00d6 0E       		.uleb128 0xe
 1090 00d7 3A       		.uleb128 0x3a
 1091 00d8 21       		.uleb128 0x21
 1092 00d9 01       		.sleb128 1
 1093 00da 3B       		.uleb128 0x3b
 1094 00db 0B       		.uleb128 0xb
 1095 00dc 39       		.uleb128 0x39
 1096 00dd 21       		.uleb128 0x21
 1097 00de 15       		.sleb128 21
 1098 00df 49       		.uleb128 0x49
 1099 00e0 13       		.uleb128 0x13
 1100 00e1 00       		.byte	0
 1101 00e2 00       		.byte	0
 1102 00e3 13       		.uleb128 0x13
 1103 00e4 2E       		.uleb128 0x2e
 1104 00e5 01       		.byte	0x1
 1105 00e6 03       		.uleb128 0x3
 1106 00e7 0E       		.uleb128 0xe
 1107 00e8 3A       		.uleb128 0x3a
 1108 00e9 21       		.uleb128 0x21
 1109 00ea 01       		.sleb128 1
 1110 00eb 3B       		.uleb128 0x3b
 1111 00ec 0B       		.uleb128 0xb
 1112 00ed 39       		.uleb128 0x39
 1113 00ee 21       		.uleb128 0x21
 1114 00ef 10       		.sleb128 16
 1115 00f0 27       		.uleb128 0x27
 1116 00f1 19       		.uleb128 0x19
 1117 00f2 49       		.uleb128 0x49
 1118 00f3 13       		.uleb128 0x13
 1119 00f4 11       		.uleb128 0x11
 1120 00f5 01       		.uleb128 0x1
 1121 00f6 12       		.uleb128 0x12
 1122 00f7 06       		.uleb128 0x6
 1123 00f8 40       		.uleb128 0x40
 1124 00f9 18       		.uleb128 0x18
 1125 00fa 7A       		.uleb128 0x7a
 1126 00fb 19       		.uleb128 0x19
 1127 00fc 01       		.uleb128 0x1
 1128 00fd 13       		.uleb128 0x13
 1129 00fe 00       		.byte	0
 1130 00ff 00       		.byte	0
 1131 0100 14       		.uleb128 0x14
 1132 0101 05       		.uleb128 0x5
 1133 0102 00       		.byte	0
ARM GAS  C:\Users\DEVELO~1\AppData\Local\Temp\ccwonFef.s 			page 21


 1134 0103 03       		.uleb128 0x3
 1135 0104 08       		.uleb128 0x8
 1136 0105 3A       		.uleb128 0x3a
 1137 0106 21       		.uleb128 0x21
 1138 0107 01       		.sleb128 1
 1139 0108 3B       		.uleb128 0x3b
 1140 0109 0B       		.uleb128 0xb
 1141 010a 39       		.uleb128 0x39
 1142 010b 0B       		.uleb128 0xb
 1143 010c 49       		.uleb128 0x49
 1144 010d 13       		.uleb128 0x13
 1145 010e 02       		.uleb128 0x2
 1146 010f 17       		.uleb128 0x17
 1147 0110 B742     		.uleb128 0x2137
 1148 0112 17       		.uleb128 0x17
 1149 0113 00       		.byte	0
 1150 0114 00       		.byte	0
 1151 0115 15       		.uleb128 0x15
 1152 0116 05       		.uleb128 0x5
 1153 0117 00       		.byte	0
 1154 0118 03       		.uleb128 0x3
 1155 0119 08       		.uleb128 0x8
 1156 011a 3A       		.uleb128 0x3a
 1157 011b 21       		.uleb128 0x21
 1158 011c 01       		.sleb128 1
 1159 011d 3B       		.uleb128 0x3b
 1160 011e 0B       		.uleb128 0xb
 1161 011f 39       		.uleb128 0x39
 1162 0120 0B       		.uleb128 0xb
 1163 0121 49       		.uleb128 0x49
 1164 0122 13       		.uleb128 0x13
 1165 0123 02       		.uleb128 0x2
 1166 0124 18       		.uleb128 0x18
 1167 0125 00       		.byte	0
 1168 0126 00       		.byte	0
 1169 0127 16       		.uleb128 0x16
 1170 0128 0B       		.uleb128 0xb
 1171 0129 01       		.byte	0x1
 1172 012a 31       		.uleb128 0x31
 1173 012b 13       		.uleb128 0x13
 1174 012c 11       		.uleb128 0x11
 1175 012d 01       		.uleb128 0x1
 1176 012e 12       		.uleb128 0x12
 1177 012f 06       		.uleb128 0x6
 1178 0130 00       		.byte	0
 1179 0131 00       		.byte	0
 1180 0132 17       		.uleb128 0x17
 1181 0133 11       		.uleb128 0x11
 1182 0134 01       		.byte	0x1
 1183 0135 25       		.uleb128 0x25
 1184 0136 0E       		.uleb128 0xe
 1185 0137 13       		.uleb128 0x13
 1186 0138 0B       		.uleb128 0xb
 1187 0139 03       		.uleb128 0x3
 1188 013a 0E       		.uleb128 0xe
 1189 013b 1B       		.uleb128 0x1b
 1190 013c 0E       		.uleb128 0xe
ARM GAS  C:\Users\DEVELO~1\AppData\Local\Temp\ccwonFef.s 			page 22


 1191 013d 55       		.uleb128 0x55
 1192 013e 17       		.uleb128 0x17
 1193 013f 11       		.uleb128 0x11
 1194 0140 01       		.uleb128 0x1
 1195 0141 10       		.uleb128 0x10
 1196 0142 17       		.uleb128 0x17
 1197 0143 00       		.byte	0
 1198 0144 00       		.byte	0
 1199 0145 18       		.uleb128 0x18
 1200 0146 24       		.uleb128 0x24
 1201 0147 00       		.byte	0
 1202 0148 0B       		.uleb128 0xb
 1203 0149 0B       		.uleb128 0xb
 1204 014a 3E       		.uleb128 0x3e
 1205 014b 0B       		.uleb128 0xb
 1206 014c 03       		.uleb128 0x3
 1207 014d 08       		.uleb128 0x8
 1208 014e 00       		.byte	0
 1209 014f 00       		.byte	0
 1210 0150 19       		.uleb128 0x19
 1211 0151 13       		.uleb128 0x13
 1212 0152 01       		.byte	0x1
 1213 0153 03       		.uleb128 0x3
 1214 0154 0E       		.uleb128 0xe
 1215 0155 0B       		.uleb128 0xb
 1216 0156 0B       		.uleb128 0xb
 1217 0157 3A       		.uleb128 0x3a
 1218 0158 0B       		.uleb128 0xb
 1219 0159 3B       		.uleb128 0x3b
 1220 015a 0B       		.uleb128 0xb
 1221 015b 39       		.uleb128 0x39
 1222 015c 0B       		.uleb128 0xb
 1223 015d 01       		.uleb128 0x1
 1224 015e 13       		.uleb128 0x13
 1225 015f 00       		.byte	0
 1226 0160 00       		.byte	0
 1227 0161 1A       		.uleb128 0x1a
 1228 0162 15       		.uleb128 0x15
 1229 0163 01       		.byte	0x1
 1230 0164 27       		.uleb128 0x27
 1231 0165 19       		.uleb128 0x19
 1232 0166 49       		.uleb128 0x49
 1233 0167 13       		.uleb128 0x13
 1234 0168 01       		.uleb128 0x1
 1235 0169 13       		.uleb128 0x13
 1236 016a 00       		.byte	0
 1237 016b 00       		.byte	0
 1238 016c 1B       		.uleb128 0x1b
 1239 016d 21       		.uleb128 0x21
 1240 016e 00       		.byte	0
 1241 016f 00       		.byte	0
 1242 0170 00       		.byte	0
 1243 0171 1C       		.uleb128 0x1c
 1244 0172 2E       		.uleb128 0x2e
 1245 0173 01       		.byte	0x1
 1246 0174 03       		.uleb128 0x3
 1247 0175 0E       		.uleb128 0xe
ARM GAS  C:\Users\DEVELO~1\AppData\Local\Temp\ccwonFef.s 			page 23


 1248 0176 3A       		.uleb128 0x3a
 1249 0177 0B       		.uleb128 0xb
 1250 0178 3B       		.uleb128 0x3b
 1251 0179 0B       		.uleb128 0xb
 1252 017a 39       		.uleb128 0x39
 1253 017b 0B       		.uleb128 0xb
 1254 017c 27       		.uleb128 0x27
 1255 017d 19       		.uleb128 0x19
 1256 017e 49       		.uleb128 0x49
 1257 017f 13       		.uleb128 0x13
 1258 0180 20       		.uleb128 0x20
 1259 0181 0B       		.uleb128 0xb
 1260 0182 01       		.uleb128 0x1
 1261 0183 13       		.uleb128 0x13
 1262 0184 00       		.byte	0
 1263 0185 00       		.byte	0
 1264 0186 1D       		.uleb128 0x1d
 1265 0187 2E       		.uleb128 0x2e
 1266 0188 01       		.byte	0x1
 1267 0189 03       		.uleb128 0x3
 1268 018a 0E       		.uleb128 0xe
 1269 018b 3A       		.uleb128 0x3a
 1270 018c 0B       		.uleb128 0xb
 1271 018d 3B       		.uleb128 0x3b
 1272 018e 0B       		.uleb128 0xb
 1273 018f 39       		.uleb128 0x39
 1274 0190 0B       		.uleb128 0xb
 1275 0191 27       		.uleb128 0x27
 1276 0192 19       		.uleb128 0x19
 1277 0193 20       		.uleb128 0x20
 1278 0194 0B       		.uleb128 0xb
 1279 0195 01       		.uleb128 0x1
 1280 0196 13       		.uleb128 0x13
 1281 0197 00       		.byte	0
 1282 0198 00       		.byte	0
 1283 0199 1E       		.uleb128 0x1e
 1284 019a 2E       		.uleb128 0x2e
 1285 019b 01       		.byte	0x1
 1286 019c 31       		.uleb128 0x31
 1287 019d 13       		.uleb128 0x13
 1288 019e 11       		.uleb128 0x11
 1289 019f 01       		.uleb128 0x1
 1290 01a0 12       		.uleb128 0x12
 1291 01a1 06       		.uleb128 0x6
 1292 01a2 40       		.uleb128 0x40
 1293 01a3 18       		.uleb128 0x18
 1294 01a4 7A       		.uleb128 0x7a
 1295 01a5 19       		.uleb128 0x19
 1296 01a6 00       		.byte	0
 1297 01a7 00       		.byte	0
 1298 01a8 1F       		.uleb128 0x1f
 1299 01a9 1D       		.uleb128 0x1d
 1300 01aa 01       		.byte	0x1
 1301 01ab 31       		.uleb128 0x31
 1302 01ac 13       		.uleb128 0x13
 1303 01ad 52       		.uleb128 0x52
 1304 01ae 01       		.uleb128 0x1
ARM GAS  C:\Users\DEVELO~1\AppData\Local\Temp\ccwonFef.s 			page 24


 1305 01af B842     		.uleb128 0x2138
 1306 01b1 0B       		.uleb128 0xb
 1307 01b2 55       		.uleb128 0x55
 1308 01b3 17       		.uleb128 0x17
 1309 01b4 58       		.uleb128 0x58
 1310 01b5 0B       		.uleb128 0xb
 1311 01b6 59       		.uleb128 0x59
 1312 01b7 0B       		.uleb128 0xb
 1313 01b8 57       		.uleb128 0x57
 1314 01b9 0B       		.uleb128 0xb
 1315 01ba 00       		.byte	0
 1316 01bb 00       		.byte	0
 1317 01bc 20       		.uleb128 0x20
 1318 01bd 1D       		.uleb128 0x1d
 1319 01be 01       		.byte	0x1
 1320 01bf 31       		.uleb128 0x31
 1321 01c0 13       		.uleb128 0x13
 1322 01c1 11       		.uleb128 0x11
 1323 01c2 01       		.uleb128 0x1
 1324 01c3 12       		.uleb128 0x12
 1325 01c4 06       		.uleb128 0x6
 1326 01c5 58       		.uleb128 0x58
 1327 01c6 0B       		.uleb128 0xb
 1328 01c7 59       		.uleb128 0x59
 1329 01c8 0B       		.uleb128 0xb
 1330 01c9 57       		.uleb128 0x57
 1331 01ca 0B       		.uleb128 0xb
 1332 01cb 00       		.byte	0
 1333 01cc 00       		.byte	0
 1334 01cd 21       		.uleb128 0x21
 1335 01ce 34       		.uleb128 0x34
 1336 01cf 00       		.byte	0
 1337 01d0 31       		.uleb128 0x31
 1338 01d1 13       		.uleb128 0x13
 1339 01d2 00       		.byte	0
 1340 01d3 00       		.byte	0
 1341 01d4 00       		.byte	0
 1342              		.section	.debug_loclists,"",%progbits
 1343 0000 01020000 		.4byte	.Ldebug_loc3-.Ldebug_loc2
 1344              	.Ldebug_loc2:
 1345 0004 0500     		.2byte	0x5
 1346 0006 04       		.byte	0x4
 1347 0007 00       		.byte	0
 1348 0008 00000000 		.4byte	0
 1349              	.Ldebug_loc0:
 1350              	.LVUS1:
 1351 000c 00       		.uleb128 0
 1352 000d 00       		.uleb128 .LVU14
 1353 000e 00       		.uleb128 .LVU14
 1354 000f 00       		.uleb128 0
 1355              	.LLST1:
 1356 0010 06       		.byte	0x6
 1357 0011 00000000 		.4byte	.LVL2
 1358 0015 04       		.byte	0x4
 1359 0016 00       		.uleb128 .LVL2-.LVL2
 1360 0017 02       		.uleb128 .LVL3-.LVL2
 1361 0018 01       		.uleb128 0x1
ARM GAS  C:\Users\DEVELO~1\AppData\Local\Temp\ccwonFef.s 			page 25


 1362 0019 50       		.byte	0x50
 1363 001a 04       		.byte	0x4
 1364 001b 02       		.uleb128 .LVL3-.LVL2
 1365 001c 24       		.uleb128 .LFE1-.LVL2
 1366 001d 04       		.uleb128 0x4
 1367 001e A3       		.byte	0xa3
 1368 001f 01       		.uleb128 0x1
 1369 0020 50       		.byte	0x50
 1370 0021 9F       		.byte	0x9f
 1371 0022 00       		.byte	0
 1372              	.LVUS0:
 1373 0023 00       		.uleb128 0
 1374 0024 00       		.uleb128 .LVU4
 1375 0025 00       		.uleb128 .LVU4
 1376 0026 00       		.uleb128 0
 1377              	.LLST0:
 1378 0027 06       		.byte	0x6
 1379 0028 00000000 		.4byte	.LVL0
 1380 002c 04       		.byte	0x4
 1381 002d 00       		.uleb128 .LVL0-.LVL0
 1382 002e 02       		.uleb128 .LVL1-.LVL0
 1383 002f 01       		.uleb128 0x1
 1384 0030 50       		.byte	0x50
 1385 0031 04       		.byte	0x4
 1386 0032 02       		.uleb128 .LVL1-.LVL0
 1387 0033 20       		.uleb128 .LFE0-.LVL0
 1388 0034 04       		.uleb128 0x4
 1389 0035 A3       		.byte	0xa3
 1390 0036 01       		.uleb128 0x1
 1391 0037 50       		.byte	0x50
 1392 0038 9F       		.byte	0x9f
 1393 0039 00       		.byte	0
 1394              	.LVUS2:
 1395 003a 00       		.uleb128 0
 1396 003b 00       		.uleb128 .LVU31
 1397 003c 00       		.uleb128 .LVU31
 1398 003d 00       		.uleb128 .LVU35
 1399 003e 00       		.uleb128 .LVU35
 1400 003f 00       		.uleb128 .LVU36
 1401 0040 00       		.uleb128 .LVU36
 1402 0041 00       		.uleb128 .LVU37
 1403 0042 00       		.uleb128 .LVU37
 1404 0043 00       		.uleb128 .LVU40
 1405 0044 00       		.uleb128 .LVU40
 1406 0045 00       		.uleb128 0
 1407              	.LLST2:
 1408 0046 06       		.byte	0x6
 1409 0047 00000000 		.4byte	.LVL4
 1410 004b 04       		.byte	0x4
 1411 004c 00       		.uleb128 .LVL4-.LVL4
 1412 004d 22       		.uleb128 .LVL6-.LVL4
 1413 004e 01       		.uleb128 0x1
 1414 004f 50       		.byte	0x50
 1415 0050 04       		.byte	0x4
 1416 0051 22       		.uleb128 .LVL6-.LVL4
 1417 0052 2E       		.uleb128 .LVL8-.LVL4
 1418 0053 04       		.uleb128 0x4
ARM GAS  C:\Users\DEVELO~1\AppData\Local\Temp\ccwonFef.s 			page 26


 1419 0054 A3       		.byte	0xa3
 1420 0055 01       		.uleb128 0x1
 1421 0056 50       		.byte	0x50
 1422 0057 9F       		.byte	0x9f
 1423 0058 04       		.byte	0x4
 1424 0059 2E       		.uleb128 .LVL8-.LVL4
 1425 005a 30       		.uleb128 .LVL9-.LVL4
 1426 005b 01       		.uleb128 0x1
 1427 005c 50       		.byte	0x50
 1428 005d 04       		.byte	0x4
 1429 005e 30       		.uleb128 .LVL9-.LVL4
 1430 005f 34       		.uleb128 .LVL10-.LVL4
 1431 0060 04       		.uleb128 0x4
 1432 0061 A3       		.byte	0xa3
 1433 0062 01       		.uleb128 0x1
 1434 0063 50       		.byte	0x50
 1435 0064 9F       		.byte	0x9f
 1436 0065 04       		.byte	0x4
 1437 0066 34       		.uleb128 .LVL10-.LVL4
 1438 0067 3E       		.uleb128 .LVL12-.LVL4
 1439 0068 01       		.uleb128 0x1
 1440 0069 50       		.byte	0x50
 1441 006a 04       		.byte	0x4
 1442 006b 3E       		.uleb128 .LVL12-.LVL4
 1443 006c A801     		.uleb128 .LFE3-.LVL4
 1444 006e 04       		.uleb128 0x4
 1445 006f A3       		.byte	0xa3
 1446 0070 01       		.uleb128 0x1
 1447 0071 50       		.byte	0x50
 1448 0072 9F       		.byte	0x9f
 1449 0073 00       		.byte	0
 1450              	.LVUS3:
 1451 0074 00       		.uleb128 0
 1452 0075 00       		.uleb128 .LVU31
 1453 0076 00       		.uleb128 .LVU31
 1454 0077 00       		.uleb128 .LVU35
 1455 0078 00       		.uleb128 .LVU35
 1456 0079 00       		.uleb128 .LVU38
 1457 007a 00       		.uleb128 .LVU38
 1458 007b 00       		.uleb128 0
 1459              	.LLST3:
 1460 007c 06       		.byte	0x6
 1461 007d 00000000 		.4byte	.LVL4
 1462 0081 04       		.byte	0x4
 1463 0082 00       		.uleb128 .LVL4-.LVL4
 1464 0083 22       		.uleb128 .LVL6-.LVL4
 1465 0084 01       		.uleb128 0x1
 1466 0085 51       		.byte	0x51
 1467 0086 04       		.byte	0x4
 1468 0087 22       		.uleb128 .LVL6-.LVL4
 1469 0088 2E       		.uleb128 .LVL8-.LVL4
 1470 0089 04       		.uleb128 0x4
 1471 008a A3       		.byte	0xa3
 1472 008b 01       		.uleb128 0x1
 1473 008c 51       		.byte	0x51
 1474 008d 9F       		.byte	0x9f
 1475 008e 04       		.byte	0x4
ARM GAS  C:\Users\DEVELO~1\AppData\Local\Temp\ccwonFef.s 			page 27


 1476 008f 2E       		.uleb128 .LVL8-.LVL4
 1477 0090 36       		.uleb128 .LVL11-.LVL4
 1478 0091 01       		.uleb128 0x1
 1479 0092 51       		.byte	0x51
 1480 0093 04       		.byte	0x4
 1481 0094 36       		.uleb128 .LVL11-.LVL4
 1482 0095 A801     		.uleb128 .LFE3-.LVL4
 1483 0097 04       		.uleb128 0x4
 1484 0098 A3       		.byte	0xa3
 1485 0099 01       		.uleb128 0x1
 1486 009a 51       		.byte	0x51
 1487 009b 9F       		.byte	0x9f
 1488 009c 00       		.byte	0
 1489              	.LVUS5:
 1490 009d 00       		.uleb128 .LVU27
 1491 009e 00       		.uleb128 .LVU33
 1492 009f 00       		.uleb128 .LVU37
 1493 00a0 00       		.uleb128 0
 1494              	.LLST5:
 1495 00a1 06       		.byte	0x6
 1496 00a2 14000000 		.4byte	.LVL5
 1497 00a6 04       		.byte	0x4
 1498 00a7 00       		.uleb128 .LVL5-.LVL5
 1499 00a8 16       		.uleb128 .LVL7-.LVL5
 1500 00a9 01       		.uleb128 0x1
 1501 00aa 58       		.byte	0x58
 1502 00ab 04       		.byte	0x4
 1503 00ac 20       		.uleb128 .LVL10-.LVL5
 1504 00ad 9401     		.uleb128 .LFE3-.LVL5
 1505 00af 01       		.uleb128 0x1
 1506 00b0 58       		.byte	0x58
 1507 00b1 00       		.byte	0
 1508              	.LVUS6:
 1509 00b2 00       		.uleb128 .LVU27
 1510 00b3 00       		.uleb128 .LVU31
 1511 00b4 00       		.uleb128 .LVU31
 1512 00b5 00       		.uleb128 .LVU33
 1513 00b6 00       		.uleb128 .LVU37
 1514 00b7 00       		.uleb128 .LVU40
 1515 00b8 00       		.uleb128 .LVU40
 1516 00b9 00       		.uleb128 0
 1517              	.LLST6:
 1518 00ba 06       		.byte	0x6
 1519 00bb 14000000 		.4byte	.LVL5
 1520 00bf 04       		.byte	0x4
 1521 00c0 00       		.uleb128 .LVL5-.LVL5
 1522 00c1 0E       		.uleb128 .LVL6-.LVL5
 1523 00c2 01       		.uleb128 0x1
 1524 00c3 50       		.byte	0x50
 1525 00c4 04       		.byte	0x4
 1526 00c5 0E       		.uleb128 .LVL6-.LVL5
 1527 00c6 16       		.uleb128 .LVL7-.LVL5
 1528 00c7 03       		.uleb128 0x3
 1529 00c8 77       		.byte	0x77
 1530 00c9 20       		.sleb128 32
 1531 00ca 9F       		.byte	0x9f
 1532 00cb 04       		.byte	0x4
ARM GAS  C:\Users\DEVELO~1\AppData\Local\Temp\ccwonFef.s 			page 28


 1533 00cc 20       		.uleb128 .LVL10-.LVL5
 1534 00cd 2A       		.uleb128 .LVL12-.LVL5
 1535 00ce 01       		.uleb128 0x1
 1536 00cf 50       		.byte	0x50
 1537 00d0 04       		.byte	0x4
 1538 00d1 2A       		.uleb128 .LVL12-.LVL5
 1539 00d2 9401     		.uleb128 .LFE3-.LVL5
 1540 00d4 03       		.uleb128 0x3
 1541 00d5 77       		.byte	0x77
 1542 00d6 20       		.sleb128 32
 1543 00d7 9F       		.byte	0x9f
 1544 00d8 00       		.byte	0
 1545              	.LVUS7:
 1546 00d9 02       		.uleb128 .LVU42
 1547 00da 00       		.uleb128 .LVU74
 1548 00db 00       		.uleb128 .LVU74
 1549 00dc 00       		.uleb128 0
 1550              	.LLST7:
 1551 00dd 06       		.byte	0x6
 1552 00de 3E000000 		.4byte	.LVL12
 1553 00e2 04       		.byte	0x4
 1554 00e3 00       		.uleb128 .LVL12-.LVL12
 1555 00e4 50       		.uleb128 .LVL21-.LVL12
 1556 00e5 01       		.uleb128 0x1
 1557 00e6 54       		.byte	0x54
 1558 00e7 04       		.byte	0x4
 1559 00e8 50       		.uleb128 .LVL21-.LVL12
 1560 00e9 6A       		.uleb128 .LFE3-.LVL12
 1561 00ea 03       		.uleb128 0x3
 1562 00eb 74       		.byte	0x74
 1563 00ec 7D       		.sleb128 -3
 1564 00ed 9F       		.byte	0x9f
 1565 00ee 00       		.byte	0
 1566              	.LVUS9:
 1567 00ef 04       		.uleb128 .LVU44
 1568 00f0 00       		.uleb128 .LVU46
 1569 00f1 00       		.uleb128 .LVU46
 1570 00f2 01       		.uleb128 .LVU70
 1571 00f3 01       		.uleb128 .LVU70
 1572 00f4 00       		.uleb128 .LVU71
 1573              	.LLST9:
 1574 00f5 06       		.byte	0x6
 1575 00f6 3E000000 		.4byte	.LVL12
 1576 00fa 04       		.byte	0x4
 1577 00fb 00       		.uleb128 .LVL12-.LVL12
 1578 00fc 02       		.uleb128 .LVL13-.LVL12
 1579 00fd 02       		.uleb128 0x2
 1580 00fe 30       		.byte	0x30
 1581 00ff 9F       		.byte	0x9f
 1582 0100 04       		.byte	0x4
 1583 0101 02       		.uleb128 .LVL13-.LVL12
 1584 0102 46       		.uleb128 .LVL19-.LVL12
 1585 0103 01       		.uleb128 0x1
 1586 0104 53       		.byte	0x53
 1587 0105 04       		.byte	0x4
 1588 0106 46       		.uleb128 .LVL19-.LVL12
 1589 0107 48       		.uleb128 .LVL20-.LVL12
ARM GAS  C:\Users\DEVELO~1\AppData\Local\Temp\ccwonFef.s 			page 29


 1590 0108 03       		.uleb128 0x3
 1591 0109 73       		.byte	0x73
 1592 010a 01       		.sleb128 1
 1593 010b 9F       		.byte	0x9f
 1594 010c 00       		.byte	0
 1595              	.LVUS11:
 1596 010d 00       		.uleb128 .LVU50
 1597 010e 00       		.uleb128 .LVU55
 1598 010f 00       		.uleb128 .LVU59
 1599 0110 00       		.uleb128 .LVU71
 1600 0111 00       		.uleb128 .LVU71
 1601 0112 00       		.uleb128 .LVU74
 1602 0113 00       		.uleb128 .LVU74
 1603 0114 00       		.uleb128 .LVU77
 1604              	.LLST11:
 1605 0115 06       		.byte	0x6
 1606 0116 4E000000 		.4byte	.LVL14
 1607 011a 04       		.byte	0x4
 1608 011b 00       		.uleb128 .LVL14-.LVL14
 1609 011c 10       		.uleb128 .LVL16-.LVL14
 1610 011d 01       		.uleb128 0x1
 1611 011e 5E       		.byte	0x5e
 1612 011f 04       		.byte	0x4
 1613 0120 12       		.uleb128 .LVL17-.LVL14
 1614 0121 38       		.uleb128 .LVL20-.LVL14
 1615 0122 2E       		.uleb128 0x2e
 1616 0123 73       		.byte	0x73
 1617 0124 00       		.sleb128 0
 1618 0125 09       		.byte	0x9
 1619 0126 FC       		.byte	0xfc
 1620 0127 24       		.byte	0x24
 1621 0128 09       		.byte	0x9
 1622 0129 FD       		.byte	0xfd
 1623 012a 25       		.byte	0x25
 1624 012b 74       		.byte	0x74
 1625 012c 00       		.sleb128 0
 1626 012d 22       		.byte	0x22
 1627 012e 94       		.byte	0x94
 1628 012f 01       		.byte	0x1
 1629 0130 3F       		.byte	0x3f
 1630 0131 1A       		.byte	0x1a
 1631 0132 08       		.byte	0x8
 1632 0133 FF       		.byte	0xff
 1633 0134 1A       		.byte	0x1a
 1634 0135 73       		.byte	0x73
 1635 0136 00       		.sleb128 0
 1636 0137 09       		.byte	0x9
 1637 0138 FC       		.byte	0xfc
 1638 0139 24       		.byte	0x24
 1639 013a 09       		.byte	0x9
 1640 013b FD       		.byte	0xfd
 1641 013c 25       		.byte	0x25
 1642 013d 74       		.byte	0x74
 1643 013e 00       		.sleb128 0
 1644 013f 22       		.byte	0x22
 1645 0140 94       		.byte	0x94
 1646 0141 01       		.byte	0x1
ARM GAS  C:\Users\DEVELO~1\AppData\Local\Temp\ccwonFef.s 			page 30


 1647 0142 08       		.byte	0x8
 1648 0143 FF       		.byte	0xff
 1649 0144 1A       		.byte	0x1a
 1650 0145 73       		.byte	0x73
 1651 0146 00       		.sleb128 0
 1652 0147 4F       		.byte	0x4f
 1653 0148 24       		.byte	0x24
 1654 0149 30       		.byte	0x30
 1655 014a 2D       		.byte	0x2d
 1656 014b 28       		.byte	0x28
 1657 014c 0100     		.2byte	0x1
 1658 014e 16       		.byte	0x16
 1659 014f 13       		.byte	0x13
 1660 0150 9F       		.byte	0x9f
 1661 0151 04       		.byte	0x4
 1662 0152 38       		.uleb128 .LVL20-.LVL14
 1663 0153 40       		.uleb128 .LVL21-.LVL14
 1664 0154 2E       		.uleb128 0x2e
 1665 0155 73       		.byte	0x73
 1666 0156 7F       		.sleb128 -1
 1667 0157 09       		.byte	0x9
 1668 0158 FC       		.byte	0xfc
 1669 0159 24       		.byte	0x24
 1670 015a 09       		.byte	0x9
 1671 015b FD       		.byte	0xfd
 1672 015c 25       		.byte	0x25
 1673 015d 74       		.byte	0x74
 1674 015e 00       		.sleb128 0
 1675 015f 22       		.byte	0x22
 1676 0160 94       		.byte	0x94
 1677 0161 01       		.byte	0x1
 1678 0162 3F       		.byte	0x3f
 1679 0163 1A       		.byte	0x1a
 1680 0164 08       		.byte	0x8
 1681 0165 FF       		.byte	0xff
 1682 0166 1A       		.byte	0x1a
 1683 0167 73       		.byte	0x73
 1684 0168 7F       		.sleb128 -1
 1685 0169 09       		.byte	0x9
 1686 016a FC       		.byte	0xfc
 1687 016b 24       		.byte	0x24
 1688 016c 09       		.byte	0x9
 1689 016d FD       		.byte	0xfd
 1690 016e 25       		.byte	0x25
 1691 016f 74       		.byte	0x74
 1692 0170 00       		.sleb128 0
 1693 0171 22       		.byte	0x22
 1694 0172 94       		.byte	0x94
 1695 0173 01       		.byte	0x1
 1696 0174 08       		.byte	0x8
 1697 0175 FF       		.byte	0xff
 1698 0176 1A       		.byte	0x1a
 1699 0177 73       		.byte	0x73
 1700 0178 7F       		.sleb128 -1
 1701 0179 4F       		.byte	0x4f
 1702 017a 24       		.byte	0x24
 1703 017b 30       		.byte	0x30
ARM GAS  C:\Users\DEVELO~1\AppData\Local\Temp\ccwonFef.s 			page 31


 1704 017c 2D       		.byte	0x2d
 1705 017d 28       		.byte	0x28
 1706 017e 0100     		.2byte	0x1
 1707 0180 16       		.byte	0x16
 1708 0181 13       		.byte	0x13
 1709 0182 9F       		.byte	0x9f
 1710 0183 04       		.byte	0x4
 1711 0184 40       		.uleb128 .LVL21-.LVL14
 1712 0185 46       		.uleb128 .LVL22-.LVL14
 1713 0186 32       		.uleb128 0x32
 1714 0187 73       		.byte	0x73
 1715 0188 7F       		.sleb128 -1
 1716 0189 09       		.byte	0x9
 1717 018a FC       		.byte	0xfc
 1718 018b 24       		.byte	0x24
 1719 018c 09       		.byte	0x9
 1720 018d FD       		.byte	0xfd
 1721 018e 25       		.byte	0x25
 1722 018f 74       		.byte	0x74
 1723 0190 00       		.sleb128 0
 1724 0191 22       		.byte	0x22
 1725 0192 33       		.byte	0x33
 1726 0193 1C       		.byte	0x1c
 1727 0194 94       		.byte	0x94
 1728 0195 01       		.byte	0x1
 1729 0196 3F       		.byte	0x3f
 1730 0197 1A       		.byte	0x1a
 1731 0198 08       		.byte	0x8
 1732 0199 FF       		.byte	0xff
 1733 019a 1A       		.byte	0x1a
 1734 019b 73       		.byte	0x73
 1735 019c 7F       		.sleb128 -1
 1736 019d 09       		.byte	0x9
 1737 019e FC       		.byte	0xfc
 1738 019f 24       		.byte	0x24
 1739 01a0 09       		.byte	0x9
 1740 01a1 FD       		.byte	0xfd
 1741 01a2 25       		.byte	0x25
 1742 01a3 74       		.byte	0x74
 1743 01a4 00       		.sleb128 0
 1744 01a5 22       		.byte	0x22
 1745 01a6 33       		.byte	0x33
 1746 01a7 1C       		.byte	0x1c
 1747 01a8 94       		.byte	0x94
 1748 01a9 01       		.byte	0x1
 1749 01aa 08       		.byte	0x8
 1750 01ab FF       		.byte	0xff
 1751 01ac 1A       		.byte	0x1a
 1752 01ad 73       		.byte	0x73
 1753 01ae 7F       		.sleb128 -1
 1754 01af 4F       		.byte	0x4f
 1755 01b0 24       		.byte	0x24
 1756 01b1 30       		.byte	0x30
 1757 01b2 2D       		.byte	0x2d
 1758 01b3 28       		.byte	0x28
 1759 01b4 0100     		.2byte	0x1
 1760 01b6 16       		.byte	0x16
ARM GAS  C:\Users\DEVELO~1\AppData\Local\Temp\ccwonFef.s 			page 32


 1761 01b7 13       		.byte	0x13
 1762 01b8 9F       		.byte	0x9f
 1763 01b9 00       		.byte	0
 1764              	.LVUS12:
 1765 01ba 00       		.uleb128 .LVU55
 1766 01bb 00       		.uleb128 0
 1767              	.LLST12:
 1768 01bc 08       		.byte	0x8
 1769 01bd 5E000000 		.4byte	.LVL16
 1770 01c1 4A       		.uleb128 .LFE3-.LVL16
 1771 01c2 01       		.uleb128 0x1
 1772 01c3 5E       		.byte	0x5e
 1773 01c4 00       		.byte	0
 1774              	.LVUS14:
 1775 01c5 02       		.uleb128 .LVU57
 1776 01c6 00       		.uleb128 .LVU59
 1777 01c7 00       		.uleb128 .LVU59
 1778 01c8 04       		.uleb128 .LVU63
 1779 01c9 04       		.uleb128 .LVU63
 1780 01ca 00       		.uleb128 .LVU66
 1781              	.LLST14:
 1782 01cb 06       		.byte	0x6
 1783 01cc 5E000000 		.4byte	.LVL16
 1784 01d0 04       		.byte	0x4
 1785 01d1 00       		.uleb128 .LVL16-.LVL16
 1786 01d2 02       		.uleb128 .LVL17-.LVL16
 1787 01d3 02       		.uleb128 0x2
 1788 01d4 30       		.byte	0x30
 1789 01d5 9F       		.byte	0x9f
 1790 01d6 04       		.byte	0x4
 1791 01d7 02       		.uleb128 .LVL17-.LVL16
 1792 01d8 02       		.uleb128 .LVL17-.LVL16
 1793 01d9 01       		.uleb128 0x1
 1794 01da 5C       		.byte	0x5c
 1795 01db 04       		.byte	0x4
 1796 01dc 02       		.uleb128 .LVL17-.LVL16
 1797 01dd 0A       		.uleb128 .LVL18-.LVL16
 1798 01de 03       		.uleb128 0x3
 1799 01df 7C       		.byte	0x7c
 1800 01e0 01       		.sleb128 1
 1801 01e1 9F       		.byte	0x9f
 1802 01e2 00       		.byte	0
 1803              	.LVUS16:
 1804 01e3 01       		.uleb128 .LVU60
 1805 01e4 00       		.uleb128 .LVU66
 1806 01e5 00       		.uleb128 .LVU66
 1807 01e6 00       		.uleb128 0
 1808              	.LLST16:
 1809 01e7 06       		.byte	0x6
 1810 01e8 60000000 		.4byte	.LVL17
 1811 01ec 04       		.byte	0x4
 1812 01ed 00       		.uleb128 .LVL17-.LVL17
 1813 01ee 08       		.uleb128 .LVL18-.LVL17
 1814 01ef 08       		.uleb128 0x8
 1815 01f0 7E       		.byte	0x7e
 1816 01f1 00       		.sleb128 0
 1817 01f2 7C       		.byte	0x7c
ARM GAS  C:\Users\DEVELO~1\AppData\Local\Temp\ccwonFef.s 			page 33


 1818 01f3 00       		.sleb128 0
 1819 01f4 26       		.byte	0x26
 1820 01f5 31       		.byte	0x31
 1821 01f6 1A       		.byte	0x1a
 1822 01f7 9F       		.byte	0x9f
 1823 01f8 04       		.byte	0x4
 1824 01f9 08       		.uleb128 .LVL18-.LVL17
 1825 01fa 48       		.uleb128 .LFE3-.LVL17
 1826 01fb 08       		.uleb128 0x8
 1827 01fc 7E       		.byte	0x7e
 1828 01fd 00       		.sleb128 0
 1829 01fe 7C       		.byte	0x7c
 1830 01ff 7F       		.sleb128 -1
 1831 0200 26       		.byte	0x26
 1832 0201 31       		.byte	0x31
 1833 0202 1A       		.byte	0x1a
 1834 0203 9F       		.byte	0x9f
 1835 0204 00       		.byte	0
 1836              	.Ldebug_loc3:
 1837              		.section	.debug_aranges,"",%progbits
 1838 0000 2C000000 		.4byte	0x2c
 1839 0004 0200     		.2byte	0x2
 1840 0006 00000000 		.4byte	.Ldebug_info0
 1841 000a 04       		.byte	0x4
 1842 000b 00       		.byte	0
 1843 000c 0000     		.2byte	0
 1844 000e 0000     		.2byte	0
 1845 0010 00000000 		.4byte	.LFB0
 1846 0014 20000000 		.4byte	.LFE0-.LFB0
 1847 0018 00000000 		.4byte	.LFB1
 1848 001c 24000000 		.4byte	.LFE1-.LFB1
 1849 0020 00000000 		.4byte	.LFB3
 1850 0024 A8000000 		.4byte	.LFE3-.LFB3
 1851 0028 00000000 		.4byte	0
 1852 002c 00000000 		.4byte	0
 1853              		.section	.debug_rnglists,"",%progbits
 1854              	.Ldebug_ranges0:
 1855 0000 6B000000 		.4byte	.Ldebug_ranges3-.Ldebug_ranges2
 1856              	.Ldebug_ranges2:
 1857 0004 0500     		.2byte	0x5
 1858 0006 04       		.byte	0x4
 1859 0007 00       		.byte	0
 1860 0008 00000000 		.4byte	0
 1861              	.LLRL4:
 1862 000c 05       		.byte	0x5
 1863 000d 14000000 		.4byte	.LBB12
 1864 0011 04       		.byte	0x4
 1865 0012 00       		.uleb128 .LBB12-.LBB12
 1866 0013 16       		.uleb128 .LBE12-.LBB12
 1867 0014 04       		.byte	0x4
 1868 0015 28       		.uleb128 .LBB33-.LBB12
 1869 0016 9401     		.uleb128 .LBE33-.LBB12
 1870 0018 00       		.byte	0
 1871              	.LLRL8:
 1872 0019 05       		.byte	0x5
 1873 001a 3C000000 		.4byte	.LBB18
 1874 001e 04       		.byte	0x4
ARM GAS  C:\Users\DEVELO~1\AppData\Local\Temp\ccwonFef.s 			page 34


 1875 001f 00       		.uleb128 .LBB18-.LBB18
 1876 0020 02       		.uleb128 .LBE18-.LBB18
 1877 0021 04       		.byte	0x4
 1878 0022 02       		.uleb128 .LBB30-.LBB18
 1879 0023 02       		.uleb128 .LBE30-.LBB18
 1880 0024 04       		.byte	0x4
 1881 0025 04       		.uleb128 .LBB31-.LBB18
 1882 0026 4E       		.uleb128 .LBE31-.LBB18
 1883 0027 00       		.byte	0
 1884              	.LLRL10:
 1885 0028 05       		.byte	0x5
 1886 0029 3C000000 		.4byte	.LBB19
 1887 002d 04       		.byte	0x4
 1888 002e 00       		.uleb128 .LBB19-.LBB19
 1889 002f 02       		.uleb128 .LBE19-.LBB19
 1890 0030 04       		.byte	0x4
 1891 0031 04       		.uleb128 .LBB29-.LBB19
 1892 0032 48       		.uleb128 .LBE29-.LBB19
 1893 0033 00       		.byte	0
 1894              	.LLRL13:
 1895 0034 05       		.byte	0x5
 1896 0035 3C000000 		.4byte	.LBB20
 1897 0039 04       		.byte	0x4
 1898 003a 00       		.uleb128 .LBB20-.LBB20
 1899 003b 02       		.uleb128 .LBE20-.LBB20
 1900 003c 04       		.byte	0x4
 1901 003d 08       		.uleb128 .LBB26-.LBB20
 1902 003e 0E       		.uleb128 .LBE26-.LBB20
 1903 003f 04       		.byte	0x4
 1904 0040 14       		.uleb128 .LBB27-.LBB20
 1905 0041 18       		.uleb128 .LBE27-.LBB20
 1906 0042 04       		.byte	0x4
 1907 0043 22       		.uleb128 .LBB28-.LBB20
 1908 0044 48       		.uleb128 .LBE28-.LBB20
 1909 0045 00       		.byte	0
 1910              	.LLRL15:
 1911 0046 05       		.byte	0x5
 1912 0047 3C000000 		.4byte	.LBB21
 1913 004b 04       		.byte	0x4
 1914 004c 00       		.uleb128 .LBB21-.LBB21
 1915 004d 02       		.uleb128 .LBE21-.LBB21
 1916 004e 04       		.byte	0x4
 1917 004f 08       		.uleb128 .LBB22-.LBB21
 1918 0050 0E       		.uleb128 .LBE22-.LBB21
 1919 0051 04       		.byte	0x4
 1920 0052 14       		.uleb128 .LBB23-.LBB21
 1921 0053 18       		.uleb128 .LBE23-.LBB21
 1922 0054 04       		.byte	0x4
 1923 0055 22       		.uleb128 .LBB24-.LBB21
 1924 0056 24       		.uleb128 .LBE24-.LBB21
 1925 0057 04       		.byte	0x4
 1926 0058 24       		.uleb128 .LBB25-.LBB21
 1927 0059 3E       		.uleb128 .LBE25-.LBB21
 1928 005a 00       		.byte	0
 1929              	.LLRL17:
 1930 005b 07       		.byte	0x7
 1931 005c 00000000 		.4byte	.LFB0
ARM GAS  C:\Users\DEVELO~1\AppData\Local\Temp\ccwonFef.s 			page 35


 1932 0060 20       		.uleb128 .LFE0-.LFB0
 1933 0061 07       		.byte	0x7
 1934 0062 00000000 		.4byte	.LFB1
 1935 0066 24       		.uleb128 .LFE1-.LFB1
 1936 0067 07       		.byte	0x7
 1937 0068 00000000 		.4byte	.LFB3
 1938 006c A801     		.uleb128 .LFE3-.LFB3
 1939 006e 00       		.byte	0
 1940              	.Ldebug_ranges3:
 1941              		.section	.debug_line,"",%progbits
 1942              	.Ldebug_line0:
 1943 0000 52020000 		.section	.debug_str,"MS",%progbits,1
 1943      03003101 
 1943      00000201 
 1943      FB0E0D00 
 1943      01010101 
 1944              	.LASF25:
 1945 0000 666F6E74 		.ascii	"font5x8_elektron\000"
 1945      3578385F 
 1945      656C656B 
 1945      74726F6E 
 1945      00
 1946              	.LASF26:
 1947 0011 666F6E74 		.ascii	"font4x6_expanded\000"
 1947      3478365F 
 1947      65787061 
 1947      6E646564 
 1947      00
 1948              	.LASF9:
 1949 0022 5F5F7569 		.ascii	"__uint8_t\000"
 1949      6E74385F 
 1949      7400
 1950              	.LASF36:
 1951 002c 666F6E74 		.ascii	"font_s\000"
 1951      5F7300
 1952              	.LASF19:
 1953 0033 666F6E74 		.ascii	"font_t\000"
 1953      5F7400
 1954              	.LASF28:
 1955 003a 5F426F6F 		.ascii	"_Bool\000"
 1955      6C00
 1956              	.LASF38:
 1957 0040 65787061 		.ascii	"expand_font4x6\000"
 1957      6E645F66 
 1957      6F6E7434 
 1957      783600
 1958              	.LASF14:
 1959 004f 66697273 		.ascii	"first\000"
 1959      7400
 1960              	.LASF29:
 1961 0055 62797465 		.ascii	"byte\000"
 1961      00
 1962              	.LASF1:
 1963 005a 756E7369 		.ascii	"unsigned char\000"
 1963      676E6564 
 1963      20636861 
 1963      7200
ARM GAS  C:\Users\DEVELO~1\AppData\Local\Temp\ccwonFef.s 			page 36


 1964              	.LASF5:
 1965 0068 6C6F6E67 		.ascii	"long unsigned int\000"
 1965      20756E73 
 1965      69676E65 
 1965      6420696E 
 1965      7400
 1966              	.LASF3:
 1967 007a 73686F72 		.ascii	"short unsigned int\000"
 1967      7420756E 
 1967      7369676E 
 1967      65642069 
 1967      6E7400
 1968              	.LASF34:
 1969 008d 75692F66 		.ascii	"ui/font.c\000"
 1969      6F6E742E 
 1969      6300
 1970              	.LASF17:
 1971 0097 6765745F 		.ascii	"get_col\000"
 1971      636F6C00 
 1972              	.LASF13:
 1973 009f 68656967 		.ascii	"height\000"
 1973      687400
 1974              	.LASF35:
 1975 00a6 433A5C43 		.ascii	"C:\\ChibiStudio\\ChibiOS-master\\demos\\STM32\\CUST"
 1975      68696269 
 1975      53747564 
 1975      696F5C43 
 1975      68696269 
 1976 00d4 4F4D5F48 		.ascii	"OM_H743IIT6_maj\000"
 1976      37343349 
 1976      4954365F 
 1976      6D616A00 
 1977              	.LASF24:
 1978 00e4 666F6E74 		.ascii	"font4x6\000"
 1978      34783600 
 1979              	.LASF37:
 1980 00ec 6765745F 		.ascii	"get_col_4x6\000"
 1980      636F6C5F 
 1980      34783600 
 1981              	.LASF21:
 1982 00f8 464F4E54 		.ascii	"FONT_4X6\000"
 1982      5F345836 
 1982      00
 1983              	.LASF33:
 1984 0101 474E5520 		.ascii	"GNU C17 11.3.1 20220712 -mcpu=cortex-m7 -mthumb -mf"
 1984      43313720 
 1984      31312E33 
 1984      2E312032 
 1984      30323230 
 1985 0134 6C6F6174 		.ascii	"loat-abi=hard -mfpu=fpv5-d16 -march=armv7e-m+fp.dp "
 1985      2D616269 
 1985      3D686172 
 1985      64202D6D 
 1985      6670753D 
 1986 0167 2D676764 		.ascii	"-ggdb -O2 -ffunction-sections -fdata-sections -fno-"
 1986      62202D4F 
 1986      32202D66 
ARM GAS  C:\Users\DEVELO~1\AppData\Local\Temp\ccwonFef.s 			page 37


 1986      66756E63 
 1986      74696F6E 
 1987 019a 636F6D6D 		.ascii	"common\000"
 1987      6F6E00
 1988              	.LASF8:
 1989 01a1 756E7369 		.ascii	"unsigned int\000"
 1989      676E6564 
 1989      20696E74 
 1989      00
 1990              	.LASF7:
 1991 01ae 6C6F6E67 		.ascii	"long long unsigned int\000"
 1991      206C6F6E 
 1991      6720756E 
 1991      7369676E 
 1991      65642069 
 1992              	.LASF10:
 1993 01c5 75696E74 		.ascii	"uint8_t\000"
 1993      385F7400 
 1994              	.LASF16:
 1995 01cd 73706163 		.ascii	"spacing\000"
 1995      696E6700 
 1996              	.LASF22:
 1997 01d5 464F4E54 		.ascii	"FONT_5X8_ELEKTRON\000"
 1997      5F355838 
 1997      5F454C45 
 1997      4B54524F 
 1997      4E00
 1998              	.LASF6:
 1999 01e7 6C6F6E67 		.ascii	"long long int\000"
 1999      206C6F6E 
 1999      6720696E 
 1999      7400
 2000              	.LASF11:
 2001 01f5 6E616D65 		.ascii	"name\000"
 2001      00
 2002              	.LASF31:
 2003 01fa 6765745F 		.ascii	"get_col_5x8_elektron\000"
 2003      636F6C5F 
 2003      3578385F 
 2003      656C656B 
 2003      74726F6E 
 2004              	.LASF12:
 2005 020f 77696474 		.ascii	"width\000"
 2005      6800
 2006              	.LASF2:
 2007 0215 73686F72 		.ascii	"short int\000"
 2007      7420696E 
 2007      7400
 2008              	.LASF23:
 2009 021f 666F6E74 		.ascii	"font5x7\000"
 2009      35783700 
 2010              	.LASF4:
 2011 0227 6C6F6E67 		.ascii	"long int\000"
 2011      20696E74 
 2011      00
 2012              	.LASF18:
 2013 0230 63686172 		.ascii	"char\000"
ARM GAS  C:\Users\DEVELO~1\AppData\Local\Temp\ccwonFef.s 			page 38


 2013      00
 2014              	.LASF20:
 2015 0235 464F4E54 		.ascii	"FONT_5X7\000"
 2015      5F355837 
 2015      00
 2016              	.LASF32:
 2017 023e 6765745F 		.ascii	"get_col_5x7\000"
 2017      636F6C5F 
 2017      35783700 
 2018              	.LASF0:
 2019 024a 7369676E 		.ascii	"signed char\000"
 2019      65642063 
 2019      68617200 
 2020              	.LASF15:
 2021 0256 6C617374 		.ascii	"last\000"
 2021      00
 2022              	.LASF27:
 2023 025b 666F6E74 		.ascii	"font4x6_ready\000"
 2023      3478365F 
 2023      72656164 
 2023      7900
 2024              	.LASF30:
 2025 0269 6E696262 		.ascii	"nibble\000"
 2025      6C6500
 2026              		.ident	"GCC: (Arm GNU Toolchain 11.3.Rel1) 11.3.1 20220712"
ARM GAS  C:\Users\DEVELO~1\AppData\Local\Temp\ccwonFef.s 			page 39


DEFINED SYMBOLS
                            *ABS*:00000000 font.c
C:\Users\DEVELO~1\AppData\Local\Temp\ccwonFef.s:19     .text.get_col_5x7:00000000 $t
C:\Users\DEVELO~1\AppData\Local\Temp\ccwonFef.s:25     .text.get_col_5x7:00000000 get_col_5x7
C:\Users\DEVELO~1\AppData\Local\Temp\ccwonFef.s:61     .text.get_col_5x7:0000001c $d
C:\Users\DEVELO~1\AppData\Local\Temp\ccwonFef.s:66     .text.get_col_5x8_elektron:00000000 $t
C:\Users\DEVELO~1\AppData\Local\Temp\ccwonFef.s:72     .text.get_col_5x8_elektron:00000000 get_col_5x8_elektron
C:\Users\DEVELO~1\AppData\Local\Temp\ccwonFef.s:107    .text.get_col_5x8_elektron:00000020 $d
C:\Users\DEVELO~1\AppData\Local\Temp\ccwonFef.s:112    .text.get_col_4x6:00000000 $t
C:\Users\DEVELO~1\AppData\Local\Temp\ccwonFef.s:118    .text.get_col_4x6:00000000 get_col_4x6
C:\Users\DEVELO~1\AppData\Local\Temp\ccwonFef.s:314    .text.get_col_4x6:0000009c $d
C:\Users\DEVELO~1\AppData\Local\Temp\ccwonFef.s:380    .rodata.FONT_5X8_ELEKTRON:00000000 FONT_5X8_ELEKTRON
C:\Users\DEVELO~1\AppData\Local\Temp\ccwonFef.s:326    .rodata.str1.4:00000000 $d
C:\Users\DEVELO~1\AppData\Local\Temp\ccwonFef.s:354    .rodata.FONT_4X6:00000000 FONT_4X6
C:\Users\DEVELO~1\AppData\Local\Temp\ccwonFef.s:367    .rodata.FONT_5X7:00000000 FONT_5X7
C:\Users\DEVELO~1\AppData\Local\Temp\ccwonFef.s:338    .bss.font4x6_expanded:00000000 $d
C:\Users\DEVELO~1\AppData\Local\Temp\ccwonFef.s:342    .bss.font4x6_expanded:00000000 font4x6_expanded
C:\Users\DEVELO~1\AppData\Local\Temp\ccwonFef.s:348    .bss.font4x6_ready:00000000 font4x6_ready
C:\Users\DEVELO~1\AppData\Local\Temp\ccwonFef.s:349    .bss.font4x6_ready:00000000 $d
C:\Users\DEVELO~1\AppData\Local\Temp\ccwonFef.s:351    .rodata.FONT_4X6:00000000 $d
C:\Users\DEVELO~1\AppData\Local\Temp\ccwonFef.s:364    .rodata.FONT_5X7:00000000 $d
C:\Users\DEVELO~1\AppData\Local\Temp\ccwonFef.s:377    .rodata.FONT_5X8_ELEKTRON:00000000 $d

UNDEFINED SYMBOLS
font5x7
font5x8_elektron
font4x6
