ARM GAS  C:\Users\DEVELO~1\AppData\Local\Temp\ccJlWCGp.s 			page 1


   1              		.cpu cortex-m7
   2              		.arch armv7e-m
   3              		.fpu fpv5-d16
   4              		.eabi_attribute 28, 1
   5              		.eabi_attribute 20, 1
   6              		.eabi_attribute 21, 1
   7              		.eabi_attribute 23, 3
   8              		.eabi_attribute 24, 1
   9              		.eabi_attribute 25, 1
  10              		.eabi_attribute 26, 1
  11              		.eabi_attribute 30, 2
  12              		.eabi_attribute 34, 1
  13              		.eabi_attribute 18, 4
  14              		.file	"hal_st_lld.c"
  15              		.text
  16              	.Ltext0:
  17              		.cfi_sections	.debug_frame
  18              		.section	.text.st_lld_init,"ax",%progbits
  19              		.align	1
  20              		.p2align 2,,3
  21              		.global	st_lld_init
  22              		.syntax unified
  23              		.thumb
  24              		.thumb_func
  25              		.type	st_lld_init, %function
  26              	st_lld_init:
  27              	.LFB448:
  28              		.file 1 "./docs/ChibiOS/os/hal/ports/STM32/LLD/SYSTICKv1/hal_st_lld.c"
  29              		.loc 1 398 24 view -0
  30              		.cfi_startproc
  31              		@ args = 0, pretend = 0, frame = 0
  32              		@ frame_needed = 0, uses_anonymous_args = 0
  33              		@ link register save eliminated.
  34              		.loc 1 402 3 view .LVU1
  35              		.loc 1 402 3 view .LVU2
  36              		.loc 1 402 3 view .LVU3
  37              		.loc 1 404 3 view .LVU4
  38              		.loc 1 404 3 view .LVU5
  39              		.loc 1 404 3 view .LVU6
  40              		.loc 1 408 3 view .LVU7
  41              	.LVL0:
  42              	.LBB54:
  43              	.LBI54:
  44              		.file 2 "./docs/ChibiOS/os/hal/ports/STM32/STM32H7xx/stm32_rcc.h"
  45              		.loc 2 141 22 view .LVU8
  46              	.LBB55:
  47              		.loc 2 145 3 view .LVU9
  48              		.loc 2 145 20 is_stmt 0 view .LVU10
  49 0000 124A     		ldr	r2, .L4
  50              	.LBE55:
  51              	.LBE54:
  52              		.loc 1 414 24 view .LVU11
  53 0002 4FF08043 		mov	r3, #1073741824
  54              		.loc 1 416 24 view .LVU12
  55 0006 0021     		movs	r1, #0
  56              	.LBB61:
  57              	.LBB56:
ARM GAS  C:\Users\DEVELO~1\AppData\Local\Temp\ccJlWCGp.s 			page 2


  58              		.loc 2 145 20 view .LVU13
  59 0008 D2F8E800 		ldr	r0, [r2, #232]
  60 000c 40F00100 		orr	r0, r0, #1
  61              	.LBE56:
  62              	.LBE61:
  63              		.loc 1 398 24 view .LVU14
  64 0010 30B4     		push	{r4, r5}
  65              		.cfi_def_cfa_offset 8
  66              		.cfi_offset 4, -8
  67              		.cfi_offset 5, -4
  68              	.LBB62:
  69              	.LBB57:
  70              		.loc 2 145 20 view .LVU15
  71 0012 C2F8E800 		str	r0, [r2, #232]
  72              		.loc 2 146 3 is_stmt 1 view .LVU16
  73              		.loc 2 147 5 view .LVU17
  74              	.LBE57:
  75              	.LBE62:
  76              		.loc 1 414 24 is_stmt 0 view .LVU18
  77 0016 42F27F55 		movw	r5, #9599
  78              	.LBB63:
  79              	.LBB58:
  80              		.loc 2 147 24 view .LVU19
  81 001a D2F81001 		ldr	r0, [r2, #272]
  82              	.LBE58:
  83              	.LBE63:
  84              		.loc 1 411 3 view .LVU20
  85 001e 0C4C     		ldr	r4, .L4+4
  86              	.LBB64:
  87              	.LBB59:
  88              		.loc 2 147 24 view .LVU21
  89 0020 40F00100 		orr	r0, r0, #1
  90 0024 C2F81001 		str	r0, [r2, #272]
  91              		.loc 2 152 3 is_stmt 1 view .LVU22
  92              	.LBE59:
  93              	.LBE64:
  94              		.loc 1 429 24 is_stmt 0 view .LVU23
  95 0028 0120     		movs	r0, #1
  96              	.LBB65:
  97              	.LBB60:
  98              		.loc 2 152 3 view .LVU24
  99 002a D2F81021 		ldr	r2, [r2, #272]
 100              	.LVL1:
 101              		.loc 2 152 3 view .LVU25
 102              	.LBE60:
 103              	.LBE65:
 104              		.loc 1 411 3 is_stmt 1 view .LVU26
 105 002e E26B     		ldr	r2, [r4, #60]
 106 0030 0243     		orrs	r2, r2, r0
 107 0032 E263     		str	r2, [r4, #60]
 108              		.loc 1 414 3 view .LVU27
 109              		.loc 1 415 24 is_stmt 0 view .LVU28
 110 0034 4FF0FF32 		mov	r2, #-1
 111              		.loc 1 414 24 view .LVU29
 112 0038 9D62     		str	r5, [r3, #40]
 113              		.loc 1 415 3 is_stmt 1 view .LVU30
 114              		.loc 1 415 24 is_stmt 0 view .LVU31
ARM GAS  C:\Users\DEVELO~1\AppData\Local\Temp\ccJlWCGp.s 			page 3


 115 003a DA62     		str	r2, [r3, #44]
 116              		.loc 1 416 3 is_stmt 1 view .LVU32
 117              		.loc 1 416 24 is_stmt 0 view .LVU33
 118 003c 9961     		str	r1, [r3, #24]
 119              		.loc 1 417 3 is_stmt 1 view .LVU34
 120              		.loc 1 417 24 is_stmt 0 view .LVU35
 121 003e 5963     		str	r1, [r3, #52]
 122              		.loc 1 427 3 is_stmt 1 view .LVU36
 123              		.loc 1 427 24 is_stmt 0 view .LVU37
 124 0040 D960     		str	r1, [r3, #12]
 125              		.loc 1 428 3 is_stmt 1 view .LVU38
 126              		.loc 1 428 24 is_stmt 0 view .LVU39
 127 0042 5960     		str	r1, [r3, #4]
 128              		.loc 1 429 3 is_stmt 1 view .LVU40
 129              		.loc 1 429 24 is_stmt 0 view .LVU41
 130 0044 5861     		str	r0, [r3, #20]
 131              		.loc 1 430 3 is_stmt 1 view .LVU42
 132              		.loc 1 430 24 is_stmt 0 view .LVU43
 133 0046 1860     		str	r0, [r3]
 134              		.loc 1 450 1 view .LVU44
 135 0048 30BC     		pop	{r4, r5}
 136              		.cfi_restore 5
 137              		.cfi_restore 4
 138              		.cfi_def_cfa_offset 0
 139 004a 7047     		bx	lr
 140              	.L5:
 141              		.align	2
 142              	.L4:
 143 004c 00440258 		.word	1476543488
 144 0050 0010005C 		.word	1543507968
 145              		.cfi_endproc
 146              	.LFE448:
 147              		.size	st_lld_init, .-st_lld_init
 148              		.section	.text.st_lld_serve_interrupt,"ax",%progbits
 149              		.align	1
 150              		.p2align 2,,3
 151              		.global	st_lld_serve_interrupt
 152              		.syntax unified
 153              		.thumb
 154              		.thumb_func
 155              		.type	st_lld_serve_interrupt, %function
 156              	st_lld_serve_interrupt:
 157              	.LFB449:
 158              		.loc 1 455 35 is_stmt 1 view -0
 159              		.cfi_startproc
 160              		@ args = 0, pretend = 0, frame = 0
 161              		@ frame_needed = 0, uses_anonymous_args = 0
 162              		.loc 1 457 3 view .LVU46
 163              		.loc 1 458 3 view .LVU47
 164              	.LVL2:
 165              		.loc 1 460 3 view .LVU48
 166              		.loc 1 460 7 is_stmt 0 view .LVU49
 167 0000 4FF08042 		mov	r2, #1073741824
 168              		.loc 1 455 35 view .LVU50
 169 0004 08B5     		push	{r3, lr}
 170              		.cfi_def_cfa_offset 8
 171              		.cfi_offset 3, -8
ARM GAS  C:\Users\DEVELO~1\AppData\Local\Temp\ccJlWCGp.s 			page 4


 172              		.cfi_offset 14, -4
 173              		.loc 1 460 7 view .LVU51
 174 0006 1169     		ldr	r1, [r2, #16]
 175              	.LVL3:
 176              		.loc 1 461 3 is_stmt 1 view .LVU52
 177              		.loc 1 461 13 is_stmt 0 view .LVU53
 178 0008 D368     		ldr	r3, [r2, #12]
 179 000a 0B40     		ands	r3, r3, r1
 180              	.LVL4:
 181              		.loc 1 462 3 is_stmt 1 view .LVU54
 182              		.loc 1 461 6 is_stmt 0 view .LVU55
 183 000c D9B2     		uxtb	r1, r3
 184              		.loc 1 464 6 view .LVU56
 185 000e 9B07     		lsls	r3, r3, #30
 186              	.LVL5:
 187              		.loc 1 462 14 view .LVU57
 188 0010 6FEA0101 		mvn	r1, r1
 189              		.loc 1 462 12 view .LVU58
 190 0014 1161     		str	r1, [r2, #16]
 191              		.loc 1 464 3 is_stmt 1 view .LVU59
 192              		.loc 1 464 6 is_stmt 0 view .LVU60
 193 0016 00D4     		bmi	.L12
 194              		.loc 1 494 1 view .LVU61
 195 0018 08BD     		pop	{r3, pc}
 196              	.L12:
 197              		.loc 1 467 5 is_stmt 1 view .LVU62
 198              	.LBB66:
 199              	.LBI66:
 200              		.file 3 "./docs/ChibiOS/os/hal/osal/rt-nil/osal.h"
 201              		.loc 3 595 20 view .LVU63
 202              		.loc 3 597 3 view .LVU64
 203              	.LBB67:
 204              	.LBI67:
 205              		.file 4 "./docs/ChibiOS/os/rt/include/chsys.h"
 206              		.loc 4 416 20 view .LVU65
 207              		.loc 4 418 3 view .LVU66
 208              	.LBB68:
 209              	.LBI68:
 210              		.file 5 "./docs/ChibiOS/os/common/ports/ARMv7-M/chcore.h"
 211              		.loc 5 879 27 view .LVU67
 212              		.loc 5 881 3 view .LVU68
 213              	.LBB69:
 214              	.LBI69:
 215              		.loc 5 840 27 view .LVU69
 216              		.loc 5 848 3 view .LVU70
 217              	.LVL6:
 218              	.LBB70:
 219              	.LBI70:
 220              		.file 6 "./docs/ChibiOS/os/common/ext/ARM/CMSIS/Core/Include/cmsis_gcc.h"
 221              		.loc 6 491 27 view .LVU71
 222              	.LBB71:
 223              		.loc 6 493 3 view .LVU72
 224 001a 3023     		movs	r3, #48
 225              		.syntax unified
 226              	@ 493 "./docs/ChibiOS/os/common/ext/ARM/CMSIS/Core/Include/cmsis_gcc.h" 1
 227 001c 83F31188 		MSR basepri, r3
 228              	@ 0 "" 2
ARM GAS  C:\Users\DEVELO~1\AppData\Local\Temp\ccJlWCGp.s 			page 5


 229              	.LVL7:
 230              		.loc 6 493 3 is_stmt 0 view .LVU73
 231              		.thumb
 232              		.syntax unified
 233              	.LBE71:
 234              	.LBE70:
 235              	.LBE69:
 236              	.LBE68:
 237              		.loc 4 419 35 is_stmt 1 view .LVU74
 238              		.loc 4 420 30 view .LVU75
 239              	.LBE67:
 240              	.LBE66:
 241              		.loc 1 468 5 view .LVU76
 242              	.LBB72:
 243              	.LBI72:
 244              		.loc 3 665 20 view .LVU77
 245              	.LBB73:
 246              		.loc 3 667 3 view .LVU78
 247 0020 FFF7FEFF 		bl	chSysTimerHandlerI
 248              	.LVL8:
 249              	.LBE73:
 250              	.LBE72:
 251              		.loc 1 469 5 view .LVU79
 252              	.LBB74:
 253              	.LBI74:
 254              		.loc 3 606 20 view .LVU80
 255              	.LBB75:
 256              		.loc 3 608 3 view .LVU81
 257              	.LBB76:
 258              	.LBI76:
 259              		.loc 4 438 20 view .LVU82
 260              		.loc 4 440 32 view .LVU83
 261              		.loc 4 441 34 view .LVU84
 262              		.loc 4 442 3 view .LVU85
 263              	.LBB77:
 264              	.LBI77:
 265              		.loc 5 890 27 view .LVU86
 266              		.loc 5 892 3 view .LVU87
 267              	.LBB78:
 268              	.LBI78:
 269              		.loc 5 864 27 view .LVU88
 270              		.loc 5 867 3 view .LVU89
 271              	.LBB79:
 272              	.LBI79:
 273              		.loc 6 491 27 view .LVU90
 274              	.LBB80:
 275              		.loc 6 493 3 view .LVU91
 276 0024 0023     		movs	r3, #0
 277              		.syntax unified
 278              	@ 493 "./docs/ChibiOS/os/common/ext/ARM/CMSIS/Core/Include/cmsis_gcc.h" 1
 279 0026 83F31188 		MSR basepri, r3
 280              	@ 0 "" 2
 281              	.LVL9:
 282              		.loc 6 493 3 is_stmt 0 view .LVU92
 283              		.thumb
 284              		.syntax unified
 285              	.LBE80:
ARM GAS  C:\Users\DEVELO~1\AppData\Local\Temp\ccJlWCGp.s 			page 6


 286              	.LBE79:
 287              	.LBE78:
 288              	.LBE77:
 289              	.LBE76:
 290              	.LBE75:
 291              	.LBE74:
 292              		.loc 1 494 1 view .LVU93
 293 002a 08BD     		pop	{r3, pc}
 294              		.cfi_endproc
 295              	.LFE449:
 296              		.size	st_lld_serve_interrupt, .-st_lld_serve_interrupt
 297              		.text
 298              	.Letext0:
 299              		.file 7 "c:\\chibistudio\\tools\\gnu tools arm embedded\\11.3 2022.08\\arm-none-eabi\\include\\mac
 300              		.file 8 "c:\\chibistudio\\tools\\gnu tools arm embedded\\11.3 2022.08\\arm-none-eabi\\include\\sys
 301              		.file 9 "./docs/ChibiOS/os/common/ext/ST/STM32H7xx/stm32h743xx.h"
 302              		.file 10 "./docs/ChibiOS/os/hal/ports/STM32/LLD/TIMv1/stm32_tim.h"
 303              		.section	.debug_info,"",%progbits
 304              	.Ldebug_info0:
 305 0000 E8080000 		.4byte	0x8e8
 306 0004 0500     		.2byte	0x5
 307 0006 01       		.byte	0x1
 308 0007 04       		.byte	0x4
 309 0008 00000000 		.4byte	.Ldebug_abbrev0
 310 000c 11       		.uleb128 0x11
 311 000d 36020000 		.4byte	.LASF107
 312 0011 1D       		.byte	0x1d
 313 0012 84040000 		.4byte	.LASF108
 314 0016 20000000 		.4byte	.LASF109
 315 001a 24000000 		.4byte	.LLRL6
 316 001e 00000000 		.4byte	0
 317 0022 00000000 		.4byte	.Ldebug_line0
 318 0026 12       		.uleb128 0x12
 319 0027 04       		.byte	0x4
 320 0028 05       		.byte	0x5
 321 0029 696E7400 		.ascii	"int\000"
 322 002d 03       		.uleb128 0x3
 323 002e 04       		.byte	0x4
 324 002f 07       		.byte	0x7
 325 0030 CB010000 		.4byte	.LASF0
 326 0034 03       		.uleb128 0x3
 327 0035 08       		.byte	0x8
 328 0036 05       		.byte	0x5
 329 0037 0A010000 		.4byte	.LASF1
 330 003b 03       		.uleb128 0x3
 331 003c 08       		.byte	0x8
 332 003d 04       		.byte	0x4
 333 003e 4B040000 		.4byte	.LASF2
 334 0042 03       		.uleb128 0x3
 335 0043 01       		.byte	0x1
 336 0044 06       		.byte	0x6
 337 0045 18010000 		.4byte	.LASF3
 338 0049 03       		.uleb128 0x3
 339 004a 01       		.byte	0x1
 340 004b 08       		.byte	0x8
 341 004c D6030000 		.4byte	.LASF4
 342 0050 03       		.uleb128 0x3
ARM GAS  C:\Users\DEVELO~1\AppData\Local\Temp\ccJlWCGp.s 			page 7


 343 0051 02       		.byte	0x2
 344 0052 05       		.byte	0x5
 345 0053 E4030000 		.4byte	.LASF5
 346 0057 03       		.uleb128 0x3
 347 0058 02       		.byte	0x2
 348 0059 07       		.byte	0x7
 349 005a F6010000 		.4byte	.LASF6
 350 005e 03       		.uleb128 0x3
 351 005f 04       		.byte	0x4
 352 0060 05       		.byte	0x5
 353 0061 8F000000 		.4byte	.LASF7
 354 0065 0C       		.uleb128 0xc
 355 0066 97010000 		.4byte	.LASF10
 356 006a 07       		.byte	0x7
 357 006b 4F       		.byte	0x4f
 358 006c 19       		.byte	0x19
 359 006d 71000000 		.4byte	0x71
 360 0071 03       		.uleb128 0x3
 361 0072 04       		.byte	0x4
 362 0073 07       		.byte	0x7
 363 0074 D8010000 		.4byte	.LASF8
 364 0078 03       		.uleb128 0x3
 365 0079 08       		.byte	0x8
 366 007a 07       		.byte	0x7
 367 007b A2000000 		.4byte	.LASF9
 368 007f 0C       		.uleb128 0xc
 369 0080 39040000 		.4byte	.LASF11
 370 0084 08       		.byte	0x8
 371 0085 30       		.byte	0x30
 372 0086 14       		.byte	0x14
 373 0087 65000000 		.4byte	0x65
 374 008b 0A       		.uleb128 0xa
 375 008c 7F000000 		.4byte	0x7f
 376 0090 03       		.uleb128 0x3
 377 0091 01       		.byte	0x1
 378 0092 08       		.byte	0x8
 379 0093 57040000 		.4byte	.LASF12
 380 0097 0D       		.uleb128 0xd
 381 0098 90000000 		.4byte	0x90
 382 009c 07       		.uleb128 0x7
 383 009d 7F000000 		.4byte	0x7f
 384 00a1 AC000000 		.4byte	0xac
 385 00a5 08       		.uleb128 0x8
 386 00a6 2D000000 		.4byte	0x2d
 387 00aa 03       		.byte	0x3
 388 00ab 00       		.byte	0
 389 00ac 07       		.uleb128 0x7
 390 00ad 8B000000 		.4byte	0x8b
 391 00b1 BC000000 		.4byte	0xbc
 392 00b5 08       		.uleb128 0x8
 393 00b6 2D000000 		.4byte	0x2d
 394 00ba 03       		.byte	0x3
 395 00bb 00       		.byte	0
 396 00bc 0A       		.uleb128 0xa
 397 00bd AC000000 		.4byte	0xac
 398 00c1 07       		.uleb128 0x7
 399 00c2 8B000000 		.4byte	0x8b
ARM GAS  C:\Users\DEVELO~1\AppData\Local\Temp\ccJlWCGp.s 			page 8


 400 00c6 D1000000 		.4byte	0xd1
 401 00ca 08       		.uleb128 0x8
 402 00cb 2D000000 		.4byte	0x2d
 403 00cf 01       		.byte	0x1
 404 00d0 00       		.byte	0
 405 00d1 0A       		.uleb128 0xa
 406 00d2 C1000000 		.4byte	0xc1
 407 00d6 0E       		.uleb128 0xe
 408 00d7 58       		.byte	0x58
 409 00d8 09       		.byte	0x9
 410 00d9 0A02     		.2byte	0x20a
 411 00db 87010000 		.4byte	0x187
 412 00df 01       		.uleb128 0x1
 413 00e0 B9000000 		.4byte	.LASF13
 414 00e4 09       		.byte	0x9
 415 00e5 0C02     		.2byte	0x20c
 416 00e7 11       		.byte	0x11
 417 00e8 8B000000 		.4byte	0x8b
 418 00ec 00       		.byte	0
 419 00ed 02       		.uleb128 0x2
 420 00ee 435200   		.ascii	"CR\000"
 421 00f1 09       		.byte	0x9
 422 00f2 0D02     		.2byte	0x20d
 423 00f4 11       		.byte	0x11
 424 00f5 8B000000 		.4byte	0x8b
 425 00f9 04       		.byte	0x4
 426 00fa 01       		.uleb128 0x1
 427 00fb 2F040000 		.4byte	.LASF14
 428 00ff 09       		.byte	0x9
 429 0100 0E02     		.2byte	0x20e
 430 0102 0C       		.byte	0xc
 431 0103 87010000 		.4byte	0x187
 432 0107 08       		.byte	0x8
 433 0108 01       		.uleb128 0x1
 434 0109 4C050000 		.4byte	.LASF15
 435 010d 09       		.byte	0x9
 436 010e 0F02     		.2byte	0x20f
 437 0110 11       		.byte	0x11
 438 0111 8B000000 		.4byte	0x8b
 439 0115 34       		.byte	0x34
 440 0116 01       		.uleb128 0x1
 441 0117 8C030000 		.4byte	.LASF16
 442 011b 09       		.byte	0x9
 443 011c 1002     		.2byte	0x210
 444 011e 0C       		.byte	0xc
 445 011f 7F000000 		.4byte	0x7f
 446 0123 38       		.byte	0x38
 447 0124 01       		.uleb128 0x1
 448 0125 B8010000 		.4byte	.LASF17
 449 0129 09       		.byte	0x9
 450 012a 1102     		.2byte	0x211
 451 012c 11       		.byte	0x11
 452 012d 8B000000 		.4byte	0x8b
 453 0131 3C       		.byte	0x3c
 454 0132 01       		.uleb128 0x1
 455 0133 96030000 		.4byte	.LASF18
 456 0137 09       		.byte	0x9
ARM GAS  C:\Users\DEVELO~1\AppData\Local\Temp\ccJlWCGp.s 			page 9


 457 0138 1202     		.2byte	0x212
 458 013a 0C       		.byte	0xc
 459 013b 7F000000 		.4byte	0x7f
 460 013f 40       		.byte	0x40
 461 0140 01       		.uleb128 0x1
 462 0141 42040000 		.4byte	.LASF19
 463 0145 09       		.byte	0x9
 464 0146 1302     		.2byte	0x213
 465 0148 11       		.byte	0x11
 466 0149 8B000000 		.4byte	0x8b
 467 014d 44       		.byte	0x44
 468 014e 01       		.uleb128 0x1
 469 014f A0030000 		.4byte	.LASF20
 470 0153 09       		.byte	0x9
 471 0154 1402     		.2byte	0x214
 472 0156 0C       		.byte	0xc
 473 0157 7F000000 		.4byte	0x7f
 474 015b 48       		.byte	0x48
 475 015c 01       		.uleb128 0x1
 476 015d 76000000 		.4byte	.LASF21
 477 0161 09       		.byte	0x9
 478 0162 1502     		.2byte	0x215
 479 0164 11       		.byte	0x11
 480 0165 8B000000 		.4byte	0x8b
 481 0169 4C       		.byte	0x4c
 482 016a 01       		.uleb128 0x1
 483 016b AA030000 		.4byte	.LASF22
 484 016f 09       		.byte	0x9
 485 0170 1602     		.2byte	0x216
 486 0172 0C       		.byte	0xc
 487 0173 7F000000 		.4byte	0x7f
 488 0177 50       		.byte	0x50
 489 0178 01       		.uleb128 0x1
 490 0179 EC040000 		.4byte	.LASF23
 491 017d 09       		.byte	0x9
 492 017e 1702     		.2byte	0x217
 493 0180 11       		.byte	0x11
 494 0181 8B000000 		.4byte	0x8b
 495 0185 54       		.byte	0x54
 496 0186 00       		.byte	0
 497 0187 07       		.uleb128 0x7
 498 0188 7F000000 		.4byte	0x7f
 499 018c 97010000 		.4byte	0x197
 500 0190 08       		.uleb128 0x8
 501 0191 2D000000 		.4byte	0x2d
 502 0195 0A       		.byte	0xa
 503 0196 00       		.byte	0
 504 0197 0B       		.uleb128 0xb
 505 0198 20040000 		.4byte	.LASF24
 506 019c 09       		.byte	0x9
 507 019d 1802     		.2byte	0x218
 508 019f 02       		.byte	0x2
 509 01a0 D6000000 		.4byte	0xd6
 510 01a4 07       		.uleb128 0x7
 511 01a5 7F000000 		.4byte	0x7f
 512 01a9 B4010000 		.4byte	0x1b4
 513 01ad 08       		.uleb128 0x8
ARM GAS  C:\Users\DEVELO~1\AppData\Local\Temp\ccJlWCGp.s 			page 10


 514 01ae 2D000000 		.4byte	0x2d
 515 01b2 08       		.byte	0x8
 516 01b3 00       		.byte	0
 517 01b4 13       		.uleb128 0x13
 518 01b5 3001     		.2byte	0x130
 519 01b7 09       		.byte	0x9
 520 01b8 CE04     		.2byte	0x4ce
 521 01ba 09       		.byte	0x9
 522 01bb 4D050000 		.4byte	0x54d
 523 01bf 02       		.uleb128 0x2
 524 01c0 435200   		.ascii	"CR\000"
 525 01c3 09       		.byte	0x9
 526 01c4 D004     		.2byte	0x4d0
 527 01c6 10       		.byte	0x10
 528 01c7 8B000000 		.4byte	0x8b
 529 01cb 00       		.byte	0
 530 01cc 01       		.uleb128 0x1
 531 01cd 13020000 		.4byte	.LASF25
 532 01d1 09       		.byte	0x9
 533 01d2 D104     		.2byte	0x4d1
 534 01d4 10       		.byte	0x10
 535 01d5 8B000000 		.4byte	0x8b
 536 01d9 04       		.byte	0x4
 537 01da 01       		.uleb128 0x1
 538 01db 20050000 		.4byte	.LASF26
 539 01df 09       		.byte	0x9
 540 01e0 D204     		.2byte	0x4d2
 541 01e2 10       		.byte	0x10
 542 01e3 8B000000 		.4byte	0x8b
 543 01e7 08       		.byte	0x8
 544 01e8 01       		.uleb128 0x1
 545 01e9 05050000 		.4byte	.LASF27
 546 01ed 09       		.byte	0x9
 547 01ee D304     		.2byte	0x4d3
 548 01f0 10       		.byte	0x10
 549 01f1 8B000000 		.4byte	0x8b
 550 01f5 0C       		.byte	0xc
 551 01f6 01       		.uleb128 0x1
 552 01f7 5C050000 		.4byte	.LASF28
 553 01fb 09       		.byte	0x9
 554 01fc D404     		.2byte	0x4d4
 555 01fe 10       		.byte	0x10
 556 01ff 8B000000 		.4byte	0x8b
 557 0203 10       		.byte	0x10
 558 0204 01       		.uleb128 0x1
 559 0205 67030000 		.4byte	.LASF29
 560 0209 09       		.byte	0x9
 561 020a D504     		.2byte	0x4d5
 562 020c 0F       		.byte	0xf
 563 020d 7F000000 		.4byte	0x7f
 564 0211 14       		.byte	0x14
 565 0212 01       		.uleb128 0x1
 566 0213 78050000 		.4byte	.LASF30
 567 0217 09       		.byte	0x9
 568 0218 D604     		.2byte	0x4d6
 569 021a 10       		.byte	0x10
 570 021b 8B000000 		.4byte	0x8b
ARM GAS  C:\Users\DEVELO~1\AppData\Local\Temp\ccJlWCGp.s 			page 11


 571 021f 18       		.byte	0x18
 572 0220 01       		.uleb128 0x1
 573 0221 85030000 		.4byte	.LASF31
 574 0225 09       		.byte	0x9
 575 0226 D704     		.2byte	0x4d7
 576 0228 10       		.byte	0x10
 577 0229 8B000000 		.4byte	0x8b
 578 022d 1C       		.byte	0x1c
 579 022e 01       		.uleb128 0x1
 580 022f 6E010000 		.4byte	.LASF32
 581 0233 09       		.byte	0x9
 582 0234 D804     		.2byte	0x4d8
 583 0236 10       		.byte	0x10
 584 0237 8B000000 		.4byte	0x8b
 585 023b 20       		.byte	0x20
 586 023c 01       		.uleb128 0x1
 587 023d 71030000 		.4byte	.LASF33
 588 0241 09       		.byte	0x9
 589 0242 D904     		.2byte	0x4d9
 590 0244 0F       		.byte	0xf
 591 0245 7F000000 		.4byte	0x7f
 592 0249 24       		.byte	0x24
 593 024a 01       		.uleb128 0x1
 594 024b 09020000 		.4byte	.LASF34
 595 024f 09       		.byte	0x9
 596 0250 DA04     		.2byte	0x4da
 597 0252 10       		.byte	0x10
 598 0253 8B000000 		.4byte	0x8b
 599 0257 28       		.byte	0x28
 600 0258 01       		.uleb128 0x1
 601 0259 75010000 		.4byte	.LASF35
 602 025d 09       		.byte	0x9
 603 025e DB04     		.2byte	0x4db
 604 0260 10       		.byte	0x10
 605 0261 8B000000 		.4byte	0x8b
 606 0265 2C       		.byte	0x2c
 607 0266 01       		.uleb128 0x1
 608 0267 17000000 		.4byte	.LASF36
 609 026b 09       		.byte	0x9
 610 026c DC04     		.2byte	0x4dc
 611 026e 10       		.byte	0x10
 612 026f 8B000000 		.4byte	0x8b
 613 0273 30       		.byte	0x30
 614 0274 01       		.uleb128 0x1
 615 0275 56010000 		.4byte	.LASF37
 616 0279 09       		.byte	0x9
 617 027a DD04     		.2byte	0x4dd
 618 027c 10       		.byte	0x10
 619 027d 8B000000 		.4byte	0x8b
 620 0281 34       		.byte	0x34
 621 0282 01       		.uleb128 0x1
 622 0283 CD030000 		.4byte	.LASF38
 623 0287 09       		.byte	0x9
 624 0288 DE04     		.2byte	0x4de
 625 028a 10       		.byte	0x10
 626 028b 8B000000 		.4byte	0x8b
 627 028f 38       		.byte	0x38
ARM GAS  C:\Users\DEVELO~1\AppData\Local\Temp\ccJlWCGp.s 			page 12


 628 0290 01       		.uleb128 0x1
 629 0291 C1010000 		.4byte	.LASF39
 630 0295 09       		.byte	0x9
 631 0296 DF04     		.2byte	0x4df
 632 0298 10       		.byte	0x10
 633 0299 8B000000 		.4byte	0x8b
 634 029d 3C       		.byte	0x3c
 635 029e 01       		.uleb128 0x1
 636 029f 8E010000 		.4byte	.LASF40
 637 02a3 09       		.byte	0x9
 638 02a4 E004     		.2byte	0x4e0
 639 02a6 10       		.byte	0x10
 640 02a7 8B000000 		.4byte	0x8b
 641 02ab 40       		.byte	0x40
 642 02ac 01       		.uleb128 0x1
 643 02ad F6020000 		.4byte	.LASF41
 644 02b1 09       		.byte	0x9
 645 02b2 E104     		.2byte	0x4e1
 646 02b4 10       		.byte	0x10
 647 02b5 8B000000 		.4byte	0x8b
 648 02b9 44       		.byte	0x44
 649 02ba 01       		.uleb128 0x1
 650 02bb 7B030000 		.4byte	.LASF42
 651 02bf 09       		.byte	0x9
 652 02c0 E204     		.2byte	0x4e2
 653 02c2 10       		.byte	0x10
 654 02c3 7F000000 		.4byte	0x7f
 655 02c7 48       		.byte	0x48
 656 02c8 01       		.uleb128 0x1
 657 02c9 6A050000 		.4byte	.LASF43
 658 02cd 09       		.byte	0x9
 659 02ce E304     		.2byte	0x4e3
 660 02d0 11       		.byte	0x11
 661 02d1 8B000000 		.4byte	0x8b
 662 02d5 4C       		.byte	0x4c
 663 02d6 01       		.uleb128 0x1
 664 02d7 A7010000 		.4byte	.LASF44
 665 02db 09       		.byte	0x9
 666 02dc E404     		.2byte	0x4e4
 667 02de 11       		.byte	0x11
 668 02df 8B000000 		.4byte	0x8b
 669 02e3 50       		.byte	0x50
 670 02e4 01       		.uleb128 0x1
 671 02e5 2D020000 		.4byte	.LASF45
 672 02e9 09       		.byte	0x9
 673 02ea E504     		.2byte	0x4e5
 674 02ec 11       		.byte	0x11
 675 02ed 8B000000 		.4byte	0x8b
 676 02f1 54       		.byte	0x54
 677 02f2 01       		.uleb128 0x1
 678 02f3 B0010000 		.4byte	.LASF46
 679 02f7 09       		.byte	0x9
 680 02f8 E604     		.2byte	0x4e6
 681 02fa 11       		.byte	0x11
 682 02fb 8B000000 		.4byte	0x8b
 683 02ff 58       		.byte	0x58
 684 0300 01       		.uleb128 0x1
ARM GAS  C:\Users\DEVELO~1\AppData\Local\Temp\ccJlWCGp.s 			page 13


 685 0301 2F040000 		.4byte	.LASF14
 686 0305 09       		.byte	0x9
 687 0306 E704     		.2byte	0x4e7
 688 0308 10       		.byte	0x10
 689 0309 7F000000 		.4byte	0x7f
 690 030d 5C       		.byte	0x5c
 691 030e 01       		.uleb128 0x1
 692 030f F6000000 		.4byte	.LASF47
 693 0313 09       		.byte	0x9
 694 0314 E804     		.2byte	0x4e8
 695 0316 11       		.byte	0x11
 696 0317 8B000000 		.4byte	0x8b
 697 031b 60       		.byte	0x60
 698 031c 01       		.uleb128 0x1
 699 031d 89010000 		.4byte	.LASF48
 700 0321 09       		.byte	0x9
 701 0322 E904     		.2byte	0x4e9
 702 0324 11       		.byte	0x11
 703 0325 8B000000 		.4byte	0x8b
 704 0329 64       		.byte	0x64
 705 032a 01       		.uleb128 0x1
 706 032b 31050000 		.4byte	.LASF49
 707 032f 09       		.byte	0x9
 708 0330 EA04     		.2byte	0x4ea
 709 0332 11       		.byte	0x11
 710 0333 8B000000 		.4byte	0x8b
 711 0337 68       		.byte	0x68
 712 0338 01       		.uleb128 0x1
 713 0339 8C030000 		.4byte	.LASF16
 714 033d 09       		.byte	0x9
 715 033e EB04     		.2byte	0x4eb
 716 0340 0F       		.byte	0xf
 717 0341 7F000000 		.4byte	0x7f
 718 0345 6C       		.byte	0x6c
 719 0346 01       		.uleb128 0x1
 720 0347 36050000 		.4byte	.LASF50
 721 034b 09       		.byte	0x9
 722 034c EC04     		.2byte	0x4ec
 723 034e 11       		.byte	0x11
 724 034f 8B000000 		.4byte	0x8b
 725 0353 70       		.byte	0x70
 726 0354 02       		.uleb128 0x2
 727 0355 43535200 		.ascii	"CSR\000"
 728 0359 09       		.byte	0x9
 729 035a ED04     		.2byte	0x4ed
 730 035c 11       		.byte	0x11
 731 035d 8B000000 		.4byte	0x8b
 732 0361 74       		.byte	0x74
 733 0362 01       		.uleb128 0x1
 734 0363 96030000 		.4byte	.LASF18
 735 0367 09       		.byte	0x9
 736 0368 EE04     		.2byte	0x4ee
 737 036a 0F       		.byte	0xf
 738 036b 7F000000 		.4byte	0x7f
 739 036f 78       		.byte	0x78
 740 0370 01       		.uleb128 0x1
 741 0371 1B020000 		.4byte	.LASF51
ARM GAS  C:\Users\DEVELO~1\AppData\Local\Temp\ccJlWCGp.s 			page 14


 742 0375 09       		.byte	0x9
 743 0376 EF04     		.2byte	0x4ef
 744 0378 10       		.byte	0x10
 745 0379 8B000000 		.4byte	0x8b
 746 037d 7C       		.byte	0x7c
 747 037e 01       		.uleb128 0x1
 748 037f 24010000 		.4byte	.LASF52
 749 0383 09       		.byte	0x9
 750 0384 F004     		.2byte	0x4f0
 751 0386 10       		.byte	0x10
 752 0387 8B000000 		.4byte	0x8b
 753 038b 80       		.byte	0x80
 754 038c 01       		.uleb128 0x1
 755 038d 66040000 		.4byte	.LASF53
 756 0391 09       		.byte	0x9
 757 0392 F104     		.2byte	0x4f1
 758 0394 10       		.byte	0x10
 759 0395 8B000000 		.4byte	0x8b
 760 0399 84       		.byte	0x84
 761 039a 01       		.uleb128 0x1
 762 039b FB000000 		.4byte	.LASF54
 763 039f 09       		.byte	0x9
 764 03a0 F204     		.2byte	0x4f2
 765 03a2 10       		.byte	0x10
 766 03a3 8B000000 		.4byte	0x8b
 767 03a7 88       		.byte	0x88
 768 03a8 01       		.uleb128 0x1
 769 03a9 FC040000 		.4byte	.LASF55
 770 03ad 09       		.byte	0x9
 771 03ae F304     		.2byte	0x4f3
 772 03b0 10       		.byte	0x10
 773 03b1 8B000000 		.4byte	0x8b
 774 03b5 8C       		.byte	0x8c
 775 03b6 01       		.uleb128 0x1
 776 03b7 E2020000 		.4byte	.LASF56
 777 03bb 09       		.byte	0x9
 778 03bc F404     		.2byte	0x4f4
 779 03be 10       		.byte	0x10
 780 03bf 8B000000 		.4byte	0x8b
 781 03c3 90       		.byte	0x90
 782 03c4 01       		.uleb128 0x1
 783 03c5 34030000 		.4byte	.LASF57
 784 03c9 09       		.byte	0x9
 785 03ca F504     		.2byte	0x4f5
 786 03cc 10       		.byte	0x10
 787 03cd 8B000000 		.4byte	0x8b
 788 03d1 94       		.byte	0x94
 789 03d2 01       		.uleb128 0x1
 790 03d3 60010000 		.4byte	.LASF58
 791 03d7 09       		.byte	0x9
 792 03d8 F604     		.2byte	0x4f6
 793 03da 10       		.byte	0x10
 794 03db 8B000000 		.4byte	0x8b
 795 03df 98       		.byte	0x98
 796 03e0 01       		.uleb128 0x1
 797 03e1 0F030000 		.4byte	.LASF59
 798 03e5 09       		.byte	0x9
ARM GAS  C:\Users\DEVELO~1\AppData\Local\Temp\ccJlWCGp.s 			page 15


 799 03e6 F704     		.2byte	0x4f7
 800 03e8 10       		.byte	0x10
 801 03e9 8B000000 		.4byte	0x8b
 802 03ed 9C       		.byte	0x9c
 803 03ee 02       		.uleb128 0x2
 804 03ef 47435200 		.ascii	"GCR\000"
 805 03f3 09       		.byte	0x9
 806 03f4 F804     		.2byte	0x4f8
 807 03f6 10       		.byte	0x10
 808 03f7 8B000000 		.4byte	0x8b
 809 03fb A0       		.byte	0xa0
 810 03fc 01       		.uleb128 0x1
 811 03fd AA030000 		.4byte	.LASF22
 812 0401 09       		.byte	0x9
 813 0402 F904     		.2byte	0x4f9
 814 0404 0F       		.byte	0xf
 815 0405 7F000000 		.4byte	0x7f
 816 0409 A4       		.byte	0xa4
 817 040a 01       		.uleb128 0x1
 818 040b C0000000 		.4byte	.LASF60
 819 040f 09       		.byte	0x9
 820 0410 FA04     		.2byte	0x4fa
 821 0412 10       		.byte	0x10
 822 0413 8B000000 		.4byte	0x8b
 823 0417 A8       		.byte	0xa8
 824 0418 01       		.uleb128 0x1
 825 0419 35010000 		.4byte	.LASF61
 826 041d 09       		.byte	0x9
 827 041e FB04     		.2byte	0x4fb
 828 0420 0F       		.byte	0xf
 829 0421 A4010000 		.4byte	0x1a4
 830 0425 AC       		.byte	0xac
 831 0426 02       		.uleb128 0x2
 832 0427 52535200 		.ascii	"RSR\000"
 833 042b 09       		.byte	0x9
 834 042c FC04     		.2byte	0x4fc
 835 042e 10       		.byte	0x10
 836 042f 8B000000 		.4byte	0x8b
 837 0433 D0       		.byte	0xd0
 838 0434 01       		.uleb128 0x1
 839 0435 13040000 		.4byte	.LASF62
 840 0439 09       		.byte	0x9
 841 043a FD04     		.2byte	0x4fd
 842 043c 10       		.byte	0x10
 843 043d 8B000000 		.4byte	0x8b
 844 0441 D4       		.byte	0xd4
 845 0442 01       		.uleb128 0x1
 846 0443 54050000 		.4byte	.LASF63
 847 0447 09       		.byte	0x9
 848 0448 FE04     		.2byte	0x4fe
 849 044a 10       		.byte	0x10
 850 044b 8B000000 		.4byte	0x8b
 851 044f D8       		.byte	0xd8
 852 0450 01       		.uleb128 0x1
 853 0451 F4040000 		.4byte	.LASF64
 854 0455 09       		.byte	0x9
 855 0456 FF04     		.2byte	0x4ff
ARM GAS  C:\Users\DEVELO~1\AppData\Local\Temp\ccJlWCGp.s 			page 16


 856 0458 10       		.byte	0x10
 857 0459 8B000000 		.4byte	0x8b
 858 045d DC       		.byte	0xdc
 859 045e 01       		.uleb128 0x1
 860 045f 5F030000 		.4byte	.LASF65
 861 0463 09       		.byte	0x9
 862 0464 0005     		.2byte	0x500
 863 0466 10       		.byte	0x10
 864 0467 8B000000 		.4byte	0x8b
 865 046b E0       		.byte	0xe0
 866 046c 01       		.uleb128 0x1
 867 046d 57030000 		.4byte	.LASF66
 868 0471 09       		.byte	0x9
 869 0472 0105     		.2byte	0x501
 870 0474 10       		.byte	0x10
 871 0475 8B000000 		.4byte	0x8b
 872 0479 E4       		.byte	0xe4
 873 047a 01       		.uleb128 0x1
 874 047b 61050000 		.4byte	.LASF67
 875 047f 09       		.byte	0x9
 876 0480 0205     		.2byte	0x502
 877 0482 10       		.byte	0x10
 878 0483 8B000000 		.4byte	0x8b
 879 0487 E8       		.byte	0xe8
 880 0488 01       		.uleb128 0x1
 881 0489 24020000 		.4byte	.LASF68
 882 048d 09       		.byte	0x9
 883 048e 0305     		.2byte	0x503
 884 0490 10       		.byte	0x10
 885 0491 8B000000 		.4byte	0x8b
 886 0495 EC       		.byte	0xec
 887 0496 01       		.uleb128 0x1
 888 0497 0B040000 		.4byte	.LASF69
 889 049b 09       		.byte	0x9
 890 049c 0405     		.2byte	0x504
 891 049e 10       		.byte	0x10
 892 049f 8B000000 		.4byte	0x8b
 893 04a3 F0       		.byte	0xf0
 894 04a4 01       		.uleb128 0x1
 895 04a5 2C030000 		.4byte	.LASF70
 896 04a9 09       		.byte	0x9
 897 04aa 0505     		.2byte	0x505
 898 04ac 10       		.byte	0x10
 899 04ad 8B000000 		.4byte	0x8b
 900 04b1 F4       		.byte	0xf4
 901 04b2 01       		.uleb128 0x1
 902 04b3 40010000 		.4byte	.LASF71
 903 04b7 09       		.byte	0x9
 904 04b8 0605     		.2byte	0x506
 905 04ba 10       		.byte	0x10
 906 04bb 7F000000 		.4byte	0x7f
 907 04bf F8       		.byte	0xf8
 908 04c0 01       		.uleb128 0x1
 909 04c1 EE030000 		.4byte	.LASF72
 910 04c5 09       		.byte	0x9
 911 04c6 0705     		.2byte	0x507
 912 04c8 10       		.byte	0x10
ARM GAS  C:\Users\DEVELO~1\AppData\Local\Temp\ccJlWCGp.s 			page 17


 913 04c9 8B000000 		.4byte	0x8b
 914 04cd FC       		.byte	0xfc
 915 04ce 04       		.uleb128 0x4
 916 04cf EC000000 		.4byte	.LASF73
 917 04d3 0805     		.2byte	0x508
 918 04d5 10       		.byte	0x10
 919 04d6 8B000000 		.4byte	0x8b
 920 04da 0001     		.2byte	0x100
 921 04dc 04       		.uleb128 0x4
 922 04dd 3E030000 		.4byte	.LASF74
 923 04e1 0905     		.2byte	0x509
 924 04e3 10       		.byte	0x10
 925 04e4 8B000000 		.4byte	0x8b
 926 04e8 0401     		.2byte	0x104
 927 04ea 04       		.uleb128 0x4
 928 04eb D4040000 		.4byte	.LASF75
 929 04ef 0A05     		.2byte	0x50a
 930 04f1 10       		.byte	0x10
 931 04f2 8B000000 		.4byte	0x8b
 932 04f6 0801     		.2byte	0x108
 933 04f8 04       		.uleb128 0x4
 934 04f9 48030000 		.4byte	.LASF76
 935 04fd 0B05     		.2byte	0x50b
 936 04ff 10       		.byte	0x10
 937 0500 8B000000 		.4byte	0x8b
 938 0504 0C01     		.2byte	0x10c
 939 0506 04       		.uleb128 0x4
 940 0507 26050000 		.4byte	.LASF77
 941 050b 0C05     		.2byte	0x50c
 942 050d 10       		.byte	0x10
 943 050e 8B000000 		.4byte	0x8b
 944 0512 1001     		.2byte	0x110
 945 0514 04       		.uleb128 0x4
 946 0515 84000000 		.4byte	.LASF78
 947 0519 0D05     		.2byte	0x50d
 948 051b 10       		.byte	0x10
 949 051c 8B000000 		.4byte	0x8b
 950 0520 1401     		.2byte	0x114
 951 0522 04       		.uleb128 0x4
 952 0523 EC020000 		.4byte	.LASF79
 953 0527 0E05     		.2byte	0x50e
 954 0529 10       		.byte	0x10
 955 052a 8B000000 		.4byte	0x8b
 956 052e 1801     		.2byte	0x118
 957 0530 04       		.uleb128 0x4
 958 0531 F8030000 		.4byte	.LASF80
 959 0535 0F05     		.2byte	0x50f
 960 0537 10       		.byte	0x10
 961 0538 8B000000 		.4byte	0x8b
 962 053c 1C01     		.2byte	0x11c
 963 053e 04       		.uleb128 0x4
 964 053f 4B010000 		.4byte	.LASF81
 965 0543 1005     		.2byte	0x510
 966 0545 0F       		.byte	0xf
 967 0546 9C000000 		.4byte	0x9c
 968 054a 2001     		.2byte	0x120
 969 054c 00       		.byte	0
ARM GAS  C:\Users\DEVELO~1\AppData\Local\Temp\ccJlWCGp.s 			page 18


 970 054d 0B       		.uleb128 0xb
 971 054e EA010000 		.4byte	.LASF82
 972 0552 09       		.byte	0x9
 973 0553 1205     		.2byte	0x512
 974 0555 03       		.byte	0x3
 975 0556 B4010000 		.4byte	0x1b4
 976 055a 03       		.uleb128 0x3
 977 055b 01       		.byte	0x1
 978 055c 02       		.byte	0x2
 979 055d C7030000 		.4byte	.LASF83
 980 0561 0E       		.uleb128 0xe
 981 0562 60       		.byte	0x60
 982 0563 0A       		.byte	0xa
 983 0564 F601     		.2byte	0x1f6
 984 0566 81060000 		.4byte	0x681
 985 056a 02       		.uleb128 0x2
 986 056b 43523100 		.ascii	"CR1\000"
 987 056f 0A       		.byte	0xa
 988 0570 F701     		.2byte	0x1f7
 989 0572 19       		.byte	0x19
 990 0573 8B000000 		.4byte	0x8b
 991 0577 00       		.byte	0
 992 0578 02       		.uleb128 0x2
 993 0579 43523200 		.ascii	"CR2\000"
 994 057d 0A       		.byte	0xa
 995 057e F801     		.2byte	0x1f8
 996 0580 19       		.byte	0x19
 997 0581 8B000000 		.4byte	0x8b
 998 0585 04       		.byte	0x4
 999 0586 01       		.uleb128 0x1
 1000 0587 5C040000 		.4byte	.LASF84
 1001 058b 0A       		.byte	0xa
 1002 058c F901     		.2byte	0x1f9
 1003 058e 19       		.byte	0x19
 1004 058f 8B000000 		.4byte	0x8b
 1005 0593 08       		.byte	0x8
 1006 0594 01       		.uleb128 0x1
 1007 0595 5E000000 		.4byte	.LASF85
 1008 0599 0A       		.byte	0xa
 1009 059a FA01     		.2byte	0x1fa
 1010 059c 19       		.byte	0x19
 1011 059d 8B000000 		.4byte	0x8b
 1012 05a1 0C       		.byte	0xc
 1013 05a2 02       		.uleb128 0x2
 1014 05a3 535200   		.ascii	"SR\000"
 1015 05a6 0A       		.byte	0xa
 1016 05a7 FB01     		.2byte	0x1fb
 1017 05a9 19       		.byte	0x19
 1018 05aa 8B000000 		.4byte	0x8b
 1019 05ae 10       		.byte	0x10
 1020 05af 02       		.uleb128 0x2
 1021 05b0 45475200 		.ascii	"EGR\000"
 1022 05b4 0A       		.byte	0xa
 1023 05b5 FC01     		.2byte	0x1fc
 1024 05b7 19       		.byte	0x19
 1025 05b8 8B000000 		.4byte	0x8b
 1026 05bc 14       		.byte	0x14
ARM GAS  C:\Users\DEVELO~1\AppData\Local\Temp\ccJlWCGp.s 			page 19


 1027 05bd 01       		.uleb128 0x1
 1028 05be 72050000 		.4byte	.LASF86
 1029 05c2 0A       		.byte	0xa
 1030 05c3 FD01     		.2byte	0x1fd
 1031 05c5 19       		.byte	0x19
 1032 05c6 8B000000 		.4byte	0x8b
 1033 05ca 18       		.byte	0x18
 1034 05cb 01       		.uleb128 0x1
 1035 05cc 04010000 		.4byte	.LASF87
 1036 05d0 0A       		.byte	0xa
 1037 05d1 FE01     		.2byte	0x1fe
 1038 05d3 19       		.byte	0x19
 1039 05d4 8B000000 		.4byte	0x8b
 1040 05d8 1C       		.byte	0x1c
 1041 05d9 01       		.uleb128 0x1
 1042 05da 69010000 		.4byte	.LASF88
 1043 05de 0A       		.byte	0xa
 1044 05df FF01     		.2byte	0x1ff
 1045 05e1 19       		.byte	0x19
 1046 05e2 8B000000 		.4byte	0x8b
 1047 05e6 20       		.byte	0x20
 1048 05e7 02       		.uleb128 0x2
 1049 05e8 434E5400 		.ascii	"CNT\000"
 1050 05ec 0A       		.byte	0xa
 1051 05ed 0002     		.2byte	0x200
 1052 05ef 19       		.byte	0x19
 1053 05f0 8B000000 		.4byte	0x8b
 1054 05f4 24       		.byte	0x24
 1055 05f5 02       		.uleb128 0x2
 1056 05f6 50534300 		.ascii	"PSC\000"
 1057 05fa 0A       		.byte	0xa
 1058 05fb 0102     		.2byte	0x201
 1059 05fd 19       		.byte	0x19
 1060 05fe 8B000000 		.4byte	0x8b
 1061 0602 28       		.byte	0x28
 1062 0603 02       		.uleb128 0x2
 1063 0604 41525200 		.ascii	"ARR\000"
 1064 0608 0A       		.byte	0xa
 1065 0609 0202     		.2byte	0x202
 1066 060b 19       		.byte	0x19
 1067 060c 8B000000 		.4byte	0x8b
 1068 0610 2C       		.byte	0x2c
 1069 0611 02       		.uleb128 0x2
 1070 0612 52435200 		.ascii	"RCR\000"
 1071 0616 0A       		.byte	0xa
 1072 0617 0302     		.2byte	0x203
 1073 0619 19       		.byte	0x19
 1074 061a 8B000000 		.4byte	0x8b
 1075 061e 30       		.byte	0x30
 1076 061f 02       		.uleb128 0x2
 1077 0620 43435200 		.ascii	"CCR\000"
 1078 0624 0A       		.byte	0xa
 1079 0625 0402     		.2byte	0x204
 1080 0627 19       		.byte	0x19
 1081 0628 BC000000 		.4byte	0xbc
 1082 062c 34       		.byte	0x34
 1083 062d 01       		.uleb128 0x1
ARM GAS  C:\Users\DEVELO~1\AppData\Local\Temp\ccJlWCGp.s 			page 20


 1084 062e E7000000 		.4byte	.LASF89
 1085 0632 0A       		.byte	0xa
 1086 0633 0502     		.2byte	0x205
 1087 0635 19       		.byte	0x19
 1088 0636 8B000000 		.4byte	0x8b
 1089 063a 44       		.byte	0x44
 1090 063b 02       		.uleb128 0x2
 1091 063c 44435200 		.ascii	"DCR\000"
 1092 0640 0A       		.byte	0xa
 1093 0641 1302     		.2byte	0x213
 1094 0643 19       		.byte	0x19
 1095 0644 8B000000 		.4byte	0x8b
 1096 0648 48       		.byte	0x48
 1097 0649 01       		.uleb128 0x1
 1098 064a 61040000 		.4byte	.LASF90
 1099 064e 0A       		.byte	0xa
 1100 064f 1402     		.2byte	0x214
 1101 0651 19       		.byte	0x19
 1102 0652 8B000000 		.4byte	0x8b
 1103 0656 4C       		.byte	0x4c
 1104 0657 02       		.uleb128 0x2
 1105 0658 4F5200   		.ascii	"OR\000"
 1106 065b 0A       		.byte	0xa
 1107 065c 1502     		.2byte	0x215
 1108 065e 19       		.byte	0x19
 1109 065f 8B000000 		.4byte	0x8b
 1110 0663 50       		.byte	0x50
 1111 0664 01       		.uleb128 0x1
 1112 0665 7E000000 		.4byte	.LASF91
 1113 0669 0A       		.byte	0xa
 1114 066a 1602     		.2byte	0x216
 1115 066c 19       		.byte	0x19
 1116 066d 8B000000 		.4byte	0x8b
 1117 0671 54       		.byte	0x54
 1118 0672 01       		.uleb128 0x1
 1119 0673 1B040000 		.4byte	.LASF92
 1120 0677 0A       		.byte	0xa
 1121 0678 1702     		.2byte	0x217
 1122 067a 19       		.byte	0x19
 1123 067b D1000000 		.4byte	0xd1
 1124 067f 58       		.byte	0x58
 1125 0680 00       		.byte	0
 1126 0681 0B       		.uleb128 0xb
 1127 0682 D6020000 		.4byte	.LASF93
 1128 0686 0A       		.byte	0xa
 1129 0687 1902     		.2byte	0x219
 1130 0689 03       		.byte	0x3
 1131 068a 61050000 		.4byte	0x561
 1132 068e 14       		.uleb128 0x14
 1133 068f 04       		.byte	0x4
 1134 0690 81060000 		.4byte	0x681
 1135 0694 15       		.uleb128 0x15
 1136 0695 C1040000 		.4byte	.LASF110
 1137 0699 04       		.byte	0x4
 1138 069a 2E01     		.2byte	0x12e
 1139 069c 08       		.byte	0x8
 1140 069d 0F       		.uleb128 0xf
ARM GAS  C:\Users\DEVELO~1\AppData\Local\Temp\ccJlWCGp.s 			page 21


 1141 069e 00000000 		.4byte	.LASF94
 1142 06a2 C701     		.2byte	0x1c7
 1143 06a4 00000000 		.4byte	.LFB449
 1144 06a8 2C000000 		.4byte	.LFE449-.LFB449
 1145 06ac 01       		.uleb128 0x1
 1146 06ad 9C       		.byte	0x9c
 1147 06ae FC070000 		.4byte	0x7fc
 1148 06b2 16       		.uleb128 0x16
 1149 06b3 737200   		.ascii	"sr\000"
 1150 06b6 01       		.byte	0x1
 1151 06b7 C901     		.2byte	0x1c9
 1152 06b9 0C       		.byte	0xc
 1153 06ba 7F000000 		.4byte	0x7f
 1154 06be 10000000 		.4byte	.LLST3
 1155 06c2 0C000000 		.4byte	.LVUS3
 1156 06c6 17       		.uleb128 0x17
 1157 06c7 52030000 		.4byte	.LASF111
 1158 06cb 01       		.byte	0x1
 1159 06cc CA01     		.2byte	0x1ca
 1160 06ce 10       		.byte	0x10
 1161 06cf 8E060000 		.4byte	0x68e
 1162 06d3 00000040 		.4byte	0x40000000
 1163 06d7 10       		.uleb128 0x10
 1164 06d8 94080000 		.4byte	0x894
 1165 06dc 1A000000 		.4byte	.LBI66
 1166 06e0 01       		.byte	.LVU63
 1167 06e1 1A000000 		.4byte	.LBB66
 1168 06e5 06000000 		.4byte	.LBE66-.LBB66
 1169 06e9 D301     		.2byte	0x1d3
 1170 06eb 59070000 		.4byte	0x759
 1171 06ef 05       		.uleb128 0x5
 1172 06f0 A6080000 		.4byte	0x8a6
 1173 06f4 1A000000 		.4byte	.LBI67
 1174 06f8 03       		.byte	.LVU65
 1175 06f9 1A000000 		.4byte	.LBB67
 1176 06fd 06000000 		.4byte	.LBE67-.LBB67
 1177 0701 03       		.byte	0x3
 1178 0702 5502     		.2byte	0x255
 1179 0704 03       		.byte	0x3
 1180 0705 05       		.uleb128 0x5
 1181 0706 B8080000 		.4byte	0x8b8
 1182 070a 1A000000 		.4byte	.LBI68
 1183 070e 05       		.byte	.LVU67
 1184 070f 1A000000 		.4byte	.LBB68
 1185 0713 06000000 		.4byte	.LBE68-.LBB68
 1186 0717 04       		.byte	0x4
 1187 0718 A201     		.2byte	0x1a2
 1188 071a 03       		.byte	0x3
 1189 071b 05       		.uleb128 0x5
 1190 071c CA080000 		.4byte	0x8ca
 1191 0720 1A000000 		.4byte	.LBI69
 1192 0724 07       		.byte	.LVU69
 1193 0725 1A000000 		.4byte	.LBB69
 1194 0729 06000000 		.4byte	.LBE69-.LBB69
 1195 072d 05       		.byte	0x5
 1196 072e 7103     		.2byte	0x371
 1197 0730 03       		.byte	0x3
ARM GAS  C:\Users\DEVELO~1\AppData\Local\Temp\ccJlWCGp.s 			page 22


 1198 0731 05       		.uleb128 0x5
 1199 0732 D3080000 		.4byte	0x8d3
 1200 0736 1A000000 		.4byte	.LBI70
 1201 073a 09       		.byte	.LVU71
 1202 073b 1A000000 		.4byte	.LBB70
 1203 073f 06000000 		.4byte	.LBE70-.LBB70
 1204 0743 05       		.byte	0x5
 1205 0744 5003     		.2byte	0x350
 1206 0746 03       		.byte	0x3
 1207 0747 09       		.uleb128 0x9
 1208 0748 DD080000 		.4byte	0x8dd
 1209 074c 27000000 		.4byte	.LLST4
 1210 0750 25000000 		.4byte	.LVUS4
 1211 0754 00       		.byte	0
 1212 0755 00       		.byte	0
 1213 0756 00       		.byte	0
 1214 0757 00       		.byte	0
 1215 0758 00       		.byte	0
 1216 0759 10       		.uleb128 0x10
 1217 075a 82080000 		.4byte	0x882
 1218 075e 20000000 		.4byte	.LBI72
 1219 0762 04       		.byte	.LVU77
 1220 0763 20000000 		.4byte	.LBB72
 1221 0767 04000000 		.4byte	.LBE72-.LBB72
 1222 076b D401     		.2byte	0x1d4
 1223 076d 7B070000 		.4byte	0x77b
 1224 0771 18       		.uleb128 0x18
 1225 0772 24000000 		.4byte	.LVL8
 1226 0776 94060000 		.4byte	0x694
 1227 077a 00       		.byte	0
 1228 077b 05       		.uleb128 0x5
 1229 077c 8B080000 		.4byte	0x88b
 1230 0780 24000000 		.4byte	.LBI74
 1231 0784 01       		.byte	.LVU80
 1232 0785 24000000 		.4byte	.LBB74
 1233 0789 06000000 		.4byte	.LBE74-.LBB74
 1234 078d 01       		.byte	0x1
 1235 078e D501     		.2byte	0x1d5
 1236 0790 05       		.byte	0x5
 1237 0791 05       		.uleb128 0x5
 1238 0792 9D080000 		.4byte	0x89d
 1239 0796 24000000 		.4byte	.LBI76
 1240 079a 03       		.byte	.LVU82
 1241 079b 24000000 		.4byte	.LBB76
 1242 079f 06000000 		.4byte	.LBE76-.LBB76
 1243 07a3 03       		.byte	0x3
 1244 07a4 6002     		.2byte	0x260
 1245 07a6 03       		.byte	0x3
 1246 07a7 05       		.uleb128 0x5
 1247 07a8 AF080000 		.4byte	0x8af
 1248 07ac 24000000 		.4byte	.LBI77
 1249 07b0 07       		.byte	.LVU86
 1250 07b1 24000000 		.4byte	.LBB77
 1251 07b5 06000000 		.4byte	.LBE77-.LBB77
 1252 07b9 04       		.byte	0x4
 1253 07ba BA01     		.2byte	0x1ba
 1254 07bc 03       		.byte	0x3
ARM GAS  C:\Users\DEVELO~1\AppData\Local\Temp\ccJlWCGp.s 			page 23


 1255 07bd 05       		.uleb128 0x5
 1256 07be C1080000 		.4byte	0x8c1
 1257 07c2 24000000 		.4byte	.LBI78
 1258 07c6 09       		.byte	.LVU88
 1259 07c7 24000000 		.4byte	.LBB78
 1260 07cb 06000000 		.4byte	.LBE78-.LBB78
 1261 07cf 05       		.byte	0x5
 1262 07d0 7C03     		.2byte	0x37c
 1263 07d2 03       		.byte	0x3
 1264 07d3 05       		.uleb128 0x5
 1265 07d4 D3080000 		.4byte	0x8d3
 1266 07d8 24000000 		.4byte	.LBI79
 1267 07dc 0B       		.byte	.LVU90
 1268 07dd 24000000 		.4byte	.LBB79
 1269 07e1 06000000 		.4byte	.LBE79-.LBB79
 1270 07e5 05       		.byte	0x5
 1271 07e6 6303     		.2byte	0x363
 1272 07e8 03       		.byte	0x3
 1273 07e9 09       		.uleb128 0x9
 1274 07ea DD080000 		.4byte	0x8dd
 1275 07ee 34000000 		.4byte	.LLST5
 1276 07f2 32000000 		.4byte	.LVUS5
 1277 07f6 00       		.byte	0
 1278 07f7 00       		.byte	0
 1279 07f8 00       		.byte	0
 1280 07f9 00       		.byte	0
 1281 07fa 00       		.byte	0
 1282 07fb 00       		.byte	0
 1283 07fc 0F       		.uleb128 0xf
 1284 07fd DB000000 		.4byte	.LASF95
 1285 0801 8E01     		.2byte	0x18e
 1286 0803 00000000 		.4byte	.LFB448
 1287 0807 54000000 		.4byte	.LFE448-.LFB448
 1288 080b 01       		.uleb128 0x1
 1289 080c 9C       		.byte	0x9c
 1290 080d 48080000 		.4byte	0x848
 1291 0811 19       		.uleb128 0x19
 1292 0812 02040000 		.4byte	.LASF112
 1293 0816 58080000 		.4byte	0x858
 1294 081a 1A       		.uleb128 0x1a
 1295 081b 5D080000 		.4byte	0x85d
 1296 081f 00000000 		.4byte	.LBI54
 1297 0823 08       		.byte	.LVU8
 1298 0824 0C000000 		.4byte	.LLRL0
 1299 0828 01       		.byte	0x1
 1300 0829 9801     		.2byte	0x198
 1301 082b 03       		.byte	0x3
 1302 082c 09       		.uleb128 0x9
 1303 082d 76080000 		.4byte	0x876
 1304 0831 40000000 		.4byte	.LLST1
 1305 0835 3E000000 		.4byte	.LVUS1
 1306 0839 09       		.uleb128 0x9
 1307 083a 6A080000 		.4byte	0x86a
 1308 083e 40000000 		.4byte	.LLST1
 1309 0842 3E000000 		.4byte	.LVUS1
 1310 0846 00       		.byte	0
 1311 0847 00       		.byte	0
ARM GAS  C:\Users\DEVELO~1\AppData\Local\Temp\ccJlWCGp.s 			page 24


 1312 0848 07       		.uleb128 0x7
 1313 0849 97000000 		.4byte	0x97
 1314 084d 58080000 		.4byte	0x858
 1315 0851 08       		.uleb128 0x8
 1316 0852 2D000000 		.4byte	0x2d
 1317 0856 0B       		.byte	0xb
 1318 0857 00       		.byte	0
 1319 0858 0D       		.uleb128 0xd
 1320 0859 48080000 		.4byte	0x848
 1321 085d 1B       		.uleb128 0x1b
 1322 085e 00030000 		.4byte	.LASF113
 1323 0862 02       		.byte	0x2
 1324 0863 8D       		.byte	0x8d
 1325 0864 16       		.byte	0x16
 1326 0865 03       		.byte	0x3
 1327 0866 82080000 		.4byte	0x882
 1328 086a 1C       		.uleb128 0x1c
 1329 086b A2010000 		.4byte	.LASF96
 1330 086f 02       		.byte	0x2
 1331 0870 8D       		.byte	0x8d
 1332 0871 2E       		.byte	0x2e
 1333 0872 7F000000 		.4byte	0x7f
 1334 0876 1D       		.uleb128 0x1d
 1335 0877 6C7000   		.ascii	"lp\000"
 1336 087a 02       		.byte	0x2
 1337 087b 8D       		.byte	0x8d
 1338 087c 39       		.byte	0x39
 1339 087d 5A050000 		.4byte	0x55a
 1340 0881 00       		.byte	0
 1341 0882 06       		.uleb128 0x6
 1342 0883 18030000 		.4byte	.LASF97
 1343 0887 03       		.byte	0x3
 1344 0888 9902     		.2byte	0x299
 1345 088a 14       		.byte	0x14
 1346 088b 06       		.uleb128 0x6
 1347 088c C6000000 		.4byte	.LASF98
 1348 0890 03       		.byte	0x3
 1349 0891 5E02     		.2byte	0x25e
 1350 0893 14       		.byte	0x14
 1351 0894 06       		.uleb128 0x6
 1352 0895 63000000 		.4byte	.LASF99
 1353 0899 03       		.byte	0x3
 1354 089a 5302     		.2byte	0x253
 1355 089c 14       		.byte	0x14
 1356 089d 06       		.uleb128 0x6
 1357 089e B4030000 		.4byte	.LASF100
 1358 08a2 04       		.byte	0x4
 1359 08a3 B601     		.2byte	0x1b6
 1360 08a5 14       		.byte	0x14
 1361 08a6 06       		.uleb128 0x6
 1362 08a7 3B050000 		.4byte	.LASF101
 1363 08ab 04       		.byte	0x4
 1364 08ac A001     		.2byte	0x1a0
 1365 08ae 14       		.byte	0x14
 1366 08af 06       		.uleb128 0x6
 1367 08b0 6F040000 		.4byte	.LASF102
 1368 08b4 05       		.byte	0x5
ARM GAS  C:\Users\DEVELO~1\AppData\Local\Temp\ccJlWCGp.s 			page 25


 1369 08b5 7A03     		.2byte	0x37a
 1370 08b7 1B       		.byte	0x1b
 1371 08b8 06       		.uleb128 0x6
 1372 08b9 0D050000 		.4byte	.LASF103
 1373 08bd 05       		.byte	0x5
 1374 08be 6F03     		.2byte	0x36f
 1375 08c0 1B       		.byte	0x1b
 1376 08c1 06       		.uleb128 0x6
 1377 08c2 7D010000 		.4byte	.LASF104
 1378 08c6 05       		.byte	0x5
 1379 08c7 6003     		.2byte	0x360
 1380 08c9 1B       		.byte	0x1b
 1381 08ca 06       		.uleb128 0x6
 1382 08cb 98000000 		.4byte	.LASF105
 1383 08cf 05       		.byte	0x5
 1384 08d0 4803     		.2byte	0x348
 1385 08d2 1B       		.byte	0x1b
 1386 08d3 1E       		.uleb128 0x1e
 1387 08d4 DE040000 		.4byte	.LASF114
 1388 08d8 06       		.byte	0x6
 1389 08d9 EB01     		.2byte	0x1eb
 1390 08db 1B       		.byte	0x1b
 1391 08dc 03       		.byte	0x3
 1392 08dd 1F       		.uleb128 0x1f
 1393 08de 2D010000 		.4byte	.LASF106
 1394 08e2 06       		.byte	0x6
 1395 08e3 EB01     		.2byte	0x1eb
 1396 08e5 32       		.byte	0x32
 1397 08e6 7F000000 		.4byte	0x7f
 1398 08ea 00       		.byte	0
 1399 08eb 00       		.byte	0
 1400              		.section	.debug_abbrev,"",%progbits
 1401              	.Ldebug_abbrev0:
 1402 0000 01       		.uleb128 0x1
 1403 0001 0D       		.uleb128 0xd
 1404 0002 00       		.byte	0
 1405 0003 03       		.uleb128 0x3
 1406 0004 0E       		.uleb128 0xe
 1407 0005 3A       		.uleb128 0x3a
 1408 0006 0B       		.uleb128 0xb
 1409 0007 3B       		.uleb128 0x3b
 1410 0008 05       		.uleb128 0x5
 1411 0009 39       		.uleb128 0x39
 1412 000a 0B       		.uleb128 0xb
 1413 000b 49       		.uleb128 0x49
 1414 000c 13       		.uleb128 0x13
 1415 000d 38       		.uleb128 0x38
 1416 000e 0B       		.uleb128 0xb
 1417 000f 00       		.byte	0
 1418 0010 00       		.byte	0
 1419 0011 02       		.uleb128 0x2
 1420 0012 0D       		.uleb128 0xd
 1421 0013 00       		.byte	0
 1422 0014 03       		.uleb128 0x3
 1423 0015 08       		.uleb128 0x8
 1424 0016 3A       		.uleb128 0x3a
 1425 0017 0B       		.uleb128 0xb
ARM GAS  C:\Users\DEVELO~1\AppData\Local\Temp\ccJlWCGp.s 			page 26


 1426 0018 3B       		.uleb128 0x3b
 1427 0019 05       		.uleb128 0x5
 1428 001a 39       		.uleb128 0x39
 1429 001b 0B       		.uleb128 0xb
 1430 001c 49       		.uleb128 0x49
 1431 001d 13       		.uleb128 0x13
 1432 001e 38       		.uleb128 0x38
 1433 001f 0B       		.uleb128 0xb
 1434 0020 00       		.byte	0
 1435 0021 00       		.byte	0
 1436 0022 03       		.uleb128 0x3
 1437 0023 24       		.uleb128 0x24
 1438 0024 00       		.byte	0
 1439 0025 0B       		.uleb128 0xb
 1440 0026 0B       		.uleb128 0xb
 1441 0027 3E       		.uleb128 0x3e
 1442 0028 0B       		.uleb128 0xb
 1443 0029 03       		.uleb128 0x3
 1444 002a 0E       		.uleb128 0xe
 1445 002b 00       		.byte	0
 1446 002c 00       		.byte	0
 1447 002d 04       		.uleb128 0x4
 1448 002e 0D       		.uleb128 0xd
 1449 002f 00       		.byte	0
 1450 0030 03       		.uleb128 0x3
 1451 0031 0E       		.uleb128 0xe
 1452 0032 3A       		.uleb128 0x3a
 1453 0033 21       		.uleb128 0x21
 1454 0034 09       		.sleb128 9
 1455 0035 3B       		.uleb128 0x3b
 1456 0036 05       		.uleb128 0x5
 1457 0037 39       		.uleb128 0x39
 1458 0038 0B       		.uleb128 0xb
 1459 0039 49       		.uleb128 0x49
 1460 003a 13       		.uleb128 0x13
 1461 003b 38       		.uleb128 0x38
 1462 003c 05       		.uleb128 0x5
 1463 003d 00       		.byte	0
 1464 003e 00       		.byte	0
 1465 003f 05       		.uleb128 0x5
 1466 0040 1D       		.uleb128 0x1d
 1467 0041 01       		.byte	0x1
 1468 0042 31       		.uleb128 0x31
 1469 0043 13       		.uleb128 0x13
 1470 0044 52       		.uleb128 0x52
 1471 0045 01       		.uleb128 0x1
 1472 0046 B842     		.uleb128 0x2138
 1473 0048 0B       		.uleb128 0xb
 1474 0049 11       		.uleb128 0x11
 1475 004a 01       		.uleb128 0x1
 1476 004b 12       		.uleb128 0x12
 1477 004c 06       		.uleb128 0x6
 1478 004d 58       		.uleb128 0x58
 1479 004e 0B       		.uleb128 0xb
 1480 004f 59       		.uleb128 0x59
 1481 0050 05       		.uleb128 0x5
 1482 0051 57       		.uleb128 0x57
ARM GAS  C:\Users\DEVELO~1\AppData\Local\Temp\ccJlWCGp.s 			page 27


 1483 0052 0B       		.uleb128 0xb
 1484 0053 00       		.byte	0
 1485 0054 00       		.byte	0
 1486 0055 06       		.uleb128 0x6
 1487 0056 2E       		.uleb128 0x2e
 1488 0057 00       		.byte	0
 1489 0058 03       		.uleb128 0x3
 1490 0059 0E       		.uleb128 0xe
 1491 005a 3A       		.uleb128 0x3a
 1492 005b 0B       		.uleb128 0xb
 1493 005c 3B       		.uleb128 0x3b
 1494 005d 05       		.uleb128 0x5
 1495 005e 39       		.uleb128 0x39
 1496 005f 0B       		.uleb128 0xb
 1497 0060 27       		.uleb128 0x27
 1498 0061 19       		.uleb128 0x19
 1499 0062 20       		.uleb128 0x20
 1500 0063 21       		.uleb128 0x21
 1501 0064 03       		.sleb128 3
 1502 0065 00       		.byte	0
 1503 0066 00       		.byte	0
 1504 0067 07       		.uleb128 0x7
 1505 0068 01       		.uleb128 0x1
 1506 0069 01       		.byte	0x1
 1507 006a 49       		.uleb128 0x49
 1508 006b 13       		.uleb128 0x13
 1509 006c 01       		.uleb128 0x1
 1510 006d 13       		.uleb128 0x13
 1511 006e 00       		.byte	0
 1512 006f 00       		.byte	0
 1513 0070 08       		.uleb128 0x8
 1514 0071 21       		.uleb128 0x21
 1515 0072 00       		.byte	0
 1516 0073 49       		.uleb128 0x49
 1517 0074 13       		.uleb128 0x13
 1518 0075 2F       		.uleb128 0x2f
 1519 0076 0B       		.uleb128 0xb
 1520 0077 00       		.byte	0
 1521 0078 00       		.byte	0
 1522 0079 09       		.uleb128 0x9
 1523 007a 05       		.uleb128 0x5
 1524 007b 00       		.byte	0
 1525 007c 31       		.uleb128 0x31
 1526 007d 13       		.uleb128 0x13
 1527 007e 02       		.uleb128 0x2
 1528 007f 17       		.uleb128 0x17
 1529 0080 B742     		.uleb128 0x2137
 1530 0082 17       		.uleb128 0x17
 1531 0083 00       		.byte	0
 1532 0084 00       		.byte	0
 1533 0085 0A       		.uleb128 0xa
 1534 0086 35       		.uleb128 0x35
 1535 0087 00       		.byte	0
 1536 0088 49       		.uleb128 0x49
 1537 0089 13       		.uleb128 0x13
 1538 008a 00       		.byte	0
 1539 008b 00       		.byte	0
ARM GAS  C:\Users\DEVELO~1\AppData\Local\Temp\ccJlWCGp.s 			page 28


 1540 008c 0B       		.uleb128 0xb
 1541 008d 16       		.uleb128 0x16
 1542 008e 00       		.byte	0
 1543 008f 03       		.uleb128 0x3
 1544 0090 0E       		.uleb128 0xe
 1545 0091 3A       		.uleb128 0x3a
 1546 0092 0B       		.uleb128 0xb
 1547 0093 3B       		.uleb128 0x3b
 1548 0094 05       		.uleb128 0x5
 1549 0095 39       		.uleb128 0x39
 1550 0096 0B       		.uleb128 0xb
 1551 0097 49       		.uleb128 0x49
 1552 0098 13       		.uleb128 0x13
 1553 0099 00       		.byte	0
 1554 009a 00       		.byte	0
 1555 009b 0C       		.uleb128 0xc
 1556 009c 16       		.uleb128 0x16
 1557 009d 00       		.byte	0
 1558 009e 03       		.uleb128 0x3
 1559 009f 0E       		.uleb128 0xe
 1560 00a0 3A       		.uleb128 0x3a
 1561 00a1 0B       		.uleb128 0xb
 1562 00a2 3B       		.uleb128 0x3b
 1563 00a3 0B       		.uleb128 0xb
 1564 00a4 39       		.uleb128 0x39
 1565 00a5 0B       		.uleb128 0xb
 1566 00a6 49       		.uleb128 0x49
 1567 00a7 13       		.uleb128 0x13
 1568 00a8 00       		.byte	0
 1569 00a9 00       		.byte	0
 1570 00aa 0D       		.uleb128 0xd
 1571 00ab 26       		.uleb128 0x26
 1572 00ac 00       		.byte	0
 1573 00ad 49       		.uleb128 0x49
 1574 00ae 13       		.uleb128 0x13
 1575 00af 00       		.byte	0
 1576 00b0 00       		.byte	0
 1577 00b1 0E       		.uleb128 0xe
 1578 00b2 13       		.uleb128 0x13
 1579 00b3 01       		.byte	0x1
 1580 00b4 0B       		.uleb128 0xb
 1581 00b5 0B       		.uleb128 0xb
 1582 00b6 3A       		.uleb128 0x3a
 1583 00b7 0B       		.uleb128 0xb
 1584 00b8 3B       		.uleb128 0x3b
 1585 00b9 05       		.uleb128 0x5
 1586 00ba 39       		.uleb128 0x39
 1587 00bb 21       		.uleb128 0x21
 1588 00bc 09       		.sleb128 9
 1589 00bd 01       		.uleb128 0x1
 1590 00be 13       		.uleb128 0x13
 1591 00bf 00       		.byte	0
 1592 00c0 00       		.byte	0
 1593 00c1 0F       		.uleb128 0xf
 1594 00c2 2E       		.uleb128 0x2e
 1595 00c3 01       		.byte	0x1
 1596 00c4 3F       		.uleb128 0x3f
ARM GAS  C:\Users\DEVELO~1\AppData\Local\Temp\ccJlWCGp.s 			page 29


 1597 00c5 19       		.uleb128 0x19
 1598 00c6 03       		.uleb128 0x3
 1599 00c7 0E       		.uleb128 0xe
 1600 00c8 3A       		.uleb128 0x3a
 1601 00c9 21       		.uleb128 0x21
 1602 00ca 01       		.sleb128 1
 1603 00cb 3B       		.uleb128 0x3b
 1604 00cc 05       		.uleb128 0x5
 1605 00cd 39       		.uleb128 0x39
 1606 00ce 21       		.uleb128 0x21
 1607 00cf 06       		.sleb128 6
 1608 00d0 27       		.uleb128 0x27
 1609 00d1 19       		.uleb128 0x19
 1610 00d2 11       		.uleb128 0x11
 1611 00d3 01       		.uleb128 0x1
 1612 00d4 12       		.uleb128 0x12
 1613 00d5 06       		.uleb128 0x6
 1614 00d6 40       		.uleb128 0x40
 1615 00d7 18       		.uleb128 0x18
 1616 00d8 7A       		.uleb128 0x7a
 1617 00d9 19       		.uleb128 0x19
 1618 00da 01       		.uleb128 0x1
 1619 00db 13       		.uleb128 0x13
 1620 00dc 00       		.byte	0
 1621 00dd 00       		.byte	0
 1622 00de 10       		.uleb128 0x10
 1623 00df 1D       		.uleb128 0x1d
 1624 00e0 01       		.byte	0x1
 1625 00e1 31       		.uleb128 0x31
 1626 00e2 13       		.uleb128 0x13
 1627 00e3 52       		.uleb128 0x52
 1628 00e4 01       		.uleb128 0x1
 1629 00e5 B842     		.uleb128 0x2138
 1630 00e7 0B       		.uleb128 0xb
 1631 00e8 11       		.uleb128 0x11
 1632 00e9 01       		.uleb128 0x1
 1633 00ea 12       		.uleb128 0x12
 1634 00eb 06       		.uleb128 0x6
 1635 00ec 58       		.uleb128 0x58
 1636 00ed 21       		.uleb128 0x21
 1637 00ee 01       		.sleb128 1
 1638 00ef 59       		.uleb128 0x59
 1639 00f0 05       		.uleb128 0x5
 1640 00f1 57       		.uleb128 0x57
 1641 00f2 21       		.uleb128 0x21
 1642 00f3 05       		.sleb128 5
 1643 00f4 01       		.uleb128 0x1
 1644 00f5 13       		.uleb128 0x13
 1645 00f6 00       		.byte	0
 1646 00f7 00       		.byte	0
 1647 00f8 11       		.uleb128 0x11
 1648 00f9 11       		.uleb128 0x11
 1649 00fa 01       		.byte	0x1
 1650 00fb 25       		.uleb128 0x25
 1651 00fc 0E       		.uleb128 0xe
 1652 00fd 13       		.uleb128 0x13
 1653 00fe 0B       		.uleb128 0xb
ARM GAS  C:\Users\DEVELO~1\AppData\Local\Temp\ccJlWCGp.s 			page 30


 1654 00ff 03       		.uleb128 0x3
 1655 0100 0E       		.uleb128 0xe
 1656 0101 1B       		.uleb128 0x1b
 1657 0102 0E       		.uleb128 0xe
 1658 0103 55       		.uleb128 0x55
 1659 0104 17       		.uleb128 0x17
 1660 0105 11       		.uleb128 0x11
 1661 0106 01       		.uleb128 0x1
 1662 0107 10       		.uleb128 0x10
 1663 0108 17       		.uleb128 0x17
 1664 0109 00       		.byte	0
 1665 010a 00       		.byte	0
 1666 010b 12       		.uleb128 0x12
 1667 010c 24       		.uleb128 0x24
 1668 010d 00       		.byte	0
 1669 010e 0B       		.uleb128 0xb
 1670 010f 0B       		.uleb128 0xb
 1671 0110 3E       		.uleb128 0x3e
 1672 0111 0B       		.uleb128 0xb
 1673 0112 03       		.uleb128 0x3
 1674 0113 08       		.uleb128 0x8
 1675 0114 00       		.byte	0
 1676 0115 00       		.byte	0
 1677 0116 13       		.uleb128 0x13
 1678 0117 13       		.uleb128 0x13
 1679 0118 01       		.byte	0x1
 1680 0119 0B       		.uleb128 0xb
 1681 011a 05       		.uleb128 0x5
 1682 011b 3A       		.uleb128 0x3a
 1683 011c 0B       		.uleb128 0xb
 1684 011d 3B       		.uleb128 0x3b
 1685 011e 05       		.uleb128 0x5
 1686 011f 39       		.uleb128 0x39
 1687 0120 0B       		.uleb128 0xb
 1688 0121 01       		.uleb128 0x1
 1689 0122 13       		.uleb128 0x13
 1690 0123 00       		.byte	0
 1691 0124 00       		.byte	0
 1692 0125 14       		.uleb128 0x14
 1693 0126 0F       		.uleb128 0xf
 1694 0127 00       		.byte	0
 1695 0128 0B       		.uleb128 0xb
 1696 0129 0B       		.uleb128 0xb
 1697 012a 49       		.uleb128 0x49
 1698 012b 13       		.uleb128 0x13
 1699 012c 00       		.byte	0
 1700 012d 00       		.byte	0
 1701 012e 15       		.uleb128 0x15
 1702 012f 2E       		.uleb128 0x2e
 1703 0130 00       		.byte	0
 1704 0131 3F       		.uleb128 0x3f
 1705 0132 19       		.uleb128 0x19
 1706 0133 03       		.uleb128 0x3
 1707 0134 0E       		.uleb128 0xe
 1708 0135 3A       		.uleb128 0x3a
 1709 0136 0B       		.uleb128 0xb
 1710 0137 3B       		.uleb128 0x3b
ARM GAS  C:\Users\DEVELO~1\AppData\Local\Temp\ccJlWCGp.s 			page 31


 1711 0138 05       		.uleb128 0x5
 1712 0139 39       		.uleb128 0x39
 1713 013a 0B       		.uleb128 0xb
 1714 013b 27       		.uleb128 0x27
 1715 013c 19       		.uleb128 0x19
 1716 013d 3C       		.uleb128 0x3c
 1717 013e 19       		.uleb128 0x19
 1718 013f 00       		.byte	0
 1719 0140 00       		.byte	0
 1720 0141 16       		.uleb128 0x16
 1721 0142 34       		.uleb128 0x34
 1722 0143 00       		.byte	0
 1723 0144 03       		.uleb128 0x3
 1724 0145 08       		.uleb128 0x8
 1725 0146 3A       		.uleb128 0x3a
 1726 0147 0B       		.uleb128 0xb
 1727 0148 3B       		.uleb128 0x3b
 1728 0149 05       		.uleb128 0x5
 1729 014a 39       		.uleb128 0x39
 1730 014b 0B       		.uleb128 0xb
 1731 014c 49       		.uleb128 0x49
 1732 014d 13       		.uleb128 0x13
 1733 014e 02       		.uleb128 0x2
 1734 014f 17       		.uleb128 0x17
 1735 0150 B742     		.uleb128 0x2137
 1736 0152 17       		.uleb128 0x17
 1737 0153 00       		.byte	0
 1738 0154 00       		.byte	0
 1739 0155 17       		.uleb128 0x17
 1740 0156 34       		.uleb128 0x34
 1741 0157 00       		.byte	0
 1742 0158 03       		.uleb128 0x3
 1743 0159 0E       		.uleb128 0xe
 1744 015a 3A       		.uleb128 0x3a
 1745 015b 0B       		.uleb128 0xb
 1746 015c 3B       		.uleb128 0x3b
 1747 015d 05       		.uleb128 0x5
 1748 015e 39       		.uleb128 0x39
 1749 015f 0B       		.uleb128 0xb
 1750 0160 49       		.uleb128 0x49
 1751 0161 13       		.uleb128 0x13
 1752 0162 1C       		.uleb128 0x1c
 1753 0163 06       		.uleb128 0x6
 1754 0164 00       		.byte	0
 1755 0165 00       		.byte	0
 1756 0166 18       		.uleb128 0x18
 1757 0167 48       		.uleb128 0x48
 1758 0168 00       		.byte	0
 1759 0169 7D       		.uleb128 0x7d
 1760 016a 01       		.uleb128 0x1
 1761 016b 7F       		.uleb128 0x7f
 1762 016c 13       		.uleb128 0x13
 1763 016d 00       		.byte	0
 1764 016e 00       		.byte	0
 1765 016f 19       		.uleb128 0x19
 1766 0170 34       		.uleb128 0x34
 1767 0171 00       		.byte	0
ARM GAS  C:\Users\DEVELO~1\AppData\Local\Temp\ccJlWCGp.s 			page 32


 1768 0172 03       		.uleb128 0x3
 1769 0173 0E       		.uleb128 0xe
 1770 0174 49       		.uleb128 0x49
 1771 0175 13       		.uleb128 0x13
 1772 0176 34       		.uleb128 0x34
 1773 0177 19       		.uleb128 0x19
 1774 0178 00       		.byte	0
 1775 0179 00       		.byte	0
 1776 017a 1A       		.uleb128 0x1a
 1777 017b 1D       		.uleb128 0x1d
 1778 017c 01       		.byte	0x1
 1779 017d 31       		.uleb128 0x31
 1780 017e 13       		.uleb128 0x13
 1781 017f 52       		.uleb128 0x52
 1782 0180 01       		.uleb128 0x1
 1783 0181 B842     		.uleb128 0x2138
 1784 0183 0B       		.uleb128 0xb
 1785 0184 55       		.uleb128 0x55
 1786 0185 17       		.uleb128 0x17
 1787 0186 58       		.uleb128 0x58
 1788 0187 0B       		.uleb128 0xb
 1789 0188 59       		.uleb128 0x59
 1790 0189 05       		.uleb128 0x5
 1791 018a 57       		.uleb128 0x57
 1792 018b 0B       		.uleb128 0xb
 1793 018c 00       		.byte	0
 1794 018d 00       		.byte	0
 1795 018e 1B       		.uleb128 0x1b
 1796 018f 2E       		.uleb128 0x2e
 1797 0190 01       		.byte	0x1
 1798 0191 03       		.uleb128 0x3
 1799 0192 0E       		.uleb128 0xe
 1800 0193 3A       		.uleb128 0x3a
 1801 0194 0B       		.uleb128 0xb
 1802 0195 3B       		.uleb128 0x3b
 1803 0196 0B       		.uleb128 0xb
 1804 0197 39       		.uleb128 0x39
 1805 0198 0B       		.uleb128 0xb
 1806 0199 27       		.uleb128 0x27
 1807 019a 19       		.uleb128 0x19
 1808 019b 20       		.uleb128 0x20
 1809 019c 0B       		.uleb128 0xb
 1810 019d 01       		.uleb128 0x1
 1811 019e 13       		.uleb128 0x13
 1812 019f 00       		.byte	0
 1813 01a0 00       		.byte	0
 1814 01a1 1C       		.uleb128 0x1c
 1815 01a2 05       		.uleb128 0x5
 1816 01a3 00       		.byte	0
 1817 01a4 03       		.uleb128 0x3
 1818 01a5 0E       		.uleb128 0xe
 1819 01a6 3A       		.uleb128 0x3a
 1820 01a7 0B       		.uleb128 0xb
 1821 01a8 3B       		.uleb128 0x3b
 1822 01a9 0B       		.uleb128 0xb
 1823 01aa 39       		.uleb128 0x39
 1824 01ab 0B       		.uleb128 0xb
ARM GAS  C:\Users\DEVELO~1\AppData\Local\Temp\ccJlWCGp.s 			page 33


 1825 01ac 49       		.uleb128 0x49
 1826 01ad 13       		.uleb128 0x13
 1827 01ae 00       		.byte	0
 1828 01af 00       		.byte	0
 1829 01b0 1D       		.uleb128 0x1d
 1830 01b1 05       		.uleb128 0x5
 1831 01b2 00       		.byte	0
 1832 01b3 03       		.uleb128 0x3
 1833 01b4 08       		.uleb128 0x8
 1834 01b5 3A       		.uleb128 0x3a
 1835 01b6 0B       		.uleb128 0xb
 1836 01b7 3B       		.uleb128 0x3b
 1837 01b8 0B       		.uleb128 0xb
 1838 01b9 39       		.uleb128 0x39
 1839 01ba 0B       		.uleb128 0xb
 1840 01bb 49       		.uleb128 0x49
 1841 01bc 13       		.uleb128 0x13
 1842 01bd 00       		.byte	0
 1843 01be 00       		.byte	0
 1844 01bf 1E       		.uleb128 0x1e
 1845 01c0 2E       		.uleb128 0x2e
 1846 01c1 01       		.byte	0x1
 1847 01c2 03       		.uleb128 0x3
 1848 01c3 0E       		.uleb128 0xe
 1849 01c4 3A       		.uleb128 0x3a
 1850 01c5 0B       		.uleb128 0xb
 1851 01c6 3B       		.uleb128 0x3b
 1852 01c7 05       		.uleb128 0x5
 1853 01c8 39       		.uleb128 0x39
 1854 01c9 0B       		.uleb128 0xb
 1855 01ca 27       		.uleb128 0x27
 1856 01cb 19       		.uleb128 0x19
 1857 01cc 20       		.uleb128 0x20
 1858 01cd 0B       		.uleb128 0xb
 1859 01ce 00       		.byte	0
 1860 01cf 00       		.byte	0
 1861 01d0 1F       		.uleb128 0x1f
 1862 01d1 05       		.uleb128 0x5
 1863 01d2 00       		.byte	0
 1864 01d3 03       		.uleb128 0x3
 1865 01d4 0E       		.uleb128 0xe
 1866 01d5 3A       		.uleb128 0x3a
 1867 01d6 0B       		.uleb128 0xb
 1868 01d7 3B       		.uleb128 0x3b
 1869 01d8 05       		.uleb128 0x5
 1870 01d9 39       		.uleb128 0x39
 1871 01da 0B       		.uleb128 0xb
 1872 01db 49       		.uleb128 0x49
 1873 01dc 13       		.uleb128 0x13
 1874 01dd 00       		.byte	0
 1875 01de 00       		.byte	0
 1876 01df 00       		.byte	0
 1877              		.section	.debug_loclists,"",%progbits
 1878 0000 46000000 		.4byte	.Ldebug_loc3-.Ldebug_loc2
 1879              	.Ldebug_loc2:
 1880 0004 0500     		.2byte	0x5
 1881 0006 04       		.byte	0x4
ARM GAS  C:\Users\DEVELO~1\AppData\Local\Temp\ccJlWCGp.s 			page 34


 1882 0007 00       		.byte	0
 1883 0008 00000000 		.4byte	0
 1884              	.Ldebug_loc0:
 1885              	.LVUS3:
 1886 000c 00       		.uleb128 .LVU52
 1887 000d 00       		.uleb128 .LVU54
 1888 000e 00       		.uleb128 .LVU54
 1889 000f 00       		.uleb128 .LVU57
 1890              	.LLST3:
 1891 0010 06       		.byte	0x6
 1892 0011 08000000 		.4byte	.LVL3
 1893 0015 04       		.byte	0x4
 1894 0016 00       		.uleb128 .LVL3-.LVL3
 1895 0017 04       		.uleb128 .LVL4-.LVL3
 1896 0018 01       		.uleb128 0x1
 1897 0019 51       		.byte	0x51
 1898 001a 04       		.byte	0x4
 1899 001b 04       		.uleb128 .LVL4-.LVL3
 1900 001c 08       		.uleb128 .LVL5-.LVL3
 1901 001d 06       		.uleb128 0x6
 1902 001e 73       		.byte	0x73
 1903 001f 00       		.sleb128 0
 1904 0020 08       		.byte	0x8
 1905 0021 FF       		.byte	0xff
 1906 0022 1A       		.byte	0x1a
 1907 0023 9F       		.byte	0x9f
 1908 0024 00       		.byte	0
 1909              	.LVUS4:
 1910 0025 09       		.uleb128 .LVU71
 1911 0026 00       		.uleb128 .LVU73
 1912              	.LLST4:
 1913 0027 08       		.byte	0x8
 1914 0028 1A000000 		.4byte	.LVL6
 1915 002c 06       		.uleb128 .LVL7-.LVL6
 1916 002d 03       		.uleb128 0x3
 1917 002e 08       		.byte	0x8
 1918 002f 30       		.byte	0x30
 1919 0030 9F       		.byte	0x9f
 1920 0031 00       		.byte	0
 1921              	.LVUS5:
 1922 0032 0B       		.uleb128 .LVU90
 1923 0033 00       		.uleb128 .LVU92
 1924              	.LLST5:
 1925 0034 08       		.byte	0x8
 1926 0035 24000000 		.4byte	.LVL8
 1927 0039 06       		.uleb128 .LVL9-.LVL8
 1928 003a 02       		.uleb128 0x2
 1929 003b 30       		.byte	0x30
 1930 003c 9F       		.byte	0x9f
 1931 003d 00       		.byte	0
 1932              	.LVUS1:
 1933 003e 08       		.uleb128 .LVU8
 1934 003f 00       		.uleb128 .LVU25
 1935              	.LLST1:
 1936 0040 08       		.byte	0x8
 1937 0041 00000000 		.4byte	.LVL0
 1938 0045 2E       		.uleb128 .LVL1-.LVL0
ARM GAS  C:\Users\DEVELO~1\AppData\Local\Temp\ccJlWCGp.s 			page 35


 1939 0046 02       		.uleb128 0x2
 1940 0047 31       		.byte	0x31
 1941 0048 9F       		.byte	0x9f
 1942 0049 00       		.byte	0
 1943              	.Ldebug_loc3:
 1944              		.section	.debug_aranges,"",%progbits
 1945 0000 24000000 		.4byte	0x24
 1946 0004 0200     		.2byte	0x2
 1947 0006 00000000 		.4byte	.Ldebug_info0
 1948 000a 04       		.byte	0x4
 1949 000b 00       		.byte	0
 1950 000c 0000     		.2byte	0
 1951 000e 0000     		.2byte	0
 1952 0010 00000000 		.4byte	.LFB448
 1953 0014 54000000 		.4byte	.LFE448-.LFB448
 1954 0018 00000000 		.4byte	.LFB449
 1955 001c 2C000000 		.4byte	.LFE449-.LFB449
 1956 0020 00000000 		.4byte	0
 1957 0024 00000000 		.4byte	0
 1958              		.section	.debug_rnglists,"",%progbits
 1959              	.Ldebug_ranges0:
 1960 0000 2D000000 		.4byte	.Ldebug_ranges3-.Ldebug_ranges2
 1961              	.Ldebug_ranges2:
 1962 0004 0500     		.2byte	0x5
 1963 0006 04       		.byte	0x4
 1964 0007 00       		.byte	0
 1965 0008 00000000 		.4byte	0
 1966              	.LLRL0:
 1967 000c 05       		.byte	0x5
 1968 000d 00000000 		.4byte	.LBB54
 1969 0011 04       		.byte	0x4
 1970 0012 00       		.uleb128 .LBB54-.LBB54
 1971 0013 02       		.uleb128 .LBE54-.LBB54
 1972 0014 04       		.byte	0x4
 1973 0015 08       		.uleb128 .LBB61-.LBB54
 1974 0016 10       		.uleb128 .LBE61-.LBB54
 1975 0017 04       		.byte	0x4
 1976 0018 12       		.uleb128 .LBB62-.LBB54
 1977 0019 16       		.uleb128 .LBE62-.LBB54
 1978 001a 04       		.byte	0x4
 1979 001b 1A       		.uleb128 .LBB63-.LBB54
 1980 001c 1E       		.uleb128 .LBE63-.LBB54
 1981 001d 04       		.byte	0x4
 1982 001e 20       		.uleb128 .LBB64-.LBB54
 1983 001f 28       		.uleb128 .LBE64-.LBB54
 1984 0020 04       		.byte	0x4
 1985 0021 2A       		.uleb128 .LBB65-.LBB54
 1986 0022 2E       		.uleb128 .LBE65-.LBB54
 1987 0023 00       		.byte	0
 1988              	.LLRL6:
 1989 0024 07       		.byte	0x7
 1990 0025 00000000 		.4byte	.LFB448
 1991 0029 54       		.uleb128 .LFE448-.LFB448
 1992 002a 07       		.byte	0x7
 1993 002b 00000000 		.4byte	.LFB449
 1994 002f 2C       		.uleb128 .LFE449-.LFB449
 1995 0030 00       		.byte	0
ARM GAS  C:\Users\DEVELO~1\AppData\Local\Temp\ccJlWCGp.s 			page 36


 1996              	.Ldebug_ranges3:
 1997              		.section	.debug_line,"",%progbits
 1998              	.Ldebug_line0:
 1999 0000 5A040000 		.section	.debug_str,"MS",%progbits,1
 1999      03009902 
 1999      00000201 
 1999      FB0E0D00 
 1999      01010101 
 2000              	.LASF94:
 2001 0000 73745F6C 		.ascii	"st_lld_serve_interrupt\000"
 2001      6C645F73 
 2001      65727665 
 2001      5F696E74 
 2001      65727275 
 2002              	.LASF36:
 2003 0017 504C4C31 		.ascii	"PLL1DIVR\000"
 2003      44495652 
 2003      00
 2004              	.LASF109:
 2005 0020 433A5C43 		.ascii	"C:\\ChibiStudio\\ChibiOS-master\\demos\\STM32\\CUST"
 2005      68696269 
 2005      53747564 
 2005      696F5C43 
 2005      68696269 
 2006 004e 4F4D5F48 		.ascii	"OM_H743IIT6_maj\000"
 2006      37343349 
 2006      4954365F 
 2006      6D616A00 
 2007              	.LASF85:
 2008 005e 44494552 		.ascii	"DIER\000"
 2008      00
 2009              	.LASF99:
 2010 0063 6F73616C 		.ascii	"osalSysLockFromISR\000"
 2010      5379734C 
 2010      6F636B46 
 2010      726F6D49 
 2010      535200
 2011              	.LASF21:
 2012 0076 41504232 		.ascii	"APB2FZ1\000"
 2012      465A3100 
 2013              	.LASF91:
 2014 007e 43434D52 		.ascii	"CCMR3\000"
 2014      3300
 2015              	.LASF78:
 2016 0084 41504231 		.ascii	"APB1HLPENR\000"
 2016      484C5045 
 2016      4E5200
 2017              	.LASF7:
 2018 008f 6C6F6E67 		.ascii	"long int\000"
 2018      20696E74 
 2018      00
 2019              	.LASF105:
 2020 0098 706F7274 		.ascii	"port_lock\000"
 2020      5F6C6F63 
 2020      6B00
 2021              	.LASF9:
 2022 00a2 6C6F6E67 		.ascii	"long long unsigned int\000"
ARM GAS  C:\Users\DEVELO~1\AppData\Local\Temp\ccJlWCGp.s 			page 37


 2022      206C6F6E 
 2022      6720756E 
 2022      7369676E 
 2022      65642069 
 2023              	.LASF13:
 2024 00b9 4944434F 		.ascii	"IDCODE\000"
 2024      444500
 2025              	.LASF60:
 2026 00c0 4433414D 		.ascii	"D3AMR\000"
 2026      5200
 2027              	.LASF98:
 2028 00c6 6F73616C 		.ascii	"osalSysUnlockFromISR\000"
 2028      53797355 
 2028      6E6C6F63 
 2028      6B46726F 
 2028      6D495352 
 2029              	.LASF95:
 2030 00db 73745F6C 		.ascii	"st_lld_init\000"
 2030      6C645F69 
 2030      6E697400 
 2031              	.LASF89:
 2032 00e7 42445452 		.ascii	"BDTR\000"
 2032      00
 2033              	.LASF73:
 2034 00ec 41484231 		.ascii	"AHB1LPENR\000"
 2034      4C50454E 
 2034      5200
 2035              	.LASF47:
 2036 00f6 43494552 		.ascii	"CIER\000"
 2036      00
 2037              	.LASF54:
 2038 00fb 41484234 		.ascii	"AHB4RSTR\000"
 2038      52535452 
 2038      00
 2039              	.LASF87:
 2040 0104 43434D52 		.ascii	"CCMR2\000"
 2040      3200
 2041              	.LASF1:
 2042 010a 6C6F6E67 		.ascii	"long long int\000"
 2042      206C6F6E 
 2042      6720696E 
 2042      7400
 2043              	.LASF3:
 2044 0118 7369676E 		.ascii	"signed char\000"
 2044      65642063 
 2044      68617200 
 2045              	.LASF52:
 2046 0124 41484231 		.ascii	"AHB1RSTR\000"
 2046      52535452 
 2046      00
 2047              	.LASF106:
 2048 012d 62617365 		.ascii	"basePri\000"
 2048      50726900 
 2049              	.LASF61:
 2050 0135 52455345 		.ascii	"RESERVED11\000"
 2050      52564544 
 2050      313100
ARM GAS  C:\Users\DEVELO~1\AppData\Local\Temp\ccJlWCGp.s 			page 38


 2051              	.LASF71:
 2052 0140 52455345 		.ascii	"RESERVED12\000"
 2052      52564544 
 2052      313200
 2053              	.LASF81:
 2054 014b 52455345 		.ascii	"RESERVED13\000"
 2054      52564544 
 2054      313300
 2055              	.LASF37:
 2056 0156 504C4C31 		.ascii	"PLL1FRACR\000"
 2056      46524143 
 2056      5200
 2057              	.LASF58:
 2058 0160 41504232 		.ascii	"APB2RSTR\000"
 2058      52535452 
 2058      00
 2059              	.LASF88:
 2060 0169 43434552 		.ascii	"CCER\000"
 2060      00
 2061              	.LASF32:
 2062 016e 44334346 		.ascii	"D3CFGR\000"
 2062      475200
 2063              	.LASF35:
 2064 0175 504C4C43 		.ascii	"PLLCFGR\000"
 2064      46475200 
 2065              	.LASF104:
 2066 017d 706F7274 		.ascii	"port_unlock\000"
 2066      5F756E6C 
 2066      6F636B00 
 2067              	.LASF48:
 2068 0189 43494652 		.ascii	"CIFR\000"
 2068      00
 2069              	.LASF40:
 2070 018e 504C4C33 		.ascii	"PLL3DIVR\000"
 2070      44495652 
 2070      00
 2071              	.LASF10:
 2072 0197 5F5F7569 		.ascii	"__uint32_t\000"
 2072      6E743332 
 2072      5F7400
 2073              	.LASF96:
 2074 01a2 6D61736B 		.ascii	"mask\000"
 2074      00
 2075              	.LASF44:
 2076 01a7 44324343 		.ascii	"D2CCIP1R\000"
 2076      49503152 
 2076      00
 2077              	.LASF46:
 2078 01b0 44334343 		.ascii	"D3CCIPR\000"
 2078      49505200 
 2079              	.LASF17:
 2080 01b8 41504231 		.ascii	"APB1LFZ1\000"
 2080      4C465A31 
 2080      00
 2081              	.LASF39:
 2082 01c1 504C4C32 		.ascii	"PLL2FRACR\000"
 2082      46524143 
ARM GAS  C:\Users\DEVELO~1\AppData\Local\Temp\ccJlWCGp.s 			page 39


 2082      5200
 2083              	.LASF0:
 2084 01cb 756E7369 		.ascii	"unsigned int\000"
 2084      676E6564 
 2084      20696E74 
 2084      00
 2085              	.LASF8:
 2086 01d8 6C6F6E67 		.ascii	"long unsigned int\000"
 2086      20756E73 
 2086      69676E65 
 2086      6420696E 
 2086      7400
 2087              	.LASF82:
 2088 01ea 5243435F 		.ascii	"RCC_TypeDef\000"
 2088      54797065 
 2088      44656600 
 2089              	.LASF6:
 2090 01f6 73686F72 		.ascii	"short unsigned int\000"
 2090      7420756E 
 2090      7369676E 
 2090      65642069 
 2090      6E7400
 2091              	.LASF34:
 2092 0209 504C4C43 		.ascii	"PLLCKSELR\000"
 2092      4B53454C 
 2092      5200
 2093              	.LASF25:
 2094 0213 48534943 		.ascii	"HSICFGR\000"
 2094      46475200 
 2095              	.LASF51:
 2096 021b 41484233 		.ascii	"AHB3RSTR\000"
 2096      52535452 
 2096      00
 2097              	.LASF68:
 2098 0224 41504231 		.ascii	"APB1HENR\000"
 2098      48454E52 
 2098      00
 2099              	.LASF45:
 2100 022d 44324343 		.ascii	"D2CCIP2R\000"
 2100      49503252 
 2100      00
 2101              	.LASF107:
 2102 0236 474E5520 		.ascii	"GNU C17 11.3.1 20220712 -mcpu=cortex-m7 -mthumb -mf"
 2102      43313720 
 2102      31312E33 
 2102      2E312032 
 2102      30323230 
 2103 0269 6C6F6174 		.ascii	"loat-abi=hard -mfpu=fpv5-d16 -march=armv7e-m+fp.dp "
 2103      2D616269 
 2103      3D686172 
 2103      64202D6D 
 2103      6670753D 
 2104 029c 2D676764 		.ascii	"-ggdb -O2 -ffunction-sections -fdata-sections -fno-"
 2104      62202D4F 
 2104      32202D66 
 2104      66756E63 
 2104      74696F6E 
ARM GAS  C:\Users\DEVELO~1\AppData\Local\Temp\ccJlWCGp.s 			page 40


 2105 02cf 636F6D6D 		.ascii	"common\000"
 2105      6F6E00
 2106              	.LASF93:
 2107 02d6 73746D33 		.ascii	"stm32_tim_t\000"
 2107      325F7469 
 2107      6D5F7400 
 2108              	.LASF56:
 2109 02e2 41504231 		.ascii	"APB1LRSTR\000"
 2109      4C525354 
 2109      5200
 2110              	.LASF79:
 2111 02ec 41504232 		.ascii	"APB2LPENR\000"
 2111      4C50454E 
 2111      5200
 2112              	.LASF41:
 2113 02f6 504C4C33 		.ascii	"PLL3FRACR\000"
 2113      46524143 
 2113      5200
 2114              	.LASF113:
 2115 0300 72636345 		.ascii	"rccEnableAPB1L\000"
 2115      6E61626C 
 2115      65415042 
 2115      314C00
 2116              	.LASF59:
 2117 030f 41504234 		.ascii	"APB4RSTR\000"
 2117      52535452 
 2117      00
 2118              	.LASF97:
 2119 0318 6F73616C 		.ascii	"osalOsTimerHandlerI\000"
 2119      4F735469 
 2119      6D657248 
 2119      616E646C 
 2119      65724900 
 2120              	.LASF70:
 2121 032c 41504234 		.ascii	"APB4ENR\000"
 2121      454E5200 
 2122              	.LASF57:
 2123 0334 41504231 		.ascii	"APB1HRSTR\000"
 2123      48525354 
 2123      5200
 2124              	.LASF74:
 2125 033e 41484232 		.ascii	"AHB2LPENR\000"
 2125      4C50454E 
 2125      5200
 2126              	.LASF76:
 2127 0348 41504233 		.ascii	"APB3LPENR\000"
 2127      4C50454E 
 2127      5200
 2128              	.LASF111:
 2129 0352 74696D70 		.ascii	"timp\000"
 2129      00
 2130              	.LASF66:
 2131 0357 41504233 		.ascii	"APB3ENR\000"
 2131      454E5200 
 2132              	.LASF65:
 2133 035f 41484234 		.ascii	"AHB4ENR\000"
 2133      454E5200 
ARM GAS  C:\Users\DEVELO~1\AppData\Local\Temp\ccJlWCGp.s 			page 41


 2134              	.LASF29:
 2135 0367 52455345 		.ascii	"RESERVED1\000"
 2135      52564544 
 2135      3100
 2136              	.LASF33:
 2137 0371 52455345 		.ascii	"RESERVED2\000"
 2137      52564544 
 2137      3200
 2138              	.LASF42:
 2139 037b 52455345 		.ascii	"RESERVED3\000"
 2139      52564544 
 2139      3300
 2140              	.LASF31:
 2141 0385 44324346 		.ascii	"D2CFGR\000"
 2141      475200
 2142              	.LASF16:
 2143 038c 52455345 		.ascii	"RESERVED5\000"
 2143      52564544 
 2143      3500
 2144              	.LASF18:
 2145 0396 52455345 		.ascii	"RESERVED6\000"
 2145      52564544 
 2145      3600
 2146              	.LASF20:
 2147 03a0 52455345 		.ascii	"RESERVED7\000"
 2147      52564544 
 2147      3700
 2148              	.LASF22:
 2149 03aa 52455345 		.ascii	"RESERVED8\000"
 2149      52564544 
 2149      3800
 2150              	.LASF100:
 2151 03b4 63685379 		.ascii	"chSysUnlockFromISR\000"
 2151      73556E6C 
 2151      6F636B46 
 2151      726F6D49 
 2151      535200
 2152              	.LASF83:
 2153 03c7 5F426F6F 		.ascii	"_Bool\000"
 2153      6C00
 2154              	.LASF38:
 2155 03cd 504C4C32 		.ascii	"PLL2DIVR\000"
 2155      44495652 
 2155      00
 2156              	.LASF4:
 2157 03d6 756E7369 		.ascii	"unsigned char\000"
 2157      676E6564 
 2157      20636861 
 2157      7200
 2158              	.LASF5:
 2159 03e4 73686F72 		.ascii	"short int\000"
 2159      7420696E 
 2159      7400
 2160              	.LASF72:
 2161 03ee 41484233 		.ascii	"AHB3LPENR\000"
 2161      4C50454E 
 2161      5200
ARM GAS  C:\Users\DEVELO~1\AppData\Local\Temp\ccJlWCGp.s 			page 42


 2162              	.LASF80:
 2163 03f8 41504234 		.ascii	"APB4LPENR\000"
 2163      4C50454E 
 2163      5200
 2164              	.LASF112:
 2165 0402 5F5F6675 		.ascii	"__func__\000"
 2165      6E635F5F 
 2165      00
 2166              	.LASF69:
 2167 040b 41504232 		.ascii	"APB2ENR\000"
 2167      454E5200 
 2168              	.LASF62:
 2169 0413 41484233 		.ascii	"AHB3ENR\000"
 2169      454E5200 
 2170              	.LASF92:
 2171 041b 43435852 		.ascii	"CCXR\000"
 2171      00
 2172              	.LASF24:
 2173 0420 4442474D 		.ascii	"DBGMCU_TypeDef\000"
 2173      43555F54 
 2173      79706544 
 2173      656600
 2174              	.LASF14:
 2175 042f 52455345 		.ascii	"RESERVED4\000"
 2175      52564544 
 2175      3400
 2176              	.LASF11:
 2177 0439 75696E74 		.ascii	"uint32_t\000"
 2177      33325F74 
 2177      00
 2178              	.LASF19:
 2179 0442 41504231 		.ascii	"APB1HFZ1\000"
 2179      48465A31 
 2179      00
 2180              	.LASF2:
 2181 044b 6C6F6E67 		.ascii	"long double\000"
 2181      20646F75 
 2181      626C6500 
 2182              	.LASF12:
 2183 0457 63686172 		.ascii	"char\000"
 2183      00
 2184              	.LASF84:
 2185 045c 534D4352 		.ascii	"SMCR\000"
 2185      00
 2186              	.LASF90:
 2187 0461 444D4152 		.ascii	"DMAR\000"
 2187      00
 2188              	.LASF53:
 2189 0466 41484232 		.ascii	"AHB2RSTR\000"
 2189      52535452 
 2189      00
 2190              	.LASF102:
 2191 046f 706F7274 		.ascii	"port_unlock_from_isr\000"
 2191      5F756E6C 
 2191      6F636B5F 
 2191      66726F6D 
 2191      5F697372 
ARM GAS  C:\Users\DEVELO~1\AppData\Local\Temp\ccJlWCGp.s 			page 43


 2192              	.LASF108:
 2193 0484 2E2F646F 		.ascii	"./docs/ChibiOS/os/hal/ports/STM32/LLD/SYSTICKv1/hal"
 2193      63732F43 
 2193      68696269 
 2193      4F532F6F 
 2193      732F6861 
 2194 04b7 5F73745F 		.ascii	"_st_lld.c\000"
 2194      6C6C642E 
 2194      6300
 2195              	.LASF110:
 2196 04c1 63685379 		.ascii	"chSysTimerHandlerI\000"
 2196      7354696D 
 2196      65724861 
 2196      6E646C65 
 2196      724900
 2197              	.LASF75:
 2198 04d4 41484234 		.ascii	"AHB4LPENR\000"
 2198      4C50454E 
 2198      5200
 2199              	.LASF114:
 2200 04de 5F5F7365 		.ascii	"__set_BASEPRI\000"
 2200      745F4241 
 2200      53455052 
 2200      4900
 2201              	.LASF23:
 2202 04ec 41504234 		.ascii	"APB4FZ1\000"
 2202      465A3100 
 2203              	.LASF64:
 2204 04f4 41484232 		.ascii	"AHB2ENR\000"
 2204      454E5200 
 2205              	.LASF55:
 2206 04fc 41504233 		.ascii	"APB3RSTR\000"
 2206      52535452 
 2206      00
 2207              	.LASF27:
 2208 0505 43534943 		.ascii	"CSICFGR\000"
 2208      46475200 
 2209              	.LASF103:
 2210 050d 706F7274 		.ascii	"port_lock_from_isr\000"
 2210      5F6C6F63 
 2210      6B5F6672 
 2210      6F6D5F69 
 2210      737200
 2211              	.LASF26:
 2212 0520 43525243 		.ascii	"CRRCR\000"
 2212      5200
 2213              	.LASF77:
 2214 0526 41504231 		.ascii	"APB1LLPENR\000"
 2214      4C4C5045 
 2214      4E5200
 2215              	.LASF49:
 2216 0531 43494352 		.ascii	"CICR\000"
 2216      00
 2217              	.LASF50:
 2218 0536 42444352 		.ascii	"BDCR\000"
 2218      00
 2219              	.LASF101:
ARM GAS  C:\Users\DEVELO~1\AppData\Local\Temp\ccJlWCGp.s 			page 44


 2220 053b 63685379 		.ascii	"chSysLockFromISR\000"
 2220      734C6F63 
 2220      6B46726F 
 2220      6D495352 
 2220      00
 2221              	.LASF15:
 2222 054c 41504233 		.ascii	"APB3FZ1\000"
 2222      465A3100 
 2223              	.LASF63:
 2224 0554 41484231 		.ascii	"AHB1ENR\000"
 2224      454E5200 
 2225              	.LASF28:
 2226 055c 43464752 		.ascii	"CFGR\000"
 2226      00
 2227              	.LASF67:
 2228 0561 41504231 		.ascii	"APB1LENR\000"
 2228      4C454E52 
 2228      00
 2229              	.LASF43:
 2230 056a 44314343 		.ascii	"D1CCIPR\000"
 2230      49505200 
 2231              	.LASF86:
 2232 0572 43434D52 		.ascii	"CCMR1\000"
 2232      3100
 2233              	.LASF30:
 2234 0578 44314346 		.ascii	"D1CFGR\000"
 2234      475200
 2235              		.ident	"GCC: (Arm GNU Toolchain 11.3.Rel1) 11.3.1 20220712"
ARM GAS  C:\Users\DEVELO~1\AppData\Local\Temp\ccJlWCGp.s 			page 45


DEFINED SYMBOLS
                            *ABS*:00000000 hal_st_lld.c
C:\Users\DEVELO~1\AppData\Local\Temp\ccJlWCGp.s:19     .text.st_lld_init:00000000 $t
C:\Users\DEVELO~1\AppData\Local\Temp\ccJlWCGp.s:26     .text.st_lld_init:00000000 st_lld_init
C:\Users\DEVELO~1\AppData\Local\Temp\ccJlWCGp.s:143    .text.st_lld_init:0000004c $d
C:\Users\DEVELO~1\AppData\Local\Temp\ccJlWCGp.s:149    .text.st_lld_serve_interrupt:00000000 $t
C:\Users\DEVELO~1\AppData\Local\Temp\ccJlWCGp.s:156    .text.st_lld_serve_interrupt:00000000 st_lld_serve_interrupt

UNDEFINED SYMBOLS
chSysTimerHandlerI
