ARM GAS  C:\Users\DEVELO~1\AppData\Local\Temp\ccmdiGtP.s 			page 1


   1              		.cpu cortex-m7
   2              		.arch armv7e-m
   3              		.fpu fpv5-d16
   4              		.eabi_attribute 28, 1
   5              		.eabi_attribute 20, 1
   6              		.eabi_attribute 21, 1
   7              		.eabi_attribute 23, 3
   8              		.eabi_attribute 24, 1
   9              		.eabi_attribute 25, 1
  10              		.eabi_attribute 26, 1
  11              		.eabi_attribute 30, 2
  12              		.eabi_attribute 34, 1
  13              		.eabi_attribute 18, 4
  14              		.file	"main.c"
  15              		.text
  16              	.Ltext0:
  17              		.cfi_sections	.debug_frame
  18              		.section	.rodata.main.str1.4,"aMS",%progbits,1
  19              		.align	2
  20              	.LC0:
  21 0000 53595320 		.ascii	"SYS EARLY FAIL\000"
  21      4541524C 
  21      59204641 
  21      494C00
  22 000f 00       		.align	2
  23              	.LC1:
  24 0010 53595320 		.ascii	"SYS DRIVERS FAIL\000"
  24      44524956 
  24      45525320 
  24      4641494C 
  24      00
  25 0021 000000   		.align	2
  26              	.LC2:
  27 0024 53595320 		.ascii	"SYS LATE FAIL\000"
  27      4C415445 
  27      20464149 
  27      4C00
  28 0032 0000     		.align	2
  29              	.LC3:
  30 0034 48454C4C 		.ascii	"HELLO H743\000"
  30      4F204837 
  30      343300
  31              		.section	.text.startup.main,"ax",%progbits
  32              		.align	1
  33              		.p2align 2,,3
  34              		.global	main
  35              		.syntax unified
  36              		.thumb
  37              		.thumb_func
  38              		.type	main, %function
  39              	main:
  40              	.LFB448:
  41              		.file 1 "main.c"
  42              		.loc 1 6 16 view -0
  43              		.cfi_startproc
  44              		@ Volatile: function does not return.
  45              		@ args = 0, pretend = 0, frame = 0
ARM GAS  C:\Users\DEVELO~1\AppData\Local\Temp\ccmdiGtP.s 			page 2


  46              		@ frame_needed = 0, uses_anonymous_args = 0
  47              		.loc 1 7 3 view .LVU1
  48              		.loc 1 6 16 is_stmt 0 view .LVU2
  49 0000 08B5     		push	{r3, lr}
  50              		.cfi_def_cfa_offset 8
  51              		.cfi_offset 3, -8
  52              		.cfi_offset 14, -4
  53              		.loc 1 7 3 view .LVU3
  54 0002 FFF7FEFF 		bl	halInit
  55              	.LVL0:
  56              		.loc 1 8 3 is_stmt 1 view .LVU4
  57 0006 FFF7FEFF 		bl	chSysInit
  58              	.LVL1:
  59              		.loc 1 10 3 view .LVU5
  60              		.loc 1 10 7 is_stmt 0 view .LVU6
  61 000a FFF7FEFF 		bl	system_init_early
  62              	.LVL2:
  63              		.loc 1 10 6 view .LVU7
  64 000e 98B9     		cbnz	r0, .L17
  65              	.L2:
  66              		.loc 1 14 3 is_stmt 1 view .LVU8
  67              		.loc 1 14 7 is_stmt 0 view .LVU9
  68 0010 FFF7FEFF 		bl	system_init_drivers
  69              	.LVL3:
  70              		.loc 1 14 6 view .LVU10
  71 0014 C0B9     		cbnz	r0, .L18
  72              	.L3:
  73              		.loc 1 18 3 is_stmt 1 view .LVU11
  74              		.loc 1 18 7 is_stmt 0 view .LVU12
  75 0016 FFF7FEFF 		bl	system_init_late
  76              	.LVL4:
  77              		.loc 1 18 6 view .LVU13
  78 001a 88B9     		cbnz	r0, .L19
  79              	.L4:
  80              		.loc 1 22 3 is_stmt 1 view .LVU14
  81 001c FFF7FEFF 		bl	drv_display_clear
  82              	.LVL5:
  83              		.loc 1 23 3 view .LVU15
  84 0020 0021     		movs	r1, #0
  85 0022 0B4A     		ldr	r2, .L20
  86 0024 0846     		mov	r0, r1
  87 0026 FFF7FEFF 		bl	drv_display_draw_text
  88              	.LVL6:
  89              		.loc 1 24 3 view .LVU16
  90 002a FFF7FEFF 		bl	drv_display_update
  91              	.LVL7:
  92              	.L5:
  93              		.loc 1 26 3 discriminator 1 view .LVU17
  94              		.loc 1 27 5 discriminator 1 view .LVU18
  95 002e 42F21070 		movw	r0, #10000
  96 0032 FFF7FEFF 		bl	chThdSleep
  97              	.LVL8:
  98              		.loc 1 26 9 discriminator 1 view .LVU19
  99 0036 FAE7     		b	.L5
 100              	.L17:
 101              		.loc 1 11 5 view .LVU20
 102 0038 0648     		ldr	r0, .L20+4
ARM GAS  C:\Users\DEVELO~1\AppData\Local\Temp\ccmdiGtP.s 			page 3


 103 003a FFF7FEFF 		bl	chSysHalt
 104              	.LVL9:
 105 003e E7E7     		b	.L2
 106              	.L19:
 107              		.loc 1 19 5 view .LVU21
 108 0040 0548     		ldr	r0, .L20+8
 109 0042 FFF7FEFF 		bl	chSysHalt
 110              	.LVL10:
 111 0046 E9E7     		b	.L4
 112              	.L18:
 113              		.loc 1 15 5 view .LVU22
 114 0048 0448     		ldr	r0, .L20+12
 115 004a FFF7FEFF 		bl	chSysHalt
 116              	.LVL11:
 117 004e E2E7     		b	.L3
 118              	.L21:
 119              		.align	2
 120              	.L20:
 121 0050 34000000 		.word	.LC3
 122 0054 00000000 		.word	.LC0
 123 0058 24000000 		.word	.LC2
 124 005c 10000000 		.word	.LC1
 125              		.cfi_endproc
 126              	.LFE448:
 127              		.size	main, .-main
 128              		.text
 129              	.Letext0:
 130              		.file 2 "c:\\chibistudio\\tools\\gnu tools arm embedded\\11.3 2022.08\\arm-none-eabi\\include\\mac
 131              		.file 3 "c:\\chibistudio\\tools\\gnu tools arm embedded\\11.3 2022.08\\arm-none-eabi\\include\\sys
 132              		.file 4 "./docs/ChibiOS/os/rt/include/chtime.h"
 133              		.file 5 "system_init.h"
 134              		.file 6 "./docs/ChibiOS/os/rt/include/chthreads.h"
 135              		.file 7 "drivers/drv_display.h"
 136              		.file 8 "./docs/ChibiOS/os/rt/include/chearly.h"
 137              		.file 9 "./docs/ChibiOS/os/rt/include/chsys.h"
 138              		.file 10 "./docs/ChibiOS/os/hal/include/hal.h"
 139              		.section	.debug_info,"",%progbits
 140              	.Ldebug_info0:
 141 0000 64020000 		.4byte	0x264
 142 0004 0500     		.2byte	0x5
 143 0006 01       		.byte	0x1
 144 0007 04       		.byte	0x4
 145 0008 00000000 		.4byte	.Ldebug_abbrev0
 146 000c 0C       		.uleb128 0xc
 147 000d 32010000 		.4byte	.LASF35
 148 0011 1D       		.byte	0x1d
 149 0012 3A020000 		.4byte	.LASF36
 150 0016 EF000000 		.4byte	.LASF37
 151 001a 0C000000 		.4byte	.LLRL0
 152 001e 00000000 		.4byte	0
 153 0022 00000000 		.4byte	.Ldebug_line0
 154 0026 0D       		.uleb128 0xd
 155 0027 04       		.byte	0x4
 156 0028 05       		.byte	0x5
 157 0029 696E7400 		.ascii	"int\000"
 158 002d 01       		.uleb128 0x1
 159 002e 04       		.byte	0x4
ARM GAS  C:\Users\DEVELO~1\AppData\Local\Temp\ccmdiGtP.s 			page 4


 160 002f 07       		.byte	0x7
 161 0030 E5010000 		.4byte	.LASF0
 162 0034 01       		.uleb128 0x1
 163 0035 08       		.byte	0x8
 164 0036 05       		.byte	0x5
 165 0037 2C020000 		.4byte	.LASF1
 166 003b 01       		.uleb128 0x1
 167 003c 08       		.byte	0x8
 168 003d 04       		.byte	0x4
 169 003e 15020000 		.4byte	.LASF2
 170 0042 01       		.uleb128 0x1
 171 0043 01       		.byte	0x1
 172 0044 06       		.byte	0x6
 173 0045 72020000 		.4byte	.LASF3
 174 0049 02       		.uleb128 0x2
 175 004a 00000000 		.4byte	.LASF8
 176 004e 02       		.byte	0x2
 177 004f 2B       		.byte	0x2b
 178 0050 18       		.byte	0x18
 179 0051 55000000 		.4byte	0x55
 180 0055 01       		.uleb128 0x1
 181 0056 01       		.byte	0x1
 182 0057 08       		.byte	0x8
 183 0058 77000000 		.4byte	.LASF4
 184 005c 01       		.uleb128 0x1
 185 005d 02       		.byte	0x2
 186 005e 05       		.byte	0x5
 187 005f 41020000 		.4byte	.LASF5
 188 0063 01       		.uleb128 0x1
 189 0064 02       		.byte	0x2
 190 0065 07       		.byte	0x7
 191 0066 BD000000 		.4byte	.LASF6
 192 006a 01       		.uleb128 0x1
 193 006b 04       		.byte	0x4
 194 006c 05       		.byte	0x5
 195 006d 5F020000 		.4byte	.LASF7
 196 0071 02       		.uleb128 0x2
 197 0072 E4000000 		.4byte	.LASF9
 198 0076 02       		.byte	0x2
 199 0077 4F       		.byte	0x4f
 200 0078 19       		.byte	0x19
 201 0079 7D000000 		.4byte	0x7d
 202 007d 01       		.uleb128 0x1
 203 007e 04       		.byte	0x4
 204 007f 07       		.byte	0x7
 205 0080 AB000000 		.4byte	.LASF10
 206 0084 02       		.uleb128 0x2
 207 0085 4B020000 		.4byte	.LASF11
 208 0089 02       		.byte	0x2
 209 008a 69       		.byte	0x69
 210 008b 19       		.byte	0x19
 211 008c 90000000 		.4byte	0x90
 212 0090 01       		.uleb128 0x1
 213 0091 08       		.byte	0x8
 214 0092 07       		.byte	0x7
 215 0093 54000000 		.4byte	.LASF12
 216 0097 02       		.uleb128 0x2
ARM GAS  C:\Users\DEVELO~1\AppData\Local\Temp\ccmdiGtP.s 			page 5


 217 0098 F7010000 		.4byte	.LASF13
 218 009c 03       		.byte	0x3
 219 009d 18       		.byte	0x18
 220 009e 13       		.byte	0x13
 221 009f 49000000 		.4byte	0x49
 222 00a3 02       		.uleb128 0x2
 223 00a4 56020000 		.4byte	.LASF14
 224 00a8 03       		.byte	0x3
 225 00a9 30       		.byte	0x30
 226 00aa 14       		.byte	0x14
 227 00ab 71000000 		.4byte	0x71
 228 00af 02       		.uleb128 0x2
 229 00b0 31000000 		.4byte	.LASF15
 230 00b4 03       		.byte	0x3
 231 00b5 3C       		.byte	0x3c
 232 00b6 14       		.byte	0x14
 233 00b7 84000000 		.4byte	0x84
 234 00bb 0E       		.uleb128 0xe
 235 00bc 04       		.byte	0x4
 236 00bd C8000000 		.4byte	0xc8
 237 00c1 01       		.uleb128 0x1
 238 00c2 01       		.byte	0x1
 239 00c3 08       		.byte	0x8
 240 00c4 F2010000 		.4byte	.LASF16
 241 00c8 0F       		.uleb128 0xf
 242 00c9 C1000000 		.4byte	0xc1
 243 00cd 02       		.uleb128 0x2
 244 00ce 0A000000 		.4byte	.LASF17
 245 00d2 04       		.byte	0x4
 246 00d3 79       		.byte	0x79
 247 00d4 12       		.byte	0x12
 248 00d5 A3000000 		.4byte	0xa3
 249 00d9 02       		.uleb128 0x2
 250 00da 25000000 		.4byte	.LASF18
 251 00de 04       		.byte	0x4
 252 00df 9B       		.byte	0x9b
 253 00e0 12       		.byte	0x12
 254 00e1 AF000000 		.4byte	0xaf
 255 00e5 01       		.uleb128 0x1
 256 00e6 01       		.byte	0x1
 257 00e7 02       		.byte	0x2
 258 00e8 97020000 		.4byte	.LASF19
 259 00ec 10       		.uleb128 0x10
 260 00ed 07       		.byte	0x7
 261 00ee 01       		.byte	0x1
 262 00ef 55000000 		.4byte	0x55
 263 00f3 05       		.byte	0x5
 264 00f4 0F       		.byte	0xf
 265 00f5 0E       		.byte	0xe
 266 00f6 13010000 		.4byte	0x113
 267 00fa 06       		.uleb128 0x6
 268 00fb 7E020000 		.4byte	.LASF20
 269 00ff 00       		.byte	0
 270 0100 06       		.uleb128 0x6
 271 0101 6B000000 		.4byte	.LASF21
 272 0105 01       		.byte	0x1
 273 0106 06       		.uleb128 0x6
ARM GAS  C:\Users\DEVELO~1\AppData\Local\Temp\ccmdiGtP.s 			page 6


 274 0107 9D020000 		.4byte	.LASF22
 275 010b 02       		.byte	0x2
 276 010c 06       		.uleb128 0x6
 277 010d 21020000 		.4byte	.LASF23
 278 0111 03       		.byte	0x3
 279 0112 00       		.byte	0
 280 0113 02       		.uleb128 0x2
 281 0114 18000000 		.4byte	.LASF24
 282 0118 05       		.byte	0x5
 283 0119 14       		.byte	0x14
 284 011a 03       		.byte	0x3
 285 011b EC000000 		.4byte	0xec
 286 011f 11       		.uleb128 0x11
 287 0120 85000000 		.4byte	.LASF25
 288 0124 06       		.byte	0x6
 289 0125 DC01     		.2byte	0x1dc
 290 0127 08       		.byte	0x8
 291 0128 32010000 		.4byte	0x132
 292 012c 05       		.uleb128 0x5
 293 012d CD000000 		.4byte	0xcd
 294 0131 00       		.byte	0
 295 0132 09       		.uleb128 0x9
 296 0133 D2010000 		.4byte	.LASF27
 297 0137 14       		.byte	0x14
 298 0138 0A       		.uleb128 0xa
 299 0139 FF010000 		.4byte	.LASF26
 300 013d 07       		.byte	0x7
 301 013e 24       		.byte	0x24
 302 013f 06       		.byte	0x6
 303 0140 54010000 		.4byte	0x154
 304 0144 05       		.uleb128 0x5
 305 0145 97000000 		.4byte	0x97
 306 0149 05       		.uleb128 0x5
 307 014a 97000000 		.4byte	0x97
 308 014e 05       		.uleb128 0x5
 309 014f BB000000 		.4byte	0xbb
 310 0153 00       		.byte	0
 311 0154 09       		.uleb128 0x9
 312 0155 3A000000 		.4byte	.LASF28
 313 0159 13       		.byte	0x13
 314 015a 08       		.uleb128 0x8
 315 015b 90000000 		.4byte	.LASF29
 316 015f 18       		.byte	0x18
 317 0160 13010000 		.4byte	0x113
 318 0164 08       		.uleb128 0x8
 319 0165 D0000000 		.4byte	.LASF30
 320 0169 17       		.byte	0x17
 321 016a 13010000 		.4byte	0x113
 322 016e 0A       		.uleb128 0xa
 323 016f 68020000 		.4byte	.LASF31
 324 0173 08       		.byte	0x8
 325 0174 E6       		.byte	0xe6
 326 0175 08       		.byte	0x8
 327 0176 80010000 		.4byte	0x180
 328 017a 05       		.uleb128 0x5
 329 017b BB000000 		.4byte	0xbb
 330 017f 00       		.byte	0
ARM GAS  C:\Users\DEVELO~1\AppData\Local\Temp\ccmdiGtP.s 			page 7


 331 0180 08       		.uleb128 0x8
 332 0181 85020000 		.4byte	.LASF32
 333 0185 16       		.byte	0x16
 334 0186 13010000 		.4byte	0x113
 335 018a 0B       		.uleb128 0xb
 336 018b A1000000 		.4byte	.LASF33
 337 018f 09       		.byte	0x9
 338 0190 2C01     		.2byte	0x12c
 339 0192 0B       		.uleb128 0xb
 340 0193 4C000000 		.4byte	.LASF34
 341 0197 0A       		.byte	0xa
 342 0198 0101     		.2byte	0x101
 343 019a 12       		.uleb128 0x12
 344 019b 2D010000 		.4byte	.LASF38
 345 019f 01       		.byte	0x1
 346 01a0 06       		.byte	0x6
 347 01a1 05       		.byte	0x5
 348 01a2 26000000 		.4byte	0x26
 349 01a6 00000000 		.4byte	.LFB448
 350 01aa 60000000 		.4byte	.LFE448-.LFB448
 351 01ae 01       		.uleb128 0x1
 352 01af 9C       		.byte	0x9c
 353 01b0 03       		.uleb128 0x3
 354 01b1 06000000 		.4byte	.LVL0
 355 01b5 92010000 		.4byte	0x192
 356 01b9 03       		.uleb128 0x3
 357 01ba 0A000000 		.4byte	.LVL1
 358 01be 8A010000 		.4byte	0x18a
 359 01c2 03       		.uleb128 0x3
 360 01c3 0E000000 		.4byte	.LVL2
 361 01c7 80010000 		.4byte	0x180
 362 01cb 03       		.uleb128 0x3
 363 01cc 14000000 		.4byte	.LVL3
 364 01d0 64010000 		.4byte	0x164
 365 01d4 03       		.uleb128 0x3
 366 01d5 1A000000 		.4byte	.LVL4
 367 01d9 5A010000 		.4byte	0x15a
 368 01dd 03       		.uleb128 0x3
 369 01de 20000000 		.4byte	.LVL5
 370 01e2 54010000 		.4byte	0x154
 371 01e6 07       		.uleb128 0x7
 372 01e7 2A000000 		.4byte	.LVL6
 373 01eb 38010000 		.4byte	0x138
 374 01ef 07020000 		.4byte	0x207
 375 01f3 04       		.uleb128 0x4
 376 01f4 01       		.uleb128 0x1
 377 01f5 50       		.byte	0x50
 378 01f6 01       		.uleb128 0x1
 379 01f7 30       		.byte	0x30
 380 01f8 04       		.uleb128 0x4
 381 01f9 01       		.uleb128 0x1
 382 01fa 51       		.byte	0x51
 383 01fb 01       		.uleb128 0x1
 384 01fc 30       		.byte	0x30
 385 01fd 04       		.uleb128 0x4
 386 01fe 01       		.uleb128 0x1
 387 01ff 52       		.byte	0x52
ARM GAS  C:\Users\DEVELO~1\AppData\Local\Temp\ccmdiGtP.s 			page 8


 388 0200 05       		.uleb128 0x5
 389 0201 03       		.byte	0x3
 390 0202 34000000 		.4byte	.LC3
 391 0206 00       		.byte	0
 392 0207 03       		.uleb128 0x3
 393 0208 2E000000 		.4byte	.LVL7
 394 020c 32010000 		.4byte	0x132
 395 0210 07       		.uleb128 0x7
 396 0211 36000000 		.4byte	.LVL8
 397 0215 1F010000 		.4byte	0x11f
 398 0219 25020000 		.4byte	0x225
 399 021d 04       		.uleb128 0x4
 400 021e 01       		.uleb128 0x1
 401 021f 50       		.byte	0x50
 402 0220 03       		.uleb128 0x3
 403 0221 0A       		.byte	0xa
 404 0222 1027     		.2byte	0x2710
 405 0224 00       		.byte	0
 406 0225 07       		.uleb128 0x7
 407 0226 3E000000 		.4byte	.LVL9
 408 022a 6E010000 		.4byte	0x16e
 409 022e 3C020000 		.4byte	0x23c
 410 0232 04       		.uleb128 0x4
 411 0233 01       		.uleb128 0x1
 412 0234 50       		.byte	0x50
 413 0235 05       		.uleb128 0x5
 414 0236 03       		.byte	0x3
 415 0237 00000000 		.4byte	.LC0
 416 023b 00       		.byte	0
 417 023c 07       		.uleb128 0x7
 418 023d 46000000 		.4byte	.LVL10
 419 0241 6E010000 		.4byte	0x16e
 420 0245 53020000 		.4byte	0x253
 421 0249 04       		.uleb128 0x4
 422 024a 01       		.uleb128 0x1
 423 024b 50       		.byte	0x50
 424 024c 05       		.uleb128 0x5
 425 024d 03       		.byte	0x3
 426 024e 24000000 		.4byte	.LC2
 427 0252 00       		.byte	0
 428 0253 13       		.uleb128 0x13
 429 0254 4E000000 		.4byte	.LVL11
 430 0258 6E010000 		.4byte	0x16e
 431 025c 04       		.uleb128 0x4
 432 025d 01       		.uleb128 0x1
 433 025e 50       		.byte	0x50
 434 025f 05       		.uleb128 0x5
 435 0260 03       		.byte	0x3
 436 0261 10000000 		.4byte	.LC1
 437 0265 00       		.byte	0
 438 0266 00       		.byte	0
 439 0267 00       		.byte	0
 440              		.section	.debug_abbrev,"",%progbits
 441              	.Ldebug_abbrev0:
 442 0000 01       		.uleb128 0x1
 443 0001 24       		.uleb128 0x24
 444 0002 00       		.byte	0
ARM GAS  C:\Users\DEVELO~1\AppData\Local\Temp\ccmdiGtP.s 			page 9


 445 0003 0B       		.uleb128 0xb
 446 0004 0B       		.uleb128 0xb
 447 0005 3E       		.uleb128 0x3e
 448 0006 0B       		.uleb128 0xb
 449 0007 03       		.uleb128 0x3
 450 0008 0E       		.uleb128 0xe
 451 0009 00       		.byte	0
 452 000a 00       		.byte	0
 453 000b 02       		.uleb128 0x2
 454 000c 16       		.uleb128 0x16
 455 000d 00       		.byte	0
 456 000e 03       		.uleb128 0x3
 457 000f 0E       		.uleb128 0xe
 458 0010 3A       		.uleb128 0x3a
 459 0011 0B       		.uleb128 0xb
 460 0012 3B       		.uleb128 0x3b
 461 0013 0B       		.uleb128 0xb
 462 0014 39       		.uleb128 0x39
 463 0015 0B       		.uleb128 0xb
 464 0016 49       		.uleb128 0x49
 465 0017 13       		.uleb128 0x13
 466 0018 00       		.byte	0
 467 0019 00       		.byte	0
 468 001a 03       		.uleb128 0x3
 469 001b 48       		.uleb128 0x48
 470 001c 00       		.byte	0
 471 001d 7D       		.uleb128 0x7d
 472 001e 01       		.uleb128 0x1
 473 001f 7F       		.uleb128 0x7f
 474 0020 13       		.uleb128 0x13
 475 0021 00       		.byte	0
 476 0022 00       		.byte	0
 477 0023 04       		.uleb128 0x4
 478 0024 49       		.uleb128 0x49
 479 0025 00       		.byte	0
 480 0026 02       		.uleb128 0x2
 481 0027 18       		.uleb128 0x18
 482 0028 7E       		.uleb128 0x7e
 483 0029 18       		.uleb128 0x18
 484 002a 00       		.byte	0
 485 002b 00       		.byte	0
 486 002c 05       		.uleb128 0x5
 487 002d 05       		.uleb128 0x5
 488 002e 00       		.byte	0
 489 002f 49       		.uleb128 0x49
 490 0030 13       		.uleb128 0x13
 491 0031 00       		.byte	0
 492 0032 00       		.byte	0
 493 0033 06       		.uleb128 0x6
 494 0034 28       		.uleb128 0x28
 495 0035 00       		.byte	0
 496 0036 03       		.uleb128 0x3
 497 0037 0E       		.uleb128 0xe
 498 0038 1C       		.uleb128 0x1c
 499 0039 0B       		.uleb128 0xb
 500 003a 00       		.byte	0
 501 003b 00       		.byte	0
ARM GAS  C:\Users\DEVELO~1\AppData\Local\Temp\ccmdiGtP.s 			page 10


 502 003c 07       		.uleb128 0x7
 503 003d 48       		.uleb128 0x48
 504 003e 01       		.byte	0x1
 505 003f 7D       		.uleb128 0x7d
 506 0040 01       		.uleb128 0x1
 507 0041 7F       		.uleb128 0x7f
 508 0042 13       		.uleb128 0x13
 509 0043 01       		.uleb128 0x1
 510 0044 13       		.uleb128 0x13
 511 0045 00       		.byte	0
 512 0046 00       		.byte	0
 513 0047 08       		.uleb128 0x8
 514 0048 2E       		.uleb128 0x2e
 515 0049 00       		.byte	0
 516 004a 3F       		.uleb128 0x3f
 517 004b 19       		.uleb128 0x19
 518 004c 03       		.uleb128 0x3
 519 004d 0E       		.uleb128 0xe
 520 004e 3A       		.uleb128 0x3a
 521 004f 21       		.uleb128 0x21
 522 0050 05       		.sleb128 5
 523 0051 3B       		.uleb128 0x3b
 524 0052 0B       		.uleb128 0xb
 525 0053 39       		.uleb128 0x39
 526 0054 21       		.uleb128 0x21
 527 0055 0E       		.sleb128 14
 528 0056 27       		.uleb128 0x27
 529 0057 19       		.uleb128 0x19
 530 0058 49       		.uleb128 0x49
 531 0059 13       		.uleb128 0x13
 532 005a 3C       		.uleb128 0x3c
 533 005b 19       		.uleb128 0x19
 534 005c 00       		.byte	0
 535 005d 00       		.byte	0
 536 005e 09       		.uleb128 0x9
 537 005f 2E       		.uleb128 0x2e
 538 0060 00       		.byte	0
 539 0061 3F       		.uleb128 0x3f
 540 0062 19       		.uleb128 0x19
 541 0063 03       		.uleb128 0x3
 542 0064 0E       		.uleb128 0xe
 543 0065 3A       		.uleb128 0x3a
 544 0066 21       		.uleb128 0x21
 545 0067 07       		.sleb128 7
 546 0068 3B       		.uleb128 0x3b
 547 0069 0B       		.uleb128 0xb
 548 006a 39       		.uleb128 0x39
 549 006b 21       		.uleb128 0x21
 550 006c 06       		.sleb128 6
 551 006d 27       		.uleb128 0x27
 552 006e 19       		.uleb128 0x19
 553 006f 3C       		.uleb128 0x3c
 554 0070 19       		.uleb128 0x19
 555 0071 00       		.byte	0
 556 0072 00       		.byte	0
 557 0073 0A       		.uleb128 0xa
 558 0074 2E       		.uleb128 0x2e
ARM GAS  C:\Users\DEVELO~1\AppData\Local\Temp\ccmdiGtP.s 			page 11


 559 0075 01       		.byte	0x1
 560 0076 3F       		.uleb128 0x3f
 561 0077 19       		.uleb128 0x19
 562 0078 03       		.uleb128 0x3
 563 0079 0E       		.uleb128 0xe
 564 007a 3A       		.uleb128 0x3a
 565 007b 0B       		.uleb128 0xb
 566 007c 3B       		.uleb128 0x3b
 567 007d 0B       		.uleb128 0xb
 568 007e 39       		.uleb128 0x39
 569 007f 0B       		.uleb128 0xb
 570 0080 27       		.uleb128 0x27
 571 0081 19       		.uleb128 0x19
 572 0082 3C       		.uleb128 0x3c
 573 0083 19       		.uleb128 0x19
 574 0084 01       		.uleb128 0x1
 575 0085 13       		.uleb128 0x13
 576 0086 00       		.byte	0
 577 0087 00       		.byte	0
 578 0088 0B       		.uleb128 0xb
 579 0089 2E       		.uleb128 0x2e
 580 008a 00       		.byte	0
 581 008b 3F       		.uleb128 0x3f
 582 008c 19       		.uleb128 0x19
 583 008d 03       		.uleb128 0x3
 584 008e 0E       		.uleb128 0xe
 585 008f 3A       		.uleb128 0x3a
 586 0090 0B       		.uleb128 0xb
 587 0091 3B       		.uleb128 0x3b
 588 0092 05       		.uleb128 0x5
 589 0093 39       		.uleb128 0x39
 590 0094 21       		.uleb128 0x21
 591 0095 08       		.sleb128 8
 592 0096 27       		.uleb128 0x27
 593 0097 19       		.uleb128 0x19
 594 0098 3C       		.uleb128 0x3c
 595 0099 19       		.uleb128 0x19
 596 009a 00       		.byte	0
 597 009b 00       		.byte	0
 598 009c 0C       		.uleb128 0xc
 599 009d 11       		.uleb128 0x11
 600 009e 01       		.byte	0x1
 601 009f 25       		.uleb128 0x25
 602 00a0 0E       		.uleb128 0xe
 603 00a1 13       		.uleb128 0x13
 604 00a2 0B       		.uleb128 0xb
 605 00a3 03       		.uleb128 0x3
 606 00a4 0E       		.uleb128 0xe
 607 00a5 1B       		.uleb128 0x1b
 608 00a6 0E       		.uleb128 0xe
 609 00a7 55       		.uleb128 0x55
 610 00a8 17       		.uleb128 0x17
 611 00a9 11       		.uleb128 0x11
 612 00aa 01       		.uleb128 0x1
 613 00ab 10       		.uleb128 0x10
 614 00ac 17       		.uleb128 0x17
 615 00ad 00       		.byte	0
ARM GAS  C:\Users\DEVELO~1\AppData\Local\Temp\ccmdiGtP.s 			page 12


 616 00ae 00       		.byte	0
 617 00af 0D       		.uleb128 0xd
 618 00b0 24       		.uleb128 0x24
 619 00b1 00       		.byte	0
 620 00b2 0B       		.uleb128 0xb
 621 00b3 0B       		.uleb128 0xb
 622 00b4 3E       		.uleb128 0x3e
 623 00b5 0B       		.uleb128 0xb
 624 00b6 03       		.uleb128 0x3
 625 00b7 08       		.uleb128 0x8
 626 00b8 00       		.byte	0
 627 00b9 00       		.byte	0
 628 00ba 0E       		.uleb128 0xe
 629 00bb 0F       		.uleb128 0xf
 630 00bc 00       		.byte	0
 631 00bd 0B       		.uleb128 0xb
 632 00be 0B       		.uleb128 0xb
 633 00bf 49       		.uleb128 0x49
 634 00c0 13       		.uleb128 0x13
 635 00c1 00       		.byte	0
 636 00c2 00       		.byte	0
 637 00c3 0F       		.uleb128 0xf
 638 00c4 26       		.uleb128 0x26
 639 00c5 00       		.byte	0
 640 00c6 49       		.uleb128 0x49
 641 00c7 13       		.uleb128 0x13
 642 00c8 00       		.byte	0
 643 00c9 00       		.byte	0
 644 00ca 10       		.uleb128 0x10
 645 00cb 04       		.uleb128 0x4
 646 00cc 01       		.byte	0x1
 647 00cd 3E       		.uleb128 0x3e
 648 00ce 0B       		.uleb128 0xb
 649 00cf 0B       		.uleb128 0xb
 650 00d0 0B       		.uleb128 0xb
 651 00d1 49       		.uleb128 0x49
 652 00d2 13       		.uleb128 0x13
 653 00d3 3A       		.uleb128 0x3a
 654 00d4 0B       		.uleb128 0xb
 655 00d5 3B       		.uleb128 0x3b
 656 00d6 0B       		.uleb128 0xb
 657 00d7 39       		.uleb128 0x39
 658 00d8 0B       		.uleb128 0xb
 659 00d9 01       		.uleb128 0x1
 660 00da 13       		.uleb128 0x13
 661 00db 00       		.byte	0
 662 00dc 00       		.byte	0
 663 00dd 11       		.uleb128 0x11
 664 00de 2E       		.uleb128 0x2e
 665 00df 01       		.byte	0x1
 666 00e0 3F       		.uleb128 0x3f
 667 00e1 19       		.uleb128 0x19
 668 00e2 03       		.uleb128 0x3
 669 00e3 0E       		.uleb128 0xe
 670 00e4 3A       		.uleb128 0x3a
 671 00e5 0B       		.uleb128 0xb
 672 00e6 3B       		.uleb128 0x3b
ARM GAS  C:\Users\DEVELO~1\AppData\Local\Temp\ccmdiGtP.s 			page 13


 673 00e7 05       		.uleb128 0x5
 674 00e8 39       		.uleb128 0x39
 675 00e9 0B       		.uleb128 0xb
 676 00ea 27       		.uleb128 0x27
 677 00eb 19       		.uleb128 0x19
 678 00ec 3C       		.uleb128 0x3c
 679 00ed 19       		.uleb128 0x19
 680 00ee 01       		.uleb128 0x1
 681 00ef 13       		.uleb128 0x13
 682 00f0 00       		.byte	0
 683 00f1 00       		.byte	0
 684 00f2 12       		.uleb128 0x12
 685 00f3 2E       		.uleb128 0x2e
 686 00f4 01       		.byte	0x1
 687 00f5 3F       		.uleb128 0x3f
 688 00f6 19       		.uleb128 0x19
 689 00f7 03       		.uleb128 0x3
 690 00f8 0E       		.uleb128 0xe
 691 00f9 3A       		.uleb128 0x3a
 692 00fa 0B       		.uleb128 0xb
 693 00fb 3B       		.uleb128 0x3b
 694 00fc 0B       		.uleb128 0xb
 695 00fd 39       		.uleb128 0x39
 696 00fe 0B       		.uleb128 0xb
 697 00ff 27       		.uleb128 0x27
 698 0100 19       		.uleb128 0x19
 699 0101 49       		.uleb128 0x49
 700 0102 13       		.uleb128 0x13
 701 0103 11       		.uleb128 0x11
 702 0104 01       		.uleb128 0x1
 703 0105 12       		.uleb128 0x12
 704 0106 06       		.uleb128 0x6
 705 0107 40       		.uleb128 0x40
 706 0108 18       		.uleb128 0x18
 707 0109 7A       		.uleb128 0x7a
 708 010a 19       		.uleb128 0x19
 709 010b 00       		.byte	0
 710 010c 00       		.byte	0
 711 010d 13       		.uleb128 0x13
 712 010e 48       		.uleb128 0x48
 713 010f 01       		.byte	0x1
 714 0110 7D       		.uleb128 0x7d
 715 0111 01       		.uleb128 0x1
 716 0112 7F       		.uleb128 0x7f
 717 0113 13       		.uleb128 0x13
 718 0114 00       		.byte	0
 719 0115 00       		.byte	0
 720 0116 00       		.byte	0
 721              		.section	.debug_aranges,"",%progbits
 722 0000 1C000000 		.4byte	0x1c
 723 0004 0200     		.2byte	0x2
 724 0006 00000000 		.4byte	.Ldebug_info0
 725 000a 04       		.byte	0x4
 726 000b 00       		.byte	0
 727 000c 0000     		.2byte	0
 728 000e 0000     		.2byte	0
 729 0010 00000000 		.4byte	.LFB448
ARM GAS  C:\Users\DEVELO~1\AppData\Local\Temp\ccmdiGtP.s 			page 14


 730 0014 60000000 		.4byte	.LFE448-.LFB448
 731 0018 00000000 		.4byte	0
 732 001c 00000000 		.4byte	0
 733              		.section	.debug_rnglists,"",%progbits
 734              	.Ldebug_ranges0:
 735 0000 0F000000 		.4byte	.Ldebug_ranges3-.Ldebug_ranges2
 736              	.Ldebug_ranges2:
 737 0004 0500     		.2byte	0x5
 738 0006 04       		.byte	0x4
 739 0007 00       		.byte	0
 740 0008 00000000 		.4byte	0
 741              	.LLRL0:
 742 000c 07       		.byte	0x7
 743 000d 00000000 		.4byte	.LFB448
 744 0011 60       		.uleb128 .LFE448-.LFB448
 745 0012 00       		.byte	0
 746              	.Ldebug_ranges3:
 747              		.section	.debug_line,"",%progbits
 748              	.Ldebug_line0:
 749 0000 E8010000 		.section	.debug_str,"MS",%progbits,1
 749      03008901 
 749      00000201 
 749      FB0E0D00 
 749      01010101 
 750              	.LASF8:
 751 0000 5F5F7569 		.ascii	"__uint8_t\000"
 751      6E74385F 
 751      7400
 752              	.LASF17:
 753 000a 73797369 		.ascii	"sysinterval_t\000"
 753      6E746572 
 753      76616C5F 
 753      7400
 754              	.LASF24:
 755 0018 7379735F 		.ascii	"sys_status_t\000"
 755      73746174 
 755      75735F74 
 755      00
 756              	.LASF18:
 757 0025 74696D65 		.ascii	"time_conv_t\000"
 757      5F636F6E 
 757      765F7400 
 758              	.LASF15:
 759 0031 75696E74 		.ascii	"uint64_t\000"
 759      36345F74 
 759      00
 760              	.LASF28:
 761 003a 6472765F 		.ascii	"drv_display_clear\000"
 761      64697370 
 761      6C61795F 
 761      636C6561 
 761      7200
 762              	.LASF34:
 763 004c 68616C49 		.ascii	"halInit\000"
 763      6E697400 
 764              	.LASF12:
 765 0054 6C6F6E67 		.ascii	"long long unsigned int\000"
ARM GAS  C:\Users\DEVELO~1\AppData\Local\Temp\ccmdiGtP.s 			page 15


 765      206C6F6E 
 765      6720756E 
 765      7369676E 
 765      65642069 
 766              	.LASF21:
 767 006b 5359535F 		.ascii	"SYS_ERR_MPU\000"
 767      4552525F 
 767      4D505500 
 768              	.LASF4:
 769 0077 756E7369 		.ascii	"unsigned char\000"
 769      676E6564 
 769      20636861 
 769      7200
 770              	.LASF25:
 771 0085 63685468 		.ascii	"chThdSleep\000"
 771      64536C65 
 771      657000
 772              	.LASF29:
 773 0090 73797374 		.ascii	"system_init_late\000"
 773      656D5F69 
 773      6E69745F 
 773      6C617465 
 773      00
 774              	.LASF33:
 775 00a1 63685379 		.ascii	"chSysInit\000"
 775      73496E69 
 775      7400
 776              	.LASF10:
 777 00ab 6C6F6E67 		.ascii	"long unsigned int\000"
 777      20756E73 
 777      69676E65 
 777      6420696E 
 777      7400
 778              	.LASF6:
 779 00bd 73686F72 		.ascii	"short unsigned int\000"
 779      7420756E 
 779      7369676E 
 779      65642069 
 779      6E7400
 780              	.LASF30:
 781 00d0 73797374 		.ascii	"system_init_drivers\000"
 781      656D5F69 
 781      6E69745F 
 781      64726976 
 781      65727300 
 782              	.LASF9:
 783 00e4 5F5F7569 		.ascii	"__uint32_t\000"
 783      6E743332 
 783      5F7400
 784              	.LASF37:
 785 00ef 433A5C43 		.ascii	"C:\\ChibiStudio\\ChibiOS-master\\demos\\STM32\\CUST"
 785      68696269 
 785      53747564 
 785      696F5C43 
 785      68696269 
 786 011d 4F4D5F48 		.ascii	"OM_H743IIT6_maj\000"
 786      37343349 
ARM GAS  C:\Users\DEVELO~1\AppData\Local\Temp\ccmdiGtP.s 			page 16


 786      4954365F 
 786      6D616A00 
 787              	.LASF38:
 788 012d 6D61696E 		.ascii	"main\000"
 788      00
 789              	.LASF35:
 790 0132 474E5520 		.ascii	"GNU C17 11.3.1 20220712 -mcpu=cortex-m7 -mthumb -mf"
 790      43313720 
 790      31312E33 
 790      2E312032 
 790      30323230 
 791 0165 6C6F6174 		.ascii	"loat-abi=hard -mfpu=fpv5-d16 -march=armv7e-m+fp.dp "
 791      2D616269 
 791      3D686172 
 791      64202D6D 
 791      6670753D 
 792 0198 2D676764 		.ascii	"-ggdb -O2 -ffunction-sections -fdata-sections -fno-"
 792      62202D4F 
 792      32202D66 
 792      66756E63 
 792      74696F6E 
 793 01cb 636F6D6D 		.ascii	"common\000"
 793      6F6E00
 794              	.LASF27:
 795 01d2 6472765F 		.ascii	"drv_display_update\000"
 795      64697370 
 795      6C61795F 
 795      75706461 
 795      746500
 796              	.LASF0:
 797 01e5 756E7369 		.ascii	"unsigned int\000"
 797      676E6564 
 797      20696E74 
 797      00
 798              	.LASF16:
 799 01f2 63686172 		.ascii	"char\000"
 799      00
 800              	.LASF13:
 801 01f7 75696E74 		.ascii	"uint8_t\000"
 801      385F7400 
 802              	.LASF26:
 803 01ff 6472765F 		.ascii	"drv_display_draw_text\000"
 803      64697370 
 803      6C61795F 
 803      64726177 
 803      5F746578 
 804              	.LASF2:
 805 0215 6C6F6E67 		.ascii	"long double\000"
 805      20646F75 
 805      626C6500 
 806              	.LASF23:
 807 0221 5359535F 		.ascii	"SYS_ERR_SD\000"
 807      4552525F 
 807      534400
 808              	.LASF1:
 809 022c 6C6F6E67 		.ascii	"long long int\000"
 809      206C6F6E 
ARM GAS  C:\Users\DEVELO~1\AppData\Local\Temp\ccmdiGtP.s 			page 17


 809      6720696E 
 809      7400
 810              	.LASF36:
 811 023a 6D61696E 		.ascii	"main.c\000"
 811      2E6300
 812              	.LASF5:
 813 0241 73686F72 		.ascii	"short int\000"
 813      7420696E 
 813      7400
 814              	.LASF11:
 815 024b 5F5F7569 		.ascii	"__uint64_t\000"
 815      6E743634 
 815      5F7400
 816              	.LASF14:
 817 0256 75696E74 		.ascii	"uint32_t\000"
 817      33325F74 
 817      00
 818              	.LASF7:
 819 025f 6C6F6E67 		.ascii	"long int\000"
 819      20696E74 
 819      00
 820              	.LASF31:
 821 0268 63685379 		.ascii	"chSysHalt\000"
 821      7348616C 
 821      7400
 822              	.LASF3:
 823 0272 7369676E 		.ascii	"signed char\000"
 823      65642063 
 823      68617200 
 824              	.LASF20:
 825 027e 5359535F 		.ascii	"SYS_OK\000"
 825      4F4B00
 826              	.LASF32:
 827 0285 73797374 		.ascii	"system_init_early\000"
 827      656D5F69 
 827      6E69745F 
 827      6561726C 
 827      7900
 828              	.LASF19:
 829 0297 5F426F6F 		.ascii	"_Bool\000"
 829      6C00
 830              	.LASF22:
 831 029d 5359535F 		.ascii	"SYS_ERR_SDRAM\000"
 831      4552525F 
 831      53445241 
 831      4D00
 832              		.ident	"GCC: (Arm GNU Toolchain 11.3.Rel1) 11.3.1 20220712"
ARM GAS  C:\Users\DEVELO~1\AppData\Local\Temp\ccmdiGtP.s 			page 18


DEFINED SYMBOLS
                            *ABS*:00000000 main.c
C:\Users\DEVELO~1\AppData\Local\Temp\ccmdiGtP.s:19     .rodata.main.str1.4:00000000 $d
C:\Users\DEVELO~1\AppData\Local\Temp\ccmdiGtP.s:32     .text.startup.main:00000000 $t
C:\Users\DEVELO~1\AppData\Local\Temp\ccmdiGtP.s:39     .text.startup.main:00000000 main
C:\Users\DEVELO~1\AppData\Local\Temp\ccmdiGtP.s:121    .text.startup.main:00000050 $d

UNDEFINED SYMBOLS
halInit
chSysInit
system_init_early
system_init_drivers
system_init_late
drv_display_clear
drv_display_draw_text
drv_display_update
chThdSleep
chSysHalt
