ARM GAS  C:\Users\DEVELO~1\AppData\Local\Temp\ccXuX0Yh.s 			page 1


   1              		.cpu cortex-m7
   2              		.arch armv7e-m
   3              		.fpu fpv5-d16
   4              		.eabi_attribute 28, 1
   5              		.eabi_attribute 20, 1
   6              		.eabi_attribute 21, 1
   7              		.eabi_attribute 23, 3
   8              		.eabi_attribute 24, 1
   9              		.eabi_attribute 25, 1
  10              		.eabi_attribute 26, 1
  11              		.eabi_attribute 30, 2
  12              		.eabi_attribute 34, 1
  13              		.eabi_attribute 18, 4
  14              		.file	"nvic.c"
  15              		.text
  16              	.Ltext0:
  17              		.cfi_sections	.debug_frame
  18              		.section	.text.nvicInit,"ax",%progbits
  19              		.align	1
  20              		.p2align 2,,3
  21              		.global	nvicInit
  22              		.syntax unified
  23              		.thumb
  24              		.thumb_func
  25              		.type	nvicInit, %function
  26              	nvicInit:
  27              	.LFB448:
  28              		.file 1 "./docs/ChibiOS/os/hal/ports/common/ARMCMx/nvic.c"
  29              		.loc 1 79 21 view -0
  30              		.cfi_startproc
  31              		@ args = 0, pretend = 0, frame = 0
  32              		@ frame_needed = 0, uses_anonymous_args = 0
  33              		@ link register save eliminated.
  34              		.loc 1 84 3 view .LVU1
  35              		.loc 1 84 12 is_stmt 0 view .LVU2
  36 0000 4FF0E022 		mov	r2, #-536813568
  37              	.LBB2:
  38              		.loc 1 87 17 view .LVU3
  39 0004 0023     		movs	r3, #0
  40              		.loc 1 88 21 view .LVU4
  41 0006 4FF0FF30 		mov	r0, #-1
  42              	.LBE2:
  43              		.loc 1 79 21 view .LVU5
  44 000a 30B4     		push	{r4, r5}
  45              		.cfi_def_cfa_offset 8
  46              		.cfi_offset 4, -8
  47              		.cfi_offset 5, -4
  48 000c 064D     		ldr	r5, .L6
  49              		.loc 1 84 12 view .LVU6
  50 000e 5468     		ldr	r4, [r2, #4]
  51              	.LVL0:
  52              		.loc 1 87 3 is_stmt 1 view .LVU7
  53              	.LBB3:
  54              		.loc 1 87 8 view .LVU8
  55              		.loc 1 87 27 view .LVU9
  56              	.L2:
  57              		.loc 1 88 5 discriminator 3 view .LVU10
ARM GAS  C:\Users\DEVELO~1\AppData\Local\Temp\ccXuX0Yh.s 			page 2


  58 0010 05EB8301 		add	r1, r5, r3, lsl #2
  59              		.loc 1 87 27 is_stmt 0 discriminator 3 view .LVU11
  60 0014 9C42     		cmp	r4, r3
  61 0016 03F10103 		add	r3, r3, #1
  62              	.LVL1:
  63              		.loc 1 88 21 discriminator 3 view .LVU12
  64 001a C1F88000 		str	r0, [r1, #128]
  65              		.loc 1 89 5 is_stmt 1 discriminator 3 view .LVU13
  66              		.loc 1 89 21 is_stmt 0 discriminator 3 view .LVU14
  67 001e C1F88001 		str	r0, [r1, #384]
  68              		.loc 1 87 34 is_stmt 1 discriminator 3 view .LVU15
  69              	.LVL2:
  70              		.loc 1 87 27 discriminator 3 view .LVU16
  71 0022 F5D1     		bne	.L2
  72              	.LBE3:
  73              		.loc 1 94 1 is_stmt 0 view .LVU17
  74 0024 30BC     		pop	{r4, r5}
  75              		.cfi_restore 5
  76              		.cfi_restore 4
  77              		.cfi_def_cfa_offset 0
  78              	.LVL3:
  79              		.loc 1 94 1 view .LVU18
  80 0026 7047     		bx	lr
  81              	.L7:
  82              		.align	2
  83              	.L6:
  84 0028 00E100E0 		.word	-536813312
  85              		.cfi_endproc
  86              	.LFE448:
  87              		.size	nvicInit, .-nvicInit
  88              		.section	.text.nvicEnableVector,"ax",%progbits
  89              		.align	1
  90              		.p2align 2,,3
  91              		.global	nvicEnableVector
  92              		.syntax unified
  93              		.thumb
  94              		.thumb_func
  95              		.type	nvicEnableVector, %function
  96              	nvicEnableVector:
  97              	.LVL4:
  98              	.LFB449:
  99              		.loc 1 102 50 is_stmt 1 view -0
 100              		.cfi_startproc
 101              		@ args = 0, pretend = 0, frame = 0
 102              		@ frame_needed = 0, uses_anonymous_args = 0
 103              		.loc 1 109 3 view .LVU20
 104              		.loc 1 109 18 is_stmt 0 view .LVU21
 105 0000 0A4A     		ldr	r2, .L10
 106              		.loc 1 109 20 view .LVU22
 107 0002 0901     		lsls	r1, r1, #4
 108              	.LVL5:
 109              		.loc 1 111 18 view .LVU23
 110 0004 4FEA501C 		lsr	ip, r0, #5
 111              		.loc 1 111 30 view .LVU24
 112 0008 0123     		movs	r3, #1
 113              		.loc 1 109 20 view .LVU25
 114 000a C9B2     		uxtb	r1, r1
ARM GAS  C:\Users\DEVELO~1\AppData\Local\Temp\ccXuX0Yh.s 			page 3


 115              		.loc 1 102 50 view .LVU26
 116 000c 00B5     		push	{lr}
 117              		.cfi_def_cfa_offset 4
 118              		.cfi_offset 14, -4
 119              		.loc 1 111 36 view .LVU27
 120 000e 00F01F0E 		and	lr, r0, #31
 121              		.loc 1 109 18 view .LVU28
 122 0012 1044     		add	r0, r0, r2
 123              	.LVL6:
 124              		.loc 1 111 30 view .LVU29
 125 0014 03FA0EF3 		lsl	r3, r3, lr
 126              		.loc 1 109 18 view .LVU30
 127 0018 80F80013 		strb	r1, [r0, #768]
 128              		.loc 1 111 3 is_stmt 1 view .LVU31
 129 001c 02EB8C01 		add	r1, r2, ip, lsl #2
 130              		.loc 1 111 25 is_stmt 0 view .LVU32
 131 0020 C1F88031 		str	r3, [r1, #384]
 132              		.loc 1 112 3 is_stmt 1 view .LVU33
 133              		.loc 1 112 25 is_stmt 0 view .LVU34
 134 0024 42F82C30 		str	r3, [r2, ip, lsl #2]
 135              		.loc 1 118 1 view .LVU35
 136 0028 5DF804FB 		ldr	pc, [sp], #4
 137              	.L11:
 138              		.align	2
 139              	.L10:
 140 002c 00E100E0 		.word	-536813312
 141              		.cfi_endproc
 142              	.LFE449:
 143              		.size	nvicEnableVector, .-nvicEnableVector
 144              		.section	.text.nvicDisableVector,"ax",%progbits
 145              		.align	1
 146              		.p2align 2,,3
 147              		.global	nvicDisableVector
 148              		.syntax unified
 149              		.thumb
 150              		.thumb_func
 151              		.type	nvicDisableVector, %function
 152              	nvicDisableVector:
 153              	.LVL7:
 154              	.LFB450:
 155              		.loc 1 125 36 is_stmt 1 view -0
 156              		.cfi_startproc
 157              		@ args = 0, pretend = 0, frame = 0
 158              		@ frame_needed = 0, uses_anonymous_args = 0
 159              		@ link register save eliminated.
 160              		.loc 1 127 3 view .LVU37
 161              		.loc 1 127 36 is_stmt 0 view .LVU38
 162 0000 00F01F0C 		and	ip, r0, #31
 163              		.loc 1 127 30 view .LVU39
 164 0004 0122     		movs	r2, #1
 165 0006 084B     		ldr	r3, .L13
 166              		.loc 1 133 18 view .LVU40
 167 0008 0021     		movs	r1, #0
 168              		.loc 1 127 30 view .LVU41
 169 000a 02FA0CF2 		lsl	r2, r2, ip
 170              		.loc 1 127 18 view .LVU42
 171 000e 4FEA501C 		lsr	ip, r0, #5
ARM GAS  C:\Users\DEVELO~1\AppData\Local\Temp\ccXuX0Yh.s 			page 4


 172              		.loc 1 133 18 view .LVU43
 173 0012 1844     		add	r0, r0, r3
 174              	.LVL8:
 175              		.loc 1 133 18 view .LVU44
 176 0014 03EB8C03 		add	r3, r3, ip, lsl #2
 177              		.loc 1 127 25 view .LVU45
 178 0018 C3F88020 		str	r2, [r3, #128]
 179              		.loc 1 128 3 is_stmt 1 view .LVU46
 180              		.loc 1 128 25 is_stmt 0 view .LVU47
 181 001c C3F88021 		str	r2, [r3, #384]
 182              		.loc 1 133 3 is_stmt 1 view .LVU48
 183              		.loc 1 133 18 is_stmt 0 view .LVU49
 184 0020 80F80013 		strb	r1, [r0, #768]
 185              		.loc 1 139 1 view .LVU50
 186 0024 7047     		bx	lr
 187              	.L14:
 188 0026 00BF     		.align	2
 189              	.L13:
 190 0028 00E100E0 		.word	-536813312
 191              		.cfi_endproc
 192              	.LFE450:
 193              		.size	nvicDisableVector, .-nvicDisableVector
 194              		.section	.text.nvicSetSystemHandlerPriority,"ax",%progbits
 195              		.align	1
 196              		.p2align 2,,3
 197              		.global	nvicSetSystemHandlerPriority
 198              		.syntax unified
 199              		.thumb
 200              		.thumb_func
 201              		.type	nvicSetSystemHandlerPriority, %function
 202              	nvicSetSystemHandlerPriority:
 203              	.LVL9:
 204              	.LFB451:
 205              		.loc 1 147 68 is_stmt 1 view -0
 206              		.cfi_startproc
 207              		@ args = 0, pretend = 0, frame = 0
 208              		@ frame_needed = 0, uses_anonymous_args = 0
 209              		@ link register save eliminated.
 210              		.loc 1 149 3 view .LVU52
 211              		.loc 1 149 3 view .LVU53
 212              		.loc 1 149 3 view .LVU54
 213              		.loc 1 156 3 view .LVU55
 214              		.loc 1 156 24 is_stmt 0 view .LVU56
 215 0000 024B     		ldr	r3, .L16
 216              		.loc 1 156 26 view .LVU57
 217 0002 0901     		lsls	r1, r1, #4
 218              	.LVL10:
 219              		.loc 1 156 24 view .LVU58
 220 0004 0344     		add	r3, r3, r0
 221              		.loc 1 156 26 view .LVU59
 222 0006 C9B2     		uxtb	r1, r1
 223              		.loc 1 156 24 view .LVU60
 224 0008 1976     		strb	r1, [r3, #24]
 225              		.loc 1 158 1 view .LVU61
 226 000a 7047     		bx	lr
 227              	.L17:
 228              		.align	2
ARM GAS  C:\Users\DEVELO~1\AppData\Local\Temp\ccXuX0Yh.s 			page 5


 229              	.L16:
 230 000c 00ED00E0 		.word	-536810240
 231              		.cfi_endproc
 232              	.LFE451:
 233              		.size	nvicSetSystemHandlerPriority, .-nvicSetSystemHandlerPriority
 234              		.section	.text.nvicClearPending,"ax",%progbits
 235              		.align	1
 236              		.p2align 2,,3
 237              		.global	nvicClearPending
 238              		.syntax unified
 239              		.thumb
 240              		.thumb_func
 241              		.type	nvicClearPending, %function
 242              	nvicClearPending:
 243              	.LVL11:
 244              	.LFB452:
 245              		.loc 1 165 35 is_stmt 1 view -0
 246              		.cfi_startproc
 247              		@ args = 0, pretend = 0, frame = 0
 248              		@ frame_needed = 0, uses_anonymous_args = 0
 249              		@ link register save eliminated.
 250              		.loc 1 167 3 view .LVU63
 251              		.loc 1 167 18 is_stmt 0 view .LVU64
 252 0000 4309     		lsrs	r3, r0, #5
 253              		.loc 1 167 28 view .LVU65
 254 0002 0122     		movs	r2, #1
 255              		.loc 1 167 34 view .LVU66
 256 0004 00F01F00 		and	r0, r0, #31
 257              	.LVL12:
 258              		.loc 1 167 24 view .LVU67
 259 0008 0249     		ldr	r1, .L19
 260 000a 6033     		adds	r3, r3, #96
 261              		.loc 1 167 28 view .LVU68
 262 000c 8240     		lsls	r2, r2, r0
 263              		.loc 1 167 24 view .LVU69
 264 000e 41F82320 		str	r2, [r1, r3, lsl #2]
 265              		.loc 1 168 1 view .LVU70
 266 0012 7047     		bx	lr
 267              	.L20:
 268              		.align	2
 269              	.L19:
 270 0014 00E100E0 		.word	-536813312
 271              		.cfi_endproc
 272              	.LFE452:
 273              		.size	nvicClearPending, .-nvicClearPending
 274              		.section	.text.nvicSetPending,"ax",%progbits
 275              		.align	1
 276              		.p2align 2,,3
 277              		.global	nvicSetPending
 278              		.syntax unified
 279              		.thumb
 280              		.thumb_func
 281              		.type	nvicSetPending, %function
 282              	nvicSetPending:
 283              	.LVL13:
 284              	.LFB453:
 285              		.loc 1 175 33 is_stmt 1 view -0
ARM GAS  C:\Users\DEVELO~1\AppData\Local\Temp\ccXuX0Yh.s 			page 6


 286              		.cfi_startproc
 287              		@ args = 0, pretend = 0, frame = 0
 288              		@ frame_needed = 0, uses_anonymous_args = 0
 289              		@ link register save eliminated.
 290              		.loc 1 177 3 view .LVU72
 291              		.loc 1 177 18 is_stmt 0 view .LVU73
 292 0000 4309     		lsrs	r3, r0, #5
 293              		.loc 1 177 28 view .LVU74
 294 0002 0122     		movs	r2, #1
 295              		.loc 1 177 34 view .LVU75
 296 0004 00F01F00 		and	r0, r0, #31
 297              	.LVL14:
 298              		.loc 1 177 24 view .LVU76
 299 0008 0249     		ldr	r1, .L22
 300 000a 4033     		adds	r3, r3, #64
 301              		.loc 1 177 28 view .LVU77
 302 000c 8240     		lsls	r2, r2, r0
 303              		.loc 1 177 24 view .LVU78
 304 000e 41F82320 		str	r2, [r1, r3, lsl #2]
 305              		.loc 1 178 1 view .LVU79
 306 0012 7047     		bx	lr
 307              	.L23:
 308              		.align	2
 309              	.L22:
 310 0014 00E100E0 		.word	-536813312
 311              		.cfi_endproc
 312              	.LFE453:
 313              		.size	nvicSetPending, .-nvicSetPending
 314              		.text
 315              	.Letext0:
 316              		.file 2 "c:\\chibistudio\\tools\\gnu tools arm embedded\\11.3 2022.08\\arm-none-eabi\\include\\mac
 317              		.file 3 "c:\\chibistudio\\tools\\gnu tools arm embedded\\11.3 2022.08\\arm-none-eabi\\include\\sys
 318              		.file 4 "./docs/ChibiOS/os/common/ext/ARM/CMSIS/Core/Include/core_cm7.h"
 319              		.section	.debug_info,"",%progbits
 320              	.Ldebug_info0:
 321 0000 77060000 		.4byte	0x677
 322 0004 0500     		.2byte	0x5
 323 0006 01       		.byte	0x1
 324 0007 04       		.byte	0x4
 325 0008 00000000 		.4byte	.Ldebug_abbrev0
 326 000c 10       		.uleb128 0x10
 327 000d 14000000 		.4byte	.LASF81
 328 0011 1D       		.byte	0x1d
 329 0012 EA020000 		.4byte	.LASF82
 330 0016 74030000 		.4byte	.LASF83
 331 001a 18000000 		.4byte	.LLRL9
 332 001e 00000000 		.4byte	0
 333 0022 00000000 		.4byte	.Ldebug_line0
 334 0026 11       		.uleb128 0x11
 335 0027 04       		.byte	0x4
 336 0028 05       		.byte	0x5
 337 0029 696E7400 		.ascii	"int\000"
 338 002d 05       		.uleb128 0x5
 339 002e 04       		.byte	0x4
 340 002f 07       		.byte	0x7
 341 0030 CC030000 		.4byte	.LASF0
 342 0034 05       		.uleb128 0x5
ARM GAS  C:\Users\DEVELO~1\AppData\Local\Temp\ccXuX0Yh.s 			page 7


 343 0035 08       		.byte	0x8
 344 0036 05       		.byte	0x5
 345 0037 A2010000 		.4byte	.LASF1
 346 003b 05       		.uleb128 0x5
 347 003c 08       		.byte	0x8
 348 003d 04       		.byte	0x4
 349 003e FD000000 		.4byte	.LASF2
 350 0042 05       		.uleb128 0x5
 351 0043 01       		.byte	0x1
 352 0044 06       		.byte	0x6
 353 0045 3D020000 		.4byte	.LASF3
 354 0049 09       		.uleb128 0x9
 355 004a C5010000 		.4byte	.LASF8
 356 004e 02       		.byte	0x2
 357 004f 2B       		.byte	0x2b
 358 0050 18       		.byte	0x18
 359 0051 55000000 		.4byte	0x55
 360 0055 05       		.uleb128 0x5
 361 0056 01       		.byte	0x1
 362 0057 08       		.byte	0x8
 363 0058 E4010000 		.4byte	.LASF4
 364 005c 05       		.uleb128 0x5
 365 005d 02       		.byte	0x2
 366 005e 05       		.byte	0x5
 367 005f CB000000 		.4byte	.LASF5
 368 0063 05       		.uleb128 0x5
 369 0064 02       		.byte	0x2
 370 0065 07       		.byte	0x7
 371 0066 92020000 		.4byte	.LASF6
 372 006a 05       		.uleb128 0x5
 373 006b 04       		.byte	0x4
 374 006c 05       		.byte	0x5
 375 006d B5010000 		.4byte	.LASF7
 376 0071 09       		.uleb128 0x9
 377 0072 09010000 		.4byte	.LASF9
 378 0076 02       		.byte	0x2
 379 0077 4F       		.byte	0x4f
 380 0078 19       		.byte	0x19
 381 0079 7D000000 		.4byte	0x7d
 382 007d 05       		.uleb128 0x5
 383 007e 04       		.byte	0x4
 384 007f 07       		.byte	0x7
 385 0080 47030000 		.4byte	.LASF10
 386 0084 05       		.uleb128 0x5
 387 0085 08       		.byte	0x8
 388 0086 07       		.byte	0x7
 389 0087 4E020000 		.4byte	.LASF11
 390 008b 09       		.uleb128 0x9
 391 008c 49010000 		.4byte	.LASF12
 392 0090 03       		.byte	0x3
 393 0091 18       		.byte	0x18
 394 0092 13       		.byte	0x13
 395 0093 49000000 		.4byte	0x49
 396 0097 06       		.uleb128 0x6
 397 0098 8B000000 		.4byte	0x8b
 398 009c 09       		.uleb128 0x9
 399 009d 20030000 		.4byte	.LASF13
ARM GAS  C:\Users\DEVELO~1\AppData\Local\Temp\ccXuX0Yh.s 			page 8


 400 00a1 03       		.byte	0x3
 401 00a2 30       		.byte	0x30
 402 00a3 14       		.byte	0x14
 403 00a4 71000000 		.4byte	0x71
 404 00a8 06       		.uleb128 0x6
 405 00a9 9C000000 		.4byte	0x9c
 406 00ad 07       		.uleb128 0x7
 407 00ae A8000000 		.4byte	0xa8
 408 00b2 05       		.uleb128 0x5
 409 00b3 01       		.byte	0x1
 410 00b4 08       		.byte	0x8
 411 00b5 A5020000 		.4byte	.LASF14
 412 00b9 07       		.uleb128 0x7
 413 00ba B2000000 		.4byte	0xb2
 414 00be 0D       		.uleb128 0xd
 415 00bf 040E     		.2byte	0xe04
 416 00c1 A501     		.2byte	0x1a5
 417 00c3 6E010000 		.4byte	0x16e
 418 00c7 02       		.uleb128 0x2
 419 00c8 1B030000 		.4byte	.LASF15
 420 00cc A701     		.2byte	0x1a7
 421 00ce 7E010000 		.4byte	0x17e
 422 00d2 00       		.byte	0
 423 00d3 02       		.uleb128 0x2
 424 00d4 DB000000 		.4byte	.LASF16
 425 00d8 A801     		.2byte	0x1a8
 426 00da 83010000 		.4byte	0x183
 427 00de 20       		.byte	0x20
 428 00df 02       		.uleb128 0x2
 429 00e0 81020000 		.4byte	.LASF17
 430 00e4 A901     		.2byte	0x1a9
 431 00e6 7E010000 		.4byte	0x17e
 432 00ea 80       		.byte	0x80
 433 00eb 02       		.uleb128 0x2
 434 00ec 93010000 		.4byte	.LASF18
 435 00f0 AA01     		.2byte	0x1aa
 436 00f2 83010000 		.4byte	0x183
 437 00f6 A0       		.byte	0xa0
 438 00f7 01       		.uleb128 0x1
 439 00f8 C8020000 		.4byte	.LASF19
 440 00fc AB01     		.2byte	0x1ab
 441 00fe 7E010000 		.4byte	0x17e
 442 0102 0001     		.2byte	0x100
 443 0104 01       		.uleb128 0x1
 444 0105 3F010000 		.4byte	.LASF20
 445 0109 AC01     		.2byte	0x1ac
 446 010b 83010000 		.4byte	0x183
 447 010f 2001     		.2byte	0x120
 448 0111 01       		.uleb128 0x1
 449 0112 38020000 		.4byte	.LASF21
 450 0116 AD01     		.2byte	0x1ad
 451 0118 7E010000 		.4byte	0x17e
 452 011c 8001     		.2byte	0x180
 453 011e 01       		.uleb128 0x1
 454 011f 29030000 		.4byte	.LASF22
 455 0123 AE01     		.2byte	0x1ae
 456 0125 83010000 		.4byte	0x183
ARM GAS  C:\Users\DEVELO~1\AppData\Local\Temp\ccXuX0Yh.s 			page 9


 457 0129 A001     		.2byte	0x1a0
 458 012b 01       		.uleb128 0x1
 459 012c 0F000000 		.4byte	.LASF23
 460 0130 AF01     		.2byte	0x1af
 461 0132 7E010000 		.4byte	0x17e
 462 0136 0002     		.2byte	0x200
 463 0138 01       		.uleb128 0x1
 464 0139 33030000 		.4byte	.LASF24
 465 013d B001     		.2byte	0x1b0
 466 013f 93010000 		.4byte	0x193
 467 0143 2002     		.2byte	0x220
 468 0145 12       		.uleb128 0x12
 469 0146 495000   		.ascii	"IP\000"
 470 0149 04       		.byte	0x4
 471 014a B101     		.2byte	0x1b1
 472 014c 12       		.byte	0x12
 473 014d B3010000 		.4byte	0x1b3
 474 0151 0003     		.2byte	0x300
 475 0153 01       		.uleb128 0x1
 476 0154 3D030000 		.4byte	.LASF25
 477 0158 B201     		.2byte	0x1b2
 478 015a B8010000 		.4byte	0x1b8
 479 015e F003     		.2byte	0x3f0
 480 0160 01       		.uleb128 0x1
 481 0161 70010000 		.4byte	.LASF26
 482 0165 B301     		.2byte	0x1b3
 483 0167 A8000000 		.4byte	0xa8
 484 016b 000E     		.2byte	0xe00
 485 016d 00       		.byte	0
 486 016e 03       		.uleb128 0x3
 487 016f A8000000 		.4byte	0xa8
 488 0173 7E010000 		.4byte	0x17e
 489 0177 04       		.uleb128 0x4
 490 0178 2D000000 		.4byte	0x2d
 491 017c 07       		.byte	0x7
 492 017d 00       		.byte	0
 493 017e 06       		.uleb128 0x6
 494 017f 6E010000 		.4byte	0x16e
 495 0183 03       		.uleb128 0x3
 496 0184 9C000000 		.4byte	0x9c
 497 0188 93010000 		.4byte	0x193
 498 018c 04       		.uleb128 0x4
 499 018d 2D000000 		.4byte	0x2d
 500 0191 17       		.byte	0x17
 501 0192 00       		.byte	0
 502 0193 03       		.uleb128 0x3
 503 0194 9C000000 		.4byte	0x9c
 504 0198 A3010000 		.4byte	0x1a3
 505 019c 04       		.uleb128 0x4
 506 019d 2D000000 		.4byte	0x2d
 507 01a1 37       		.byte	0x37
 508 01a2 00       		.byte	0
 509 01a3 03       		.uleb128 0x3
 510 01a4 97000000 		.4byte	0x97
 511 01a8 B3010000 		.4byte	0x1b3
 512 01ac 04       		.uleb128 0x4
 513 01ad 2D000000 		.4byte	0x2d
ARM GAS  C:\Users\DEVELO~1\AppData\Local\Temp\ccXuX0Yh.s 			page 10


 514 01b1 EF       		.byte	0xef
 515 01b2 00       		.byte	0
 516 01b3 06       		.uleb128 0x6
 517 01b4 A3010000 		.4byte	0x1a3
 518 01b8 03       		.uleb128 0x3
 519 01b9 9C000000 		.4byte	0x9c
 520 01bd C9010000 		.4byte	0x1c9
 521 01c1 13       		.uleb128 0x13
 522 01c2 2D000000 		.4byte	0x2d
 523 01c6 8302     		.2byte	0x283
 524 01c8 00       		.byte	0
 525 01c9 0B       		.uleb128 0xb
 526 01ca 2E020000 		.4byte	.LASF27
 527 01ce B401     		.2byte	0x1b4
 528 01d0 04       		.byte	0x4
 529 01d1 BE000000 		.4byte	0xbe
 530 01d5 0D       		.uleb128 0xd
 531 01d6 AC02     		.2byte	0x2ac
 532 01d8 C701     		.2byte	0x1c7
 533 01da 4F040000 		.4byte	0x44f
 534 01de 02       		.uleb128 0x2
 535 01df 2D010000 		.4byte	.LASF28
 536 01e3 C901     		.2byte	0x1c9
 537 01e5 AD000000 		.4byte	0xad
 538 01e9 00       		.byte	0
 539 01ea 02       		.uleb128 0x2
 540 01eb 8E010000 		.4byte	.LASF29
 541 01ef CA01     		.2byte	0x1ca
 542 01f1 A8000000 		.4byte	0xa8
 543 01f5 04       		.byte	0x4
 544 01f6 02       		.uleb128 0x2
 545 01f7 B2020000 		.4byte	.LASF30
 546 01fb CB01     		.2byte	0x1cb
 547 01fd A8000000 		.4byte	0xa8
 548 0201 08       		.byte	0x8
 549 0202 02       		.uleb128 0x2
 550 0203 02020000 		.4byte	.LASF31
 551 0207 CC01     		.2byte	0x1cc
 552 0209 A8000000 		.4byte	0xa8
 553 020d 0C       		.byte	0xc
 554 020e 0C       		.uleb128 0xc
 555 020f 53435200 		.ascii	"SCR\000"
 556 0213 CD01     		.2byte	0x1cd
 557 0215 A8000000 		.4byte	0xa8
 558 0219 10       		.byte	0x10
 559 021a 0C       		.uleb128 0xc
 560 021b 43435200 		.ascii	"CCR\000"
 561 021f CE01     		.2byte	0x1ce
 562 0221 A8000000 		.4byte	0xa8
 563 0225 14       		.byte	0x14
 564 0226 02       		.uleb128 0x2
 565 0227 49020000 		.4byte	.LASF32
 566 022b CF01     		.2byte	0x1cf
 567 022d 5F040000 		.4byte	0x45f
 568 0231 18       		.byte	0x18
 569 0232 02       		.uleb128 0x2
 570 0233 65020000 		.4byte	.LASF33
ARM GAS  C:\Users\DEVELO~1\AppData\Local\Temp\ccXuX0Yh.s 			page 11


 571 0237 D001     		.2byte	0x1d0
 572 0239 A8000000 		.4byte	0xa8
 573 023d 24       		.byte	0x24
 574 023e 02       		.uleb128 0x2
 575 023f CF010000 		.4byte	.LASF34
 576 0243 D101     		.2byte	0x1d1
 577 0245 A8000000 		.4byte	0xa8
 578 0249 28       		.byte	0x28
 579 024a 02       		.uleb128 0x2
 580 024b E0020000 		.4byte	.LASF35
 581 024f D201     		.2byte	0x1d2
 582 0251 A8000000 		.4byte	0xa8
 583 0255 2C       		.byte	0x2c
 584 0256 02       		.uleb128 0x2
 585 0257 CD020000 		.4byte	.LASF36
 586 025b D301     		.2byte	0x1d3
 587 025d A8000000 		.4byte	0xa8
 588 0261 30       		.byte	0x30
 589 0262 02       		.uleb128 0x2
 590 0263 C5000000 		.4byte	.LASF37
 591 0267 D401     		.2byte	0x1d4
 592 0269 A8000000 		.4byte	0xa8
 593 026d 34       		.byte	0x34
 594 026e 02       		.uleb128 0x2
 595 026f B0010000 		.4byte	.LASF38
 596 0273 D501     		.2byte	0x1d5
 597 0275 A8000000 		.4byte	0xa8
 598 0279 38       		.byte	0x38
 599 027a 02       		.uleb128 0x2
 600 027b C0030000 		.4byte	.LASF39
 601 027f D601     		.2byte	0x1d6
 602 0281 A8000000 		.4byte	0xa8
 603 0285 3C       		.byte	0x3c
 604 0286 02       		.uleb128 0x2
 605 0287 6B020000 		.4byte	.LASF40
 606 028b D701     		.2byte	0x1d7
 607 028d 79040000 		.4byte	0x479
 608 0291 40       		.byte	0x40
 609 0292 02       		.uleb128 0x2
 610 0293 C5030000 		.4byte	.LASF41
 611 0297 D801     		.2byte	0x1d8
 612 0299 AD000000 		.4byte	0xad
 613 029d 48       		.byte	0x48
 614 029e 02       		.uleb128 0x2
 615 029f 75010000 		.4byte	.LASF42
 616 02a3 D901     		.2byte	0x1d9
 617 02a5 AD000000 		.4byte	0xad
 618 02a9 4C       		.byte	0x4c
 619 02aa 02       		.uleb128 0x2
 620 02ab B9030000 		.4byte	.LASF43
 621 02af DA01     		.2byte	0x1da
 622 02b1 93040000 		.4byte	0x493
 623 02b5 50       		.byte	0x50
 624 02b6 02       		.uleb128 0x2
 625 02b7 FA010000 		.4byte	.LASF44
 626 02bb DB01     		.2byte	0x1db
 627 02bd AD040000 		.4byte	0x4ad
ARM GAS  C:\Users\DEVELO~1\AppData\Local\Temp\ccXuX0Yh.s 			page 12


 628 02c1 60       		.byte	0x60
 629 02c2 02       		.uleb128 0x2
 630 02c3 DB000000 		.4byte	.LASF16
 631 02c7 DC01     		.2byte	0x1dc
 632 02c9 B2040000 		.4byte	0x4b2
 633 02cd 74       		.byte	0x74
 634 02ce 02       		.uleb128 0x2
 635 02cf 6A010000 		.4byte	.LASF45
 636 02d3 DD01     		.2byte	0x1dd
 637 02d5 AD000000 		.4byte	0xad
 638 02d9 78       		.byte	0x78
 639 02da 0C       		.uleb128 0xc
 640 02db 43545200 		.ascii	"CTR\000"
 641 02df DE01     		.2byte	0x1de
 642 02e1 AD000000 		.4byte	0xad
 643 02e5 7C       		.byte	0x7c
 644 02e6 02       		.uleb128 0x2
 645 02e7 BE010000 		.4byte	.LASF46
 646 02eb DF01     		.2byte	0x1df
 647 02ed AD000000 		.4byte	0xad
 648 02f1 80       		.byte	0x80
 649 02f2 02       		.uleb128 0x2
 650 02f3 8B020000 		.4byte	.LASF47
 651 02f7 E001     		.2byte	0x1e0
 652 02f9 A8000000 		.4byte	0xa8
 653 02fd 84       		.byte	0x84
 654 02fe 02       		.uleb128 0x2
 655 02ff D9030000 		.4byte	.LASF48
 656 0303 E101     		.2byte	0x1e1
 657 0305 A8000000 		.4byte	0xa8
 658 0309 88       		.byte	0x88
 659 030a 02       		.uleb128 0x2
 660 030b 29030000 		.4byte	.LASF22
 661 030f E201     		.2byte	0x1e2
 662 0311 C2040000 		.4byte	0x4c2
 663 0315 8C       		.byte	0x8c
 664 0316 01       		.uleb128 0x1
 665 0317 70010000 		.4byte	.LASF26
 666 031b E301     		.2byte	0x1e3
 667 031d A8000000 		.4byte	0xa8
 668 0321 0002     		.2byte	0x200
 669 0323 01       		.uleb128 0x1
 670 0324 33030000 		.4byte	.LASF24
 671 0328 E401     		.2byte	0x1e4
 672 032a D2040000 		.4byte	0x4d2
 673 032e 0402     		.2byte	0x204
 674 0330 01       		.uleb128 0x1
 675 0331 88010000 		.4byte	.LASF49
 676 0335 E501     		.2byte	0x1e5
 677 0337 AD000000 		.4byte	0xad
 678 033b 4002     		.2byte	0x240
 679 033d 01       		.uleb128 0x1
 680 033e 33010000 		.4byte	.LASF50
 681 0342 E601     		.2byte	0x1e6
 682 0344 AD000000 		.4byte	0xad
 683 0348 4402     		.2byte	0x244
 684 034a 01       		.uleb128 0x1
ARM GAS  C:\Users\DEVELO~1\AppData\Local\Temp\ccXuX0Yh.s 			page 13


 685 034b 39010000 		.4byte	.LASF51
 686 034f E701     		.2byte	0x1e7
 687 0351 AD000000 		.4byte	0xad
 688 0355 4802     		.2byte	0x248
 689 0357 01       		.uleb128 0x1
 690 0358 3D030000 		.4byte	.LASF25
 691 035c E801     		.2byte	0x1e8
 692 035e B2040000 		.4byte	0x4b2
 693 0362 4C02     		.2byte	0x24c
 694 0364 01       		.uleb128 0x1
 695 0365 D4010000 		.4byte	.LASF52
 696 0369 E901     		.2byte	0x1e9
 697 036b A8000000 		.4byte	0xa8
 698 036f 5002     		.2byte	0x250
 699 0371 01       		.uleb128 0x1
 700 0372 60010000 		.4byte	.LASF53
 701 0376 EA01     		.2byte	0x1ea
 702 0378 B2040000 		.4byte	0x4b2
 703 037c 5402     		.2byte	0x254
 704 037e 01       		.uleb128 0x1
 705 037f F2010000 		.4byte	.LASF54
 706 0383 EB01     		.2byte	0x1eb
 707 0385 A8000000 		.4byte	0xa8
 708 0389 5802     		.2byte	0x258
 709 038b 01       		.uleb128 0x1
 710 038c DC010000 		.4byte	.LASF55
 711 0390 EC01     		.2byte	0x1ec
 712 0392 A8000000 		.4byte	0xa8
 713 0396 5C02     		.2byte	0x25c
 714 0398 01       		.uleb128 0x1
 715 0399 F7000000 		.4byte	.LASF56
 716 039d ED01     		.2byte	0x1ed
 717 039f A8000000 		.4byte	0xa8
 718 03a3 6002     		.2byte	0x260
 719 03a5 01       		.uleb128 0x1
 720 03a6 AA020000 		.4byte	.LASF57
 721 03aa EE01     		.2byte	0x1ee
 722 03ac A8000000 		.4byte	0xa8
 723 03b0 6402     		.2byte	0x264
 724 03b2 01       		.uleb128 0x1
 725 03b3 79020000 		.4byte	.LASF58
 726 03b7 EF01     		.2byte	0x1ef
 727 03b9 A8000000 		.4byte	0xa8
 728 03bd 6802     		.2byte	0x268
 729 03bf 01       		.uleb128 0x1
 730 03c0 09000000 		.4byte	.LASF59
 731 03c4 F001     		.2byte	0x1f0
 732 03c6 A8000000 		.4byte	0xa8
 733 03ca 6C02     		.2byte	0x26c
 734 03cc 01       		.uleb128 0x1
 735 03cd 14010000 		.4byte	.LASF60
 736 03d1 F101     		.2byte	0x1f1
 737 03d3 A8000000 		.4byte	0xa8
 738 03d7 7002     		.2byte	0x270
 739 03d9 01       		.uleb128 0x1
 740 03da 6D030000 		.4byte	.LASF61
 741 03de F201     		.2byte	0x1f2
ARM GAS  C:\Users\DEVELO~1\AppData\Local\Temp\ccXuX0Yh.s 			page 14


 742 03e0 A8000000 		.4byte	0xa8
 743 03e4 7402     		.2byte	0x274
 744 03e6 01       		.uleb128 0x1
 745 03e7 59030000 		.4byte	.LASF62
 746 03eb F301     		.2byte	0x1f3
 747 03ed E2040000 		.4byte	0x4e2
 748 03f1 7802     		.2byte	0x278
 749 03f3 01       		.uleb128 0x1
 750 03f4 72020000 		.4byte	.LASF63
 751 03f8 F401     		.2byte	0x1f4
 752 03fa A8000000 		.4byte	0xa8
 753 03fe 9002     		.2byte	0x290
 754 0400 01       		.uleb128 0x1
 755 0401 E4030000 		.4byte	.LASF64
 756 0405 F501     		.2byte	0x1f5
 757 0407 A8000000 		.4byte	0xa8
 758 040b 9402     		.2byte	0x294
 759 040d 01       		.uleb128 0x1
 760 040e 1D010000 		.4byte	.LASF65
 761 0412 F601     		.2byte	0x1f6
 762 0414 A8000000 		.4byte	0xa8
 763 0418 9802     		.2byte	0x298
 764 041a 01       		.uleb128 0x1
 765 041b E5020000 		.4byte	.LASF66
 766 041f F701     		.2byte	0x1f7
 767 0421 A8000000 		.4byte	0xa8
 768 0425 9C02     		.2byte	0x29c
 769 0427 01       		.uleb128 0x1
 770 0428 B2030000 		.4byte	.LASF67
 771 042c F801     		.2byte	0x1f8
 772 042e A8000000 		.4byte	0xa8
 773 0432 A002     		.2byte	0x2a0
 774 0434 01       		.uleb128 0x1
 775 0435 63030000 		.4byte	.LASF68
 776 0439 F901     		.2byte	0x1f9
 777 043b B2040000 		.4byte	0x4b2
 778 043f A402     		.2byte	0x2a4
 779 0441 01       		.uleb128 0x1
 780 0442 9C010000 		.4byte	.LASF69
 781 0446 FA01     		.2byte	0x1fa
 782 0448 A8000000 		.4byte	0xa8
 783 044c A802     		.2byte	0x2a8
 784 044e 00       		.byte	0
 785 044f 03       		.uleb128 0x3
 786 0450 97000000 		.4byte	0x97
 787 0454 5F040000 		.4byte	0x45f
 788 0458 04       		.uleb128 0x4
 789 0459 2D000000 		.4byte	0x2d
 790 045d 0B       		.byte	0xb
 791 045e 00       		.byte	0
 792 045f 06       		.uleb128 0x6
 793 0460 4F040000 		.4byte	0x44f
 794 0464 03       		.uleb128 0x3
 795 0465 AD000000 		.4byte	0xad
 796 0469 74040000 		.4byte	0x474
 797 046d 04       		.uleb128 0x4
 798 046e 2D000000 		.4byte	0x2d
ARM GAS  C:\Users\DEVELO~1\AppData\Local\Temp\ccXuX0Yh.s 			page 15


 799 0472 01       		.byte	0x1
 800 0473 00       		.byte	0
 801 0474 07       		.uleb128 0x7
 802 0475 64040000 		.4byte	0x464
 803 0479 06       		.uleb128 0x6
 804 047a 74040000 		.4byte	0x474
 805 047e 03       		.uleb128 0x3
 806 047f AD000000 		.4byte	0xad
 807 0483 8E040000 		.4byte	0x48e
 808 0487 04       		.uleb128 0x4
 809 0488 2D000000 		.4byte	0x2d
 810 048c 03       		.byte	0x3
 811 048d 00       		.byte	0
 812 048e 07       		.uleb128 0x7
 813 048f 7E040000 		.4byte	0x47e
 814 0493 06       		.uleb128 0x6
 815 0494 8E040000 		.4byte	0x48e
 816 0498 03       		.uleb128 0x3
 817 0499 AD000000 		.4byte	0xad
 818 049d A8040000 		.4byte	0x4a8
 819 04a1 04       		.uleb128 0x4
 820 04a2 2D000000 		.4byte	0x2d
 821 04a6 04       		.byte	0x4
 822 04a7 00       		.byte	0
 823 04a8 07       		.uleb128 0x7
 824 04a9 98040000 		.4byte	0x498
 825 04ad 06       		.uleb128 0x6
 826 04ae A8040000 		.4byte	0x4a8
 827 04b2 03       		.uleb128 0x3
 828 04b3 9C000000 		.4byte	0x9c
 829 04b7 C2040000 		.4byte	0x4c2
 830 04bb 04       		.uleb128 0x4
 831 04bc 2D000000 		.4byte	0x2d
 832 04c0 00       		.byte	0
 833 04c1 00       		.byte	0
 834 04c2 03       		.uleb128 0x3
 835 04c3 9C000000 		.4byte	0x9c
 836 04c7 D2040000 		.4byte	0x4d2
 837 04cb 04       		.uleb128 0x4
 838 04cc 2D000000 		.4byte	0x2d
 839 04d0 5C       		.byte	0x5c
 840 04d1 00       		.byte	0
 841 04d2 03       		.uleb128 0x3
 842 04d3 9C000000 		.4byte	0x9c
 843 04d7 E2040000 		.4byte	0x4e2
 844 04db 04       		.uleb128 0x4
 845 04dc 2D000000 		.4byte	0x2d
 846 04e0 0E       		.byte	0xe
 847 04e1 00       		.byte	0
 848 04e2 03       		.uleb128 0x3
 849 04e3 9C000000 		.4byte	0x9c
 850 04e7 F2040000 		.4byte	0x4f2
 851 04eb 04       		.uleb128 0x4
 852 04ec 2D000000 		.4byte	0x2d
 853 04f0 05       		.byte	0x5
 854 04f1 00       		.byte	0
 855 04f2 0B       		.uleb128 0xb
ARM GAS  C:\Users\DEVELO~1\AppData\Local\Temp\ccXuX0Yh.s 			page 16


 856 04f3 00000000 		.4byte	.LASF70
 857 04f7 FB01     		.2byte	0x1fb
 858 04f9 03       		.byte	0x3
 859 04fa D5010000 		.4byte	0x1d5
 860 04fe 14       		.uleb128 0x14
 861 04ff 0C       		.byte	0xc
 862 0500 04       		.byte	0x4
 863 0501 9903     		.2byte	0x399
 864 0503 09       		.byte	0x9
 865 0504 2D050000 		.4byte	0x52d
 866 0508 02       		.uleb128 0x2
 867 0509 DB000000 		.4byte	.LASF16
 868 050d 9B03     		.2byte	0x39b
 869 050f B2040000 		.4byte	0x4b2
 870 0513 00       		.byte	0
 871 0514 02       		.uleb128 0x2
 872 0515 86020000 		.4byte	.LASF71
 873 0519 9C03     		.2byte	0x39c
 874 051b AD000000 		.4byte	0xad
 875 051f 04       		.byte	0x4
 876 0520 02       		.uleb128 0x2
 877 0521 D5000000 		.4byte	.LASF72
 878 0525 9D03     		.2byte	0x39d
 879 0527 A8000000 		.4byte	0xa8
 880 052b 08       		.byte	0x8
 881 052c 00       		.byte	0
 882 052d 0B       		.uleb128 0xb
 883 052e 7C010000 		.4byte	.LASF73
 884 0532 9E03     		.2byte	0x39e
 885 0534 03       		.byte	0x3
 886 0535 FE040000 		.4byte	0x4fe
 887 0539 05       		.uleb128 0x5
 888 053a 01       		.byte	0x1
 889 053b 02       		.byte	0x2
 890 053c D2020000 		.4byte	.LASF74
 891 0540 08       		.uleb128 0x8
 892 0541 51010000 		.4byte	.LASF75
 893 0545 AF       		.byte	0xaf
 894 0546 00000000 		.4byte	.LFB453
 895 054a 18000000 		.4byte	.LFE453-.LFB453
 896 054e 01       		.uleb128 0x1
 897 054f 9C       		.byte	0x9c
 898 0550 66050000 		.4byte	0x566
 899 0554 0A       		.uleb128 0xa
 900 0555 6E00     		.ascii	"n\000"
 901 0557 AF       		.byte	0xaf
 902 0558 1E       		.byte	0x1e
 903 0559 9C000000 		.4byte	0x9c
 904 055d 10000000 		.4byte	.LLST8
 905 0561 0C000000 		.4byte	.LVUS8
 906 0565 00       		.byte	0
 907 0566 08       		.uleb128 0x8
 908 0567 B7020000 		.4byte	.LASF76
 909 056b A5       		.byte	0xa5
 910 056c 00000000 		.4byte	.LFB452
 911 0570 18000000 		.4byte	.LFE452-.LFB452
 912 0574 01       		.uleb128 0x1
ARM GAS  C:\Users\DEVELO~1\AppData\Local\Temp\ccXuX0Yh.s 			page 17


 913 0575 9C       		.byte	0x9c
 914 0576 8C050000 		.4byte	0x58c
 915 057a 0A       		.uleb128 0xa
 916 057b 6E00     		.ascii	"n\000"
 917 057d A5       		.byte	0xa5
 918 057e 20       		.byte	0x20
 919 057f 9C000000 		.4byte	0x9c
 920 0583 27000000 		.4byte	.LLST7
 921 0587 23000000 		.4byte	.LVUS7
 922 058b 00       		.byte	0
 923 058c 08       		.uleb128 0x8
 924 058d 11020000 		.4byte	.LASF77
 925 0591 93       		.byte	0x93
 926 0592 00000000 		.4byte	.LFB451
 927 0596 10000000 		.4byte	.LFE451-.LFB451
 928 059a 01       		.uleb128 0x1
 929 059b 9C       		.byte	0x9c
 930 059c CB050000 		.4byte	0x5cb
 931 05a0 15       		.uleb128 0x15
 932 05a1 D8020000 		.4byte	.LASF84
 933 05a5 01       		.byte	0x1
 934 05a6 93       		.byte	0x93
 935 05a7 2C       		.byte	0x2c
 936 05a8 9C000000 		.4byte	0x9c
 937 05ac 01       		.uleb128 0x1
 938 05ad 50       		.byte	0x50
 939 05ae 0E       		.uleb128 0xe
 940 05af DF030000 		.4byte	.LASF78
 941 05b3 93       		.byte	0x93
 942 05b4 3E       		.byte	0x3e
 943 05b5 9C000000 		.4byte	0x9c
 944 05b9 3E000000 		.4byte	.LLST6
 945 05bd 3A000000 		.4byte	.LVUS6
 946 05c1 16       		.uleb128 0x16
 947 05c2 08020000 		.4byte	.LASF85
 948 05c6 DB050000 		.4byte	0x5db
 949 05ca 00       		.byte	0
 950 05cb 03       		.uleb128 0x3
 951 05cc B9000000 		.4byte	0xb9
 952 05d0 DB050000 		.4byte	0x5db
 953 05d4 04       		.uleb128 0x4
 954 05d5 2D000000 		.4byte	0x2d
 955 05d9 1C       		.byte	0x1c
 956 05da 00       		.byte	0
 957 05db 07       		.uleb128 0x7
 958 05dc CB050000 		.4byte	0x5cb
 959 05e0 08       		.uleb128 0x8
 960 05e1 E5000000 		.4byte	.LASF79
 961 05e5 7D       		.byte	0x7d
 962 05e6 00000000 		.4byte	.LFB450
 963 05ea 2C000000 		.4byte	.LFE450-.LFB450
 964 05ee 01       		.uleb128 0x1
 965 05ef 9C       		.byte	0x9c
 966 05f0 06060000 		.4byte	0x606
 967 05f4 0A       		.uleb128 0xa
 968 05f5 6E00     		.ascii	"n\000"
 969 05f7 7D       		.byte	0x7d
ARM GAS  C:\Users\DEVELO~1\AppData\Local\Temp\ccXuX0Yh.s 			page 18


 970 05f8 21       		.byte	0x21
 971 05f9 9C000000 		.4byte	0x9c
 972 05fd 55000000 		.4byte	.LLST5
 973 0601 51000000 		.4byte	.LVUS5
 974 0605 00       		.byte	0
 975 0606 08       		.uleb128 0x8
 976 0607 B4000000 		.4byte	.LASF80
 977 060b 66       		.byte	0x66
 978 060c 00000000 		.4byte	.LFB449
 979 0610 30000000 		.4byte	.LFE449-.LFB449
 980 0614 01       		.uleb128 0x1
 981 0615 9C       		.byte	0x9c
 982 0616 3F060000 		.4byte	0x63f
 983 061a 0A       		.uleb128 0xa
 984 061b 6E00     		.ascii	"n\000"
 985 061d 66       		.byte	0x66
 986 061e 20       		.byte	0x20
 987 061f 9C000000 		.4byte	0x9c
 988 0623 6F000000 		.4byte	.LLST3
 989 0627 6B000000 		.4byte	.LVUS3
 990 062b 0E       		.uleb128 0xe
 991 062c DF030000 		.4byte	.LASF78
 992 0630 66       		.byte	0x66
 993 0631 2C       		.byte	0x2c
 994 0632 9C000000 		.4byte	0x9c
 995 0636 89000000 		.4byte	.LLST4
 996 063a 85000000 		.4byte	.LVUS4
 997 063e 00       		.byte	0
 998 063f 17       		.uleb128 0x17
 999 0640 24010000 		.4byte	.LASF86
 1000 0644 01       		.byte	0x1
 1001 0645 4F       		.byte	0x4f
 1002 0646 06       		.byte	0x6
 1003 0647 00000000 		.4byte	.LFB448
 1004 064b 2C000000 		.4byte	.LFE448-.LFB448
 1005 064f 01       		.uleb128 0x1
 1006 0650 9C       		.byte	0x9c
 1007 0651 0F       		.uleb128 0xf
 1008 0652 6E00     		.ascii	"n\000"
 1009 0654 54       		.byte	0x54
 1010 0655 0C       		.byte	0xc
 1011 0656 9C000000 		.4byte	0x9c
 1012 065a 9E000000 		.4byte	.LLST0
 1013 065e 9C000000 		.4byte	.LVUS0
 1014 0662 18       		.uleb128 0x18
 1015 0663 0C000000 		.4byte	.LLRL1
 1016 0667 0F       		.uleb128 0xf
 1017 0668 6900     		.ascii	"i\000"
 1018 066a 57       		.byte	0x57
 1019 066b 11       		.byte	0x11
 1020 066c 9C000000 		.4byte	0x9c
 1021 0670 AD000000 		.4byte	.LLST2
 1022 0674 A7000000 		.4byte	.LVUS2
 1023 0678 00       		.byte	0
 1024 0679 00       		.byte	0
 1025 067a 00       		.byte	0
 1026              		.section	.debug_abbrev,"",%progbits
ARM GAS  C:\Users\DEVELO~1\AppData\Local\Temp\ccXuX0Yh.s 			page 19


 1027              	.Ldebug_abbrev0:
 1028 0000 01       		.uleb128 0x1
 1029 0001 0D       		.uleb128 0xd
 1030 0002 00       		.byte	0
 1031 0003 03       		.uleb128 0x3
 1032 0004 0E       		.uleb128 0xe
 1033 0005 3A       		.uleb128 0x3a
 1034 0006 21       		.uleb128 0x21
 1035 0007 04       		.sleb128 4
 1036 0008 3B       		.uleb128 0x3b
 1037 0009 05       		.uleb128 0x5
 1038 000a 39       		.uleb128 0x39
 1039 000b 21       		.uleb128 0x21
 1040 000c 12       		.sleb128 18
 1041 000d 49       		.uleb128 0x49
 1042 000e 13       		.uleb128 0x13
 1043 000f 38       		.uleb128 0x38
 1044 0010 05       		.uleb128 0x5
 1045 0011 00       		.byte	0
 1046 0012 00       		.byte	0
 1047 0013 02       		.uleb128 0x2
 1048 0014 0D       		.uleb128 0xd
 1049 0015 00       		.byte	0
 1050 0016 03       		.uleb128 0x3
 1051 0017 0E       		.uleb128 0xe
 1052 0018 3A       		.uleb128 0x3a
 1053 0019 21       		.uleb128 0x21
 1054 001a 04       		.sleb128 4
 1055 001b 3B       		.uleb128 0x3b
 1056 001c 05       		.uleb128 0x5
 1057 001d 39       		.uleb128 0x39
 1058 001e 21       		.uleb128 0x21
 1059 001f 12       		.sleb128 18
 1060 0020 49       		.uleb128 0x49
 1061 0021 13       		.uleb128 0x13
 1062 0022 38       		.uleb128 0x38
 1063 0023 0B       		.uleb128 0xb
 1064 0024 00       		.byte	0
 1065 0025 00       		.byte	0
 1066 0026 03       		.uleb128 0x3
 1067 0027 01       		.uleb128 0x1
 1068 0028 01       		.byte	0x1
 1069 0029 49       		.uleb128 0x49
 1070 002a 13       		.uleb128 0x13
 1071 002b 01       		.uleb128 0x1
 1072 002c 13       		.uleb128 0x13
 1073 002d 00       		.byte	0
 1074 002e 00       		.byte	0
 1075 002f 04       		.uleb128 0x4
 1076 0030 21       		.uleb128 0x21
 1077 0031 00       		.byte	0
 1078 0032 49       		.uleb128 0x49
 1079 0033 13       		.uleb128 0x13
 1080 0034 2F       		.uleb128 0x2f
 1081 0035 0B       		.uleb128 0xb
 1082 0036 00       		.byte	0
 1083 0037 00       		.byte	0
ARM GAS  C:\Users\DEVELO~1\AppData\Local\Temp\ccXuX0Yh.s 			page 20


 1084 0038 05       		.uleb128 0x5
 1085 0039 24       		.uleb128 0x24
 1086 003a 00       		.byte	0
 1087 003b 0B       		.uleb128 0xb
 1088 003c 0B       		.uleb128 0xb
 1089 003d 3E       		.uleb128 0x3e
 1090 003e 0B       		.uleb128 0xb
 1091 003f 03       		.uleb128 0x3
 1092 0040 0E       		.uleb128 0xe
 1093 0041 00       		.byte	0
 1094 0042 00       		.byte	0
 1095 0043 06       		.uleb128 0x6
 1096 0044 35       		.uleb128 0x35
 1097 0045 00       		.byte	0
 1098 0046 49       		.uleb128 0x49
 1099 0047 13       		.uleb128 0x13
 1100 0048 00       		.byte	0
 1101 0049 00       		.byte	0
 1102 004a 07       		.uleb128 0x7
 1103 004b 26       		.uleb128 0x26
 1104 004c 00       		.byte	0
 1105 004d 49       		.uleb128 0x49
 1106 004e 13       		.uleb128 0x13
 1107 004f 00       		.byte	0
 1108 0050 00       		.byte	0
 1109 0051 08       		.uleb128 0x8
 1110 0052 2E       		.uleb128 0x2e
 1111 0053 01       		.byte	0x1
 1112 0054 3F       		.uleb128 0x3f
 1113 0055 19       		.uleb128 0x19
 1114 0056 03       		.uleb128 0x3
 1115 0057 0E       		.uleb128 0xe
 1116 0058 3A       		.uleb128 0x3a
 1117 0059 21       		.uleb128 0x21
 1118 005a 01       		.sleb128 1
 1119 005b 3B       		.uleb128 0x3b
 1120 005c 0B       		.uleb128 0xb
 1121 005d 39       		.uleb128 0x39
 1122 005e 21       		.uleb128 0x21
 1123 005f 06       		.sleb128 6
 1124 0060 27       		.uleb128 0x27
 1125 0061 19       		.uleb128 0x19
 1126 0062 11       		.uleb128 0x11
 1127 0063 01       		.uleb128 0x1
 1128 0064 12       		.uleb128 0x12
 1129 0065 06       		.uleb128 0x6
 1130 0066 40       		.uleb128 0x40
 1131 0067 18       		.uleb128 0x18
 1132 0068 7A       		.uleb128 0x7a
 1133 0069 19       		.uleb128 0x19
 1134 006a 01       		.uleb128 0x1
 1135 006b 13       		.uleb128 0x13
 1136 006c 00       		.byte	0
 1137 006d 00       		.byte	0
 1138 006e 09       		.uleb128 0x9
 1139 006f 16       		.uleb128 0x16
 1140 0070 00       		.byte	0
ARM GAS  C:\Users\DEVELO~1\AppData\Local\Temp\ccXuX0Yh.s 			page 21


 1141 0071 03       		.uleb128 0x3
 1142 0072 0E       		.uleb128 0xe
 1143 0073 3A       		.uleb128 0x3a
 1144 0074 0B       		.uleb128 0xb
 1145 0075 3B       		.uleb128 0x3b
 1146 0076 0B       		.uleb128 0xb
 1147 0077 39       		.uleb128 0x39
 1148 0078 0B       		.uleb128 0xb
 1149 0079 49       		.uleb128 0x49
 1150 007a 13       		.uleb128 0x13
 1151 007b 00       		.byte	0
 1152 007c 00       		.byte	0
 1153 007d 0A       		.uleb128 0xa
 1154 007e 05       		.uleb128 0x5
 1155 007f 00       		.byte	0
 1156 0080 03       		.uleb128 0x3
 1157 0081 08       		.uleb128 0x8
 1158 0082 3A       		.uleb128 0x3a
 1159 0083 21       		.uleb128 0x21
 1160 0084 01       		.sleb128 1
 1161 0085 3B       		.uleb128 0x3b
 1162 0086 0B       		.uleb128 0xb
 1163 0087 39       		.uleb128 0x39
 1164 0088 0B       		.uleb128 0xb
 1165 0089 49       		.uleb128 0x49
 1166 008a 13       		.uleb128 0x13
 1167 008b 02       		.uleb128 0x2
 1168 008c 17       		.uleb128 0x17
 1169 008d B742     		.uleb128 0x2137
 1170 008f 17       		.uleb128 0x17
 1171 0090 00       		.byte	0
 1172 0091 00       		.byte	0
 1173 0092 0B       		.uleb128 0xb
 1174 0093 16       		.uleb128 0x16
 1175 0094 00       		.byte	0
 1176 0095 03       		.uleb128 0x3
 1177 0096 0E       		.uleb128 0xe
 1178 0097 3A       		.uleb128 0x3a
 1179 0098 21       		.uleb128 0x21
 1180 0099 04       		.sleb128 4
 1181 009a 3B       		.uleb128 0x3b
 1182 009b 05       		.uleb128 0x5
 1183 009c 39       		.uleb128 0x39
 1184 009d 0B       		.uleb128 0xb
 1185 009e 49       		.uleb128 0x49
 1186 009f 13       		.uleb128 0x13
 1187 00a0 00       		.byte	0
 1188 00a1 00       		.byte	0
 1189 00a2 0C       		.uleb128 0xc
 1190 00a3 0D       		.uleb128 0xd
 1191 00a4 00       		.byte	0
 1192 00a5 03       		.uleb128 0x3
 1193 00a6 08       		.uleb128 0x8
 1194 00a7 3A       		.uleb128 0x3a
 1195 00a8 21       		.uleb128 0x21
 1196 00a9 04       		.sleb128 4
 1197 00aa 3B       		.uleb128 0x3b
ARM GAS  C:\Users\DEVELO~1\AppData\Local\Temp\ccXuX0Yh.s 			page 22


 1198 00ab 05       		.uleb128 0x5
 1199 00ac 39       		.uleb128 0x39
 1200 00ad 21       		.uleb128 0x21
 1201 00ae 12       		.sleb128 18
 1202 00af 49       		.uleb128 0x49
 1203 00b0 13       		.uleb128 0x13
 1204 00b1 38       		.uleb128 0x38
 1205 00b2 0B       		.uleb128 0xb
 1206 00b3 00       		.byte	0
 1207 00b4 00       		.byte	0
 1208 00b5 0D       		.uleb128 0xd
 1209 00b6 13       		.uleb128 0x13
 1210 00b7 01       		.byte	0x1
 1211 00b8 0B       		.uleb128 0xb
 1212 00b9 05       		.uleb128 0x5
 1213 00ba 3A       		.uleb128 0x3a
 1214 00bb 21       		.uleb128 0x21
 1215 00bc 04       		.sleb128 4
 1216 00bd 3B       		.uleb128 0x3b
 1217 00be 05       		.uleb128 0x5
 1218 00bf 39       		.uleb128 0x39
 1219 00c0 21       		.uleb128 0x21
 1220 00c1 09       		.sleb128 9
 1221 00c2 01       		.uleb128 0x1
 1222 00c3 13       		.uleb128 0x13
 1223 00c4 00       		.byte	0
 1224 00c5 00       		.byte	0
 1225 00c6 0E       		.uleb128 0xe
 1226 00c7 05       		.uleb128 0x5
 1227 00c8 00       		.byte	0
 1228 00c9 03       		.uleb128 0x3
 1229 00ca 0E       		.uleb128 0xe
 1230 00cb 3A       		.uleb128 0x3a
 1231 00cc 21       		.uleb128 0x21
 1232 00cd 01       		.sleb128 1
 1233 00ce 3B       		.uleb128 0x3b
 1234 00cf 0B       		.uleb128 0xb
 1235 00d0 39       		.uleb128 0x39
 1236 00d1 0B       		.uleb128 0xb
 1237 00d2 49       		.uleb128 0x49
 1238 00d3 13       		.uleb128 0x13
 1239 00d4 02       		.uleb128 0x2
 1240 00d5 17       		.uleb128 0x17
 1241 00d6 B742     		.uleb128 0x2137
 1242 00d8 17       		.uleb128 0x17
 1243 00d9 00       		.byte	0
 1244 00da 00       		.byte	0
 1245 00db 0F       		.uleb128 0xf
 1246 00dc 34       		.uleb128 0x34
 1247 00dd 00       		.byte	0
 1248 00de 03       		.uleb128 0x3
 1249 00df 08       		.uleb128 0x8
 1250 00e0 3A       		.uleb128 0x3a
 1251 00e1 21       		.uleb128 0x21
 1252 00e2 01       		.sleb128 1
 1253 00e3 3B       		.uleb128 0x3b
 1254 00e4 0B       		.uleb128 0xb
ARM GAS  C:\Users\DEVELO~1\AppData\Local\Temp\ccXuX0Yh.s 			page 23


 1255 00e5 39       		.uleb128 0x39
 1256 00e6 0B       		.uleb128 0xb
 1257 00e7 49       		.uleb128 0x49
 1258 00e8 13       		.uleb128 0x13
 1259 00e9 02       		.uleb128 0x2
 1260 00ea 17       		.uleb128 0x17
 1261 00eb B742     		.uleb128 0x2137
 1262 00ed 17       		.uleb128 0x17
 1263 00ee 00       		.byte	0
 1264 00ef 00       		.byte	0
 1265 00f0 10       		.uleb128 0x10
 1266 00f1 11       		.uleb128 0x11
 1267 00f2 01       		.byte	0x1
 1268 00f3 25       		.uleb128 0x25
 1269 00f4 0E       		.uleb128 0xe
 1270 00f5 13       		.uleb128 0x13
 1271 00f6 0B       		.uleb128 0xb
 1272 00f7 03       		.uleb128 0x3
 1273 00f8 0E       		.uleb128 0xe
 1274 00f9 1B       		.uleb128 0x1b
 1275 00fa 0E       		.uleb128 0xe
 1276 00fb 55       		.uleb128 0x55
 1277 00fc 17       		.uleb128 0x17
 1278 00fd 11       		.uleb128 0x11
 1279 00fe 01       		.uleb128 0x1
 1280 00ff 10       		.uleb128 0x10
 1281 0100 17       		.uleb128 0x17
 1282 0101 00       		.byte	0
 1283 0102 00       		.byte	0
 1284 0103 11       		.uleb128 0x11
 1285 0104 24       		.uleb128 0x24
 1286 0105 00       		.byte	0
 1287 0106 0B       		.uleb128 0xb
 1288 0107 0B       		.uleb128 0xb
 1289 0108 3E       		.uleb128 0x3e
 1290 0109 0B       		.uleb128 0xb
 1291 010a 03       		.uleb128 0x3
 1292 010b 08       		.uleb128 0x8
 1293 010c 00       		.byte	0
 1294 010d 00       		.byte	0
 1295 010e 12       		.uleb128 0x12
 1296 010f 0D       		.uleb128 0xd
 1297 0110 00       		.byte	0
 1298 0111 03       		.uleb128 0x3
 1299 0112 08       		.uleb128 0x8
 1300 0113 3A       		.uleb128 0x3a
 1301 0114 0B       		.uleb128 0xb
 1302 0115 3B       		.uleb128 0x3b
 1303 0116 05       		.uleb128 0x5
 1304 0117 39       		.uleb128 0x39
 1305 0118 0B       		.uleb128 0xb
 1306 0119 49       		.uleb128 0x49
 1307 011a 13       		.uleb128 0x13
 1308 011b 38       		.uleb128 0x38
 1309 011c 05       		.uleb128 0x5
 1310 011d 00       		.byte	0
 1311 011e 00       		.byte	0
ARM GAS  C:\Users\DEVELO~1\AppData\Local\Temp\ccXuX0Yh.s 			page 24


 1312 011f 13       		.uleb128 0x13
 1313 0120 21       		.uleb128 0x21
 1314 0121 00       		.byte	0
 1315 0122 49       		.uleb128 0x49
 1316 0123 13       		.uleb128 0x13
 1317 0124 2F       		.uleb128 0x2f
 1318 0125 05       		.uleb128 0x5
 1319 0126 00       		.byte	0
 1320 0127 00       		.byte	0
 1321 0128 14       		.uleb128 0x14
 1322 0129 13       		.uleb128 0x13
 1323 012a 01       		.byte	0x1
 1324 012b 0B       		.uleb128 0xb
 1325 012c 0B       		.uleb128 0xb
 1326 012d 3A       		.uleb128 0x3a
 1327 012e 0B       		.uleb128 0xb
 1328 012f 3B       		.uleb128 0x3b
 1329 0130 05       		.uleb128 0x5
 1330 0131 39       		.uleb128 0x39
 1331 0132 0B       		.uleb128 0xb
 1332 0133 01       		.uleb128 0x1
 1333 0134 13       		.uleb128 0x13
 1334 0135 00       		.byte	0
 1335 0136 00       		.byte	0
 1336 0137 15       		.uleb128 0x15
 1337 0138 05       		.uleb128 0x5
 1338 0139 00       		.byte	0
 1339 013a 03       		.uleb128 0x3
 1340 013b 0E       		.uleb128 0xe
 1341 013c 3A       		.uleb128 0x3a
 1342 013d 0B       		.uleb128 0xb
 1343 013e 3B       		.uleb128 0x3b
 1344 013f 0B       		.uleb128 0xb
 1345 0140 39       		.uleb128 0x39
 1346 0141 0B       		.uleb128 0xb
 1347 0142 49       		.uleb128 0x49
 1348 0143 13       		.uleb128 0x13
 1349 0144 02       		.uleb128 0x2
 1350 0145 18       		.uleb128 0x18
 1351 0146 00       		.byte	0
 1352 0147 00       		.byte	0
 1353 0148 16       		.uleb128 0x16
 1354 0149 34       		.uleb128 0x34
 1355 014a 00       		.byte	0
 1356 014b 03       		.uleb128 0x3
 1357 014c 0E       		.uleb128 0xe
 1358 014d 49       		.uleb128 0x49
 1359 014e 13       		.uleb128 0x13
 1360 014f 34       		.uleb128 0x34
 1361 0150 19       		.uleb128 0x19
 1362 0151 00       		.byte	0
 1363 0152 00       		.byte	0
 1364 0153 17       		.uleb128 0x17
 1365 0154 2E       		.uleb128 0x2e
 1366 0155 01       		.byte	0x1
 1367 0156 3F       		.uleb128 0x3f
 1368 0157 19       		.uleb128 0x19
ARM GAS  C:\Users\DEVELO~1\AppData\Local\Temp\ccXuX0Yh.s 			page 25


 1369 0158 03       		.uleb128 0x3
 1370 0159 0E       		.uleb128 0xe
 1371 015a 3A       		.uleb128 0x3a
 1372 015b 0B       		.uleb128 0xb
 1373 015c 3B       		.uleb128 0x3b
 1374 015d 0B       		.uleb128 0xb
 1375 015e 39       		.uleb128 0x39
 1376 015f 0B       		.uleb128 0xb
 1377 0160 27       		.uleb128 0x27
 1378 0161 19       		.uleb128 0x19
 1379 0162 11       		.uleb128 0x11
 1380 0163 01       		.uleb128 0x1
 1381 0164 12       		.uleb128 0x12
 1382 0165 06       		.uleb128 0x6
 1383 0166 40       		.uleb128 0x40
 1384 0167 18       		.uleb128 0x18
 1385 0168 7A       		.uleb128 0x7a
 1386 0169 19       		.uleb128 0x19
 1387 016a 00       		.byte	0
 1388 016b 00       		.byte	0
 1389 016c 18       		.uleb128 0x18
 1390 016d 0B       		.uleb128 0xb
 1391 016e 01       		.byte	0x1
 1392 016f 55       		.uleb128 0x55
 1393 0170 17       		.uleb128 0x17
 1394 0171 00       		.byte	0
 1395 0172 00       		.byte	0
 1396 0173 00       		.byte	0
 1397              		.section	.debug_loclists,"",%progbits
 1398 0000 C1000000 		.4byte	.Ldebug_loc3-.Ldebug_loc2
 1399              	.Ldebug_loc2:
 1400 0004 0500     		.2byte	0x5
 1401 0006 04       		.byte	0x4
 1402 0007 00       		.byte	0
 1403 0008 00000000 		.4byte	0
 1404              	.Ldebug_loc0:
 1405              	.LVUS8:
 1406 000c 00       		.uleb128 0
 1407 000d 00       		.uleb128 .LVU76
 1408 000e 00       		.uleb128 .LVU76
 1409 000f 00       		.uleb128 0
 1410              	.LLST8:
 1411 0010 06       		.byte	0x6
 1412 0011 00000000 		.4byte	.LVL13
 1413 0015 04       		.byte	0x4
 1414 0016 00       		.uleb128 .LVL13-.LVL13
 1415 0017 08       		.uleb128 .LVL14-.LVL13
 1416 0018 01       		.uleb128 0x1
 1417 0019 50       		.byte	0x50
 1418 001a 04       		.byte	0x4
 1419 001b 08       		.uleb128 .LVL14-.LVL13
 1420 001c 18       		.uleb128 .LFE453-.LVL13
 1421 001d 04       		.uleb128 0x4
 1422 001e A3       		.byte	0xa3
 1423 001f 01       		.uleb128 0x1
 1424 0020 50       		.byte	0x50
 1425 0021 9F       		.byte	0x9f
ARM GAS  C:\Users\DEVELO~1\AppData\Local\Temp\ccXuX0Yh.s 			page 26


 1426 0022 00       		.byte	0
 1427              	.LVUS7:
 1428 0023 00       		.uleb128 0
 1429 0024 00       		.uleb128 .LVU67
 1430 0025 00       		.uleb128 .LVU67
 1431 0026 00       		.uleb128 0
 1432              	.LLST7:
 1433 0027 06       		.byte	0x6
 1434 0028 00000000 		.4byte	.LVL11
 1435 002c 04       		.byte	0x4
 1436 002d 00       		.uleb128 .LVL11-.LVL11
 1437 002e 08       		.uleb128 .LVL12-.LVL11
 1438 002f 01       		.uleb128 0x1
 1439 0030 50       		.byte	0x50
 1440 0031 04       		.byte	0x4
 1441 0032 08       		.uleb128 .LVL12-.LVL11
 1442 0033 18       		.uleb128 .LFE452-.LVL11
 1443 0034 04       		.uleb128 0x4
 1444 0035 A3       		.byte	0xa3
 1445 0036 01       		.uleb128 0x1
 1446 0037 50       		.byte	0x50
 1447 0038 9F       		.byte	0x9f
 1448 0039 00       		.byte	0
 1449              	.LVUS6:
 1450 003a 00       		.uleb128 0
 1451 003b 00       		.uleb128 .LVU58
 1452 003c 00       		.uleb128 .LVU58
 1453 003d 00       		.uleb128 0
 1454              	.LLST6:
 1455 003e 06       		.byte	0x6
 1456 003f 00000000 		.4byte	.LVL9
 1457 0043 04       		.byte	0x4
 1458 0044 00       		.uleb128 .LVL9-.LVL9
 1459 0045 04       		.uleb128 .LVL10-.LVL9
 1460 0046 01       		.uleb128 0x1
 1461 0047 51       		.byte	0x51
 1462 0048 04       		.byte	0x4
 1463 0049 04       		.uleb128 .LVL10-.LVL9
 1464 004a 10       		.uleb128 .LFE451-.LVL9
 1465 004b 04       		.uleb128 0x4
 1466 004c A3       		.byte	0xa3
 1467 004d 01       		.uleb128 0x1
 1468 004e 51       		.byte	0x51
 1469 004f 9F       		.byte	0x9f
 1470 0050 00       		.byte	0
 1471              	.LVUS5:
 1472 0051 00       		.uleb128 0
 1473 0052 00       		.uleb128 .LVU44
 1474 0053 00       		.uleb128 .LVU44
 1475 0054 00       		.uleb128 0
 1476              	.LLST5:
 1477 0055 06       		.byte	0x6
 1478 0056 00000000 		.4byte	.LVL7
 1479 005a 04       		.byte	0x4
 1480 005b 00       		.uleb128 .LVL7-.LVL7
 1481 005c 14       		.uleb128 .LVL8-.LVL7
 1482 005d 01       		.uleb128 0x1
ARM GAS  C:\Users\DEVELO~1\AppData\Local\Temp\ccXuX0Yh.s 			page 27


 1483 005e 50       		.byte	0x50
 1484 005f 04       		.byte	0x4
 1485 0060 14       		.uleb128 .LVL8-.LVL7
 1486 0061 2C       		.uleb128 .LFE450-.LVL7
 1487 0062 07       		.uleb128 0x7
 1488 0063 70       		.byte	0x70
 1489 0064 80BEFCFF 		.sleb128 536813312
 1489      01
 1490 0069 9F       		.byte	0x9f
 1491 006a 00       		.byte	0
 1492              	.LVUS3:
 1493 006b 00       		.uleb128 0
 1494 006c 00       		.uleb128 .LVU29
 1495 006d 00       		.uleb128 .LVU29
 1496 006e 00       		.uleb128 0
 1497              	.LLST3:
 1498 006f 06       		.byte	0x6
 1499 0070 00000000 		.4byte	.LVL4
 1500 0074 04       		.byte	0x4
 1501 0075 00       		.uleb128 .LVL4-.LVL4
 1502 0076 14       		.uleb128 .LVL6-.LVL4
 1503 0077 01       		.uleb128 0x1
 1504 0078 50       		.byte	0x50
 1505 0079 04       		.byte	0x4
 1506 007a 14       		.uleb128 .LVL6-.LVL4
 1507 007b 30       		.uleb128 .LFE449-.LVL4
 1508 007c 07       		.uleb128 0x7
 1509 007d 70       		.byte	0x70
 1510 007e 80BEFCFF 		.sleb128 536813312
 1510      01
 1511 0083 9F       		.byte	0x9f
 1512 0084 00       		.byte	0
 1513              	.LVUS4:
 1514 0085 00       		.uleb128 0
 1515 0086 00       		.uleb128 .LVU23
 1516 0087 00       		.uleb128 .LVU23
 1517 0088 00       		.uleb128 0
 1518              	.LLST4:
 1519 0089 06       		.byte	0x6
 1520 008a 00000000 		.4byte	.LVL4
 1521 008e 04       		.byte	0x4
 1522 008f 00       		.uleb128 .LVL4-.LVL4
 1523 0090 04       		.uleb128 .LVL5-.LVL4
 1524 0091 01       		.uleb128 0x1
 1525 0092 51       		.byte	0x51
 1526 0093 04       		.byte	0x4
 1527 0094 04       		.uleb128 .LVL5-.LVL4
 1528 0095 30       		.uleb128 .LFE449-.LVL4
 1529 0096 04       		.uleb128 0x4
 1530 0097 A3       		.byte	0xa3
 1531 0098 01       		.uleb128 0x1
 1532 0099 51       		.byte	0x51
 1533 009a 9F       		.byte	0x9f
 1534 009b 00       		.byte	0
 1535              	.LVUS0:
 1536 009c 00       		.uleb128 .LVU7
 1537 009d 00       		.uleb128 .LVU18
ARM GAS  C:\Users\DEVELO~1\AppData\Local\Temp\ccXuX0Yh.s 			page 28


 1538              	.LLST0:
 1539 009e 08       		.byte	0x8
 1540 009f 10000000 		.4byte	.LVL0
 1541 00a3 16       		.uleb128 .LVL3-.LVL0
 1542 00a4 01       		.uleb128 0x1
 1543 00a5 54       		.byte	0x54
 1544 00a6 00       		.byte	0
 1545              	.LVUS2:
 1546 00a7 02       		.uleb128 .LVU9
 1547 00a8 03       		.uleb128 .LVU10
 1548 00a9 03       		.uleb128 .LVU10
 1549 00aa 00       		.uleb128 .LVU12
 1550 00ab 00       		.uleb128 .LVU12
 1551 00ac 01       		.uleb128 .LVU16
 1552              	.LLST2:
 1553 00ad 06       		.byte	0x6
 1554 00ae 10000000 		.4byte	.LVL0
 1555 00b2 04       		.byte	0x4
 1556 00b3 00       		.uleb128 .LVL0-.LVL0
 1557 00b4 00       		.uleb128 .LVL0-.LVL0
 1558 00b5 02       		.uleb128 0x2
 1559 00b6 30       		.byte	0x30
 1560 00b7 9F       		.byte	0x9f
 1561 00b8 04       		.byte	0x4
 1562 00b9 00       		.uleb128 .LVL0-.LVL0
 1563 00ba 0A       		.uleb128 .LVL1-.LVL0
 1564 00bb 01       		.uleb128 0x1
 1565 00bc 53       		.byte	0x53
 1566 00bd 04       		.byte	0x4
 1567 00be 0A       		.uleb128 .LVL1-.LVL0
 1568 00bf 12       		.uleb128 .LVL2-.LVL0
 1569 00c0 03       		.uleb128 0x3
 1570 00c1 73       		.byte	0x73
 1571 00c2 7F       		.sleb128 -1
 1572 00c3 9F       		.byte	0x9f
 1573 00c4 00       		.byte	0
 1574              	.Ldebug_loc3:
 1575              		.section	.debug_aranges,"",%progbits
 1576 0000 44000000 		.4byte	0x44
 1577 0004 0200     		.2byte	0x2
 1578 0006 00000000 		.4byte	.Ldebug_info0
 1579 000a 04       		.byte	0x4
 1580 000b 00       		.byte	0
 1581 000c 0000     		.2byte	0
 1582 000e 0000     		.2byte	0
 1583 0010 00000000 		.4byte	.LFB448
 1584 0014 2C000000 		.4byte	.LFE448-.LFB448
 1585 0018 00000000 		.4byte	.LFB449
 1586 001c 30000000 		.4byte	.LFE449-.LFB449
 1587 0020 00000000 		.4byte	.LFB450
 1588 0024 2C000000 		.4byte	.LFE450-.LFB450
 1589 0028 00000000 		.4byte	.LFB451
 1590 002c 10000000 		.4byte	.LFE451-.LFB451
 1591 0030 00000000 		.4byte	.LFB452
 1592 0034 18000000 		.4byte	.LFE452-.LFB452
 1593 0038 00000000 		.4byte	.LFB453
 1594 003c 18000000 		.4byte	.LFE453-.LFB453
ARM GAS  C:\Users\DEVELO~1\AppData\Local\Temp\ccXuX0Yh.s 			page 29


 1595 0040 00000000 		.4byte	0
 1596 0044 00000000 		.4byte	0
 1597              		.section	.debug_rnglists,"",%progbits
 1598              	.Ldebug_ranges0:
 1599 0000 39000000 		.4byte	.Ldebug_ranges3-.Ldebug_ranges2
 1600              	.Ldebug_ranges2:
 1601 0004 0500     		.2byte	0x5
 1602 0006 04       		.byte	0x4
 1603 0007 00       		.byte	0
 1604 0008 00000000 		.4byte	0
 1605              	.LLRL1:
 1606 000c 05       		.byte	0x5
 1607 000d 04000000 		.4byte	.LBB2
 1608 0011 04       		.byte	0x4
 1609 0012 00       		.uleb128 .LBB2-.LBB2
 1610 0013 06       		.uleb128 .LBE2-.LBB2
 1611 0014 04       		.byte	0x4
 1612 0015 0C       		.uleb128 .LBB3-.LBB2
 1613 0016 20       		.uleb128 .LBE3-.LBB2
 1614 0017 00       		.byte	0
 1615              	.LLRL9:
 1616 0018 07       		.byte	0x7
 1617 0019 00000000 		.4byte	.LFB448
 1618 001d 2C       		.uleb128 .LFE448-.LFB448
 1619 001e 07       		.byte	0x7
 1620 001f 00000000 		.4byte	.LFB449
 1621 0023 30       		.uleb128 .LFE449-.LFB449
 1622 0024 07       		.byte	0x7
 1623 0025 00000000 		.4byte	.LFB450
 1624 0029 2C       		.uleb128 .LFE450-.LFB450
 1625 002a 07       		.byte	0x7
 1626 002b 00000000 		.4byte	.LFB451
 1627 002f 10       		.uleb128 .LFE451-.LFB451
 1628 0030 07       		.byte	0x7
 1629 0031 00000000 		.4byte	.LFB452
 1630 0035 18       		.uleb128 .LFE452-.LFB452
 1631 0036 07       		.byte	0x7
 1632 0037 00000000 		.4byte	.LFB453
 1633 003b 18       		.uleb128 .LFE453-.LFB453
 1634 003c 00       		.byte	0
 1635              	.Ldebug_ranges3:
 1636              		.section	.debug_line,"",%progbits
 1637              	.Ldebug_line0:
 1638 0000 D0020000 		.section	.debug_str,"MS",%progbits,1
 1638      03005401 
 1638      00000201 
 1638      FB0E0D00 
 1638      01010101 
 1639              	.LASF70:
 1640 0000 5343425F 		.ascii	"SCB_Type\000"
 1640      54797065 
 1640      00
 1641              	.LASF59:
 1642 0009 44434353 		.ascii	"DCCSW\000"
 1642      5700
 1643              	.LASF23:
 1644 000f 49414252 		.ascii	"IABR\000"
ARM GAS  C:\Users\DEVELO~1\AppData\Local\Temp\ccXuX0Yh.s 			page 30


 1644      00
 1645              	.LASF81:
 1646 0014 474E5520 		.ascii	"GNU C17 11.3.1 20220712 -mcpu=cortex-m7 -mthumb -mf"
 1646      43313720 
 1646      31312E33 
 1646      2E312032 
 1646      30323230 
 1647 0047 6C6F6174 		.ascii	"loat-abi=hard -mfpu=fpv5-d16 -march=armv7e-m+fp.dp "
 1647      2D616269 
 1647      3D686172 
 1647      64202D6D 
 1647      6670753D 
 1648 007a 2D676764 		.ascii	"-ggdb -O2 -ffunction-sections -fdata-sections -fno-"
 1648      62202D4F 
 1648      32202D66 
 1648      66756E63 
 1648      74696F6E 
 1649 00ad 636F6D6D 		.ascii	"common\000"
 1649      6F6E00
 1650              	.LASF80:
 1651 00b4 6E766963 		.ascii	"nvicEnableVector\000"
 1651      456E6162 
 1651      6C655665 
 1651      63746F72 
 1651      00
 1652              	.LASF37:
 1653 00c5 4D4D4641 		.ascii	"MMFAR\000"
 1653      5200
 1654              	.LASF5:
 1655 00cb 73686F72 		.ascii	"short int\000"
 1655      7420696E 
 1655      7400
 1656              	.LASF72:
 1657 00d5 4143544C 		.ascii	"ACTLR\000"
 1657      5200
 1658              	.LASF16:
 1659 00db 52455345 		.ascii	"RESERVED0\000"
 1659      52564544 
 1659      3000
 1660              	.LASF79:
 1661 00e5 6E766963 		.ascii	"nvicDisableVector\000"
 1661      44697361 
 1661      626C6556 
 1661      6563746F 
 1661      7200
 1662              	.LASF56:
 1663 00f7 44434953 		.ascii	"DCISW\000"
 1663      5700
 1664              	.LASF2:
 1665 00fd 6C6F6E67 		.ascii	"long double\000"
 1665      20646F75 
 1665      626C6500 
 1666              	.LASF9:
 1667 0109 5F5F7569 		.ascii	"__uint32_t\000"
 1667      6E743332 
 1667      5F7400
 1668              	.LASF60:
ARM GAS  C:\Users\DEVELO~1\AppData\Local\Temp\ccXuX0Yh.s 			page 31


 1669 0114 44434349 		.ascii	"DCCIMVAC\000"
 1669      4D564143 
 1669      00
 1670              	.LASF65:
 1671 011d 41484250 		.ascii	"AHBPCR\000"
 1671      435200
 1672              	.LASF86:
 1673 0124 6E766963 		.ascii	"nvicInit\000"
 1673      496E6974 
 1673      00
 1674              	.LASF28:
 1675 012d 43505549 		.ascii	"CPUID\000"
 1675      4400
 1676              	.LASF50:
 1677 0133 4D564652 		.ascii	"MVFR1\000"
 1677      3100
 1678              	.LASF51:
 1679 0139 4D564652 		.ascii	"MVFR2\000"
 1679      3200
 1680              	.LASF20:
 1681 013f 52455345 		.ascii	"RESERVED2\000"
 1681      52564544 
 1681      3200
 1682              	.LASF12:
 1683 0149 75696E74 		.ascii	"uint8_t\000"
 1683      385F7400 
 1684              	.LASF75:
 1685 0151 6E766963 		.ascii	"nvicSetPending\000"
 1685      53657450 
 1685      656E6469 
 1685      6E6700
 1686              	.LASF53:
 1687 0160 52455345 		.ascii	"RESERVED6\000"
 1687      52564544 
 1687      3600
 1688              	.LASF45:
 1689 016a 434C4944 		.ascii	"CLIDR\000"
 1689      5200
 1690              	.LASF26:
 1691 0170 53544952 		.ascii	"STIR\000"
 1691      00
 1692              	.LASF42:
 1693 0175 49445F41 		.ascii	"ID_AFR\000"
 1693      465200
 1694              	.LASF73:
 1695 017c 53436E53 		.ascii	"SCnSCB_Type\000"
 1695      43425F54 
 1695      79706500 
 1696              	.LASF49:
 1697 0188 4D564652 		.ascii	"MVFR0\000"
 1697      3000
 1698              	.LASF29:
 1699 018e 49435352 		.ascii	"ICSR\000"
 1699      00
 1700              	.LASF18:
 1701 0193 52534552 		.ascii	"RSERVED1\000"
 1701      56454431 
ARM GAS  C:\Users\DEVELO~1\AppData\Local\Temp\ccXuX0Yh.s 			page 32


 1701      00
 1702              	.LASF69:
 1703 019c 41424653 		.ascii	"ABFSR\000"
 1703      5200
 1704              	.LASF1:
 1705 01a2 6C6F6E67 		.ascii	"long long int\000"
 1705      206C6F6E 
 1705      6720696E 
 1705      7400
 1706              	.LASF38:
 1707 01b0 42464152 		.ascii	"BFAR\000"
 1707      00
 1708              	.LASF7:
 1709 01b5 6C6F6E67 		.ascii	"long int\000"
 1709      20696E74 
 1709      00
 1710              	.LASF46:
 1711 01be 43435349 		.ascii	"CCSIDR\000"
 1711      445200
 1712              	.LASF8:
 1713 01c5 5F5F7569 		.ascii	"__uint8_t\000"
 1713      6E74385F 
 1713      7400
 1714              	.LASF34:
 1715 01cf 43465352 		.ascii	"CFSR\000"
 1715      00
 1716              	.LASF52:
 1717 01d4 49434941 		.ascii	"ICIALLU\000"
 1717      4C4C5500 
 1718              	.LASF55:
 1719 01dc 4443494D 		.ascii	"DCIMVAC\000"
 1719      56414300 
 1720              	.LASF4:
 1721 01e4 756E7369 		.ascii	"unsigned char\000"
 1721      676E6564 
 1721      20636861 
 1721      7200
 1722              	.LASF54:
 1723 01f2 4943494D 		.ascii	"ICIMVAU\000"
 1723      56415500 
 1724              	.LASF44:
 1725 01fa 49445F49 		.ascii	"ID_ISAR\000"
 1725      53415200 
 1726              	.LASF31:
 1727 0202 41495243 		.ascii	"AIRCR\000"
 1727      5200
 1728              	.LASF85:
 1729 0208 5F5F6675 		.ascii	"__func__\000"
 1729      6E635F5F 
 1729      00
 1730              	.LASF77:
 1731 0211 6E766963 		.ascii	"nvicSetSystemHandlerPriority\000"
 1731      53657453 
 1731      79737465 
 1731      6D48616E 
 1731      646C6572 
 1732              	.LASF27:
ARM GAS  C:\Users\DEVELO~1\AppData\Local\Temp\ccXuX0Yh.s 			page 33


 1733 022e 4E564943 		.ascii	"NVIC_Type\000"
 1733      5F547970 
 1733      6500
 1734              	.LASF21:
 1735 0238 49435052 		.ascii	"ICPR\000"
 1735      00
 1736              	.LASF3:
 1737 023d 7369676E 		.ascii	"signed char\000"
 1737      65642063 
 1737      68617200 
 1738              	.LASF32:
 1739 0249 53485052 		.ascii	"SHPR\000"
 1739      00
 1740              	.LASF11:
 1741 024e 6C6F6E67 		.ascii	"long long unsigned int\000"
 1741      206C6F6E 
 1741      6720756E 
 1741      7369676E 
 1741      65642069 
 1742              	.LASF33:
 1743 0265 53484353 		.ascii	"SHCSR\000"
 1743      5200
 1744              	.LASF40:
 1745 026b 49445F50 		.ascii	"ID_PFR\000"
 1745      465200
 1746              	.LASF63:
 1747 0272 4954434D 		.ascii	"ITCMCR\000"
 1747      435200
 1748              	.LASF58:
 1749 0279 4443434D 		.ascii	"DCCMVAC\000"
 1749      56414300 
 1750              	.LASF17:
 1751 0281 49434552 		.ascii	"ICER\000"
 1751      00
 1752              	.LASF71:
 1753 0286 49435452 		.ascii	"ICTR\000"
 1753      00
 1754              	.LASF47:
 1755 028b 43535345 		.ascii	"CSSELR\000"
 1755      4C5200
 1756              	.LASF6:
 1757 0292 73686F72 		.ascii	"short unsigned int\000"
 1757      7420756E 
 1757      7369676E 
 1757      65642069 
 1757      6E7400
 1758              	.LASF14:
 1759 02a5 63686172 		.ascii	"char\000"
 1759      00
 1760              	.LASF57:
 1761 02aa 4443434D 		.ascii	"DCCMVAU\000"
 1761      56415500 
 1762              	.LASF30:
 1763 02b2 56544F52 		.ascii	"VTOR\000"
 1763      00
 1764              	.LASF76:
 1765 02b7 6E766963 		.ascii	"nvicClearPending\000"
ARM GAS  C:\Users\DEVELO~1\AppData\Local\Temp\ccXuX0Yh.s 			page 34


 1765      436C6561 
 1765      7250656E 
 1765      64696E67 
 1765      00
 1766              	.LASF19:
 1767 02c8 49535052 		.ascii	"ISPR\000"
 1767      00
 1768              	.LASF36:
 1769 02cd 44465352 		.ascii	"DFSR\000"
 1769      00
 1770              	.LASF74:
 1771 02d2 5F426F6F 		.ascii	"_Bool\000"
 1771      6C00
 1772              	.LASF84:
 1773 02d8 68616E64 		.ascii	"handler\000"
 1773      6C657200 
 1774              	.LASF35:
 1775 02e0 48465352 		.ascii	"HFSR\000"
 1775      00
 1776              	.LASF66:
 1777 02e5 43414352 		.ascii	"CACR\000"
 1777      00
 1778              	.LASF82:
 1779 02ea 2E2F646F 		.ascii	"./docs/ChibiOS/os/hal/ports/common/ARMCMx/nvic.c\000"
 1779      63732F43 
 1779      68696269 
 1779      4F532F6F 
 1779      732F6861 
 1780              	.LASF15:
 1781 031b 49534552 		.ascii	"ISER\000"
 1781      00
 1782              	.LASF13:
 1783 0320 75696E74 		.ascii	"uint32_t\000"
 1783      33325F74 
 1783      00
 1784              	.LASF22:
 1785 0329 52455345 		.ascii	"RESERVED3\000"
 1785      52564544 
 1785      3300
 1786              	.LASF24:
 1787 0333 52455345 		.ascii	"RESERVED4\000"
 1787      52564544 
 1787      3400
 1788              	.LASF25:
 1789 033d 52455345 		.ascii	"RESERVED5\000"
 1789      52564544 
 1789      3500
 1790              	.LASF10:
 1791 0347 6C6F6E67 		.ascii	"long unsigned int\000"
 1791      20756E73 
 1791      69676E65 
 1791      6420696E 
 1791      7400
 1792              	.LASF62:
 1793 0359 52455345 		.ascii	"RESERVED7\000"
 1793      52564544 
 1793      3700
ARM GAS  C:\Users\DEVELO~1\AppData\Local\Temp\ccXuX0Yh.s 			page 35


 1794              	.LASF68:
 1795 0363 52455345 		.ascii	"RESERVED8\000"
 1795      52564544 
 1795      3800
 1796              	.LASF61:
 1797 036d 44434349 		.ascii	"DCCISW\000"
 1797      535700
 1798              	.LASF83:
 1799 0374 433A5C43 		.ascii	"C:\\ChibiStudio\\ChibiOS-master\\demos\\STM32\\CUST"
 1799      68696269 
 1799      53747564 
 1799      696F5C43 
 1799      68696269 
 1800 03a2 4F4D5F48 		.ascii	"OM_H743IIT6_maj\000"
 1800      37343349 
 1800      4954365F 
 1800      6D616A00 
 1801              	.LASF67:
 1802 03b2 41484253 		.ascii	"AHBSCR\000"
 1802      435200
 1803              	.LASF43:
 1804 03b9 49445F4D 		.ascii	"ID_MFR\000"
 1804      465200
 1805              	.LASF39:
 1806 03c0 41465352 		.ascii	"AFSR\000"
 1806      00
 1807              	.LASF41:
 1808 03c5 49445F44 		.ascii	"ID_DFR\000"
 1808      465200
 1809              	.LASF0:
 1810 03cc 756E7369 		.ascii	"unsigned int\000"
 1810      676E6564 
 1810      20696E74 
 1810      00
 1811              	.LASF48:
 1812 03d9 43504143 		.ascii	"CPACR\000"
 1812      5200
 1813              	.LASF78:
 1814 03df 7072696F 		.ascii	"prio\000"
 1814      00
 1815              	.LASF64:
 1816 03e4 4454434D 		.ascii	"DTCMCR\000"
 1816      435200
 1817              		.ident	"GCC: (Arm GNU Toolchain 11.3.Rel1) 11.3.1 20220712"
ARM GAS  C:\Users\DEVELO~1\AppData\Local\Temp\ccXuX0Yh.s 			page 36


DEFINED SYMBOLS
                            *ABS*:00000000 nvic.c
C:\Users\DEVELO~1\AppData\Local\Temp\ccXuX0Yh.s:19     .text.nvicInit:00000000 $t
C:\Users\DEVELO~1\AppData\Local\Temp\ccXuX0Yh.s:26     .text.nvicInit:00000000 nvicInit
C:\Users\DEVELO~1\AppData\Local\Temp\ccXuX0Yh.s:84     .text.nvicInit:00000028 $d
C:\Users\DEVELO~1\AppData\Local\Temp\ccXuX0Yh.s:89     .text.nvicEnableVector:00000000 $t
C:\Users\DEVELO~1\AppData\Local\Temp\ccXuX0Yh.s:96     .text.nvicEnableVector:00000000 nvicEnableVector
C:\Users\DEVELO~1\AppData\Local\Temp\ccXuX0Yh.s:140    .text.nvicEnableVector:0000002c $d
C:\Users\DEVELO~1\AppData\Local\Temp\ccXuX0Yh.s:145    .text.nvicDisableVector:00000000 $t
C:\Users\DEVELO~1\AppData\Local\Temp\ccXuX0Yh.s:152    .text.nvicDisableVector:00000000 nvicDisableVector
C:\Users\DEVELO~1\AppData\Local\Temp\ccXuX0Yh.s:190    .text.nvicDisableVector:00000028 $d
C:\Users\DEVELO~1\AppData\Local\Temp\ccXuX0Yh.s:195    .text.nvicSetSystemHandlerPriority:00000000 $t
C:\Users\DEVELO~1\AppData\Local\Temp\ccXuX0Yh.s:202    .text.nvicSetSystemHandlerPriority:00000000 nvicSetSystemHandlerPriority
C:\Users\DEVELO~1\AppData\Local\Temp\ccXuX0Yh.s:230    .text.nvicSetSystemHandlerPriority:0000000c $d
C:\Users\DEVELO~1\AppData\Local\Temp\ccXuX0Yh.s:235    .text.nvicClearPending:00000000 $t
C:\Users\DEVELO~1\AppData\Local\Temp\ccXuX0Yh.s:242    .text.nvicClearPending:00000000 nvicClearPending
C:\Users\DEVELO~1\AppData\Local\Temp\ccXuX0Yh.s:270    .text.nvicClearPending:00000014 $d
C:\Users\DEVELO~1\AppData\Local\Temp\ccXuX0Yh.s:275    .text.nvicSetPending:00000000 $t
C:\Users\DEVELO~1\AppData\Local\Temp\ccXuX0Yh.s:282    .text.nvicSetPending:00000000 nvicSetPending
C:\Users\DEVELO~1\AppData\Local\Temp\ccXuX0Yh.s:310    .text.nvicSetPending:00000014 $d

NO UNDEFINED SYMBOLS
