ARM GAS  C:\Users\DEVELO~1\AppData\Local\Temp\ccP3sWO5.s 			page 1


   1              		.cpu cortex-m7
   2              		.arch armv7e-m
   3              		.fpu fpv5-d16
   4              		.eabi_attribute 28, 1
   5              		.eabi_attribute 20, 1
   6              		.eabi_attribute 21, 1
   7              		.eabi_attribute 23, 3
   8              		.eabi_attribute 24, 1
   9              		.eabi_attribute 25, 1
  10              		.eabi_attribute 26, 1
  11              		.eabi_attribute 30, 2
  12              		.eabi_attribute 34, 1
  13              		.eabi_attribute 18, 4
  14              		.file	"oop_base_object.c"
  15              		.text
  16              	.Ltext0:
  17              		.cfi_sections	.debug_frame
  18              		.section	.text.__bo_objinit_impl,"ax",%progbits
  19              		.align	1
  20              		.p2align 2,,3
  21              		.global	__bo_objinit_impl
  22              		.syntax unified
  23              		.thumb
  24              		.thumb_func
  25              		.type	__bo_objinit_impl, %function
  26              	__bo_objinit_impl:
  27              	.LVL0:
  28              	.LFB387:
  29              		.file 1 "../../../os/common/oop/src/oop_base_object.c"
  30              		.loc 1 73 52 view -0
  31              		.cfi_startproc
  32              		@ args = 0, pretend = 0, frame = 0
  33              		@ frame_needed = 0, uses_anonymous_args = 0
  34              		@ link register save eliminated.
  35              		.loc 1 74 3 view .LVU1
  36              		.loc 1 77 3 view .LVU2
  37              		.loc 1 77 13 is_stmt 0 view .LVU3
  38 0000 0160     		str	r1, [r0]
  39              		.loc 1 81 3 is_stmt 1 view .LVU4
  40              		.loc 1 82 1 is_stmt 0 view .LVU5
  41 0002 7047     		bx	lr
  42              		.cfi_endproc
  43              	.LFE387:
  44              		.size	__bo_objinit_impl, .-__bo_objinit_impl
  45              		.section	.text.__bo_dispose_impl,"ax",%progbits
  46              		.align	1
  47              		.p2align 2,,3
  48              		.global	__bo_dispose_impl
  49              		.syntax unified
  50              		.thumb
  51              		.thumb_func
  52              		.type	__bo_dispose_impl, %function
  53              	__bo_dispose_impl:
  54              	.LVL1:
  55              	.LFB388:
  56              		.loc 1 91 34 is_stmt 1 view -0
  57              		.cfi_startproc
ARM GAS  C:\Users\DEVELO~1\AppData\Local\Temp\ccP3sWO5.s 			page 2


  58              		@ args = 0, pretend = 0, frame = 0
  59              		@ frame_needed = 0, uses_anonymous_args = 0
  60              		@ link register save eliminated.
  61              		.loc 1 92 3 view .LVU7
  62              		.loc 1 95 3 view .LVU8
  63              		.loc 1 96 1 is_stmt 0 view .LVU9
  64 0000 7047     		bx	lr
  65              		.cfi_endproc
  66              	.LFE388:
  67              		.size	__bo_dispose_impl, .-__bo_dispose_impl
  68              		.text
  69              	.Letext0:
  70              		.file 2 "../../../os/common/oop/include/oop_base_object.h"
  71              		.section	.debug_info,"",%progbits
  72              	.Ldebug_info0:
  73 0000 5C010000 		.4byte	0x15c
  74 0004 0500     		.2byte	0x5
  75 0006 01       		.byte	0x1
  76 0007 04       		.byte	0x4
  77 0008 00000000 		.4byte	.Ldebug_abbrev0
  78 000c 06       		.uleb128 0x6
  79 000d 86000000 		.4byte	.LASF16
  80 0011 1D       		.byte	0x1d
  81 0012 B8010000 		.4byte	.LASF17
  82 0016 3D010000 		.4byte	.LASF18
  83 001a 0C000000 		.4byte	.LLRL2
  84 001e 00000000 		.4byte	0
  85 0022 00000000 		.4byte	.Ldebug_line0
  86 0026 07       		.uleb128 0x7
  87 0027 04       		.byte	0x4
  88 0028 05       		.byte	0x5
  89 0029 696E7400 		.ascii	"int\000"
  90 002d 01       		.uleb128 0x1
  91 002e 04       		.byte	0x4
  92 002f 07       		.byte	0x7
  93 0030 0E000000 		.4byte	.LASF0
  94 0034 01       		.uleb128 0x1
  95 0035 08       		.byte	0x8
  96 0036 05       		.byte	0x5
  97 0037 00000000 		.4byte	.LASF1
  98 003b 01       		.uleb128 0x1
  99 003c 08       		.byte	0x8
 100 003d 04       		.byte	0x4
 101 003e AC010000 		.4byte	.LASF2
 102 0042 01       		.uleb128 0x1
 103 0043 01       		.byte	0x1
 104 0044 06       		.byte	0x6
 105 0045 8E010000 		.4byte	.LASF3
 106 0049 01       		.uleb128 0x1
 107 004a 01       		.byte	0x1
 108 004b 08       		.byte	0x8
 109 004c 73000000 		.4byte	.LASF4
 110 0050 01       		.uleb128 0x1
 111 0051 02       		.byte	0x2
 112 0052 05       		.byte	0x5
 113 0053 E5010000 		.4byte	.LASF5
 114 0057 01       		.uleb128 0x1
ARM GAS  C:\Users\DEVELO~1\AppData\Local\Temp\ccP3sWO5.s 			page 3


 115 0058 02       		.byte	0x2
 116 0059 07       		.byte	0x7
 117 005a 7B010000 		.4byte	.LASF6
 118 005e 01       		.uleb128 0x1
 119 005f 04       		.byte	0x4
 120 0060 05       		.byte	0x5
 121 0061 26010000 		.4byte	.LASF7
 122 0065 01       		.uleb128 0x1
 123 0066 04       		.byte	0x4
 124 0067 07       		.byte	0x7
 125 0068 35000000 		.4byte	.LASF8
 126 006c 01       		.uleb128 0x1
 127 006d 08       		.byte	0x8
 128 006e 07       		.byte	0x7
 129 006f 47000000 		.4byte	.LASF9
 130 0073 01       		.uleb128 0x1
 131 0074 01       		.byte	0x1
 132 0075 08       		.byte	0x8
 133 0076 81000000 		.4byte	.LASF10
 134 007a 08       		.uleb128 0x8
 135 007b 04       		.byte	0x4
 136 007c 02       		.uleb128 0x2
 137 007d 81000000 		.4byte	0x81
 138 0081 09       		.uleb128 0x9
 139 0082 8C000000 		.4byte	0x8c
 140 0086 0A       		.uleb128 0xa
 141 0087 7A000000 		.4byte	0x7a
 142 008b 00       		.byte	0
 143 008c 01       		.uleb128 0x1
 144 008d 01       		.byte	0x1
 145 008e 02       		.byte	0x2
 146 008f 37010000 		.4byte	.LASF11
 147 0093 0B       		.uleb128 0xb
 148 0094 1B000000 		.4byte	.LASF19
 149 0098 02       		.byte	0x2
 150 0099 97       		.byte	0x97
 151 009a 1C       		.byte	0x1c
 152 009b 9F000000 		.4byte	0x9f
 153 009f 04       		.uleb128 0x4
 154 00a0 29000000 		.4byte	.LASF12
 155 00a4 A4       		.byte	0xa4
 156 00a5 B7000000 		.4byte	0xb7
 157 00a9 0C       		.uleb128 0xc
 158 00aa 766D7400 		.ascii	"vmt\000"
 159 00ae 02       		.byte	0x2
 160 00af A8       		.byte	0xa8
 161 00b0 21       		.byte	0x21
 162 00b1 D4000000 		.4byte	0xd4
 163 00b5 00       		.byte	0
 164 00b6 00       		.byte	0
 165 00b7 04       		.uleb128 0x4
 166 00b8 63000000 		.4byte	.LASF13
 167 00bc 9C       		.byte	0x9c
 168 00bd CF000000 		.4byte	0xcf
 169 00c1 0D       		.uleb128 0xd
 170 00c2 2F010000 		.4byte	.LASF14
 171 00c6 02       		.byte	0x2
ARM GAS  C:\Users\DEVELO~1\AppData\Local\Temp\ccP3sWO5.s 			page 4


 172 00c7 9E       		.byte	0x9e
 173 00c8 0A       		.byte	0xa
 174 00c9 7C000000 		.4byte	0x7c
 175 00cd 00       		.byte	0
 176 00ce 00       		.byte	0
 177 00cf 0E       		.uleb128 0xe
 178 00d0 B7000000 		.4byte	0xb7
 179 00d4 02       		.uleb128 0x2
 180 00d5 CF000000 		.4byte	0xcf
 181 00d9 0F       		.uleb128 0xf
 182 00da 9A010000 		.4byte	.LASF20
 183 00de 01       		.byte	0x1
 184 00df 5B       		.byte	0x5b
 185 00e0 06       		.byte	0x6
 186 00e1 00000000 		.4byte	.LFB388
 187 00e5 02000000 		.4byte	.LFE388-.LFB388
 188 00e9 01       		.uleb128 0x1
 189 00ea 9C       		.byte	0x9c
 190 00eb 0E010000 		.4byte	0x10e
 191 00ef 03       		.uleb128 0x3
 192 00f0 697000   		.ascii	"ip\000"
 193 00f3 5B       		.byte	0x5b
 194 00f4 1E       		.byte	0x1e
 195 00f5 7A000000 		.4byte	0x7a
 196 00f9 01       		.uleb128 0x1
 197 00fa 50       		.byte	0x50
 198 00fb 05       		.uleb128 0x5
 199 00fc 5E000000 		.4byte	.LASF15
 200 0100 5C       		.byte	0x5c
 201 0101 0E010000 		.4byte	0x10e
 202 0105 0E000000 		.4byte	.LLST1
 203 0109 0C000000 		.4byte	.LVUS1
 204 010d 00       		.byte	0
 205 010e 02       		.uleb128 0x2
 206 010f 93000000 		.4byte	0x93
 207 0113 10       		.uleb128 0x10
 208 0114 EF010000 		.4byte	.LASF21
 209 0118 01       		.byte	0x1
 210 0119 49       		.byte	0x49
 211 011a 07       		.byte	0x7
 212 011b 7A000000 		.4byte	0x7a
 213 011f 00000000 		.4byte	.LFB387
 214 0123 04000000 		.4byte	.LFE387-.LFB387
 215 0127 01       		.uleb128 0x1
 216 0128 9C       		.byte	0x9c
 217 0129 59010000 		.4byte	0x159
 218 012d 03       		.uleb128 0x3
 219 012e 697000   		.ascii	"ip\000"
 220 0131 49       		.byte	0x49
 221 0132 1F       		.byte	0x1f
 222 0133 7A000000 		.4byte	0x7a
 223 0137 01       		.uleb128 0x1
 224 0138 50       		.byte	0x50
 225 0139 03       		.uleb128 0x3
 226 013a 766D7400 		.ascii	"vmt\000"
 227 013e 49       		.byte	0x49
 228 013f 2F       		.byte	0x2f
ARM GAS  C:\Users\DEVELO~1\AppData\Local\Temp\ccP3sWO5.s 			page 5


 229 0140 59010000 		.4byte	0x159
 230 0144 01       		.uleb128 0x1
 231 0145 51       		.byte	0x51
 232 0146 05       		.uleb128 0x5
 233 0147 5E000000 		.4byte	.LASF15
 234 014b 4A       		.byte	0x4a
 235 014c 0E010000 		.4byte	0x10e
 236 0150 19000000 		.4byte	.LLST0
 237 0154 17000000 		.4byte	.LVUS0
 238 0158 00       		.byte	0
 239 0159 02       		.uleb128 0x2
 240 015a 5E010000 		.4byte	0x15e
 241 015e 11       		.uleb128 0x11
 242 015f 00       		.byte	0
 243              		.section	.debug_abbrev,"",%progbits
 244              	.Ldebug_abbrev0:
 245 0000 01       		.uleb128 0x1
 246 0001 24       		.uleb128 0x24
 247 0002 00       		.byte	0
 248 0003 0B       		.uleb128 0xb
 249 0004 0B       		.uleb128 0xb
 250 0005 3E       		.uleb128 0x3e
 251 0006 0B       		.uleb128 0xb
 252 0007 03       		.uleb128 0x3
 253 0008 0E       		.uleb128 0xe
 254 0009 00       		.byte	0
 255 000a 00       		.byte	0
 256 000b 02       		.uleb128 0x2
 257 000c 0F       		.uleb128 0xf
 258 000d 00       		.byte	0
 259 000e 0B       		.uleb128 0xb
 260 000f 21       		.uleb128 0x21
 261 0010 04       		.sleb128 4
 262 0011 49       		.uleb128 0x49
 263 0012 13       		.uleb128 0x13
 264 0013 00       		.byte	0
 265 0014 00       		.byte	0
 266 0015 03       		.uleb128 0x3
 267 0016 05       		.uleb128 0x5
 268 0017 00       		.byte	0
 269 0018 03       		.uleb128 0x3
 270 0019 08       		.uleb128 0x8
 271 001a 3A       		.uleb128 0x3a
 272 001b 21       		.uleb128 0x21
 273 001c 01       		.sleb128 1
 274 001d 3B       		.uleb128 0x3b
 275 001e 0B       		.uleb128 0xb
 276 001f 39       		.uleb128 0x39
 277 0020 0B       		.uleb128 0xb
 278 0021 49       		.uleb128 0x49
 279 0022 13       		.uleb128 0x13
 280 0023 02       		.uleb128 0x2
 281 0024 18       		.uleb128 0x18
 282 0025 00       		.byte	0
 283 0026 00       		.byte	0
 284 0027 04       		.uleb128 0x4
 285 0028 13       		.uleb128 0x13
ARM GAS  C:\Users\DEVELO~1\AppData\Local\Temp\ccP3sWO5.s 			page 6


 286 0029 01       		.byte	0x1
 287 002a 03       		.uleb128 0x3
 288 002b 0E       		.uleb128 0xe
 289 002c 0B       		.uleb128 0xb
 290 002d 21       		.uleb128 0x21
 291 002e 04       		.sleb128 4
 292 002f 3A       		.uleb128 0x3a
 293 0030 21       		.uleb128 0x21
 294 0031 02       		.sleb128 2
 295 0032 3B       		.uleb128 0x3b
 296 0033 0B       		.uleb128 0xb
 297 0034 39       		.uleb128 0x39
 298 0035 21       		.uleb128 0x21
 299 0036 08       		.sleb128 8
 300 0037 01       		.uleb128 0x1
 301 0038 13       		.uleb128 0x13
 302 0039 00       		.byte	0
 303 003a 00       		.byte	0
 304 003b 05       		.uleb128 0x5
 305 003c 34       		.uleb128 0x34
 306 003d 00       		.byte	0
 307 003e 03       		.uleb128 0x3
 308 003f 0E       		.uleb128 0xe
 309 0040 3A       		.uleb128 0x3a
 310 0041 21       		.uleb128 0x21
 311 0042 01       		.sleb128 1
 312 0043 3B       		.uleb128 0x3b
 313 0044 0B       		.uleb128 0xb
 314 0045 39       		.uleb128 0x39
 315 0046 21       		.uleb128 0x21
 316 0047 12       		.sleb128 18
 317 0048 49       		.uleb128 0x49
 318 0049 13       		.uleb128 0x13
 319 004a 02       		.uleb128 0x2
 320 004b 17       		.uleb128 0x17
 321 004c B742     		.uleb128 0x2137
 322 004e 17       		.uleb128 0x17
 323 004f 00       		.byte	0
 324 0050 00       		.byte	0
 325 0051 06       		.uleb128 0x6
 326 0052 11       		.uleb128 0x11
 327 0053 01       		.byte	0x1
 328 0054 25       		.uleb128 0x25
 329 0055 0E       		.uleb128 0xe
 330 0056 13       		.uleb128 0x13
 331 0057 0B       		.uleb128 0xb
 332 0058 03       		.uleb128 0x3
 333 0059 0E       		.uleb128 0xe
 334 005a 1B       		.uleb128 0x1b
 335 005b 0E       		.uleb128 0xe
 336 005c 55       		.uleb128 0x55
 337 005d 17       		.uleb128 0x17
 338 005e 11       		.uleb128 0x11
 339 005f 01       		.uleb128 0x1
 340 0060 10       		.uleb128 0x10
 341 0061 17       		.uleb128 0x17
 342 0062 00       		.byte	0
ARM GAS  C:\Users\DEVELO~1\AppData\Local\Temp\ccP3sWO5.s 			page 7


 343 0063 00       		.byte	0
 344 0064 07       		.uleb128 0x7
 345 0065 24       		.uleb128 0x24
 346 0066 00       		.byte	0
 347 0067 0B       		.uleb128 0xb
 348 0068 0B       		.uleb128 0xb
 349 0069 3E       		.uleb128 0x3e
 350 006a 0B       		.uleb128 0xb
 351 006b 03       		.uleb128 0x3
 352 006c 08       		.uleb128 0x8
 353 006d 00       		.byte	0
 354 006e 00       		.byte	0
 355 006f 08       		.uleb128 0x8
 356 0070 0F       		.uleb128 0xf
 357 0071 00       		.byte	0
 358 0072 0B       		.uleb128 0xb
 359 0073 0B       		.uleb128 0xb
 360 0074 00       		.byte	0
 361 0075 00       		.byte	0
 362 0076 09       		.uleb128 0x9
 363 0077 15       		.uleb128 0x15
 364 0078 01       		.byte	0x1
 365 0079 27       		.uleb128 0x27
 366 007a 19       		.uleb128 0x19
 367 007b 01       		.uleb128 0x1
 368 007c 13       		.uleb128 0x13
 369 007d 00       		.byte	0
 370 007e 00       		.byte	0
 371 007f 0A       		.uleb128 0xa
 372 0080 05       		.uleb128 0x5
 373 0081 00       		.byte	0
 374 0082 49       		.uleb128 0x49
 375 0083 13       		.uleb128 0x13
 376 0084 00       		.byte	0
 377 0085 00       		.byte	0
 378 0086 0B       		.uleb128 0xb
 379 0087 16       		.uleb128 0x16
 380 0088 00       		.byte	0
 381 0089 03       		.uleb128 0x3
 382 008a 0E       		.uleb128 0xe
 383 008b 3A       		.uleb128 0x3a
 384 008c 0B       		.uleb128 0xb
 385 008d 3B       		.uleb128 0x3b
 386 008e 0B       		.uleb128 0xb
 387 008f 39       		.uleb128 0x39
 388 0090 0B       		.uleb128 0xb
 389 0091 49       		.uleb128 0x49
 390 0092 13       		.uleb128 0x13
 391 0093 00       		.byte	0
 392 0094 00       		.byte	0
 393 0095 0C       		.uleb128 0xc
 394 0096 0D       		.uleb128 0xd
 395 0097 00       		.byte	0
 396 0098 03       		.uleb128 0x3
 397 0099 08       		.uleb128 0x8
 398 009a 3A       		.uleb128 0x3a
 399 009b 0B       		.uleb128 0xb
ARM GAS  C:\Users\DEVELO~1\AppData\Local\Temp\ccP3sWO5.s 			page 8


 400 009c 3B       		.uleb128 0x3b
 401 009d 0B       		.uleb128 0xb
 402 009e 39       		.uleb128 0x39
 403 009f 0B       		.uleb128 0xb
 404 00a0 49       		.uleb128 0x49
 405 00a1 13       		.uleb128 0x13
 406 00a2 38       		.uleb128 0x38
 407 00a3 0B       		.uleb128 0xb
 408 00a4 00       		.byte	0
 409 00a5 00       		.byte	0
 410 00a6 0D       		.uleb128 0xd
 411 00a7 0D       		.uleb128 0xd
 412 00a8 00       		.byte	0
 413 00a9 03       		.uleb128 0x3
 414 00aa 0E       		.uleb128 0xe
 415 00ab 3A       		.uleb128 0x3a
 416 00ac 0B       		.uleb128 0xb
 417 00ad 3B       		.uleb128 0x3b
 418 00ae 0B       		.uleb128 0xb
 419 00af 39       		.uleb128 0x39
 420 00b0 0B       		.uleb128 0xb
 421 00b1 49       		.uleb128 0x49
 422 00b2 13       		.uleb128 0x13
 423 00b3 38       		.uleb128 0x38
 424 00b4 0B       		.uleb128 0xb
 425 00b5 00       		.byte	0
 426 00b6 00       		.byte	0
 427 00b7 0E       		.uleb128 0xe
 428 00b8 26       		.uleb128 0x26
 429 00b9 00       		.byte	0
 430 00ba 49       		.uleb128 0x49
 431 00bb 13       		.uleb128 0x13
 432 00bc 00       		.byte	0
 433 00bd 00       		.byte	0
 434 00be 0F       		.uleb128 0xf
 435 00bf 2E       		.uleb128 0x2e
 436 00c0 01       		.byte	0x1
 437 00c1 3F       		.uleb128 0x3f
 438 00c2 19       		.uleb128 0x19
 439 00c3 03       		.uleb128 0x3
 440 00c4 0E       		.uleb128 0xe
 441 00c5 3A       		.uleb128 0x3a
 442 00c6 0B       		.uleb128 0xb
 443 00c7 3B       		.uleb128 0x3b
 444 00c8 0B       		.uleb128 0xb
 445 00c9 39       		.uleb128 0x39
 446 00ca 0B       		.uleb128 0xb
 447 00cb 27       		.uleb128 0x27
 448 00cc 19       		.uleb128 0x19
 449 00cd 11       		.uleb128 0x11
 450 00ce 01       		.uleb128 0x1
 451 00cf 12       		.uleb128 0x12
 452 00d0 06       		.uleb128 0x6
 453 00d1 40       		.uleb128 0x40
 454 00d2 18       		.uleb128 0x18
 455 00d3 7A       		.uleb128 0x7a
 456 00d4 19       		.uleb128 0x19
ARM GAS  C:\Users\DEVELO~1\AppData\Local\Temp\ccP3sWO5.s 			page 9


 457 00d5 01       		.uleb128 0x1
 458 00d6 13       		.uleb128 0x13
 459 00d7 00       		.byte	0
 460 00d8 00       		.byte	0
 461 00d9 10       		.uleb128 0x10
 462 00da 2E       		.uleb128 0x2e
 463 00db 01       		.byte	0x1
 464 00dc 3F       		.uleb128 0x3f
 465 00dd 19       		.uleb128 0x19
 466 00de 03       		.uleb128 0x3
 467 00df 0E       		.uleb128 0xe
 468 00e0 3A       		.uleb128 0x3a
 469 00e1 0B       		.uleb128 0xb
 470 00e2 3B       		.uleb128 0x3b
 471 00e3 0B       		.uleb128 0xb
 472 00e4 39       		.uleb128 0x39
 473 00e5 0B       		.uleb128 0xb
 474 00e6 27       		.uleb128 0x27
 475 00e7 19       		.uleb128 0x19
 476 00e8 49       		.uleb128 0x49
 477 00e9 13       		.uleb128 0x13
 478 00ea 11       		.uleb128 0x11
 479 00eb 01       		.uleb128 0x1
 480 00ec 12       		.uleb128 0x12
 481 00ed 06       		.uleb128 0x6
 482 00ee 40       		.uleb128 0x40
 483 00ef 18       		.uleb128 0x18
 484 00f0 7A       		.uleb128 0x7a
 485 00f1 19       		.uleb128 0x19
 486 00f2 01       		.uleb128 0x1
 487 00f3 13       		.uleb128 0x13
 488 00f4 00       		.byte	0
 489 00f5 00       		.byte	0
 490 00f6 11       		.uleb128 0x11
 491 00f7 26       		.uleb128 0x26
 492 00f8 00       		.byte	0
 493 00f9 00       		.byte	0
 494 00fa 00       		.byte	0
 495 00fb 00       		.byte	0
 496              		.section	.debug_loclists,"",%progbits
 497 0000 1E000000 		.4byte	.Ldebug_loc3-.Ldebug_loc2
 498              	.Ldebug_loc2:
 499 0004 0500     		.2byte	0x5
 500 0006 04       		.byte	0x4
 501 0007 00       		.byte	0
 502 0008 00000000 		.4byte	0
 503              	.Ldebug_loc0:
 504              	.LVUS1:
 505 000c 02       		.uleb128 .LVU8
 506 000d 00       		.uleb128 0
 507              	.LLST1:
 508 000e 08       		.byte	0x8
 509 000f 00000000 		.4byte	.LVL1
 510 0013 02       		.uleb128 .LFE388-.LVL1
 511 0014 01       		.uleb128 0x1
 512 0015 50       		.byte	0x50
 513 0016 00       		.byte	0
ARM GAS  C:\Users\DEVELO~1\AppData\Local\Temp\ccP3sWO5.s 			page 10


 514              	.LVUS0:
 515 0017 02       		.uleb128 .LVU2
 516 0018 00       		.uleb128 0
 517              	.LLST0:
 518 0019 08       		.byte	0x8
 519 001a 00000000 		.4byte	.LVL0
 520 001e 04       		.uleb128 .LFE387-.LVL0
 521 001f 01       		.uleb128 0x1
 522 0020 50       		.byte	0x50
 523 0021 00       		.byte	0
 524              	.Ldebug_loc3:
 525              		.section	.debug_aranges,"",%progbits
 526 0000 24000000 		.4byte	0x24
 527 0004 0200     		.2byte	0x2
 528 0006 00000000 		.4byte	.Ldebug_info0
 529 000a 04       		.byte	0x4
 530 000b 00       		.byte	0
 531 000c 0000     		.2byte	0
 532 000e 0000     		.2byte	0
 533 0010 00000000 		.4byte	.LFB387
 534 0014 04000000 		.4byte	.LFE387-.LFB387
 535 0018 00000000 		.4byte	.LFB388
 536 001c 02000000 		.4byte	.LFE388-.LFB388
 537 0020 00000000 		.4byte	0
 538 0024 00000000 		.4byte	0
 539              		.section	.debug_rnglists,"",%progbits
 540              	.Ldebug_ranges0:
 541 0000 15000000 		.4byte	.Ldebug_ranges3-.Ldebug_ranges2
 542              	.Ldebug_ranges2:
 543 0004 0500     		.2byte	0x5
 544 0006 04       		.byte	0x4
 545 0007 00       		.byte	0
 546 0008 00000000 		.4byte	0
 547              	.LLRL2:
 548 000c 07       		.byte	0x7
 549 000d 00000000 		.4byte	.LFB387
 550 0011 04       		.uleb128 .LFE387-.LFB387
 551 0012 07       		.byte	0x7
 552 0013 00000000 		.4byte	.LFB388
 553 0017 02       		.uleb128 .LFE388-.LFB388
 554 0018 00       		.byte	0
 555              	.Ldebug_ranges3:
 556              		.section	.debug_line,"",%progbits
 557              	.Ldebug_line0:
 558 0000 B9000000 		.section	.debug_str,"MS",%progbits,1
 558      03007700 
 558      00000201 
 558      FB0E0D00 
 558      01010101 
 559              	.LASF1:
 560 0000 6C6F6E67 		.ascii	"long long int\000"
 560      206C6F6E 
 560      6720696E 
 560      7400
 561              	.LASF0:
 562 000e 756E7369 		.ascii	"unsigned int\000"
 562      676E6564 
ARM GAS  C:\Users\DEVELO~1\AppData\Local\Temp\ccP3sWO5.s 			page 11


 562      20696E74 
 562      00
 563              	.LASF19:
 564 001b 62617365 		.ascii	"base_object_c\000"
 564      5F6F626A 
 564      6563745F 
 564      6300
 565              	.LASF12:
 566 0029 62617365 		.ascii	"base_object\000"
 566      5F6F626A 
 566      65637400 
 567              	.LASF8:
 568 0035 6C6F6E67 		.ascii	"long unsigned int\000"
 568      20756E73 
 568      69676E65 
 568      6420696E 
 568      7400
 569              	.LASF9:
 570 0047 6C6F6E67 		.ascii	"long long unsigned int\000"
 570      206C6F6E 
 570      6720756E 
 570      7369676E 
 570      65642069 
 571              	.LASF15:
 572 005e 73656C66 		.ascii	"self\000"
 572      00
 573              	.LASF13:
 574 0063 62617365 		.ascii	"base_object_vmt\000"
 574      5F6F626A 
 574      6563745F 
 574      766D7400 
 575              	.LASF4:
 576 0073 756E7369 		.ascii	"unsigned char\000"
 576      676E6564 
 576      20636861 
 576      7200
 577              	.LASF10:
 578 0081 63686172 		.ascii	"char\000"
 578      00
 579              	.LASF16:
 580 0086 474E5520 		.ascii	"GNU C17 11.3.1 20220712 -mcpu=cortex-m7 -mthumb -mf"
 580      43313720 
 580      31312E33 
 580      2E312032 
 580      30323230 
 581 00b9 6C6F6174 		.ascii	"loat-abi=hard -mfpu=fpv5-d16 -march=armv7e-m+fp.dp "
 581      2D616269 
 581      3D686172 
 581      64202D6D 
 581      6670753D 
 582 00ec 2D676764 		.ascii	"-ggdb -O2 -ffunction-sections -fdata-sections -fno-"
 582      62202D4F 
 582      32202D66 
 582      66756E63 
 582      74696F6E 
 583 011f 636F6D6D 		.ascii	"common\000"
 583      6F6E00
ARM GAS  C:\Users\DEVELO~1\AppData\Local\Temp\ccP3sWO5.s 			page 12


 584              	.LASF7:
 585 0126 6C6F6E67 		.ascii	"long int\000"
 585      20696E74 
 585      00
 586              	.LASF14:
 587 012f 64697370 		.ascii	"dispose\000"
 587      6F736500 
 588              	.LASF11:
 589 0137 5F426F6F 		.ascii	"_Bool\000"
 589      6C00
 590              	.LASF18:
 591 013d 433A5C43 		.ascii	"C:\\ChibiStudio\\ChibiOS-master\\demos\\STM32\\CUST"
 591      68696269 
 591      53747564 
 591      696F5C43 
 591      68696269 
 592 016b 4F4D5F48 		.ascii	"OM_H743IIT6_maj\000"
 592      37343349 
 592      4954365F 
 592      6D616A00 
 593              	.LASF6:
 594 017b 73686F72 		.ascii	"short unsigned int\000"
 594      7420756E 
 594      7369676E 
 594      65642069 
 594      6E7400
 595              	.LASF3:
 596 018e 7369676E 		.ascii	"signed char\000"
 596      65642063 
 596      68617200 
 597              	.LASF20:
 598 019a 5F5F626F 		.ascii	"__bo_dispose_impl\000"
 598      5F646973 
 598      706F7365 
 598      5F696D70 
 598      6C00
 599              	.LASF2:
 600 01ac 6C6F6E67 		.ascii	"long double\000"
 600      20646F75 
 600      626C6500 
 601              	.LASF17:
 602 01b8 2E2E2F2E 		.ascii	"../../../os/common/oop/src/oop_base_object.c\000"
 602      2E2F2E2E 
 602      2F6F732F 
 602      636F6D6D 
 602      6F6E2F6F 
 603              	.LASF5:
 604 01e5 73686F72 		.ascii	"short int\000"
 604      7420696E 
 604      7400
 605              	.LASF21:
 606 01ef 5F5F626F 		.ascii	"__bo_objinit_impl\000"
 606      5F6F626A 
 606      696E6974 
 606      5F696D70 
 606      6C00
 607              		.ident	"GCC: (Arm GNU Toolchain 11.3.Rel1) 11.3.1 20220712"
ARM GAS  C:\Users\DEVELO~1\AppData\Local\Temp\ccP3sWO5.s 			page 13


ARM GAS  C:\Users\DEVELO~1\AppData\Local\Temp\ccP3sWO5.s 			page 14


DEFINED SYMBOLS
                            *ABS*:00000000 oop_base_object.c
C:\Users\DEVELO~1\AppData\Local\Temp\ccP3sWO5.s:19     .text.__bo_objinit_impl:00000000 $t
C:\Users\DEVELO~1\AppData\Local\Temp\ccP3sWO5.s:26     .text.__bo_objinit_impl:00000000 __bo_objinit_impl
C:\Users\DEVELO~1\AppData\Local\Temp\ccP3sWO5.s:46     .text.__bo_dispose_impl:00000000 $t
C:\Users\DEVELO~1\AppData\Local\Temp\ccP3sWO5.s:53     .text.__bo_dispose_impl:00000000 __bo_dispose_impl

NO UNDEFINED SYMBOLS
