ARM GAS  C:\Users\DEVELO~1\AppData\Local\Temp\ccfLV2Q1.s 			page 1


   1              		.cpu cortex-m7
   2              		.arch armv7e-m
   3              		.fpu fpv5-d16
   4              		.eabi_attribute 28, 1
   5              		.eabi_attribute 20, 1
   6              		.eabi_attribute 21, 1
   7              		.eabi_attribute 23, 3
   8              		.eabi_attribute 24, 1
   9              		.eabi_attribute 25, 1
  10              		.eabi_attribute 26, 1
  11              		.eabi_attribute 30, 2
  12              		.eabi_attribute 34, 1
  13              		.eabi_attribute 18, 4
  14              		.file	"usb_device.c"
  15              		.text
  16              	.Ltext0:
  17              		.cfi_sections	.debug_frame
  18              		.section	.text.usb_device_start,"ax",%progbits
  19              		.align	1
  20              		.p2align 2,,3
  21              		.global	usb_device_start
  22              		.syntax unified
  23              		.thumb
  24              		.thumb_func
  25              		.type	usb_device_start, %function
  26              	usb_device_start:
  27              	.LFB448:
  28              		.file 1 "drivers/usb/usb_device.c"
  29              		.loc 1 48 29 view -0
  30              		.cfi_startproc
  31              		@ args = 0, pretend = 0, frame = 0
  32              		@ frame_needed = 0, uses_anonymous_args = 0
  33              		.loc 1 50 5 view .LVU1
  34              		.loc 1 48 29 is_stmt 0 view .LVU2
  35 0000 10B5     		push	{r4, lr}
  36              		.cfi_def_cfa_offset 8
  37              		.cfi_offset 4, -8
  38              		.cfi_offset 14, -4
  39              		.loc 1 50 5 view .LVU3
  40 0002 0D4C     		ldr	r4, .L4
  41              		.loc 1 51 5 view .LVU4
  42 0004 43F69820 		movw	r0, #15000
  43              		.loc 1 50 5 view .LVU5
  44 0008 D4F89020 		ldr	r2, [r4, #144]
  45 000c D2F80438 		ldr	r3, [r2, #2052]
  46 0010 43F00203 		orr	r3, r3, #2
  47 0014 C2F80438 		str	r3, [r2, #2052]
  48              		.loc 1 51 5 is_stmt 1 view .LVU6
  49 0018 FFF7FEFF 		bl	chThdSleep
  50              	.LVL0:
  51              		.loc 1 54 5 view .LVU7
  52 001c 0749     		ldr	r1, .L4+4
  53 001e 2046     		mov	r0, r4
  54 0020 FFF7FEFF 		bl	usbStart
  55              	.LVL1:
  56              		.loc 1 64 5 view .LVU8
  57              		.loc 1 74 5 view .LVU9
ARM GAS  C:\Users\DEVELO~1\AppData\Local\Temp\ccfLV2Q1.s 			page 2


  58 0024 D4F89020 		ldr	r2, [r4, #144]
  59 0028 D2F80438 		ldr	r3, [r2, #2052]
  60 002c 23F00203 		bic	r3, r3, #2
  61 0030 C2F80438 		str	r3, [r2, #2052]
  62              		.loc 1 75 1 is_stmt 0 view .LVU10
  63 0034 10BD     		pop	{r4, pc}
  64              	.L5:
  65 0036 00BF     		.align	2
  66              	.L4:
  67 0038 00000000 		.word	USBD1
  68 003c 00000000 		.word	usbcfg
  69              		.cfi_endproc
  70              	.LFE448:
  71              		.size	usb_device_start, .-usb_device_start
  72              		.section	.text.usb_device_active,"ax",%progbits
  73              		.align	1
  74              		.p2align 2,,3
  75              		.global	usb_device_active
  76              		.syntax unified
  77              		.thumb
  78              		.thumb_func
  79              		.type	usb_device_active, %function
  80              	usb_device_active:
  81              	.LFB449:
  82              		.loc 1 82 30 is_stmt 1 view -0
  83              		.cfi_startproc
  84              		@ args = 0, pretend = 0, frame = 0
  85              		@ frame_needed = 0, uses_anonymous_args = 0
  86              		@ link register save eliminated.
  87              		.loc 1 83 5 view .LVU12
  88              		.loc 1 83 12 is_stmt 0 view .LVU13
  89 0000 014B     		ldr	r3, .L7
  90 0002 1878     		ldrb	r0, [r3]	@ zero_extendqisi2
  91              		.loc 1 84 1 view .LVU14
  92 0004 7047     		bx	lr
  93              	.L8:
  94 0006 00BF     		.align	2
  95              	.L7:
  96 0008 00000000 		.word	usb_midi_tx_ready
  97              		.cfi_endproc
  98              	.LFE449:
  99              		.size	usb_device_active, .-usb_device_active
 100              		.text
 101              	.Letext0:
 102              		.file 2 "c:\\chibistudio\\tools\\gnu tools arm embedded\\11.3 2022.08\\lib\\gcc\\arm-none-eabi\\11
 103              		.file 3 "c:\\chibistudio\\tools\\gnu tools arm embedded\\11.3 2022.08\\arm-none-eabi\\include\\mac
 104              		.file 4 "c:\\chibistudio\\tools\\gnu tools arm embedded\\11.3 2022.08\\arm-none-eabi\\include\\sys
 105              		.file 5 "./docs/ChibiOS/os/rt/include/chearly.h"
 106              		.file 6 "./docs/ChibiOS/os/rt/include/chtime.h"
 107              		.file 7 "./docs/ChibiOS/os/hal/include/hal_usb.h"
 108              		.file 8 "./docs/ChibiOS/os/hal/ports/STM32/LLD/OTGv1/hal_usb_lld.h"
 109              		.file 9 "./docs/ChibiOS/os/hal/ports/STM32/LLD/OTGv1/stm32_otg.h"
 110              		.file 10 "drivers/usb/usbcfg.h"
 111              		.file 11 "./docs/ChibiOS/os/rt/include/chthreads.h"
 112              		.section	.debug_info,"",%progbits
 113              	.Ldebug_info0:
 114 0000 E00B0000 		.4byte	0xbe0
ARM GAS  C:\Users\DEVELO~1\AppData\Local\Temp\ccfLV2Q1.s 			page 3


 115 0004 0500     		.2byte	0x5
 116 0006 01       		.byte	0x1
 117 0007 04       		.byte	0x4
 118 0008 00000000 		.4byte	.Ldebug_abbrev0
 119 000c 17       		.uleb128 0x17
 120 000d A5000000 		.4byte	.LASF183
 121 0011 1D       		.byte	0x1d
 122 0012 11040000 		.4byte	.LASF184
 123 0016 1A000000 		.4byte	.LASF185
 124 001a 0C000000 		.4byte	.LLRL0
 125 001e 00000000 		.4byte	0
 126 0022 00000000 		.4byte	.Ldebug_line0
 127 0026 18       		.uleb128 0x18
 128 0027 04       		.byte	0x4
 129 0028 05       		.byte	0x5
 130 0029 696E7400 		.ascii	"int\000"
 131 002d 05       		.uleb128 0x5
 132 002e 5F000000 		.4byte	.LASF4
 133 0032 02       		.byte	0x2
 134 0033 D1       		.byte	0xd1
 135 0034 17       		.byte	0x17
 136 0035 39000000 		.4byte	0x39
 137 0039 0B       		.uleb128 0xb
 138 003a 04       		.byte	0x4
 139 003b 07       		.byte	0x7
 140 003c 12030000 		.4byte	.LASF0
 141 0040 0B       		.uleb128 0xb
 142 0041 08       		.byte	0x8
 143 0042 05       		.byte	0x5
 144 0043 C5010000 		.4byte	.LASF1
 145 0047 0B       		.uleb128 0xb
 146 0048 08       		.byte	0x8
 147 0049 04       		.byte	0x4
 148 004a C0060000 		.4byte	.LASF2
 149 004e 0B       		.uleb128 0xb
 150 004f 01       		.byte	0x1
 151 0050 06       		.byte	0x6
 152 0051 D3010000 		.4byte	.LASF3
 153 0055 05       		.uleb128 0x5
 154 0056 88000000 		.4byte	.LASF5
 155 005a 03       		.byte	0x3
 156 005b 2B       		.byte	0x2b
 157 005c 18       		.byte	0x18
 158 005d 61000000 		.4byte	0x61
 159 0061 0B       		.uleb128 0xb
 160 0062 01       		.byte	0x1
 161 0063 08       		.byte	0x8
 162 0064 E2050000 		.4byte	.LASF6
 163 0068 0B       		.uleb128 0xb
 164 0069 02       		.byte	0x2
 165 006a 05       		.byte	0x5
 166 006b FF050000 		.4byte	.LASF7
 167 006f 05       		.uleb128 0x5
 168 0070 EE060000 		.4byte	.LASF8
 169 0074 03       		.byte	0x3
 170 0075 39       		.byte	0x39
 171 0076 19       		.byte	0x19
ARM GAS  C:\Users\DEVELO~1\AppData\Local\Temp\ccfLV2Q1.s 			page 4


 172 0077 7B000000 		.4byte	0x7b
 173 007b 0B       		.uleb128 0xb
 174 007c 02       		.byte	0x2
 175 007d 07       		.byte	0x7
 176 007e 53070000 		.4byte	.LASF9
 177 0082 05       		.uleb128 0x5
 178 0083 12070000 		.4byte	.LASF10
 179 0087 03       		.byte	0x3
 180 0088 4D       		.byte	0x4d
 181 0089 18       		.byte	0x18
 182 008a 8E000000 		.4byte	0x8e
 183 008e 0B       		.uleb128 0xb
 184 008f 04       		.byte	0x4
 185 0090 05       		.byte	0x5
 186 0091 62080000 		.4byte	.LASF11
 187 0095 05       		.uleb128 0x5
 188 0096 66070000 		.4byte	.LASF12
 189 009a 03       		.byte	0x3
 190 009b 4F       		.byte	0x4f
 191 009c 19       		.byte	0x19
 192 009d A1000000 		.4byte	0xa1
 193 00a1 0B       		.uleb128 0xb
 194 00a2 04       		.byte	0x4
 195 00a3 07       		.byte	0x7
 196 00a4 FA010000 		.4byte	.LASF13
 197 00a8 05       		.uleb128 0x5
 198 00a9 5A050000 		.4byte	.LASF14
 199 00ad 03       		.byte	0x3
 200 00ae 69       		.byte	0x69
 201 00af 19       		.byte	0x19
 202 00b0 B4000000 		.4byte	0xb4
 203 00b4 0B       		.uleb128 0xb
 204 00b5 08       		.byte	0x8
 205 00b6 07       		.byte	0x7
 206 00b7 18020000 		.4byte	.LASF15
 207 00bb 05       		.uleb128 0x5
 208 00bc 08080000 		.4byte	.LASF16
 209 00c0 04       		.byte	0x4
 210 00c1 18       		.byte	0x18
 211 00c2 13       		.byte	0x13
 212 00c3 55000000 		.4byte	0x55
 213 00c7 0E       		.uleb128 0xe
 214 00c8 BB000000 		.4byte	0xbb
 215 00cc 05       		.uleb128 0x5
 216 00cd BC020000 		.4byte	.LASF17
 217 00d1 04       		.byte	0x4
 218 00d2 24       		.byte	0x24
 219 00d3 14       		.byte	0x14
 220 00d4 6F000000 		.4byte	0x6f
 221 00d8 05       		.uleb128 0x5
 222 00d9 DA050000 		.4byte	.LASF18
 223 00dd 04       		.byte	0x4
 224 00de 2C       		.byte	0x2c
 225 00df 13       		.byte	0x13
 226 00e0 82000000 		.4byte	0x82
 227 00e4 05       		.uleb128 0x5
 228 00e5 9F070000 		.4byte	.LASF19
ARM GAS  C:\Users\DEVELO~1\AppData\Local\Temp\ccfLV2Q1.s 			page 5


 229 00e9 04       		.byte	0x4
 230 00ea 30       		.byte	0x30
 231 00eb 14       		.byte	0x14
 232 00ec 95000000 		.4byte	0x95
 233 00f0 0C       		.uleb128 0xc
 234 00f1 E4000000 		.4byte	0xe4
 235 00f5 05       		.uleb128 0x5
 236 00f6 76000000 		.4byte	.LASF20
 237 00fa 04       		.byte	0x4
 238 00fb 3C       		.byte	0x3c
 239 00fc 14       		.byte	0x14
 240 00fd A8000000 		.4byte	0xa8
 241 0101 05       		.uleb128 0x5
 242 0102 E5030000 		.4byte	.LASF21
 243 0106 05       		.byte	0x5
 244 0107 58       		.byte	0x58
 245 0108 19       		.byte	0x19
 246 0109 D8000000 		.4byte	0xd8
 247 010d 0B       		.uleb128 0xb
 248 010e 01       		.byte	0x1
 249 010f 08       		.byte	0x8
 250 0110 CC060000 		.4byte	.LASF22
 251 0114 05       		.uleb128 0x5
 252 0115 FB020000 		.4byte	.LASF23
 253 0119 06       		.byte	0x6
 254 011a 79       		.byte	0x79
 255 011b 12       		.byte	0x12
 256 011c E4000000 		.4byte	0xe4
 257 0120 05       		.uleb128 0x5
 258 0121 77030000 		.4byte	.LASF24
 259 0125 06       		.byte	0x6
 260 0126 9B       		.byte	0x9b
 261 0127 12       		.byte	0x12
 262 0128 F5000000 		.4byte	0xf5
 263 012c 07       		.uleb128 0x7
 264 012d BB000000 		.4byte	0xbb
 265 0131 19       		.uleb128 0x19
 266 0132 04       		.byte	0x4
 267 0133 08       		.uleb128 0x8
 268 0134 F0000000 		.4byte	0xf0
 269 0138 43010000 		.4byte	0x143
 270 013c 09       		.uleb128 0x9
 271 013d 39000000 		.4byte	0x39
 272 0141 0F       		.byte	0xf
 273 0142 00       		.byte	0
 274 0143 0C       		.uleb128 0xc
 275 0144 33010000 		.4byte	0x133
 276 0148 08       		.uleb128 0x8
 277 0149 F0000000 		.4byte	0xf0
 278 014d 58010000 		.4byte	0x158
 279 0151 09       		.uleb128 0x9
 280 0152 39000000 		.4byte	0x39
 281 0156 0E       		.byte	0xe
 282 0157 00       		.byte	0
 283 0158 0C       		.uleb128 0xc
 284 0159 48010000 		.4byte	0x148
 285 015d 0B       		.uleb128 0xb
ARM GAS  C:\Users\DEVELO~1\AppData\Local\Temp\ccfLV2Q1.s 			page 6


 286 015e 01       		.byte	0x1
 287 015f 02       		.byte	0x2
 288 0160 D4050000 		.4byte	.LASF25
 289 0164 0C       		.uleb128 0xc
 290 0165 5D010000 		.4byte	0x15d
 291 0169 07       		.uleb128 0x7
 292 016a C7000000 		.4byte	0xc7
 293 016e 06       		.uleb128 0x6
 294 016f FE070000 		.4byte	.LASF26
 295 0173 07       		.byte	0x7
 296 0174 0301     		.2byte	0x103
 297 0176 1A       		.byte	0x1a
 298 0177 7B010000 		.4byte	0x17b
 299 017b 1A       		.uleb128 0x1a
 300 017c FE070000 		.4byte	.LASF26
 301 0180 9C       		.byte	0x9c
 302 0181 08       		.byte	0x8
 303 0182 A501     		.2byte	0x1a5
 304 0184 08       		.byte	0x8
 305 0185 90020000 		.4byte	0x290
 306 0189 01       		.uleb128 0x1
 307 018a 54020000 		.4byte	.LASF27
 308 018e 08       		.byte	0x8
 309 018f A901     		.2byte	0x1a9
 310 0191 21       		.byte	0x21
 311 0192 CD020000 		.4byte	0x2cd
 312 0196 00       		.byte	0
 313 0197 01       		.uleb128 0x1
 314 0198 40030000 		.4byte	.LASF28
 315 019c 08       		.byte	0x8
 316 019d AD01     		.2byte	0x1ad
 317 019f 22       		.byte	0x22
 318 01a0 FF0A0000 		.4byte	0xaff
 319 01a4 04       		.byte	0x4
 320 01a5 01       		.uleb128 0x1
 321 01a6 8C030000 		.4byte	.LASF29
 322 01aa 08       		.byte	0x8
 323 01ab B101     		.2byte	0x1b1
 324 01ad 21       		.byte	0x21
 325 01ae CC000000 		.4byte	0xcc
 326 01b2 08       		.byte	0x8
 327 01b3 01       		.uleb128 0x1
 328 01b4 41040000 		.4byte	.LASF30
 329 01b8 08       		.byte	0x8
 330 01b9 B501     		.2byte	0x1b5
 331 01bb 21       		.byte	0x21
 332 01bc CC000000 		.4byte	0xcc
 333 01c0 0A       		.byte	0xa
 334 01c1 13       		.uleb128 0x13
 335 01c2 65706300 		.ascii	"epc\000"
 336 01c6 B901     		.2byte	0x1b9
 337 01c8 040B0000 		.4byte	0xb04
 338 01cc 0C       		.byte	0xc
 339 01cd 01       		.uleb128 0x1
 340 01ce 30080000 		.4byte	.LASF31
 341 01d2 08       		.byte	0x8
 342 01d3 C001     		.2byte	0x1c0
ARM GAS  C:\Users\DEVELO~1\AppData\Local\Temp\ccfLV2Q1.s 			page 7


 343 01d5 22       		.byte	0x22
 344 01d6 190B0000 		.4byte	0xb19
 345 01da 30       		.byte	0x30
 346 01db 01       		.uleb128 0x1
 347 01dc 5A020000 		.4byte	.LASF32
 348 01e0 08       		.byte	0x8
 349 01e1 C701     		.2byte	0x1c7
 350 01e3 22       		.byte	0x22
 351 01e4 190B0000 		.4byte	0xb19
 352 01e8 50       		.byte	0x50
 353 01e9 01       		.uleb128 0x1
 354 01ea A4060000 		.4byte	.LASF33
 355 01ee 08       		.byte	0x8
 356 01ef CB01     		.2byte	0x1cb
 357 01f1 21       		.byte	0x21
 358 01f2 10030000 		.4byte	0x310
 359 01f6 70       		.byte	0x70
 360 01f7 01       		.uleb128 0x1
 361 01f8 9F030000 		.4byte	.LASF34
 362 01fc 08       		.byte	0x8
 363 01fd CF01     		.2byte	0x1cf
 364 01ff 22       		.byte	0x22
 365 0200 2C010000 		.4byte	0x12c
 366 0204 74       		.byte	0x74
 367 0205 01       		.uleb128 0x1
 368 0206 34040000 		.4byte	.LASF35
 369 020a 08       		.byte	0x8
 370 020b D301     		.2byte	0x1d3
 371 020d 21       		.byte	0x21
 372 020e 2D000000 		.4byte	0x2d
 373 0212 78       		.byte	0x78
 374 0213 01       		.uleb128 0x1
 375 0214 39070000 		.4byte	.LASF36
 376 0218 08       		.byte	0x8
 377 0219 D701     		.2byte	0x1d7
 378 021b 21       		.byte	0x21
 379 021c 98030000 		.4byte	0x398
 380 0220 7C       		.byte	0x7c
 381 0221 01       		.uleb128 0x1
 382 0222 2A050000 		.4byte	.LASF37
 383 0226 08       		.byte	0x8
 384 0227 DB01     		.2byte	0x1db
 385 0229 21       		.byte	0x21
 386 022a 290B0000 		.4byte	0xb29
 387 022e 80       		.byte	0x80
 388 022f 01       		.uleb128 0x1
 389 0230 CC070000 		.4byte	.LASF38
 390 0234 08       		.byte	0x8
 391 0235 DF01     		.2byte	0x1df
 392 0237 21       		.byte	0x21
 393 0238 CC000000 		.4byte	0xcc
 394 023c 88       		.byte	0x88
 395 023d 01       		.uleb128 0x1
 396 023e E4040000 		.4byte	.LASF39
 397 0242 08       		.byte	0x8
 398 0243 E301     		.2byte	0x1e3
 399 0245 21       		.byte	0x21
ARM GAS  C:\Users\DEVELO~1\AppData\Local\Temp\ccfLV2Q1.s 			page 8


 400 0246 BB000000 		.4byte	0xbb
 401 024a 8A       		.byte	0x8a
 402 024b 01       		.uleb128 0x1
 403 024c 81080000 		.4byte	.LASF40
 404 0250 08       		.byte	0x8
 405 0251 E701     		.2byte	0x1e7
 406 0253 21       		.byte	0x21
 407 0254 BB000000 		.4byte	0xbb
 408 0258 8B       		.byte	0x8b
 409 0259 01       		.uleb128 0x1
 410 025a 6C060000 		.4byte	.LASF41
 411 025e 08       		.byte	0x8
 412 025f EB01     		.2byte	0x1eb
 413 0261 21       		.byte	0x21
 414 0262 CD020000 		.4byte	0x2cd
 415 0266 8C       		.byte	0x8c
 416 0267 13       		.uleb128 0x13
 417 0268 6F746700 		.ascii	"otg\000"
 418 026c F301     		.2byte	0x1f3
 419 026e 390B0000 		.4byte	0xb39
 420 0272 90       		.byte	0x90
 421 0273 01       		.uleb128 0x1
 422 0274 2A040000 		.4byte	.LASF42
 423 0278 08       		.byte	0x8
 424 0279 F701     		.2byte	0x1f7
 425 027b 22       		.byte	0x22
 426 027c 3E0B0000 		.4byte	0xb3e
 427 0280 94       		.byte	0x94
 428 0281 01       		.uleb128 0x1
 429 0282 76050000 		.4byte	.LASF43
 430 0286 08       		.byte	0x8
 431 0287 FB01     		.2byte	0x1fb
 432 0289 21       		.byte	0x21
 433 028a E4000000 		.4byte	0xe4
 434 028e 98       		.byte	0x98
 435 028f 00       		.byte	0
 436 0290 06       		.uleb128 0x6
 437 0291 09060000 		.4byte	.LASF44
 438 0295 07       		.byte	0x7
 439 0296 0801     		.2byte	0x108
 440 0298 11       		.byte	0x11
 441 0299 BB000000 		.4byte	0xbb
 442 029d 0F       		.uleb128 0xf
 443 029e 61000000 		.4byte	0x61
 444 02a2 0D01     		.2byte	0x10d
 445 02a4 CD020000 		.4byte	0x2cd
 446 02a8 04       		.uleb128 0x4
 447 02a9 8B010000 		.4byte	.LASF45
 448 02ad 00       		.byte	0
 449 02ae 04       		.uleb128 0x4
 450 02af CB050000 		.4byte	.LASF46
 451 02b3 01       		.byte	0x1
 452 02b4 04       		.uleb128 0x4
 453 02b5 C1050000 		.4byte	.LASF47
 454 02b9 02       		.byte	0x2
 455 02ba 04       		.uleb128 0x4
 456 02bb 54060000 		.4byte	.LASF48
ARM GAS  C:\Users\DEVELO~1\AppData\Local\Temp\ccfLV2Q1.s 			page 9


 457 02bf 03       		.byte	0x3
 458 02c0 04       		.uleb128 0x4
 459 02c1 1F030000 		.4byte	.LASF49
 460 02c5 04       		.byte	0x4
 461 02c6 04       		.uleb128 0x4
 462 02c7 73080000 		.4byte	.LASF50
 463 02cb 05       		.byte	0x5
 464 02cc 00       		.byte	0
 465 02cd 06       		.uleb128 0x6
 466 02ce FE060000 		.4byte	.LASF51
 467 02d2 07       		.byte	0x7
 468 02d3 1401     		.2byte	0x114
 469 02d5 03       		.byte	0x3
 470 02d6 9D020000 		.4byte	0x29d
 471 02da 0F       		.uleb128 0xf
 472 02db 61000000 		.4byte	0x61
 473 02df 2201     		.2byte	0x122
 474 02e1 10030000 		.4byte	0x310
 475 02e5 04       		.uleb128 0x4
 476 02e6 72040000 		.4byte	.LASF52
 477 02ea 00       		.byte	0
 478 02eb 04       		.uleb128 0x4
 479 02ec 53040000 		.4byte	.LASF53
 480 02f0 09       		.byte	0x9
 481 02f1 04       		.uleb128 0x4
 482 02f2 6F010000 		.4byte	.LASF54
 483 02f6 0A       		.byte	0xa
 484 02f7 04       		.uleb128 0x4
 485 02f8 FA030000 		.4byte	.LASF55
 486 02fc 0B       		.byte	0xb
 487 02fd 04       		.uleb128 0x4
 488 02fe A8070000 		.4byte	.LASF56
 489 0302 14       		.byte	0x14
 490 0303 04       		.uleb128 0x4
 491 0304 58030000 		.4byte	.LASF57
 492 0308 15       		.byte	0x15
 493 0309 04       		.uleb128 0x4
 494 030a 3D020000 		.4byte	.LASF58
 495 030e 06       		.byte	0x6
 496 030f 00       		.byte	0
 497 0310 06       		.uleb128 0x6
 498 0311 CB020000 		.4byte	.LASF59
 499 0315 07       		.byte	0x7
 500 0316 2A01     		.2byte	0x12a
 501 0318 03       		.byte	0x3
 502 0319 DA020000 		.4byte	0x2da
 503 031d 0F       		.uleb128 0xf
 504 031e 61000000 		.4byte	0x61
 505 0322 2F01     		.2byte	0x12f
 506 0324 53030000 		.4byte	0x353
 507 0328 04       		.uleb128 0x4
 508 0329 DE060000 		.4byte	.LASF60
 509 032d 00       		.byte	0
 510 032e 04       		.uleb128 0x4
 511 032f 85050000 		.4byte	.LASF61
 512 0333 01       		.byte	0x1
 513 0334 04       		.uleb128 0x4
ARM GAS  C:\Users\DEVELO~1\AppData\Local\Temp\ccfLV2Q1.s 			page 10


 514 0335 24070000 		.4byte	.LASF62
 515 0339 02       		.byte	0x2
 516 033a 04       		.uleb128 0x4
 517 033b 45010000 		.4byte	.LASF63
 518 033f 03       		.byte	0x3
 519 0340 04       		.uleb128 0x4
 520 0341 92060000 		.4byte	.LASF64
 521 0345 04       		.byte	0x4
 522 0346 04       		.uleb128 0x4
 523 0347 AB020000 		.4byte	.LASF65
 524 034b 05       		.byte	0x5
 525 034c 04       		.uleb128 0x4
 526 034d E1020000 		.4byte	.LASF66
 527 0351 06       		.byte	0x6
 528 0352 00       		.byte	0
 529 0353 06       		.uleb128 0x6
 530 0354 9A000000 		.4byte	.LASF67
 531 0358 07       		.byte	0x7
 532 0359 3701     		.2byte	0x137
 533 035b 03       		.byte	0x3
 534 035c 1D030000 		.4byte	0x31d
 535 0360 0D       		.uleb128 0xd
 536 0361 08       		.byte	0x8
 537 0362 07       		.byte	0x7
 538 0363 3C01     		.2byte	0x13c
 539 0365 86030000 		.4byte	0x386
 540 0369 01       		.uleb128 0x1
 541 036a 30030000 		.4byte	.LASF68
 542 036e 07       		.byte	0x7
 543 036f 4001     		.2byte	0x140
 544 0371 21       		.byte	0x21
 545 0372 2D000000 		.4byte	0x2d
 546 0376 00       		.byte	0
 547 0377 01       		.uleb128 0x1
 548 0378 EB030000 		.4byte	.LASF69
 549 037c 07       		.byte	0x7
 550 037d 4401     		.2byte	0x144
 551 037f 22       		.byte	0x22
 552 0380 69010000 		.4byte	0x169
 553 0384 04       		.byte	0x4
 554 0385 00       		.byte	0
 555 0386 06       		.uleb128 0x6
 556 0387 9E010000 		.4byte	.LASF70
 557 038b 07       		.byte	0x7
 558 038c 4501     		.2byte	0x145
 559 038e 03       		.byte	0x3
 560 038f 60030000 		.4byte	0x360
 561 0393 0E       		.uleb128 0xe
 562 0394 86030000 		.4byte	0x386
 563 0398 06       		.uleb128 0x6
 564 0399 DF010000 		.4byte	.LASF71
 565 039d 07       		.byte	0x7
 566 039e 4D01     		.2byte	0x14d
 567 03a0 10       		.byte	0x10
 568 03a1 A5030000 		.4byte	0x3a5
 569 03a5 07       		.uleb128 0x7
 570 03a6 AA030000 		.4byte	0x3aa
ARM GAS  C:\Users\DEVELO~1\AppData\Local\Temp\ccfLV2Q1.s 			page 11


 571 03aa 10       		.uleb128 0x10
 572 03ab B5030000 		.4byte	0x3b5
 573 03af 0A       		.uleb128 0xa
 574 03b0 B5030000 		.4byte	0x3b5
 575 03b4 00       		.byte	0
 576 03b5 07       		.uleb128 0x7
 577 03b6 6E010000 		.4byte	0x16e
 578 03ba 06       		.uleb128 0x6
 579 03bb D3070000 		.4byte	.LASF72
 580 03bf 07       		.byte	0x7
 581 03c0 5601     		.2byte	0x156
 582 03c2 10       		.byte	0x10
 583 03c3 C7030000 		.4byte	0x3c7
 584 03c7 07       		.uleb128 0x7
 585 03c8 CC030000 		.4byte	0x3cc
 586 03cc 10       		.uleb128 0x10
 587 03cd DC030000 		.4byte	0x3dc
 588 03d1 0A       		.uleb128 0xa
 589 03d2 B5030000 		.4byte	0x3b5
 590 03d6 0A       		.uleb128 0xa
 591 03d7 90020000 		.4byte	0x290
 592 03db 00       		.byte	0
 593 03dc 06       		.uleb128 0x6
 594 03dd 95020000 		.4byte	.LASF73
 595 03e1 07       		.byte	0x7
 596 03e2 5F01     		.2byte	0x15f
 597 03e4 10       		.byte	0x10
 598 03e5 E9030000 		.4byte	0x3e9
 599 03e9 07       		.uleb128 0x7
 600 03ea EE030000 		.4byte	0x3ee
 601 03ee 10       		.uleb128 0x10
 602 03ef FE030000 		.4byte	0x3fe
 603 03f3 0A       		.uleb128 0xa
 604 03f4 B5030000 		.4byte	0x3b5
 605 03f8 0A       		.uleb128 0xa
 606 03f9 53030000 		.4byte	0x353
 607 03fd 00       		.byte	0
 608 03fe 06       		.uleb128 0x6
 609 03ff 00050000 		.4byte	.LASF74
 610 0403 07       		.byte	0x7
 611 0404 6B01     		.2byte	0x16b
 612 0406 10       		.byte	0x10
 613 0407 0B040000 		.4byte	0x40b
 614 040b 07       		.uleb128 0x7
 615 040c 10040000 		.4byte	0x410
 616 0410 14       		.uleb128 0x14
 617 0411 5D010000 		.4byte	0x15d
 618 0415 1F040000 		.4byte	0x41f
 619 0419 0A       		.uleb128 0xa
 620 041a B5030000 		.4byte	0x3b5
 621 041e 00       		.byte	0
 622 041f 06       		.uleb128 0x6
 623 0420 6A020000 		.4byte	.LASF75
 624 0424 07       		.byte	0x7
 625 0425 7001     		.2byte	0x170
 626 0427 21       		.byte	0x21
 627 0428 2C040000 		.4byte	0x42c
ARM GAS  C:\Users\DEVELO~1\AppData\Local\Temp\ccfLV2Q1.s 			page 12


 628 042c 07       		.uleb128 0x7
 629 042d 31040000 		.4byte	0x431
 630 0431 14       		.uleb128 0x14
 631 0432 4F040000 		.4byte	0x44f
 632 0436 4F040000 		.4byte	0x44f
 633 043a 0A       		.uleb128 0xa
 634 043b B5030000 		.4byte	0x3b5
 635 043f 0A       		.uleb128 0xa
 636 0440 BB000000 		.4byte	0xbb
 637 0444 0A       		.uleb128 0xa
 638 0445 BB000000 		.4byte	0xbb
 639 0449 0A       		.uleb128 0xa
 640 044a CC000000 		.4byte	0xcc
 641 044e 00       		.byte	0
 642 044f 07       		.uleb128 0x7
 643 0450 93030000 		.4byte	0x393
 644 0454 11       		.uleb128 0x11
 645 0455 29       		.byte	0x29
 646 0456 B3040000 		.4byte	0x4b3
 647 045a 02       		.uleb128 0x2
 648 045b 5B080000 		.4byte	.LASF76
 649 045f 2A       		.byte	0x2a
 650 0460 F0000000 		.4byte	0xf0
 651 0464 00       		.byte	0
 652 0465 02       		.uleb128 0x2
 653 0466 BA050000 		.4byte	.LASF77
 654 046a 2C       		.byte	0x2c
 655 046b F0000000 		.4byte	0xf0
 656 046f 04       		.byte	0x4
 657 0470 02       		.uleb128 0x2
 658 0471 24050000 		.4byte	.LASF78
 659 0475 2D       		.byte	0x2d
 660 0476 F0000000 		.4byte	0xf0
 661 047a 08       		.byte	0x8
 662 047b 02       		.uleb128 0x2
 663 047c 2F020000 		.4byte	.LASF79
 664 0480 2E       		.byte	0x2e
 665 0481 F0000000 		.4byte	0xf0
 666 0485 0C       		.byte	0xc
 667 0486 02       		.uleb128 0x2
 668 0487 AC010000 		.4byte	.LASF80
 669 048b 30       		.byte	0x30
 670 048c F0000000 		.4byte	0xf0
 671 0490 10       		.byte	0x10
 672 0491 02       		.uleb128 0x2
 673 0492 67030000 		.4byte	.LASF81
 674 0496 32       		.byte	0x32
 675 0497 F0000000 		.4byte	0xf0
 676 049b 14       		.byte	0x14
 677 049c 02       		.uleb128 0x2
 678 049d 6F030000 		.4byte	.LASF82
 679 04a1 33       		.byte	0x33
 680 04a2 F0000000 		.4byte	0xf0
 681 04a6 18       		.byte	0x18
 682 04a7 02       		.uleb128 0x2
 683 04a8 4B040000 		.4byte	.LASF83
 684 04ac 34       		.byte	0x34
ARM GAS  C:\Users\DEVELO~1\AppData\Local\Temp\ccfLV2Q1.s 			page 13


 685 04ad F0000000 		.4byte	0xf0
 686 04b1 1C       		.byte	0x1c
 687 04b2 00       		.byte	0
 688 04b3 05       		.uleb128 0x5
 689 04b4 98040000 		.4byte	.LASF84
 690 04b8 09       		.byte	0x9
 691 04b9 35       		.byte	0x35
 692 04ba 03       		.byte	0x3
 693 04bb 54040000 		.4byte	0x454
 694 04bf 11       		.uleb128 0x11
 695 04c0 3A       		.byte	0x3a
 696 04c1 1E050000 		.4byte	0x51e
 697 04c5 02       		.uleb128 0x2
 698 04c6 DC040000 		.4byte	.LASF85
 699 04ca 3B       		.byte	0x3b
 700 04cb F0000000 		.4byte	0xf0
 701 04cf 00       		.byte	0
 702 04d0 02       		.uleb128 0x2
 703 04d1 A8050000 		.4byte	.LASF86
 704 04d5 3D       		.byte	0x3d
 705 04d6 F0000000 		.4byte	0xf0
 706 04da 04       		.byte	0x4
 707 04db 02       		.uleb128 0x2
 708 04dc F7050000 		.4byte	.LASF87
 709 04e0 3E       		.byte	0x3e
 710 04e1 F0000000 		.4byte	0xf0
 711 04e5 08       		.byte	0x8
 712 04e6 02       		.uleb128 0x2
 713 04e7 F0050000 		.4byte	.LASF88
 714 04eb 40       		.byte	0x40
 715 04ec F0000000 		.4byte	0xf0
 716 04f0 0C       		.byte	0xc
 717 04f1 02       		.uleb128 0x2
 718 04f2 30050000 		.4byte	.LASF89
 719 04f6 41       		.byte	0x41
 720 04f7 F0000000 		.4byte	0xf0
 721 04fb 10       		.byte	0x10
 722 04fc 02       		.uleb128 0x2
 723 04fd 67030000 		.4byte	.LASF81
 724 0501 43       		.byte	0x43
 725 0502 F0000000 		.4byte	0xf0
 726 0506 14       		.byte	0x14
 727 0507 02       		.uleb128 0x2
 728 0508 53080000 		.4byte	.LASF90
 729 050c 44       		.byte	0x44
 730 050d F0000000 		.4byte	0xf0
 731 0511 18       		.byte	0x18
 732 0512 02       		.uleb128 0x2
 733 0513 A7030000 		.4byte	.LASF91
 734 0517 46       		.byte	0x46
 735 0518 F0000000 		.4byte	0xf0
 736 051c 1C       		.byte	0x1c
 737 051d 00       		.byte	0
 738 051e 05       		.uleb128 0x5
 739 051f 86040000 		.4byte	.LASF92
 740 0523 09       		.byte	0x9
 741 0524 47       		.byte	0x47
ARM GAS  C:\Users\DEVELO~1\AppData\Local\Temp\ccfLV2Q1.s 			page 14


 742 0525 03       		.byte	0x3
 743 0526 BF040000 		.4byte	0x4bf
 744 052a 11       		.uleb128 0x11
 745 052b 4C       		.byte	0x4c
 746 052c 89050000 		.4byte	0x589
 747 0530 02       		.uleb128 0x2
 748 0531 91070000 		.4byte	.LASF93
 749 0535 4D       		.byte	0x4d
 750 0536 F0000000 		.4byte	0xf0
 751 053a 00       		.byte	0
 752 053b 02       		.uleb128 0x2
 753 053c A8050000 		.4byte	.LASF86
 754 0540 4F       		.byte	0x4f
 755 0541 F0000000 		.4byte	0xf0
 756 0545 04       		.byte	0x4
 757 0546 02       		.uleb128 0x2
 758 0547 96010000 		.4byte	.LASF94
 759 054b 50       		.byte	0x50
 760 054c F0000000 		.4byte	0xf0
 761 0550 08       		.byte	0x8
 762 0551 02       		.uleb128 0x2
 763 0552 F0050000 		.4byte	.LASF88
 764 0556 52       		.byte	0x52
 765 0557 F0000000 		.4byte	0xf0
 766 055b 0C       		.byte	0xc
 767 055c 02       		.uleb128 0x2
 768 055d C9030000 		.4byte	.LASF95
 769 0561 53       		.byte	0x53
 770 0562 F0000000 		.4byte	0xf0
 771 0566 10       		.byte	0x10
 772 0567 02       		.uleb128 0x2
 773 0568 67030000 		.4byte	.LASF81
 774 056c 55       		.byte	0x55
 775 056d F0000000 		.4byte	0xf0
 776 0571 14       		.byte	0x14
 777 0572 02       		.uleb128 0x2
 778 0573 6F030000 		.4byte	.LASF82
 779 0577 56       		.byte	0x56
 780 0578 F0000000 		.4byte	0xf0
 781 057c 18       		.byte	0x18
 782 057d 02       		.uleb128 0x2
 783 057e A7030000 		.4byte	.LASF91
 784 0582 57       		.byte	0x57
 785 0583 F0000000 		.4byte	0xf0
 786 0587 1C       		.byte	0x1c
 787 0588 00       		.byte	0
 788 0589 05       		.uleb128 0x5
 789 058a 3A080000 		.4byte	.LASF96
 790 058e 09       		.byte	0x9
 791 058f 58       		.byte	0x58
 792 0590 03       		.byte	0x3
 793 0591 2A050000 		.4byte	0x52a
 794 0595 1B       		.uleb128 0x1b
 795 0596 00100100 		.4byte	0x11000
 796 059a 09       		.byte	0x9
 797 059b 5D       		.byte	0x5d
 798 059c 09       		.byte	0x9
ARM GAS  C:\Users\DEVELO~1\AppData\Local\Temp\ccfLV2Q1.s 			page 15


 799 059d 3F080000 		.4byte	0x83f
 800 05a1 02       		.uleb128 0x2
 801 05a2 4B070000 		.4byte	.LASF97
 802 05a6 5E       		.byte	0x5e
 803 05a7 F0000000 		.4byte	0xf0
 804 05ab 00       		.byte	0
 805 05ac 02       		.uleb128 0x2
 806 05ad F3020000 		.4byte	.LASF98
 807 05b1 5F       		.byte	0x5f
 808 05b2 F0000000 		.4byte	0xf0
 809 05b6 04       		.byte	0x4
 810 05b7 02       		.uleb128 0x2
 811 05b8 92000000 		.4byte	.LASF99
 812 05bc 60       		.byte	0x60
 813 05bd F0000000 		.4byte	0xf0
 814 05c1 08       		.byte	0x8
 815 05c2 02       		.uleb128 0x2
 816 05c3 6E050000 		.4byte	.LASF100
 817 05c7 61       		.byte	0x61
 818 05c8 F0000000 		.4byte	0xf0
 819 05cc 0C       		.byte	0xc
 820 05cd 02       		.uleb128 0x2
 821 05ce 39040000 		.4byte	.LASF101
 822 05d2 62       		.byte	0x62
 823 05d3 F0000000 		.4byte	0xf0
 824 05d7 10       		.byte	0x10
 825 05d8 02       		.uleb128 0x2
 826 05d9 C1030000 		.4byte	.LASF102
 827 05dd 63       		.byte	0x63
 828 05de F0000000 		.4byte	0xf0
 829 05e2 14       		.byte	0x14
 830 05e3 02       		.uleb128 0x2
 831 05e4 38030000 		.4byte	.LASF103
 832 05e8 64       		.byte	0x64
 833 05e9 F0000000 		.4byte	0xf0
 834 05ed 18       		.byte	0x18
 835 05ee 02       		.uleb128 0x2
 836 05ef B6040000 		.4byte	.LASF104
 837 05f3 65       		.byte	0x65
 838 05f4 F0000000 		.4byte	0xf0
 839 05f8 1C       		.byte	0x1c
 840 05f9 02       		.uleb128 0x2
 841 05fa 1C070000 		.4byte	.LASF105
 842 05fe 67       		.byte	0x67
 843 05ff F0000000 		.4byte	0xf0
 844 0603 20       		.byte	0x20
 845 0604 02       		.uleb128 0x2
 846 0605 67010000 		.4byte	.LASF106
 847 0609 69       		.byte	0x69
 848 060a F0000000 		.4byte	0xf0
 849 060e 24       		.byte	0x24
 850 060f 02       		.uleb128 0x2
 851 0610 4B020000 		.4byte	.LASF107
 852 0614 6A       		.byte	0x6a
 853 0615 F0000000 		.4byte	0xf0
 854 0619 28       		.byte	0x28
 855 061a 02       		.uleb128 0x2
ARM GAS  C:\Users\DEVELO~1\AppData\Local\Temp\ccfLV2Q1.s 			page 16


 856 061b 9D080000 		.4byte	.LASF108
 857 061f 6C       		.byte	0x6c
 858 0620 F0000000 		.4byte	0xf0
 859 0624 2C       		.byte	0x2c
 860 0625 02       		.uleb128 0x2
 861 0626 7D050000 		.4byte	.LASF109
 862 062a 6E       		.byte	0x6e
 863 062b F0000000 		.4byte	0xf0
 864 062f 30       		.byte	0x30
 865 0630 02       		.uleb128 0x2
 866 0631 A0050000 		.4byte	.LASF110
 867 0635 6F       		.byte	0x6f
 868 0636 F0000000 		.4byte	0xf0
 869 063a 34       		.byte	0x34
 870 063b 02       		.uleb128 0x2
 871 063c 4D080000 		.4byte	.LASF111
 872 0640 70       		.byte	0x70
 873 0641 F0000000 		.4byte	0xf0
 874 0645 38       		.byte	0x38
 875 0646 1C       		.uleb128 0x1c
 876 0647 43494400 		.ascii	"CID\000"
 877 064b 09       		.byte	0x9
 878 064c 71       		.byte	0x71
 879 064d 15       		.byte	0x15
 880 064e F0000000 		.4byte	0xf0
 881 0652 3C       		.byte	0x3c
 882 0653 02       		.uleb128 0x2
 883 0654 E3070000 		.4byte	.LASF112
 884 0658 72       		.byte	0x72
 885 0659 4F080000 		.4byte	0x84f
 886 065d 40       		.byte	0x40
 887 065e 03       		.uleb128 0x3
 888 065f BE040000 		.4byte	.LASF113
 889 0663 73       		.byte	0x73
 890 0664 F0000000 		.4byte	0xf0
 891 0668 0001     		.2byte	0x100
 892 066a 03       		.uleb128 0x3
 893 066b 6B080000 		.4byte	.LASF114
 894 066f 75       		.byte	0x75
 895 0670 58010000 		.4byte	0x158
 896 0674 0401     		.2byte	0x104
 897 0676 03       		.uleb128 0x3
 898 0677 B7060000 		.4byte	.LASF115
 899 067b 77       		.byte	0x77
 900 067c 64080000 		.4byte	0x864
 901 0680 4001     		.2byte	0x140
 902 0682 03       		.uleb128 0x3
 903 0683 F9060000 		.4byte	.LASF116
 904 0687 78       		.byte	0x78
 905 0688 F0000000 		.4byte	0xf0
 906 068c 0004     		.2byte	0x400
 907 068e 03       		.uleb128 0x3
 908 068f 38020000 		.4byte	.LASF117
 909 0693 79       		.byte	0x79
 910 0694 F0000000 		.4byte	0xf0
 911 0698 0404     		.2byte	0x404
 912 069a 03       		.uleb128 0x3
ARM GAS  C:\Users\DEVELO~1\AppData\Local\Temp\ccfLV2Q1.s 			page 17


 913 069b 8F020000 		.4byte	.LASF118
 914 069f 7A       		.byte	0x7a
 915 06a0 F0000000 		.4byte	0xf0
 916 06a4 0804     		.2byte	0x408
 917 06a6 03       		.uleb128 0x3
 918 06a7 89060000 		.4byte	.LASF119
 919 06ab 7C       		.byte	0x7c
 920 06ac F0000000 		.4byte	0xf0
 921 06b0 0C04     		.2byte	0x40c
 922 06b2 03       		.uleb128 0x3
 923 06b3 78060000 		.4byte	.LASF120
 924 06b7 7D       		.byte	0x7d
 925 06b8 F0000000 		.4byte	0xf0
 926 06bc 1004     		.2byte	0x410
 927 06be 03       		.uleb128 0x3
 928 06bf D8060000 		.4byte	.LASF121
 929 06c3 7F       		.byte	0x7f
 930 06c4 F0000000 		.4byte	0xf0
 931 06c8 1404     		.2byte	0x414
 932 06ca 03       		.uleb128 0x3
 933 06cb BC010000 		.4byte	.LASF122
 934 06cf 81       		.byte	0x81
 935 06d0 F0000000 		.4byte	0xf0
 936 06d4 1804     		.2byte	0x418
 937 06d6 03       		.uleb128 0x3
 938 06d7 88070000 		.4byte	.LASF123
 939 06db 83       		.byte	0x83
 940 06dc 79080000 		.4byte	0x879
 941 06e0 1C04     		.2byte	0x41c
 942 06e2 03       		.uleb128 0x3
 943 06e3 66000000 		.4byte	.LASF124
 944 06e7 84       		.byte	0x84
 945 06e8 F0000000 		.4byte	0xf0
 946 06ec 4004     		.2byte	0x440
 947 06ee 03       		.uleb128 0x3
 948 06ef 7D020000 		.4byte	.LASF125
 949 06f3 86       		.byte	0x86
 950 06f4 8E080000 		.4byte	0x88e
 951 06f8 4404     		.2byte	0x444
 952 06fa 12       		.uleb128 0x12
 953 06fb 686300   		.ascii	"hc\000"
 954 06fe 87       		.byte	0x87
 955 06ff 18       		.byte	0x18
 956 0700 93080000 		.4byte	0x893
 957 0704 0005     		.2byte	0x500
 958 0706 03       		.uleb128 0x3
 959 0707 B3010000 		.4byte	.LASF126
 960 070b 88       		.byte	0x88
 961 070c B3080000 		.4byte	0x8b3
 962 0710 0007     		.2byte	0x700
 963 0712 03       		.uleb128 0x3
 964 0713 86010000 		.4byte	.LASF127
 965 0717 89       		.byte	0x89
 966 0718 F0000000 		.4byte	0xf0
 967 071c 0008     		.2byte	0x800
 968 071e 03       		.uleb128 0x3
 969 071f 5C010000 		.4byte	.LASF128
ARM GAS  C:\Users\DEVELO~1\AppData\Local\Temp\ccfLV2Q1.s 			page 18


 970 0723 8A       		.byte	0x8a
 971 0724 F0000000 		.4byte	0xf0
 972 0728 0408     		.2byte	0x804
 973 072a 03       		.uleb128 0x3
 974 072b 65020000 		.4byte	.LASF129
 975 072f 8B       		.byte	0x8b
 976 0730 F0000000 		.4byte	0xf0
 977 0734 0808     		.2byte	0x808
 978 0736 03       		.uleb128 0x3
 979 0737 A6080000 		.4byte	.LASF130
 980 073b 8C       		.byte	0x8c
 981 073c F0000000 		.4byte	0xf0
 982 0740 0C08     		.2byte	0x80c
 983 0742 03       		.uleb128 0x3
 984 0743 39050000 		.4byte	.LASF131
 985 0747 8D       		.byte	0x8d
 986 0748 F0000000 		.4byte	0xf0
 987 074c 1008     		.2byte	0x810
 988 074e 03       		.uleb128 0x3
 989 074f 17080000 		.4byte	.LASF132
 990 0753 8F       		.byte	0x8f
 991 0754 F0000000 		.4byte	0xf0
 992 0758 1408     		.2byte	0x814
 993 075a 03       		.uleb128 0x3
 994 075b C5020000 		.4byte	.LASF133
 995 075f 91       		.byte	0x91
 996 0760 F0000000 		.4byte	0xf0
 997 0764 1808     		.2byte	0x818
 998 0766 03       		.uleb128 0x3
 999 0767 7F000000 		.4byte	.LASF134
 1000 076b 93       		.byte	0x93
 1001 076c F0000000 		.4byte	0xf0
 1002 0770 1C08     		.2byte	0x81c
 1003 0772 03       		.uleb128 0x3
 1004 0773 86020000 		.4byte	.LASF135
 1005 0777 95       		.byte	0x95
 1006 0778 F0000000 		.4byte	0xf0
 1007 077c 2008     		.2byte	0x820
 1008 077e 03       		.uleb128 0x3
 1009 077f A2020000 		.4byte	.LASF136
 1010 0783 96       		.byte	0x96
 1011 0784 F0000000 		.4byte	0xf0
 1012 0788 2408     		.2byte	0x824
 1013 078a 03       		.uleb128 0x3
 1014 078b 77070000 		.4byte	.LASF137
 1015 078f 97       		.byte	0x97
 1016 0790 F0000000 		.4byte	0xf0
 1017 0794 2808     		.2byte	0x828
 1018 0796 03       		.uleb128 0x3
 1019 0797 61060000 		.4byte	.LASF138
 1020 079b 99       		.byte	0x99
 1021 079c F0000000 		.4byte	0xf0
 1022 07a0 2C08     		.2byte	0x82c
 1023 07a2 03       		.uleb128 0x3
 1024 07a3 4F030000 		.4byte	.LASF139
 1025 07a7 9B       		.byte	0x9b
 1026 07a8 F0000000 		.4byte	0xf0
ARM GAS  C:\Users\DEVELO~1\AppData\Local\Temp\ccfLV2Q1.s 			page 19


 1027 07ac 3008     		.2byte	0x830
 1028 07ae 03       		.uleb128 0x3
 1029 07af 6B000000 		.4byte	.LASF140
 1030 07b3 9C       		.byte	0x9c
 1031 07b4 F0000000 		.4byte	0xf0
 1032 07b8 3408     		.2byte	0x834
 1033 07ba 03       		.uleb128 0x3
 1034 07bb 83030000 		.4byte	.LASF141
 1035 07bf 9E       		.byte	0x9e
 1036 07c0 F0000000 		.4byte	0xf0
 1037 07c4 3808     		.2byte	0x838
 1038 07c6 03       		.uleb128 0x3
 1039 07c7 AF030000 		.4byte	.LASF142
 1040 07cb 9F       		.byte	0x9f
 1041 07cc F0000000 		.4byte	0xf0
 1042 07d0 3C08     		.2byte	0x83c
 1043 07d2 03       		.uleb128 0x3
 1044 07d3 AD040000 		.4byte	.LASF143
 1045 07d7 A0       		.byte	0xa0
 1046 07d8 43010000 		.4byte	0x143
 1047 07dc 4008     		.2byte	0x840
 1048 07de 03       		.uleb128 0x3
 1049 07df 06000000 		.4byte	.LASF144
 1050 07e3 A1       		.byte	0xa1
 1051 07e4 43010000 		.4byte	0x143
 1052 07e8 8008     		.2byte	0x880
 1053 07ea 03       		.uleb128 0x3
 1054 07eb 42070000 		.4byte	.LASF145
 1055 07ef A2       		.byte	0xa2
 1056 07f0 43010000 		.4byte	0x143
 1057 07f4 C008     		.2byte	0x8c0
 1058 07f6 12       		.uleb128 0x12
 1059 07f7 696500   		.ascii	"ie\000"
 1060 07fa A3       		.byte	0xa3
 1061 07fb 15       		.byte	0x15
 1062 07fc B8080000 		.4byte	0x8b8
 1063 0800 0009     		.2byte	0x900
 1064 0802 12       		.uleb128 0x12
 1065 0803 6F6500   		.ascii	"oe\000"
 1066 0806 A4       		.byte	0xa4
 1067 0807 16       		.byte	0x16
 1068 0808 C8080000 		.4byte	0x8c8
 1069 080c 000B     		.2byte	0xb00
 1070 080e 03       		.uleb128 0x3
 1071 080f 09070000 		.4byte	.LASF146
 1072 0813 A5       		.byte	0xa5
 1073 0814 B3080000 		.4byte	0x8b3
 1074 0818 000D     		.2byte	0xd00
 1075 081a 03       		.uleb128 0x3
 1076 081b 47030000 		.4byte	.LASF147
 1077 081f A6       		.byte	0xa6
 1078 0820 F0000000 		.4byte	0xf0
 1079 0824 000E     		.2byte	0xe00
 1080 0826 03       		.uleb128 0x3
 1081 0827 97050000 		.4byte	.LASF148
 1082 082b A8       		.byte	0xa8
 1083 082c E8080000 		.4byte	0x8e8
ARM GAS  C:\Users\DEVELO~1\AppData\Local\Temp\ccfLV2Q1.s 			page 20


 1084 0830 040E     		.2byte	0xe04
 1085 0832 03       		.uleb128 0x3
 1086 0833 F5030000 		.4byte	.LASF149
 1087 0837 A9       		.byte	0xa9
 1088 0838 04090000 		.4byte	0x904
 1089 083c 0010     		.2byte	0x1000
 1090 083e 00       		.byte	0
 1091 083f 08       		.uleb128 0x8
 1092 0840 F0000000 		.4byte	0xf0
 1093 0844 4F080000 		.4byte	0x84f
 1094 0848 09       		.uleb128 0x9
 1095 0849 39000000 		.4byte	0x39
 1096 084d 2F       		.byte	0x2f
 1097 084e 00       		.byte	0
 1098 084f 0C       		.uleb128 0xc
 1099 0850 3F080000 		.4byte	0x83f
 1100 0854 08       		.uleb128 0x8
 1101 0855 F0000000 		.4byte	0xf0
 1102 0859 64080000 		.4byte	0x864
 1103 085d 09       		.uleb128 0x9
 1104 085e 39000000 		.4byte	0x39
 1105 0862 AF       		.byte	0xaf
 1106 0863 00       		.byte	0
 1107 0864 0C       		.uleb128 0xc
 1108 0865 54080000 		.4byte	0x854
 1109 0869 08       		.uleb128 0x8
 1110 086a F0000000 		.4byte	0xf0
 1111 086e 79080000 		.4byte	0x879
 1112 0872 09       		.uleb128 0x9
 1113 0873 39000000 		.4byte	0x39
 1114 0877 08       		.byte	0x8
 1115 0878 00       		.byte	0
 1116 0879 0C       		.uleb128 0xc
 1117 087a 69080000 		.4byte	0x869
 1118 087e 08       		.uleb128 0x8
 1119 087f F0000000 		.4byte	0xf0
 1120 0883 8E080000 		.4byte	0x88e
 1121 0887 09       		.uleb128 0x9
 1122 0888 39000000 		.4byte	0x39
 1123 088c 2E       		.byte	0x2e
 1124 088d 00       		.byte	0
 1125 088e 0C       		.uleb128 0xc
 1126 088f 7E080000 		.4byte	0x87e
 1127 0893 08       		.uleb128 0x8
 1128 0894 B3040000 		.4byte	0x4b3
 1129 0898 A3080000 		.4byte	0x8a3
 1130 089c 09       		.uleb128 0x9
 1131 089d 39000000 		.4byte	0x39
 1132 08a1 0F       		.byte	0xf
 1133 08a2 00       		.byte	0
 1134 08a3 08       		.uleb128 0x8
 1135 08a4 F0000000 		.4byte	0xf0
 1136 08a8 B3080000 		.4byte	0x8b3
 1137 08ac 09       		.uleb128 0x9
 1138 08ad 39000000 		.4byte	0x39
 1139 08b1 3F       		.byte	0x3f
 1140 08b2 00       		.byte	0
ARM GAS  C:\Users\DEVELO~1\AppData\Local\Temp\ccfLV2Q1.s 			page 21


 1141 08b3 0C       		.uleb128 0xc
 1142 08b4 A3080000 		.4byte	0x8a3
 1143 08b8 08       		.uleb128 0x8
 1144 08b9 1E050000 		.4byte	0x51e
 1145 08bd C8080000 		.4byte	0x8c8
 1146 08c1 09       		.uleb128 0x9
 1147 08c2 39000000 		.4byte	0x39
 1148 08c6 0F       		.byte	0xf
 1149 08c7 00       		.byte	0
 1150 08c8 08       		.uleb128 0x8
 1151 08c9 89050000 		.4byte	0x589
 1152 08cd D8080000 		.4byte	0x8d8
 1153 08d1 09       		.uleb128 0x9
 1154 08d2 39000000 		.4byte	0x39
 1155 08d6 0F       		.byte	0xf
 1156 08d7 00       		.byte	0
 1157 08d8 08       		.uleb128 0x8
 1158 08d9 F0000000 		.4byte	0xf0
 1159 08dd E8080000 		.4byte	0x8e8
 1160 08e1 09       		.uleb128 0x9
 1161 08e2 39000000 		.4byte	0x39
 1162 08e6 7E       		.byte	0x7e
 1163 08e7 00       		.byte	0
 1164 08e8 0C       		.uleb128 0xc
 1165 08e9 D8080000 		.4byte	0x8d8
 1166 08ed 08       		.uleb128 0x8
 1167 08ee F0000000 		.4byte	0xf0
 1168 08f2 04090000 		.4byte	0x904
 1169 08f6 09       		.uleb128 0x9
 1170 08f7 39000000 		.4byte	0x39
 1171 08fb 0F       		.byte	0xf
 1172 08fc 1D       		.uleb128 0x1d
 1173 08fd 39000000 		.4byte	0x39
 1174 0901 FF03     		.2byte	0x3ff
 1175 0903 00       		.byte	0
 1176 0904 0C       		.uleb128 0xc
 1177 0905 ED080000 		.4byte	0x8ed
 1178 0909 05       		.uleb128 0x5
 1179 090a 0C020000 		.4byte	.LASF150
 1180 090e 09       		.byte	0x9
 1181 090f AA       		.byte	0xaa
 1182 0910 03       		.byte	0x3
 1183 0911 95050000 		.4byte	0x595
 1184 0915 0D       		.uleb128 0xd
 1185 0916 0C       		.byte	0xc
 1186 0917 08       		.byte	0x8
 1187 0918 0401     		.2byte	0x104
 1188 091a 49090000 		.4byte	0x949
 1189 091e 01       		.uleb128 0x1
 1190 091f 11060000 		.4byte	.LASF151
 1191 0923 08       		.byte	0x8
 1192 0924 0501     		.2byte	0x105
 1193 0926 21       		.byte	0x21
 1194 0927 E4000000 		.4byte	0xe4
 1195 092b 00       		.byte	0
 1196 092c 01       		.uleb128 0x1
 1197 092d ED010000 		.4byte	.LASF152
ARM GAS  C:\Users\DEVELO~1\AppData\Local\Temp\ccfLV2Q1.s 			page 22


 1198 0931 08       		.byte	0x8
 1199 0932 0601     		.2byte	0x106
 1200 0934 21       		.byte	0x21
 1201 0935 E4000000 		.4byte	0xe4
 1202 0939 04       		.byte	0x4
 1203 093a 01       		.uleb128 0x1
 1204 093b CE040000 		.4byte	.LASF153
 1205 093f 08       		.byte	0x8
 1206 0940 0701     		.2byte	0x107
 1207 0942 21       		.byte	0x21
 1208 0943 E4000000 		.4byte	0xe4
 1209 0947 08       		.byte	0x8
 1210 0948 00       		.byte	0
 1211 0949 06       		.uleb128 0x6
 1212 094a D2030000 		.4byte	.LASF154
 1213 094e 08       		.byte	0x8
 1214 094f 0801     		.2byte	0x108
 1215 0951 03       		.byte	0x3
 1216 0952 15090000 		.4byte	0x915
 1217 0956 0E       		.uleb128 0xe
 1218 0957 49090000 		.4byte	0x949
 1219 095b 0D       		.uleb128 0xd
 1220 095c 10       		.byte	0x10
 1221 095d 08       		.byte	0x8
 1222 095e 0D01     		.2byte	0x10d
 1223 0960 9D090000 		.4byte	0x99d
 1224 0964 01       		.uleb128 0x1
 1225 0965 C7040000 		.4byte	.LASF155
 1226 0969 08       		.byte	0x8
 1227 096a 1101     		.2byte	0x111
 1228 096c 21       		.byte	0x21
 1229 096d 2D000000 		.4byte	0x2d
 1230 0971 00       		.byte	0
 1231 0972 01       		.uleb128 0x1
 1232 0973 99070000 		.4byte	.LASF156
 1233 0977 08       		.byte	0x8
 1234 0978 1501     		.2byte	0x115
 1235 097a 21       		.byte	0x21
 1236 097b 2D000000 		.4byte	0x2d
 1237 097f 04       		.byte	0x4
 1238 0980 01       		.uleb128 0x1
 1239 0981 2A030000 		.4byte	.LASF157
 1240 0985 08       		.byte	0x8
 1241 0986 1901     		.2byte	0x119
 1242 0988 22       		.byte	0x22
 1243 0989 69010000 		.4byte	0x169
 1244 098d 08       		.byte	0x8
 1245 098e 01       		.uleb128 0x1
 1246 098f D9020000 		.4byte	.LASF158
 1247 0993 08       		.byte	0x8
 1248 0994 2401     		.2byte	0x124
 1249 0996 21       		.byte	0x21
 1250 0997 2D000000 		.4byte	0x2d
 1251 099b 0C       		.byte	0xc
 1252 099c 00       		.byte	0
 1253 099d 06       		.uleb128 0x6
 1254 099e EB070000 		.4byte	.LASF159
ARM GAS  C:\Users\DEVELO~1\AppData\Local\Temp\ccfLV2Q1.s 			page 23


 1255 09a2 08       		.byte	0x8
 1256 09a3 2501     		.2byte	0x125
 1257 09a5 03       		.byte	0x3
 1258 09a6 5B090000 		.4byte	0x95b
 1259 09aa 0D       		.uleb128 0xd
 1260 09ab 10       		.byte	0x10
 1261 09ac 08       		.byte	0x8
 1262 09ad 2A01     		.2byte	0x12a
 1263 09af EC090000 		.4byte	0x9ec
 1264 09b3 01       		.uleb128 0x1
 1265 09b4 10080000 		.4byte	.LASF160
 1266 09b8 08       		.byte	0x8
 1267 09b9 2E01     		.2byte	0x12e
 1268 09bb 21       		.byte	0x21
 1269 09bc 2D000000 		.4byte	0x2d
 1270 09c0 00       		.byte	0
 1271 09c1 01       		.uleb128 0x1
 1272 09c2 00000000 		.4byte	.LASF161
 1273 09c6 08       		.byte	0x8
 1274 09c7 3201     		.2byte	0x132
 1275 09c9 21       		.byte	0x21
 1276 09ca 2D000000 		.4byte	0x2d
 1277 09ce 04       		.byte	0x4
 1278 09cf 01       		.uleb128 0x1
 1279 09d0 61010000 		.4byte	.LASF162
 1280 09d4 08       		.byte	0x8
 1281 09d5 3601     		.2byte	0x136
 1282 09d7 22       		.byte	0x22
 1283 09d8 2C010000 		.4byte	0x12c
 1284 09dc 08       		.byte	0x8
 1285 09dd 01       		.uleb128 0x1
 1286 09de D9020000 		.4byte	.LASF158
 1287 09e2 08       		.byte	0x8
 1288 09e3 4101     		.2byte	0x141
 1289 09e5 21       		.byte	0x21
 1290 09e6 2D000000 		.4byte	0x2d
 1291 09ea 0C       		.byte	0xc
 1292 09eb 00       		.byte	0
 1293 09ec 06       		.uleb128 0x6
 1294 09ed 10050000 		.4byte	.LASF163
 1295 09f1 08       		.byte	0x8
 1296 09f2 4201     		.2byte	0x142
 1297 09f4 03       		.byte	0x3
 1298 09f5 AA090000 		.4byte	0x9aa
 1299 09f9 0D       		.uleb128 0xd
 1300 09fa 24       		.byte	0x24
 1301 09fb 08       		.byte	0x8
 1302 09fc 4801     		.2byte	0x148
 1303 09fe 8F0A0000 		.4byte	0xa8f
 1304 0a02 01       		.uleb128 0x1
 1305 0a03 80070000 		.4byte	.LASF164
 1306 0a07 08       		.byte	0x8
 1307 0a08 4C01     		.2byte	0x14c
 1308 0a0a 21       		.byte	0x21
 1309 0a0b E4000000 		.4byte	0xe4
 1310 0a0f 00       		.byte	0
 1311 0a10 01       		.uleb128 0x1
ARM GAS  C:\Users\DEVELO~1\AppData\Local\Temp\ccfLV2Q1.s 			page 24


 1312 0a11 65050000 		.4byte	.LASF165
 1313 0a15 08       		.byte	0x8
 1314 0a16 5701     		.2byte	0x157
 1315 0a18 21       		.byte	0x21
 1316 0a19 BA030000 		.4byte	0x3ba
 1317 0a1d 04       		.byte	0x4
 1318 0a1e 01       		.uleb128 0x1
 1319 0a1f 99030000 		.4byte	.LASF166
 1320 0a23 08       		.byte	0x8
 1321 0a24 5C01     		.2byte	0x15c
 1322 0a26 21       		.byte	0x21
 1323 0a27 BA030000 		.4byte	0x3ba
 1324 0a2b 08       		.byte	0x8
 1325 0a2c 01       		.uleb128 0x1
 1326 0a2d 58000000 		.4byte	.LASF167
 1327 0a31 08       		.byte	0x8
 1328 0a32 6101     		.2byte	0x161
 1329 0a34 21       		.byte	0x21
 1330 0a35 BA030000 		.4byte	0x3ba
 1331 0a39 0C       		.byte	0xc
 1332 0a3a 01       		.uleb128 0x1
 1333 0a3b AF050000 		.4byte	.LASF168
 1334 0a3f 08       		.byte	0x8
 1335 0a40 6601     		.2byte	0x166
 1336 0a42 21       		.byte	0x21
 1337 0a43 CC000000 		.4byte	0xcc
 1338 0a47 10       		.byte	0x10
 1339 0a48 01       		.uleb128 0x1
 1340 0a49 C0070000 		.4byte	.LASF169
 1341 0a4d 08       		.byte	0x8
 1342 0a4e 6B01     		.2byte	0x16b
 1343 0a50 21       		.byte	0x21
 1344 0a51 CC000000 		.4byte	0xcc
 1345 0a55 12       		.byte	0x12
 1346 0a56 01       		.uleb128 0x1
 1347 0a57 80060000 		.4byte	.LASF170
 1348 0a5b 08       		.byte	0x8
 1349 0a5c 7101     		.2byte	0x171
 1350 0a5e 22       		.byte	0x22
 1351 0a5f 8F0A0000 		.4byte	0xa8f
 1352 0a63 14       		.byte	0x14
 1353 0a64 01       		.uleb128 0x1
 1354 0a65 EC040000 		.4byte	.LASF171
 1355 0a69 08       		.byte	0x8
 1356 0a6a 7701     		.2byte	0x177
 1357 0a6c 22       		.byte	0x22
 1358 0a6d 940A0000 		.4byte	0xa94
 1359 0a71 18       		.byte	0x18
 1360 0a72 01       		.uleb128 0x1
 1361 0a73 8F080000 		.4byte	.LASF172
 1362 0a77 08       		.byte	0x8
 1363 0a78 7E01     		.2byte	0x17e
 1364 0a7a 21       		.byte	0x21
 1365 0a7b CC000000 		.4byte	0xcc
 1366 0a7f 1C       		.byte	0x1c
 1367 0a80 01       		.uleb128 0x1
 1368 0a81 F6040000 		.4byte	.LASF173
ARM GAS  C:\Users\DEVELO~1\AppData\Local\Temp\ccfLV2Q1.s 			page 25


 1369 0a85 08       		.byte	0x8
 1370 0a86 8401     		.2byte	0x184
 1371 0a88 22       		.byte	0x22
 1372 0a89 2C010000 		.4byte	0x12c
 1373 0a8d 20       		.byte	0x20
 1374 0a8e 00       		.byte	0
 1375 0a8f 07       		.uleb128 0x7
 1376 0a90 9D090000 		.4byte	0x99d
 1377 0a94 07       		.uleb128 0x7
 1378 0a95 EC090000 		.4byte	0x9ec
 1379 0a99 06       		.uleb128 0x6
 1380 0a9a 48050000 		.4byte	.LASF174
 1381 0a9e 08       		.byte	0x8
 1382 0a9f 8501     		.2byte	0x185
 1383 0aa1 03       		.byte	0x3
 1384 0aa2 F9090000 		.4byte	0x9f9
 1385 0aa6 0E       		.uleb128 0xe
 1386 0aa7 990A0000 		.4byte	0xa99
 1387 0aab 0D       		.uleb128 0xd
 1388 0aac 10       		.byte	0x10
 1389 0aad 08       		.byte	0x8
 1390 0aae 8A01     		.2byte	0x18a
 1391 0ab0 ED0A0000 		.4byte	0xaed
 1392 0ab4 01       		.uleb128 0x1
 1393 0ab5 B8030000 		.4byte	.LASF175
 1394 0ab9 08       		.byte	0x8
 1395 0aba 8F01     		.2byte	0x18f
 1396 0abc 21       		.byte	0x21
 1397 0abd DC030000 		.4byte	0x3dc
 1398 0ac1 00       		.byte	0
 1399 0ac2 01       		.uleb128 0x1
 1400 0ac3 30060000 		.4byte	.LASF176
 1401 0ac7 08       		.byte	0x8
 1402 0ac8 9401     		.2byte	0x194
 1403 0aca 21       		.byte	0x21
 1404 0acb 1F040000 		.4byte	0x41f
 1405 0acf 04       		.byte	0x4
 1406 0ad0 01       		.uleb128 0x1
 1407 0ad1 61040000 		.4byte	.LASF177
 1408 0ad5 08       		.byte	0x8
 1409 0ad6 9A01     		.2byte	0x19a
 1410 0ad8 21       		.byte	0x21
 1411 0ad9 FE030000 		.4byte	0x3fe
 1412 0add 08       		.byte	0x8
 1413 0ade 01       		.uleb128 0x1
 1414 0adf 41050000 		.4byte	.LASF178
 1415 0ae3 08       		.byte	0x8
 1416 0ae4 9E01     		.2byte	0x19e
 1417 0ae6 21       		.byte	0x21
 1418 0ae7 98030000 		.4byte	0x398
 1419 0aeb 0C       		.byte	0xc
 1420 0aec 00       		.byte	0
 1421 0aed 06       		.uleb128 0x6
 1422 0aee AD060000 		.4byte	.LASF179
 1423 0af2 08       		.byte	0x8
 1424 0af3 A001     		.2byte	0x1a0
 1425 0af5 03       		.byte	0x3
ARM GAS  C:\Users\DEVELO~1\AppData\Local\Temp\ccfLV2Q1.s 			page 26


 1426 0af6 AB0A0000 		.4byte	0xaab
 1427 0afa 0E       		.uleb128 0xe
 1428 0afb ED0A0000 		.4byte	0xaed
 1429 0aff 07       		.uleb128 0x7
 1430 0b00 FA0A0000 		.4byte	0xafa
 1431 0b04 08       		.uleb128 0x8
 1432 0b05 140B0000 		.4byte	0xb14
 1433 0b09 140B0000 		.4byte	0xb14
 1434 0b0d 09       		.uleb128 0x9
 1435 0b0e 39000000 		.4byte	0x39
 1436 0b12 08       		.byte	0x8
 1437 0b13 00       		.byte	0
 1438 0b14 07       		.uleb128 0x7
 1439 0b15 A60A0000 		.4byte	0xaa6
 1440 0b19 08       		.uleb128 0x8
 1441 0b1a 31010000 		.4byte	0x131
 1442 0b1e 290B0000 		.4byte	0xb29
 1443 0b22 09       		.uleb128 0x9
 1444 0b23 39000000 		.4byte	0x39
 1445 0b27 07       		.byte	0x7
 1446 0b28 00       		.byte	0
 1447 0b29 08       		.uleb128 0x8
 1448 0b2a BB000000 		.4byte	0xbb
 1449 0b2e 390B0000 		.4byte	0xb39
 1450 0b32 09       		.uleb128 0x9
 1451 0b33 39000000 		.4byte	0x39
 1452 0b37 07       		.byte	0x7
 1453 0b38 00       		.byte	0
 1454 0b39 07       		.uleb128 0x7
 1455 0b3a 09090000 		.4byte	0x909
 1456 0b3e 07       		.uleb128 0x7
 1457 0b3f 56090000 		.4byte	0x956
 1458 0b43 1E       		.uleb128 0x1e
 1459 0b44 71070000 		.4byte	.LASF180
 1460 0b48 08       		.byte	0x8
 1461 0b49 4102     		.2byte	0x241
 1462 0b4b 12       		.byte	0x12
 1463 0b4c 6E010000 		.4byte	0x16e
 1464 0b50 15       		.uleb128 0x15
 1465 0b51 42060000 		.4byte	.LASF181
 1466 0b55 43       		.byte	0x43
 1467 0b56 16       		.byte	0x16
 1468 0b57 64010000 		.4byte	0x164
 1469 0b5b 15       		.uleb128 0x15
 1470 0b5c D1060000 		.4byte	.LASF182
 1471 0b60 56       		.byte	0x56
 1472 0b61 18       		.byte	0x18
 1473 0b62 FA0A0000 		.4byte	0xafa
 1474 0b66 1F       		.uleb128 0x1f
 1475 0b67 09030000 		.4byte	.LASF186
 1476 0b6b 07       		.byte	0x7
 1477 0b6c 5F02     		.2byte	0x25f
 1478 0b6e 09       		.byte	0x9
 1479 0b6f 01010000 		.4byte	0x101
 1480 0b73 820B0000 		.4byte	0xb82
 1481 0b77 0A       		.uleb128 0xa
 1482 0b78 B5030000 		.4byte	0x3b5
ARM GAS  C:\Users\DEVELO~1\AppData\Local\Temp\ccfLV2Q1.s 			page 27


 1483 0b7c 0A       		.uleb128 0xa
 1484 0b7d FF0A0000 		.4byte	0xaff
 1485 0b81 00       		.byte	0
 1486 0b82 20       		.uleb128 0x20
 1487 0b83 0F000000 		.4byte	.LASF187
 1488 0b87 0B       		.byte	0xb
 1489 0b88 DC01     		.2byte	0x1dc
 1490 0b8a 08       		.byte	0x8
 1491 0b8b 950B0000 		.4byte	0xb95
 1492 0b8f 0A       		.uleb128 0xa
 1493 0b90 14010000 		.4byte	0x114
 1494 0b94 00       		.byte	0
 1495 0b95 21       		.uleb128 0x21
 1496 0b96 1E060000 		.4byte	.LASF188
 1497 0b9a 01       		.byte	0x1
 1498 0b9b 52       		.byte	0x52
 1499 0b9c 06       		.byte	0x6
 1500 0b9d 5D010000 		.4byte	0x15d
 1501 0ba1 00000000 		.4byte	.LFB449
 1502 0ba5 0C000000 		.4byte	.LFE449-.LFB449
 1503 0ba9 01       		.uleb128 0x1
 1504 0baa 9C       		.byte	0x9c
 1505 0bab 22       		.uleb128 0x22
 1506 0bac 1F080000 		.4byte	.LASF189
 1507 0bb0 01       		.byte	0x1
 1508 0bb1 30       		.byte	0x30
 1509 0bb2 06       		.byte	0x6
 1510 0bb3 00000000 		.4byte	.LFB448
 1511 0bb7 40000000 		.4byte	.LFE448-.LFB448
 1512 0bbb 01       		.uleb128 0x1
 1513 0bbc 9C       		.byte	0x9c
 1514 0bbd 23       		.uleb128 0x23
 1515 0bbe 1C000000 		.4byte	.LVL0
 1516 0bc2 820B0000 		.4byte	0xb82
 1517 0bc6 D20B0000 		.4byte	0xbd2
 1518 0bca 16       		.uleb128 0x16
 1519 0bcb 01       		.uleb128 0x1
 1520 0bcc 50       		.byte	0x50
 1521 0bcd 03       		.uleb128 0x3
 1522 0bce 0A       		.byte	0xa
 1523 0bcf 983A     		.2byte	0x3a98
 1524 0bd1 00       		.byte	0
 1525 0bd2 24       		.uleb128 0x24
 1526 0bd3 24000000 		.4byte	.LVL1
 1527 0bd7 660B0000 		.4byte	0xb66
 1528 0bdb 16       		.uleb128 0x16
 1529 0bdc 01       		.uleb128 0x1
 1530 0bdd 50       		.byte	0x50
 1531 0bde 02       		.uleb128 0x2
 1532 0bdf 74       		.byte	0x74
 1533 0be0 00       		.sleb128 0
 1534 0be1 00       		.byte	0
 1535 0be2 00       		.byte	0
 1536 0be3 00       		.byte	0
 1537              		.section	.debug_abbrev,"",%progbits
 1538              	.Ldebug_abbrev0:
 1539 0000 01       		.uleb128 0x1
ARM GAS  C:\Users\DEVELO~1\AppData\Local\Temp\ccfLV2Q1.s 			page 28


 1540 0001 0D       		.uleb128 0xd
 1541 0002 00       		.byte	0
 1542 0003 03       		.uleb128 0x3
 1543 0004 0E       		.uleb128 0xe
 1544 0005 3A       		.uleb128 0x3a
 1545 0006 0B       		.uleb128 0xb
 1546 0007 3B       		.uleb128 0x3b
 1547 0008 05       		.uleb128 0x5
 1548 0009 39       		.uleb128 0x39
 1549 000a 0B       		.uleb128 0xb
 1550 000b 49       		.uleb128 0x49
 1551 000c 13       		.uleb128 0x13
 1552 000d 38       		.uleb128 0x38
 1553 000e 0B       		.uleb128 0xb
 1554 000f 00       		.byte	0
 1555 0010 00       		.byte	0
 1556 0011 02       		.uleb128 0x2
 1557 0012 0D       		.uleb128 0xd
 1558 0013 00       		.byte	0
 1559 0014 03       		.uleb128 0x3
 1560 0015 0E       		.uleb128 0xe
 1561 0016 3A       		.uleb128 0x3a
 1562 0017 21       		.uleb128 0x21
 1563 0018 09       		.sleb128 9
 1564 0019 3B       		.uleb128 0x3b
 1565 001a 0B       		.uleb128 0xb
 1566 001b 39       		.uleb128 0x39
 1567 001c 21       		.uleb128 0x21
 1568 001d 15       		.sleb128 21
 1569 001e 49       		.uleb128 0x49
 1570 001f 13       		.uleb128 0x13
 1571 0020 38       		.uleb128 0x38
 1572 0021 0B       		.uleb128 0xb
 1573 0022 00       		.byte	0
 1574 0023 00       		.byte	0
 1575 0024 03       		.uleb128 0x3
 1576 0025 0D       		.uleb128 0xd
 1577 0026 00       		.byte	0
 1578 0027 03       		.uleb128 0x3
 1579 0028 0E       		.uleb128 0xe
 1580 0029 3A       		.uleb128 0x3a
 1581 002a 21       		.uleb128 0x21
 1582 002b 09       		.sleb128 9
 1583 002c 3B       		.uleb128 0x3b
 1584 002d 0B       		.uleb128 0xb
 1585 002e 39       		.uleb128 0x39
 1586 002f 21       		.uleb128 0x21
 1587 0030 15       		.sleb128 21
 1588 0031 49       		.uleb128 0x49
 1589 0032 13       		.uleb128 0x13
 1590 0033 38       		.uleb128 0x38
 1591 0034 05       		.uleb128 0x5
 1592 0035 00       		.byte	0
 1593 0036 00       		.byte	0
 1594 0037 04       		.uleb128 0x4
 1595 0038 28       		.uleb128 0x28
 1596 0039 00       		.byte	0
ARM GAS  C:\Users\DEVELO~1\AppData\Local\Temp\ccfLV2Q1.s 			page 29


 1597 003a 03       		.uleb128 0x3
 1598 003b 0E       		.uleb128 0xe
 1599 003c 1C       		.uleb128 0x1c
 1600 003d 0B       		.uleb128 0xb
 1601 003e 00       		.byte	0
 1602 003f 00       		.byte	0
 1603 0040 05       		.uleb128 0x5
 1604 0041 16       		.uleb128 0x16
 1605 0042 00       		.byte	0
 1606 0043 03       		.uleb128 0x3
 1607 0044 0E       		.uleb128 0xe
 1608 0045 3A       		.uleb128 0x3a
 1609 0046 0B       		.uleb128 0xb
 1610 0047 3B       		.uleb128 0x3b
 1611 0048 0B       		.uleb128 0xb
 1612 0049 39       		.uleb128 0x39
 1613 004a 0B       		.uleb128 0xb
 1614 004b 49       		.uleb128 0x49
 1615 004c 13       		.uleb128 0x13
 1616 004d 00       		.byte	0
 1617 004e 00       		.byte	0
 1618 004f 06       		.uleb128 0x6
 1619 0050 16       		.uleb128 0x16
 1620 0051 00       		.byte	0
 1621 0052 03       		.uleb128 0x3
 1622 0053 0E       		.uleb128 0xe
 1623 0054 3A       		.uleb128 0x3a
 1624 0055 0B       		.uleb128 0xb
 1625 0056 3B       		.uleb128 0x3b
 1626 0057 05       		.uleb128 0x5
 1627 0058 39       		.uleb128 0x39
 1628 0059 0B       		.uleb128 0xb
 1629 005a 49       		.uleb128 0x49
 1630 005b 13       		.uleb128 0x13
 1631 005c 00       		.byte	0
 1632 005d 00       		.byte	0
 1633 005e 07       		.uleb128 0x7
 1634 005f 0F       		.uleb128 0xf
 1635 0060 00       		.byte	0
 1636 0061 0B       		.uleb128 0xb
 1637 0062 21       		.uleb128 0x21
 1638 0063 04       		.sleb128 4
 1639 0064 49       		.uleb128 0x49
 1640 0065 13       		.uleb128 0x13
 1641 0066 00       		.byte	0
 1642 0067 00       		.byte	0
 1643 0068 08       		.uleb128 0x8
 1644 0069 01       		.uleb128 0x1
 1645 006a 01       		.byte	0x1
 1646 006b 49       		.uleb128 0x49
 1647 006c 13       		.uleb128 0x13
 1648 006d 01       		.uleb128 0x1
 1649 006e 13       		.uleb128 0x13
 1650 006f 00       		.byte	0
 1651 0070 00       		.byte	0
 1652 0071 09       		.uleb128 0x9
 1653 0072 21       		.uleb128 0x21
ARM GAS  C:\Users\DEVELO~1\AppData\Local\Temp\ccfLV2Q1.s 			page 30


 1654 0073 00       		.byte	0
 1655 0074 49       		.uleb128 0x49
 1656 0075 13       		.uleb128 0x13
 1657 0076 2F       		.uleb128 0x2f
 1658 0077 0B       		.uleb128 0xb
 1659 0078 00       		.byte	0
 1660 0079 00       		.byte	0
 1661 007a 0A       		.uleb128 0xa
 1662 007b 05       		.uleb128 0x5
 1663 007c 00       		.byte	0
 1664 007d 49       		.uleb128 0x49
 1665 007e 13       		.uleb128 0x13
 1666 007f 00       		.byte	0
 1667 0080 00       		.byte	0
 1668 0081 0B       		.uleb128 0xb
 1669 0082 24       		.uleb128 0x24
 1670 0083 00       		.byte	0
 1671 0084 0B       		.uleb128 0xb
 1672 0085 0B       		.uleb128 0xb
 1673 0086 3E       		.uleb128 0x3e
 1674 0087 0B       		.uleb128 0xb
 1675 0088 03       		.uleb128 0x3
 1676 0089 0E       		.uleb128 0xe
 1677 008a 00       		.byte	0
 1678 008b 00       		.byte	0
 1679 008c 0C       		.uleb128 0xc
 1680 008d 35       		.uleb128 0x35
 1681 008e 00       		.byte	0
 1682 008f 49       		.uleb128 0x49
 1683 0090 13       		.uleb128 0x13
 1684 0091 00       		.byte	0
 1685 0092 00       		.byte	0
 1686 0093 0D       		.uleb128 0xd
 1687 0094 13       		.uleb128 0x13
 1688 0095 01       		.byte	0x1
 1689 0096 0B       		.uleb128 0xb
 1690 0097 0B       		.uleb128 0xb
 1691 0098 3A       		.uleb128 0x3a
 1692 0099 0B       		.uleb128 0xb
 1693 009a 3B       		.uleb128 0x3b
 1694 009b 05       		.uleb128 0x5
 1695 009c 39       		.uleb128 0x39
 1696 009d 21       		.uleb128 0x21
 1697 009e 09       		.sleb128 9
 1698 009f 01       		.uleb128 0x1
 1699 00a0 13       		.uleb128 0x13
 1700 00a1 00       		.byte	0
 1701 00a2 00       		.byte	0
 1702 00a3 0E       		.uleb128 0xe
 1703 00a4 26       		.uleb128 0x26
 1704 00a5 00       		.byte	0
 1705 00a6 49       		.uleb128 0x49
 1706 00a7 13       		.uleb128 0x13
 1707 00a8 00       		.byte	0
 1708 00a9 00       		.byte	0
 1709 00aa 0F       		.uleb128 0xf
 1710 00ab 04       		.uleb128 0x4
ARM GAS  C:\Users\DEVELO~1\AppData\Local\Temp\ccfLV2Q1.s 			page 31


 1711 00ac 01       		.byte	0x1
 1712 00ad 3E       		.uleb128 0x3e
 1713 00ae 21       		.uleb128 0x21
 1714 00af 07       		.sleb128 7
 1715 00b0 0B       		.uleb128 0xb
 1716 00b1 21       		.uleb128 0x21
 1717 00b2 01       		.sleb128 1
 1718 00b3 49       		.uleb128 0x49
 1719 00b4 13       		.uleb128 0x13
 1720 00b5 3A       		.uleb128 0x3a
 1721 00b6 21       		.uleb128 0x21
 1722 00b7 07       		.sleb128 7
 1723 00b8 3B       		.uleb128 0x3b
 1724 00b9 05       		.uleb128 0x5
 1725 00ba 39       		.uleb128 0x39
 1726 00bb 21       		.uleb128 0x21
 1727 00bc 0E       		.sleb128 14
 1728 00bd 01       		.uleb128 0x1
 1729 00be 13       		.uleb128 0x13
 1730 00bf 00       		.byte	0
 1731 00c0 00       		.byte	0
 1732 00c1 10       		.uleb128 0x10
 1733 00c2 15       		.uleb128 0x15
 1734 00c3 01       		.byte	0x1
 1735 00c4 27       		.uleb128 0x27
 1736 00c5 19       		.uleb128 0x19
 1737 00c6 01       		.uleb128 0x1
 1738 00c7 13       		.uleb128 0x13
 1739 00c8 00       		.byte	0
 1740 00c9 00       		.byte	0
 1741 00ca 11       		.uleb128 0x11
 1742 00cb 13       		.uleb128 0x13
 1743 00cc 01       		.byte	0x1
 1744 00cd 0B       		.uleb128 0xb
 1745 00ce 21       		.uleb128 0x21
 1746 00cf 20       		.sleb128 32
 1747 00d0 3A       		.uleb128 0x3a
 1748 00d1 21       		.uleb128 0x21
 1749 00d2 09       		.sleb128 9
 1750 00d3 3B       		.uleb128 0x3b
 1751 00d4 0B       		.uleb128 0xb
 1752 00d5 39       		.uleb128 0x39
 1753 00d6 21       		.uleb128 0x21
 1754 00d7 09       		.sleb128 9
 1755 00d8 01       		.uleb128 0x1
 1756 00d9 13       		.uleb128 0x13
 1757 00da 00       		.byte	0
 1758 00db 00       		.byte	0
 1759 00dc 12       		.uleb128 0x12
 1760 00dd 0D       		.uleb128 0xd
 1761 00de 00       		.byte	0
 1762 00df 03       		.uleb128 0x3
 1763 00e0 08       		.uleb128 0x8
 1764 00e1 3A       		.uleb128 0x3a
 1765 00e2 21       		.uleb128 0x21
 1766 00e3 09       		.sleb128 9
 1767 00e4 3B       		.uleb128 0x3b
ARM GAS  C:\Users\DEVELO~1\AppData\Local\Temp\ccfLV2Q1.s 			page 32


 1768 00e5 0B       		.uleb128 0xb
 1769 00e6 39       		.uleb128 0x39
 1770 00e7 0B       		.uleb128 0xb
 1771 00e8 49       		.uleb128 0x49
 1772 00e9 13       		.uleb128 0x13
 1773 00ea 38       		.uleb128 0x38
 1774 00eb 05       		.uleb128 0x5
 1775 00ec 00       		.byte	0
 1776 00ed 00       		.byte	0
 1777 00ee 13       		.uleb128 0x13
 1778 00ef 0D       		.uleb128 0xd
 1779 00f0 00       		.byte	0
 1780 00f1 03       		.uleb128 0x3
 1781 00f2 08       		.uleb128 0x8
 1782 00f3 3A       		.uleb128 0x3a
 1783 00f4 21       		.uleb128 0x21
 1784 00f5 08       		.sleb128 8
 1785 00f6 3B       		.uleb128 0x3b
 1786 00f7 05       		.uleb128 0x5
 1787 00f8 39       		.uleb128 0x39
 1788 00f9 21       		.uleb128 0x21
 1789 00fa 22       		.sleb128 34
 1790 00fb 49       		.uleb128 0x49
 1791 00fc 13       		.uleb128 0x13
 1792 00fd 38       		.uleb128 0x38
 1793 00fe 0B       		.uleb128 0xb
 1794 00ff 00       		.byte	0
 1795 0100 00       		.byte	0
 1796 0101 14       		.uleb128 0x14
 1797 0102 15       		.uleb128 0x15
 1798 0103 01       		.byte	0x1
 1799 0104 27       		.uleb128 0x27
 1800 0105 19       		.uleb128 0x19
 1801 0106 49       		.uleb128 0x49
 1802 0107 13       		.uleb128 0x13
 1803 0108 01       		.uleb128 0x1
 1804 0109 13       		.uleb128 0x13
 1805 010a 00       		.byte	0
 1806 010b 00       		.byte	0
 1807 010c 15       		.uleb128 0x15
 1808 010d 34       		.uleb128 0x34
 1809 010e 00       		.byte	0
 1810 010f 03       		.uleb128 0x3
 1811 0110 0E       		.uleb128 0xe
 1812 0111 3A       		.uleb128 0x3a
 1813 0112 21       		.uleb128 0x21
 1814 0113 0A       		.sleb128 10
 1815 0114 3B       		.uleb128 0x3b
 1816 0115 0B       		.uleb128 0xb
 1817 0116 39       		.uleb128 0x39
 1818 0117 0B       		.uleb128 0xb
 1819 0118 49       		.uleb128 0x49
 1820 0119 13       		.uleb128 0x13
 1821 011a 3F       		.uleb128 0x3f
 1822 011b 19       		.uleb128 0x19
 1823 011c 3C       		.uleb128 0x3c
 1824 011d 19       		.uleb128 0x19
ARM GAS  C:\Users\DEVELO~1\AppData\Local\Temp\ccfLV2Q1.s 			page 33


 1825 011e 00       		.byte	0
 1826 011f 00       		.byte	0
 1827 0120 16       		.uleb128 0x16
 1828 0121 49       		.uleb128 0x49
 1829 0122 00       		.byte	0
 1830 0123 02       		.uleb128 0x2
 1831 0124 18       		.uleb128 0x18
 1832 0125 7E       		.uleb128 0x7e
 1833 0126 18       		.uleb128 0x18
 1834 0127 00       		.byte	0
 1835 0128 00       		.byte	0
 1836 0129 17       		.uleb128 0x17
 1837 012a 11       		.uleb128 0x11
 1838 012b 01       		.byte	0x1
 1839 012c 25       		.uleb128 0x25
 1840 012d 0E       		.uleb128 0xe
 1841 012e 13       		.uleb128 0x13
 1842 012f 0B       		.uleb128 0xb
 1843 0130 03       		.uleb128 0x3
 1844 0131 0E       		.uleb128 0xe
 1845 0132 1B       		.uleb128 0x1b
 1846 0133 0E       		.uleb128 0xe
 1847 0134 55       		.uleb128 0x55
 1848 0135 17       		.uleb128 0x17
 1849 0136 11       		.uleb128 0x11
 1850 0137 01       		.uleb128 0x1
 1851 0138 10       		.uleb128 0x10
 1852 0139 17       		.uleb128 0x17
 1853 013a 00       		.byte	0
 1854 013b 00       		.byte	0
 1855 013c 18       		.uleb128 0x18
 1856 013d 24       		.uleb128 0x24
 1857 013e 00       		.byte	0
 1858 013f 0B       		.uleb128 0xb
 1859 0140 0B       		.uleb128 0xb
 1860 0141 3E       		.uleb128 0x3e
 1861 0142 0B       		.uleb128 0xb
 1862 0143 03       		.uleb128 0x3
 1863 0144 08       		.uleb128 0x8
 1864 0145 00       		.byte	0
 1865 0146 00       		.byte	0
 1866 0147 19       		.uleb128 0x19
 1867 0148 0F       		.uleb128 0xf
 1868 0149 00       		.byte	0
 1869 014a 0B       		.uleb128 0xb
 1870 014b 0B       		.uleb128 0xb
 1871 014c 00       		.byte	0
 1872 014d 00       		.byte	0
 1873 014e 1A       		.uleb128 0x1a
 1874 014f 13       		.uleb128 0x13
 1875 0150 01       		.byte	0x1
 1876 0151 03       		.uleb128 0x3
 1877 0152 0E       		.uleb128 0xe
 1878 0153 0B       		.uleb128 0xb
 1879 0154 0B       		.uleb128 0xb
 1880 0155 3A       		.uleb128 0x3a
 1881 0156 0B       		.uleb128 0xb
ARM GAS  C:\Users\DEVELO~1\AppData\Local\Temp\ccfLV2Q1.s 			page 34


 1882 0157 3B       		.uleb128 0x3b
 1883 0158 05       		.uleb128 0x5
 1884 0159 39       		.uleb128 0x39
 1885 015a 0B       		.uleb128 0xb
 1886 015b 01       		.uleb128 0x1
 1887 015c 13       		.uleb128 0x13
 1888 015d 00       		.byte	0
 1889 015e 00       		.byte	0
 1890 015f 1B       		.uleb128 0x1b
 1891 0160 13       		.uleb128 0x13
 1892 0161 01       		.byte	0x1
 1893 0162 0B       		.uleb128 0xb
 1894 0163 06       		.uleb128 0x6
 1895 0164 3A       		.uleb128 0x3a
 1896 0165 0B       		.uleb128 0xb
 1897 0166 3B       		.uleb128 0x3b
 1898 0167 0B       		.uleb128 0xb
 1899 0168 39       		.uleb128 0x39
 1900 0169 0B       		.uleb128 0xb
 1901 016a 01       		.uleb128 0x1
 1902 016b 13       		.uleb128 0x13
 1903 016c 00       		.byte	0
 1904 016d 00       		.byte	0
 1905 016e 1C       		.uleb128 0x1c
 1906 016f 0D       		.uleb128 0xd
 1907 0170 00       		.byte	0
 1908 0171 03       		.uleb128 0x3
 1909 0172 08       		.uleb128 0x8
 1910 0173 3A       		.uleb128 0x3a
 1911 0174 0B       		.uleb128 0xb
 1912 0175 3B       		.uleb128 0x3b
 1913 0176 0B       		.uleb128 0xb
 1914 0177 39       		.uleb128 0x39
 1915 0178 0B       		.uleb128 0xb
 1916 0179 49       		.uleb128 0x49
 1917 017a 13       		.uleb128 0x13
 1918 017b 38       		.uleb128 0x38
 1919 017c 0B       		.uleb128 0xb
 1920 017d 00       		.byte	0
 1921 017e 00       		.byte	0
 1922 017f 1D       		.uleb128 0x1d
 1923 0180 21       		.uleb128 0x21
 1924 0181 00       		.byte	0
 1925 0182 49       		.uleb128 0x49
 1926 0183 13       		.uleb128 0x13
 1927 0184 2F       		.uleb128 0x2f
 1928 0185 05       		.uleb128 0x5
 1929 0186 00       		.byte	0
 1930 0187 00       		.byte	0
 1931 0188 1E       		.uleb128 0x1e
 1932 0189 34       		.uleb128 0x34
 1933 018a 00       		.byte	0
 1934 018b 03       		.uleb128 0x3
 1935 018c 0E       		.uleb128 0xe
 1936 018d 3A       		.uleb128 0x3a
 1937 018e 0B       		.uleb128 0xb
 1938 018f 3B       		.uleb128 0x3b
ARM GAS  C:\Users\DEVELO~1\AppData\Local\Temp\ccfLV2Q1.s 			page 35


 1939 0190 05       		.uleb128 0x5
 1940 0191 39       		.uleb128 0x39
 1941 0192 0B       		.uleb128 0xb
 1942 0193 49       		.uleb128 0x49
 1943 0194 13       		.uleb128 0x13
 1944 0195 3F       		.uleb128 0x3f
 1945 0196 19       		.uleb128 0x19
 1946 0197 3C       		.uleb128 0x3c
 1947 0198 19       		.uleb128 0x19
 1948 0199 00       		.byte	0
 1949 019a 00       		.byte	0
 1950 019b 1F       		.uleb128 0x1f
 1951 019c 2E       		.uleb128 0x2e
 1952 019d 01       		.byte	0x1
 1953 019e 3F       		.uleb128 0x3f
 1954 019f 19       		.uleb128 0x19
 1955 01a0 03       		.uleb128 0x3
 1956 01a1 0E       		.uleb128 0xe
 1957 01a2 3A       		.uleb128 0x3a
 1958 01a3 0B       		.uleb128 0xb
 1959 01a4 3B       		.uleb128 0x3b
 1960 01a5 05       		.uleb128 0x5
 1961 01a6 39       		.uleb128 0x39
 1962 01a7 0B       		.uleb128 0xb
 1963 01a8 27       		.uleb128 0x27
 1964 01a9 19       		.uleb128 0x19
 1965 01aa 49       		.uleb128 0x49
 1966 01ab 13       		.uleb128 0x13
 1967 01ac 3C       		.uleb128 0x3c
 1968 01ad 19       		.uleb128 0x19
 1969 01ae 01       		.uleb128 0x1
 1970 01af 13       		.uleb128 0x13
 1971 01b0 00       		.byte	0
 1972 01b1 00       		.byte	0
 1973 01b2 20       		.uleb128 0x20
 1974 01b3 2E       		.uleb128 0x2e
 1975 01b4 01       		.byte	0x1
 1976 01b5 3F       		.uleb128 0x3f
 1977 01b6 19       		.uleb128 0x19
 1978 01b7 03       		.uleb128 0x3
 1979 01b8 0E       		.uleb128 0xe
 1980 01b9 3A       		.uleb128 0x3a
 1981 01ba 0B       		.uleb128 0xb
 1982 01bb 3B       		.uleb128 0x3b
 1983 01bc 05       		.uleb128 0x5
 1984 01bd 39       		.uleb128 0x39
 1985 01be 0B       		.uleb128 0xb
 1986 01bf 27       		.uleb128 0x27
 1987 01c0 19       		.uleb128 0x19
 1988 01c1 3C       		.uleb128 0x3c
 1989 01c2 19       		.uleb128 0x19
 1990 01c3 01       		.uleb128 0x1
 1991 01c4 13       		.uleb128 0x13
 1992 01c5 00       		.byte	0
 1993 01c6 00       		.byte	0
 1994 01c7 21       		.uleb128 0x21
 1995 01c8 2E       		.uleb128 0x2e
ARM GAS  C:\Users\DEVELO~1\AppData\Local\Temp\ccfLV2Q1.s 			page 36


 1996 01c9 00       		.byte	0
 1997 01ca 3F       		.uleb128 0x3f
 1998 01cb 19       		.uleb128 0x19
 1999 01cc 03       		.uleb128 0x3
 2000 01cd 0E       		.uleb128 0xe
 2001 01ce 3A       		.uleb128 0x3a
 2002 01cf 0B       		.uleb128 0xb
 2003 01d0 3B       		.uleb128 0x3b
 2004 01d1 0B       		.uleb128 0xb
 2005 01d2 39       		.uleb128 0x39
 2006 01d3 0B       		.uleb128 0xb
 2007 01d4 27       		.uleb128 0x27
 2008 01d5 19       		.uleb128 0x19
 2009 01d6 49       		.uleb128 0x49
 2010 01d7 13       		.uleb128 0x13
 2011 01d8 11       		.uleb128 0x11
 2012 01d9 01       		.uleb128 0x1
 2013 01da 12       		.uleb128 0x12
 2014 01db 06       		.uleb128 0x6
 2015 01dc 40       		.uleb128 0x40
 2016 01dd 18       		.uleb128 0x18
 2017 01de 7A       		.uleb128 0x7a
 2018 01df 19       		.uleb128 0x19
 2019 01e0 00       		.byte	0
 2020 01e1 00       		.byte	0
 2021 01e2 22       		.uleb128 0x22
 2022 01e3 2E       		.uleb128 0x2e
 2023 01e4 01       		.byte	0x1
 2024 01e5 3F       		.uleb128 0x3f
 2025 01e6 19       		.uleb128 0x19
 2026 01e7 03       		.uleb128 0x3
 2027 01e8 0E       		.uleb128 0xe
 2028 01e9 3A       		.uleb128 0x3a
 2029 01ea 0B       		.uleb128 0xb
 2030 01eb 3B       		.uleb128 0x3b
 2031 01ec 0B       		.uleb128 0xb
 2032 01ed 39       		.uleb128 0x39
 2033 01ee 0B       		.uleb128 0xb
 2034 01ef 27       		.uleb128 0x27
 2035 01f0 19       		.uleb128 0x19
 2036 01f1 11       		.uleb128 0x11
 2037 01f2 01       		.uleb128 0x1
 2038 01f3 12       		.uleb128 0x12
 2039 01f4 06       		.uleb128 0x6
 2040 01f5 40       		.uleb128 0x40
 2041 01f6 18       		.uleb128 0x18
 2042 01f7 7A       		.uleb128 0x7a
 2043 01f8 19       		.uleb128 0x19
 2044 01f9 00       		.byte	0
 2045 01fa 00       		.byte	0
 2046 01fb 23       		.uleb128 0x23
 2047 01fc 48       		.uleb128 0x48
 2048 01fd 01       		.byte	0x1
 2049 01fe 7D       		.uleb128 0x7d
 2050 01ff 01       		.uleb128 0x1
 2051 0200 7F       		.uleb128 0x7f
 2052 0201 13       		.uleb128 0x13
ARM GAS  C:\Users\DEVELO~1\AppData\Local\Temp\ccfLV2Q1.s 			page 37


 2053 0202 01       		.uleb128 0x1
 2054 0203 13       		.uleb128 0x13
 2055 0204 00       		.byte	0
 2056 0205 00       		.byte	0
 2057 0206 24       		.uleb128 0x24
 2058 0207 48       		.uleb128 0x48
 2059 0208 01       		.byte	0x1
 2060 0209 7D       		.uleb128 0x7d
 2061 020a 01       		.uleb128 0x1
 2062 020b 7F       		.uleb128 0x7f
 2063 020c 13       		.uleb128 0x13
 2064 020d 00       		.byte	0
 2065 020e 00       		.byte	0
 2066 020f 00       		.byte	0
 2067              		.section	.debug_aranges,"",%progbits
 2068 0000 24000000 		.4byte	0x24
 2069 0004 0200     		.2byte	0x2
 2070 0006 00000000 		.4byte	.Ldebug_info0
 2071 000a 04       		.byte	0x4
 2072 000b 00       		.byte	0
 2073 000c 0000     		.2byte	0
 2074 000e 0000     		.2byte	0
 2075 0010 00000000 		.4byte	.LFB448
 2076 0014 40000000 		.4byte	.LFE448-.LFB448
 2077 0018 00000000 		.4byte	.LFB449
 2078 001c 0C000000 		.4byte	.LFE449-.LFB449
 2079 0020 00000000 		.4byte	0
 2080 0024 00000000 		.4byte	0
 2081              		.section	.debug_rnglists,"",%progbits
 2082              	.Ldebug_ranges0:
 2083 0000 15000000 		.4byte	.Ldebug_ranges3-.Ldebug_ranges2
 2084              	.Ldebug_ranges2:
 2085 0004 0500     		.2byte	0x5
 2086 0006 04       		.byte	0x4
 2087 0007 00       		.byte	0
 2088 0008 00000000 		.4byte	0
 2089              	.LLRL0:
 2090 000c 07       		.byte	0x7
 2091 000d 00000000 		.4byte	.LFB448
 2092 0011 40       		.uleb128 .LFE448-.LFB448
 2093 0012 07       		.byte	0x7
 2094 0013 00000000 		.4byte	.LFB449
 2095 0017 0C       		.uleb128 .LFE449-.LFB449
 2096 0018 00       		.byte	0
 2097              	.Ldebug_ranges3:
 2098              		.section	.debug_line,"",%progbits
 2099              	.Ldebug_line0:
 2100 0000 78020000 		.section	.debug_str,"MS",%progbits,1
 2100      03002C02 
 2100      00000201 
 2100      FB0E0D00 
 2100      01010101 
 2101              	.LASF161:
 2102 0000 7278636E 		.ascii	"rxcnt\000"
 2102      7400
 2103              	.LASF144:
 2104 0006 72657376 		.ascii	"resvd880\000"
ARM GAS  C:\Users\DEVELO~1\AppData\Local\Temp\ccfLV2Q1.s 			page 38


 2104      64383830 
 2104      00
 2105              	.LASF187:
 2106 000f 63685468 		.ascii	"chThdSleep\000"
 2106      64536C65 
 2106      657000
 2107              	.LASF185:
 2108 001a 433A5C43 		.ascii	"C:\\ChibiStudio\\ChibiOS-master\\demos\\STM32\\CUST"
 2108      68696269 
 2108      53747564 
 2108      696F5C43 
 2108      68696269 
 2109 0048 4F4D5F48 		.ascii	"OM_H743IIT6_maj\000"
 2109      37343349 
 2109      4954365F 
 2109      6D616A00 
 2110              	.LASF167:
 2111 0058 6F75745F 		.ascii	"out_cb\000"
 2111      636200
 2112              	.LASF4:
 2113 005f 73697A65 		.ascii	"size_t\000"
 2113      5F7400
 2114              	.LASF124:
 2115 0066 48505254 		.ascii	"HPRT\000"
 2115      00
 2116              	.LASF140:
 2117 006b 44494550 		.ascii	"DIEPEMPMSK\000"
 2117      454D504D 
 2117      534B00
 2118              	.LASF20:
 2119 0076 75696E74 		.ascii	"uint64_t\000"
 2119      36345F74 
 2119      00
 2120              	.LASF134:
 2121 007f 4441494E 		.ascii	"DAINTMSK\000"
 2121      544D534B 
 2121      00
 2122              	.LASF5:
 2123 0088 5F5F7569 		.ascii	"__uint8_t\000"
 2123      6E74385F 
 2123      7400
 2124              	.LASF99:
 2125 0092 47414842 		.ascii	"GAHBCFG\000"
 2125      43464700 
 2126              	.LASF67:
 2127 009a 75736265 		.ascii	"usbevent_t\000"
 2127      76656E74 
 2127      5F7400
 2128              	.LASF183:
 2129 00a5 474E5520 		.ascii	"GNU C17 11.3.1 20220712 -mcpu=cortex-m7 -mthumb -mf"
 2129      43313720 
 2129      31312E33 
 2129      2E312032 
 2129      30323230 
 2130 00d8 6C6F6174 		.ascii	"loat-abi=hard -mfpu=fpv5-d16 -march=armv7e-m+fp.dp "
 2130      2D616269 
 2130      3D686172 
ARM GAS  C:\Users\DEVELO~1\AppData\Local\Temp\ccfLV2Q1.s 			page 39


 2130      64202D6D 
 2130      6670753D 
 2131 010b 2D676764 		.ascii	"-ggdb -O2 -ffunction-sections -fdata-sections -fno-"
 2131      62202D4F 
 2131      32202D66 
 2131      66756E63 
 2131      74696F6E 
 2132 013e 636F6D6D 		.ascii	"common\000"
 2132      6F6E00
 2133              	.LASF63:
 2134 0145 5553425F 		.ascii	"USB_EVENT_UNCONFIGURED\000"
 2134      4556454E 
 2134      545F554E 
 2134      434F4E46 
 2134      49475552 
 2135              	.LASF128:
 2136 015c 4443544C 		.ascii	"DCTL\000"
 2136      00
 2137              	.LASF162:
 2138 0161 72786275 		.ascii	"rxbuf\000"
 2138      6600
 2139              	.LASF106:
 2140 0167 47525846 		.ascii	"GRXFSIZ\000"
 2140      53495A00 
 2141              	.LASF54:
 2142 016f 5553425F 		.ascii	"USB_EP0_IN_WAITING_TX0\000"
 2142      4550305F 
 2142      494E5F57 
 2142      41495449 
 2142      4E475F54 
 2143              	.LASF127:
 2144 0186 44434647 		.ascii	"DCFG\000"
 2144      00
 2145              	.LASF45:
 2146 018b 5553425F 		.ascii	"USB_UNINIT\000"
 2146      554E494E 
 2146      495400
 2147              	.LASF94:
 2148 0196 444F4550 		.ascii	"DOEPINT\000"
 2148      494E5400 
 2149              	.LASF70:
 2150 019e 55534244 		.ascii	"USBDescriptor\000"
 2150      65736372 
 2150      6970746F 
 2150      7200
 2151              	.LASF80:
 2152 01ac 48435453 		.ascii	"HCTSIZ\000"
 2152      495A00
 2153              	.LASF126:
 2154 01b3 72657376 		.ascii	"resvd700\000"
 2154      64373030 
 2154      00
 2155              	.LASF122:
 2156 01bc 4841494E 		.ascii	"HAINTMSK\000"
 2156      544D534B 
 2156      00
 2157              	.LASF1:
ARM GAS  C:\Users\DEVELO~1\AppData\Local\Temp\ccfLV2Q1.s 			page 40


 2158 01c5 6C6F6E67 		.ascii	"long long int\000"
 2158      206C6F6E 
 2158      6720696E 
 2158      7400
 2159              	.LASF3:
 2160 01d3 7369676E 		.ascii	"signed char\000"
 2160      65642063 
 2160      68617200 
 2161              	.LASF71:
 2162 01df 75736263 		.ascii	"usbcallback_t\000"
 2162      616C6C62 
 2162      61636B5F 
 2162      7400
 2163              	.LASF152:
 2164 01ed 6F74675F 		.ascii	"otg_ram_size\000"
 2164      72616D5F 
 2164      73697A65 
 2164      00
 2165              	.LASF13:
 2166 01fa 6C6F6E67 		.ascii	"long unsigned int\000"
 2166      20756E73 
 2166      69676E65 
 2166      6420696E 
 2166      7400
 2167              	.LASF150:
 2168 020c 73746D33 		.ascii	"stm32_otg_t\000"
 2168      325F6F74 
 2168      675F7400 
 2169              	.LASF15:
 2170 0218 6C6F6E67 		.ascii	"long long unsigned int\000"
 2170      206C6F6E 
 2170      6720756E 
 2170      7369676E 
 2170      65642069 
 2171              	.LASF79:
 2172 022f 4843494E 		.ascii	"HCINTMSK\000"
 2172      544D534B 
 2172      00
 2173              	.LASF117:
 2174 0238 48464952 		.ascii	"HFIR\000"
 2174      00
 2175              	.LASF58:
 2176 023d 5553425F 		.ascii	"USB_EP0_ERROR\000"
 2176      4550305F 
 2176      4552524F 
 2176      5200
 2177              	.LASF107:
 2178 024b 44494550 		.ascii	"DIEPTXF0\000"
 2178      54584630 
 2178      00
 2179              	.LASF27:
 2180 0254 73746174 		.ascii	"state\000"
 2180      6500
 2181              	.LASF32:
 2182 025a 6F75745F 		.ascii	"out_params\000"
 2182      70617261 
 2182      6D7300
ARM GAS  C:\Users\DEVELO~1\AppData\Local\Temp\ccfLV2Q1.s 			page 41


 2183              	.LASF129:
 2184 0265 44535453 		.ascii	"DSTS\000"
 2184      00
 2185              	.LASF75:
 2186 026a 75736267 		.ascii	"usbgetdescriptor_t\000"
 2186      65746465 
 2186      73637269 
 2186      70746F72 
 2186      5F7400
 2187              	.LASF125:
 2188 027d 72657376 		.ascii	"resvd444\000"
 2188      64343434 
 2188      00
 2189              	.LASF135:
 2190 0286 72657376 		.ascii	"resvd820\000"
 2190      64383230 
 2190      00
 2191              	.LASF118:
 2192 028f 48464E55 		.ascii	"HFNUM\000"
 2192      4D00
 2193              	.LASF73:
 2194 0295 75736265 		.ascii	"usbeventcb_t\000"
 2194      76656E74 
 2194      63625F74 
 2194      00
 2195              	.LASF136:
 2196 02a2 72657376 		.ascii	"resvd824\000"
 2196      64383234 
 2196      00
 2197              	.LASF65:
 2198 02ab 5553425F 		.ascii	"USB_EVENT_WAKEUP\000"
 2198      4556454E 
 2198      545F5741 
 2198      4B455550 
 2198      00
 2199              	.LASF17:
 2200 02bc 75696E74 		.ascii	"uint16_t\000"
 2200      31365F74 
 2200      00
 2201              	.LASF133:
 2202 02c5 4441494E 		.ascii	"DAINT\000"
 2202      5400
 2203              	.LASF59:
 2204 02cb 75736265 		.ascii	"usbep0state_t\000"
 2204      70307374 
 2204      6174655F 
 2204      7400
 2205              	.LASF158:
 2206 02d9 746F7473 		.ascii	"totsize\000"
 2206      697A6500 
 2207              	.LASF66:
 2208 02e1 5553425F 		.ascii	"USB_EVENT_STALLED\000"
 2208      4556454E 
 2208      545F5354 
 2208      414C4C45 
 2208      4400
 2209              	.LASF98:
ARM GAS  C:\Users\DEVELO~1\AppData\Local\Temp\ccfLV2Q1.s 			page 42


 2210 02f3 474F5447 		.ascii	"GOTGINT\000"
 2210      494E5400 
 2211              	.LASF23:
 2212 02fb 73797369 		.ascii	"sysinterval_t\000"
 2212      6E746572 
 2212      76616C5F 
 2212      7400
 2213              	.LASF186:
 2214 0309 75736253 		.ascii	"usbStart\000"
 2214      74617274 
 2214      00
 2215              	.LASF0:
 2216 0312 756E7369 		.ascii	"unsigned int\000"
 2216      676E6564 
 2216      20696E74 
 2216      00
 2217              	.LASF49:
 2218 031f 5553425F 		.ascii	"USB_ACTIVE\000"
 2218      41435449 
 2218      564500
 2219              	.LASF157:
 2220 032a 74786275 		.ascii	"txbuf\000"
 2220      6600
 2221              	.LASF68:
 2222 0330 75645F73 		.ascii	"ud_size\000"
 2222      697A6500 
 2223              	.LASF103:
 2224 0338 47494E54 		.ascii	"GINTMSK\000"
 2224      4D534B00 
 2225              	.LASF28:
 2226 0340 636F6E66 		.ascii	"config\000"
 2226      696700
 2227              	.LASF147:
 2228 0347 50434743 		.ascii	"PCGCCTL\000"
 2228      43544C00 
 2229              	.LASF139:
 2230 034f 72657376 		.ascii	"resvd830\000"
 2230      64383330 
 2230      00
 2231              	.LASF57:
 2232 0358 5553425F 		.ascii	"USB_EP0_OUT_RX\000"
 2232      4550305F 
 2232      4F55545F 
 2232      525800
 2233              	.LASF81:
 2234 0367 72657376 		.ascii	"resvd14\000"
 2234      64313400 
 2235              	.LASF82:
 2236 036f 72657376 		.ascii	"resvd18\000"
 2236      64313800 
 2237              	.LASF24:
 2238 0377 74696D65 		.ascii	"time_conv_t\000"
 2238      5F636F6E 
 2238      765F7400 
 2239              	.LASF141:
 2240 0383 72657376 		.ascii	"resvd838\000"
 2240      64383338 
ARM GAS  C:\Users\DEVELO~1\AppData\Local\Temp\ccfLV2Q1.s 			page 43


 2240      00
 2241              	.LASF29:
 2242 038c 7472616E 		.ascii	"transmitting\000"
 2242      736D6974 
 2242      74696E67 
 2242      00
 2243              	.LASF166:
 2244 0399 696E5F63 		.ascii	"in_cb\000"
 2244      6200
 2245              	.LASF34:
 2246 039f 6570306E 		.ascii	"ep0next\000"
 2246      65787400 
 2247              	.LASF91:
 2248 03a7 72657376 		.ascii	"resvd1C\000"
 2248      64314300 
 2249              	.LASF142:
 2250 03af 72657376 		.ascii	"resvd83C\000"
 2250      64383343 
 2250      00
 2251              	.LASF175:
 2252 03b8 6576656E 		.ascii	"event_cb\000"
 2252      745F6362 
 2252      00
 2253              	.LASF102:
 2254 03c1 47494E54 		.ascii	"GINTSTS\000"
 2254      53545300 
 2255              	.LASF95:
 2256 03c9 444F4550 		.ascii	"DOEPTSIZ\000"
 2256      5453495A 
 2256      00
 2257              	.LASF154:
 2258 03d2 73746D33 		.ascii	"stm32_otg_params_t\000"
 2258      325F6F74 
 2258      675F7061 
 2258      72616D73 
 2258      5F7400
 2259              	.LASF21:
 2260 03e5 6D73675F 		.ascii	"msg_t\000"
 2260      7400
 2261              	.LASF69:
 2262 03eb 75645F73 		.ascii	"ud_string\000"
 2262      7472696E 
 2262      6700
 2263              	.LASF149:
 2264 03f5 4649464F 		.ascii	"FIFO\000"
 2264      00
 2265              	.LASF55:
 2266 03fa 5553425F 		.ascii	"USB_EP0_IN_SENDING_STS\000"
 2266      4550305F 
 2266      494E5F53 
 2266      454E4449 
 2266      4E475F53 
 2267              	.LASF184:
 2268 0411 64726976 		.ascii	"drivers/usb/usb_device.c\000"
 2268      6572732F 
 2268      7573622F 
 2268      7573625F 
ARM GAS  C:\Users\DEVELO~1\AppData\Local\Temp\ccfLV2Q1.s 			page 44


 2268      64657669 
 2269              	.LASF42:
 2270 042a 6F746770 		.ascii	"otgparams\000"
 2270      6172616D 
 2270      7300
 2271              	.LASF35:
 2272 0434 6570306E 		.ascii	"ep0n\000"
 2272      00
 2273              	.LASF101:
 2274 0439 47525354 		.ascii	"GRSTCTL\000"
 2274      43544C00 
 2275              	.LASF30:
 2276 0441 72656365 		.ascii	"receiving\000"
 2276      6976696E 
 2276      6700
 2277              	.LASF83:
 2278 044b 72657376 		.ascii	"resvd1c\000"
 2278      64316300 
 2279              	.LASF53:
 2280 0453 5553425F 		.ascii	"USB_EP0_IN_TX\000"
 2280      4550305F 
 2280      494E5F54 
 2280      5800
 2281              	.LASF177:
 2282 0461 72657175 		.ascii	"requests_hook_cb\000"
 2282      65737473 
 2282      5F686F6F 
 2282      6B5F6362 
 2282      00
 2283              	.LASF52:
 2284 0472 5553425F 		.ascii	"USB_EP0_STP_WAITING\000"
 2284      4550305F 
 2284      5354505F 
 2284      57414954 
 2284      494E4700 
 2285              	.LASF92:
 2286 0486 73746D33 		.ascii	"stm32_otg_in_ep_t\000"
 2286      325F6F74 
 2286      675F696E 
 2286      5F65705F 
 2286      7400
 2287              	.LASF84:
 2288 0498 73746D33 		.ascii	"stm32_otg_host_chn_t\000"
 2288      325F6F74 
 2288      675F686F 
 2288      73745F63 
 2288      686E5F74 
 2289              	.LASF143:
 2290 04ad 72657376 		.ascii	"resvd840\000"
 2290      64383430 
 2290      00
 2291              	.LASF104:
 2292 04b6 47525853 		.ascii	"GRXSTSR\000"
 2292      54535200 
 2293              	.LASF113:
 2294 04be 48505458 		.ascii	"HPTXFSIZ\000"
 2294      4653495A 
ARM GAS  C:\Users\DEVELO~1\AppData\Local\Temp\ccfLV2Q1.s 			page 45


 2294      00
 2295              	.LASF155:
 2296 04c7 74787369 		.ascii	"txsize\000"
 2296      7A6500
 2297              	.LASF153:
 2298 04ce 6E756D5F 		.ascii	"num_endpoints\000"
 2298      656E6470 
 2298      6F696E74 
 2298      7300
 2299              	.LASF85:
 2300 04dc 44494550 		.ascii	"DIEPCTL\000"
 2300      43544C00 
 2301              	.LASF39:
 2302 04e4 61646472 		.ascii	"address\000"
 2302      65737300 
 2303              	.LASF171:
 2304 04ec 6F75745F 		.ascii	"out_state\000"
 2304      73746174 
 2304      6500
 2305              	.LASF173:
 2306 04f6 73657475 		.ascii	"setup_buf\000"
 2306      705F6275 
 2306      6600
 2307              	.LASF74:
 2308 0500 75736272 		.ascii	"usbreqhandler_t\000"
 2308      65716861 
 2308      6E646C65 
 2308      725F7400 
 2309              	.LASF163:
 2310 0510 5553424F 		.ascii	"USBOutEndpointState\000"
 2310      7574456E 
 2310      64706F69 
 2310      6E745374 
 2310      61746500 
 2311              	.LASF78:
 2312 0524 4843494E 		.ascii	"HCINT\000"
 2312      5400
 2313              	.LASF37:
 2314 052a 73657475 		.ascii	"setup\000"
 2314      7000
 2315              	.LASF89:
 2316 0530 44494550 		.ascii	"DIEPTSIZ\000"
 2316      5453495A 
 2316      00
 2317              	.LASF131:
 2318 0539 44494550 		.ascii	"DIEPMSK\000"
 2318      4D534B00 
 2319              	.LASF178:
 2320 0541 736F665F 		.ascii	"sof_cb\000"
 2320      636200
 2321              	.LASF174:
 2322 0548 55534245 		.ascii	"USBEndpointConfig\000"
 2322      6E64706F 
 2322      696E7443 
 2322      6F6E6669 
 2322      6700
 2323              	.LASF14:
ARM GAS  C:\Users\DEVELO~1\AppData\Local\Temp\ccfLV2Q1.s 			page 46


 2324 055a 5F5F7569 		.ascii	"__uint64_t\000"
 2324      6E743634 
 2324      5F7400
 2325              	.LASF165:
 2326 0565 73657475 		.ascii	"setup_cb\000"
 2326      705F6362 
 2326      00
 2327              	.LASF100:
 2328 056e 47555342 		.ascii	"GUSBCFG\000"
 2328      43464700 
 2329              	.LASF43:
 2330 0576 706D6E65 		.ascii	"pmnext\000"
 2330      787400
 2331              	.LASF109:
 2332 057d 72657376 		.ascii	"resvd30\000"
 2332      64333000 
 2333              	.LASF61:
 2334 0585 5553425F 		.ascii	"USB_EVENT_ADDRESS\000"
 2334      4556454E 
 2334      545F4144 
 2334      44524553 
 2334      5300
 2335              	.LASF148:
 2336 0597 72657376 		.ascii	"resvdE04\000"
 2336      64453034 
 2336      00
 2337              	.LASF110:
 2338 05a0 72657376 		.ascii	"resvd34\000"
 2338      64333400 
 2339              	.LASF86:
 2340 05a8 72657376 		.ascii	"resvd4\000"
 2340      643400
 2341              	.LASF168:
 2342 05af 696E5F6D 		.ascii	"in_maxsize\000"
 2342      61787369 
 2342      7A6500
 2343              	.LASF77:
 2344 05ba 72657376 		.ascii	"resvd8\000"
 2344      643800
 2345              	.LASF47:
 2346 05c1 5553425F 		.ascii	"USB_READY\000"
 2346      52454144 
 2346      5900
 2347              	.LASF46:
 2348 05cb 5553425F 		.ascii	"USB_STOP\000"
 2348      53544F50 
 2348      00
 2349              	.LASF25:
 2350 05d4 5F426F6F 		.ascii	"_Bool\000"
 2350      6C00
 2351              	.LASF18:
 2352 05da 696E7433 		.ascii	"int32_t\000"
 2352      325F7400 
 2353              	.LASF6:
 2354 05e2 756E7369 		.ascii	"unsigned char\000"
 2354      676E6564 
 2354      20636861 
ARM GAS  C:\Users\DEVELO~1\AppData\Local\Temp\ccfLV2Q1.s 			page 47


 2354      7200
 2355              	.LASF88:
 2356 05f0 72657376 		.ascii	"resvdC\000"
 2356      644300
 2357              	.LASF87:
 2358 05f7 44494550 		.ascii	"DIEPINT\000"
 2358      494E5400 
 2359              	.LASF7:
 2360 05ff 73686F72 		.ascii	"short int\000"
 2360      7420696E 
 2360      7400
 2361              	.LASF44:
 2362 0609 75736265 		.ascii	"usbep_t\000"
 2362      705F7400 
 2363              	.LASF151:
 2364 0611 72785F66 		.ascii	"rx_fifo_size\000"
 2364      69666F5F 
 2364      73697A65 
 2364      00
 2365              	.LASF188:
 2366 061e 7573625F 		.ascii	"usb_device_active\000"
 2366      64657669 
 2366      63655F61 
 2366      63746976 
 2366      6500
 2367              	.LASF176:
 2368 0630 6765745F 		.ascii	"get_descriptor_cb\000"
 2368      64657363 
 2368      72697074 
 2368      6F725F63 
 2368      6200
 2369              	.LASF181:
 2370 0642 7573625F 		.ascii	"usb_midi_tx_ready\000"
 2370      6D696469 
 2370      5F74785F 
 2370      72656164 
 2370      7900
 2371              	.LASF48:
 2372 0654 5553425F 		.ascii	"USB_SELECTED\000"
 2372      53454C45 
 2372      43544544 
 2372      00
 2373              	.LASF138:
 2374 0661 44564255 		.ascii	"DVBUSPULSE\000"
 2374      5350554C 
 2374      534500
 2375              	.LASF41:
 2376 066c 73617665 		.ascii	"saved_state\000"
 2376      645F7374 
 2376      61746500 
 2377              	.LASF120:
 2378 0678 48505458 		.ascii	"HPTXSTS\000"
 2378      53545300 
 2379              	.LASF170:
 2380 0680 696E5F73 		.ascii	"in_state\000"
 2380      74617465 
 2380      00
ARM GAS  C:\Users\DEVELO~1\AppData\Local\Temp\ccfLV2Q1.s 			page 48


 2381              	.LASF119:
 2382 0689 72657376 		.ascii	"resvd40C\000"
 2382      64343043 
 2382      00
 2383              	.LASF64:
 2384 0692 5553425F 		.ascii	"USB_EVENT_SUSPEND\000"
 2384      4556454E 
 2384      545F5355 
 2384      5350454E 
 2384      4400
 2385              	.LASF33:
 2386 06a4 65703073 		.ascii	"ep0state\000"
 2386      74617465 
 2386      00
 2387              	.LASF179:
 2388 06ad 55534243 		.ascii	"USBConfig\000"
 2388      6F6E6669 
 2388      6700
 2389              	.LASF115:
 2390 06b7 72657376 		.ascii	"resvd140\000"
 2390      64313430 
 2390      00
 2391              	.LASF2:
 2392 06c0 6C6F6E67 		.ascii	"long double\000"
 2392      20646F75 
 2392      626C6500 
 2393              	.LASF22:
 2394 06cc 63686172 		.ascii	"char\000"
 2394      00
 2395              	.LASF182:
 2396 06d1 75736263 		.ascii	"usbcfg\000"
 2396      666700
 2397              	.LASF121:
 2398 06d8 4841494E 		.ascii	"HAINT\000"
 2398      5400
 2399              	.LASF60:
 2400 06de 5553425F 		.ascii	"USB_EVENT_RESET\000"
 2400      4556454E 
 2400      545F5245 
 2400      53455400 
 2401              	.LASF8:
 2402 06ee 5F5F7569 		.ascii	"__uint16_t\000"
 2402      6E743136 
 2402      5F7400
 2403              	.LASF116:
 2404 06f9 48434647 		.ascii	"HCFG\000"
 2404      00
 2405              	.LASF51:
 2406 06fe 75736273 		.ascii	"usbstate_t\000"
 2406      74617465 
 2406      5F7400
 2407              	.LASF146:
 2408 0709 72657376 		.ascii	"resvdD00\000"
 2408      64443030 
 2408      00
 2409              	.LASF10:
 2410 0712 5F5F696E 		.ascii	"__int32_t\000"
ARM GAS  C:\Users\DEVELO~1\AppData\Local\Temp\ccfLV2Q1.s 			page 49


 2410      7433325F 
 2410      7400
 2411              	.LASF105:
 2412 071c 47525853 		.ascii	"GRXSTSP\000"
 2412      54535000 
 2413              	.LASF62:
 2414 0724 5553425F 		.ascii	"USB_EVENT_CONFIGURED\000"
 2414      4556454E 
 2414      545F434F 
 2414      4E464947 
 2414      55524544 
 2415              	.LASF36:
 2416 0739 65703065 		.ascii	"ep0endcb\000"
 2416      6E646362 
 2416      00
 2417              	.LASF145:
 2418 0742 72657376 		.ascii	"resvd8C0\000"
 2418      64384330 
 2418      00
 2419              	.LASF97:
 2420 074b 474F5447 		.ascii	"GOTGCTL\000"
 2420      43544C00 
 2421              	.LASF9:
 2422 0753 73686F72 		.ascii	"short unsigned int\000"
 2422      7420756E 
 2422      7369676E 
 2422      65642069 
 2422      6E7400
 2423              	.LASF12:
 2424 0766 5F5F7569 		.ascii	"__uint32_t\000"
 2424      6E743332 
 2424      5F7400
 2425              	.LASF180:
 2426 0771 55534244 		.ascii	"USBD1\000"
 2426      3100
 2427              	.LASF137:
 2428 0777 44564255 		.ascii	"DVBUSDIS\000"
 2428      53444953 
 2428      00
 2429              	.LASF164:
 2430 0780 65705F6D 		.ascii	"ep_mode\000"
 2430      6F646500 
 2431              	.LASF123:
 2432 0788 72657376 		.ascii	"resvd41C\000"
 2432      64343143 
 2432      00
 2433              	.LASF93:
 2434 0791 444F4550 		.ascii	"DOEPCTL\000"
 2434      43544C00 
 2435              	.LASF156:
 2436 0799 7478636E 		.ascii	"txcnt\000"
 2436      7400
 2437              	.LASF19:
 2438 079f 75696E74 		.ascii	"uint32_t\000"
 2438      33325F74 
 2438      00
 2439              	.LASF56:
ARM GAS  C:\Users\DEVELO~1\AppData\Local\Temp\ccfLV2Q1.s 			page 50


 2440 07a8 5553425F 		.ascii	"USB_EP0_OUT_WAITING_STS\000"
 2440      4550305F 
 2440      4F55545F 
 2440      57414954 
 2440      494E475F 
 2441              	.LASF169:
 2442 07c0 6F75745F 		.ascii	"out_maxsize\000"
 2442      6D617873 
 2442      697A6500 
 2443              	.LASF38:
 2444 07cc 73746174 		.ascii	"status\000"
 2444      757300
 2445              	.LASF72:
 2446 07d3 75736265 		.ascii	"usbepcallback_t\000"
 2446      7063616C 
 2446      6C626163 
 2446      6B5F7400 
 2447              	.LASF112:
 2448 07e3 72657376 		.ascii	"resvd58\000"
 2448      64353800 
 2449              	.LASF159:
 2450 07eb 55534249 		.ascii	"USBInEndpointState\000"
 2450      6E456E64 
 2450      706F696E 
 2450      74537461 
 2450      746500
 2451              	.LASF26:
 2452 07fe 55534244 		.ascii	"USBDriver\000"
 2452      72697665 
 2452      7200
 2453              	.LASF16:
 2454 0808 75696E74 		.ascii	"uint8_t\000"
 2454      385F7400 
 2455              	.LASF160:
 2456 0810 72787369 		.ascii	"rxsize\000"
 2456      7A6500
 2457              	.LASF132:
 2458 0817 444F4550 		.ascii	"DOEPMSK\000"
 2458      4D534B00 
 2459              	.LASF189:
 2460 081f 7573625F 		.ascii	"usb_device_start\000"
 2460      64657669 
 2460      63655F73 
 2460      74617274 
 2460      00
 2461              	.LASF31:
 2462 0830 696E5F70 		.ascii	"in_params\000"
 2462      6172616D 
 2462      7300
 2463              	.LASF96:
 2464 083a 73746D33 		.ascii	"stm32_otg_out_ep_t\000"
 2464      325F6F74 
 2464      675F6F75 
 2464      745F6570 
 2464      5F7400
 2465              	.LASF111:
 2466 084d 47434346 		.ascii	"GCCFG\000"
ARM GAS  C:\Users\DEVELO~1\AppData\Local\Temp\ccfLV2Q1.s 			page 51


 2466      4700
 2467              	.LASF90:
 2468 0853 44545846 		.ascii	"DTXFSTS\000"
 2468      53545300 
 2469              	.LASF76:
 2470 085b 48434348 		.ascii	"HCCHAR\000"
 2470      415200
 2471              	.LASF11:
 2472 0862 6C6F6E67 		.ascii	"long int\000"
 2472      20696E74 
 2472      00
 2473              	.LASF114:
 2474 086b 44494550 		.ascii	"DIEPTXF\000"
 2474      54584600 
 2475              	.LASF50:
 2476 0873 5553425F 		.ascii	"USB_SUSPENDED\000"
 2476      53555350 
 2476      454E4445 
 2476      4400
 2477              	.LASF40:
 2478 0881 636F6E66 		.ascii	"configuration\000"
 2478      69677572 
 2478      6174696F 
 2478      6E00
 2479              	.LASF172:
 2480 088f 696E5F6D 		.ascii	"in_multiplier\000"
 2480      756C7469 
 2480      706C6965 
 2480      7200
 2481              	.LASF108:
 2482 089d 484E5054 		.ascii	"HNPTXSTS\000"
 2482      58535453 
 2482      00
 2483              	.LASF130:
 2484 08a6 72657376 		.ascii	"resvd80C\000"
 2484      64383043 
 2484      00
 2485              		.ident	"GCC: (Arm GNU Toolchain 11.3.Rel1) 11.3.1 20220712"
ARM GAS  C:\Users\DEVELO~1\AppData\Local\Temp\ccfLV2Q1.s 			page 52


DEFINED SYMBOLS
                            *ABS*:00000000 usb_device.c
C:\Users\DEVELO~1\AppData\Local\Temp\ccfLV2Q1.s:19     .text.usb_device_start:00000000 $t
C:\Users\DEVELO~1\AppData\Local\Temp\ccfLV2Q1.s:26     .text.usb_device_start:00000000 usb_device_start
C:\Users\DEVELO~1\AppData\Local\Temp\ccfLV2Q1.s:67     .text.usb_device_start:00000038 $d
C:\Users\DEVELO~1\AppData\Local\Temp\ccfLV2Q1.s:73     .text.usb_device_active:00000000 $t
C:\Users\DEVELO~1\AppData\Local\Temp\ccfLV2Q1.s:80     .text.usb_device_active:00000000 usb_device_active
C:\Users\DEVELO~1\AppData\Local\Temp\ccfLV2Q1.s:96     .text.usb_device_active:00000008 $d

UNDEFINED SYMBOLS
chThdSleep
usbStart
USBD1
usbcfg
usb_midi_tx_ready
